[Licensing::Module] Trying to connect to existing licensing client channel...
Built from '6000.3/staging' branch; Version is '6000.3.9f1 (7a9955a4f2fa) revision 8034645'; Using compiler version '194234433'; Build Type 'Release'
[Licensing::IpcConnector] Successfully connected to: "LicenseClient-USER" at "2026-02-28T14:11:47.5346297Z"
OS: 'Windows 11  (10.0.26200) Core' Language: 'ko' Physical Memory: 32386 MB
BatchMode: 1, IsHumanControllingUs: 0, StartBugReporterOnCrash: 0, Is64bit: 1
System  architecture: x64
Process architecture: x64
Date: 2026-02-28T14:11:47Z

COMMAND LINE ARGUMENTS:
C:\Program Files\Unity\Hub\Editor\6000.3.9f1\Editor\Unity.exe
-adb2
-batchMode
-noUpm
-name
AssetImportWorker4
-projectPath
C:/Users/USER/Documents/GitHub/AR-ReversiProject
-logFile
Logs/AssetImportWorker4.log
-srvPort
54386
-job-worker-count
15
-background-job-worker-count
8
-gc-helper-count
1
-name
AssetImport
Successfully changed project path to: C:/Users/USER/Documents/GitHub/AR-ReversiProject
C:/Users/USER/Documents/GitHub/AR-ReversiProject
[UnityMemory] Configuration Parameters - Can be set up in boot.config
    "memorysetup-temp-allocator-size-nav-mesh-worker=65536"
    "memorysetup-temp-allocator-size-audio-worker=65536"
    "memorysetup-temp-allocator-size-gfx=262144"
    "memorysetup-allocator-temp-initial-block-size-main=262144"
    "memorysetup-allocator-temp-initial-block-size-worker=262144"
    "memorysetup-temp-allocator-size-background-worker=32768"
    "memorysetup-temp-allocator-size-job-worker=262144"
    "memorysetup-temp-allocator-size-preload-manager=33554432"
    "memorysetup-temp-allocator-size-gi-baking-worker=262144"
    "memorysetup-temp-allocator-size-gi-baking-worker=262144"
    "memorysetup-temp-allocator-size-gi-baking-worker=262144"
    "memorysetup-temp-allocator-size-gi-baking-worker=262144"
    "memorysetup-temp-allocator-size-gi-baking-worker=262144"
    "memorysetup-bucket-allocator-granularity=16"
    "memorysetup-bucket-allocator-bucket-count=8"
    "memorysetup-bucket-allocator-block-size=33554432"
    "memorysetup-bucket-allocator-block-count=8"
    "memorysetup-main-allocator-block-size=16777216"
    "memorysetup-thread-allocator-block-size=16777216"
    "memorysetup-gfx-main-allocator-block-size=16777216"
    "memorysetup-gfx-thread-allocator-block-size=16777216"
    "memorysetup-cache-allocator-block-size=4194304"
    "memorysetup-typetree-allocator-block-size=2097152"
    "memorysetup-profiler-bucket-allocator-granularity=16"
    "memorysetup-profiler-bucket-allocator-bucket-count=8"
    "memorysetup-profiler-bucket-allocator-block-size=33554432"
    "memorysetup-profiler-bucket-allocator-block-count=8"
    "memorysetup-profiler-allocator-block-size=16777216"
    "memorysetup-profiler-editor-allocator-block-size=1048576"
    "memorysetup-temp-allocator-size-main=16777216"
    "memorysetup-job-temp-allocator-block-size=2097152"
    "memorysetup-job-temp-allocator-block-size-background=1048576"
    "memorysetup-job-temp-allocator-reduction-small-platforms=262144"
    "memorysetup-temp-allocator-size-cloud-worker=32768"
Player connection [45492]  Target information:

Player connection [45492]  * "[IP] 172.30.1.55 [Port] 0 [Flags] 2 [Guid] 3513069760 [EditorId] 3513069760 [Version] 1048832 [Id] WindowsEditor(7,DESKTOP-BTF4SNP) [Debug] 1 [PackageName] WindowsEditor [ProjectName] Editor" 

Player connection [45492] Host joined multi-casting on [225.0.0.222:54997]...
Player connection [45492] Host joined alternative multi-casting on [225.0.0.222:34997]...
JobSystem: Creating JobQueue using job-worker-count value 15
Input System module state changed to: Initialized.
[Physics::Module] Initialized fallback backend.
[Physics::Module] Id: 0xdecafbad
Library Redirect Path: Library/
[Physics::Module] Selected backend.
[Physics::Module] Name: PhysX
[Physics::Module] Id: 0xf2b8ea05
[Physics::Module] SDK Version: 4.1.2
[Physics::Module] Integration Version: 1.0.0
[Physics::Module] Threading Mode: Multi-Threaded
Refreshing native plugins compatible for Editor in 31.99 ms, found 9 plugins.
Preloading 0 native plugins for Editor in 0.00 ms.
Initialize engine version: 6000.3.9f1 (7a9955a4f2fa)
[Subsystems] Discovering subsystems at path C:/Program Files/Unity/Hub/Editor/6000.3.9f1/Editor/Data/Resources/UnitySubsystems
[Subsystems] Discovering subsystems at path C:/Users/USER/Documents/GitHub/AR-ReversiProject/Assets
GfxDevice: creating device client; kGfxThreadingModeNonThreaded
Direct3D:
    Version:  Direct3D 11.0 [level 11.1]
    Renderer: NVIDIA GeForce RTX 4060 Laptop GPU (ID=0x28e0)
    Vendor:   NVIDIA
    VRAM:     7957 MB
    Driver:   32.0.15.6081
Initialize mono
Mono path[0] = 'C:/Program Files/Unity/Hub/Editor/6000.3.9f1/Editor/Data/Managed'
Mono path[1] = 'C:/Program Files/Unity/Hub/Editor/6000.3.9f1/Editor/Data/MonoBleedingEdge/lib/mono/unityjit-win32'
Mono config path = 'C:/Program Files/Unity/Hub/Editor/6000.3.9f1/Editor/Data/MonoBleedingEdge/etc'
Using monoOptions --debugger-agent=transport=dt_socket,embedding=1,server=y,suspend=n,address=127.0.0.1:56468
Begin MonoManager ReloadAssembly
[Licensing::Client] Handshaking with LicensingClient:
  Version:                 1.17.4+4293ba1
  Session Id:              c2891e393dd0483a8b4ac03ff00705e0
  Correlation Id:          2e1677b044b26191d80a4bb1d64b199d
  External correlation Id: 2570333662880385516
  Machine Id:              dJ8Tfn01EciPmnYvmSiKPSjQkro=
[Licensing::Module] Successfully connected to LicensingClient on channel: "LicenseClient-USER" (connect: 0.00s, validation: 0.00s, handshake: 1.94s)
[Licensing::IpcConnector] Successfully connected to: "LicenseClient-USER-notifications" at "2026-02-28T14:11:49.4758549Z"
[Licensing::Module] Licensing Background thread has ended after 1.94s
Registering precompiled unity dll's ...
Register platform support module: C:/Program Files/Unity/Hub/Editor/6000.3.9f1/Editor/Data/PlaybackEngines/WebGLSupport/UnityEditor.WebGL.Extensions.dll
Register platform support module: C:/Program Files/Unity/Hub/Editor/6000.3.9f1/Editor/Data/PlaybackEngines/WindowsStandaloneSupport/UnityEditor.WindowsStandalone.Extensions.dll
Registered in 0.003365 seconds.
- Loaded All Assemblies, in  0.496 seconds
Native extension for WindowsStandalone target not found
Native extension for WebGL target not found
ScheduleIndexationOnStartup MainProcess:False IndexOnStartup:True
Mono: successfully reloaded assembly
- Finished resetting the current domain, in  0.476 seconds
Domain Reload Profiling: 967ms
	BeginReloadAssembly (180ms)
		ExecutionOrderSort (0ms)
		DisableScriptedObjects (0ms)
		BackupInstance (0ms)
		ReleaseScriptingObjects (0ms)
		CreateAndSetChildDomain (1ms)
	RebuildCommonClasses (37ms)
	RebuildNativeTypeToScriptingClass (12ms)
	initialDomainReloadingComplete (54ms)
	LoadAllAssembliesAndSetupDomain (208ms)
		LoadAssemblies (171ms)
		RebuildTransferFunctionScriptingTraits (0ms)
		AnalyzeDomain (203ms)
			TypeCache.Refresh (201ms)
				TypeCache.ScanAssembly (183ms)
			BuildScriptInfoCaches (0ms)
			ResolveRequiredComponents (0ms)
	FinalizeReload (477ms)
		ReleaseScriptCaches (0ms)
		RebuildScriptCaches (0ms)
		SetupLoadedEditorAssemblies (423ms)
			LogAssemblyErrors (0ms)
			InitializePlatformSupportModulesInManaged (62ms)
			SetLoadedEditorAssemblies (4ms)
			BeforeProcessingInitializeOnLoad (87ms)
			ProcessInitializeOnLoadAttributes (180ms)
			ProcessInitializeOnLoadMethodAttributes (90ms)
			AfterProcessingInitializeOnLoad (0ms)
			EditorAssembliesLoaded (0ms)
		ExecutionOrderSort2 (0ms)
		AwakeInstancesAfterBackupRestoration (0ms)
========================================================================
Worker process is ready to serve import requests
Import Worker Mode flag is 0x00
Begin MonoManager ReloadAssembly
[Licensing::Client] Successfully resolved entitlement details
[Licensing::Module] License group:
  Id: 14568654860447-UnityPersXXXX
  Product: Unity Personal
  Type: Assigned
  Expiration: Unlimited
- Loaded All Assemblies, in  1.282 seconds
'Assets/Photon/Fusion/Runtime/Fusion.Unity.cs' contains partial class of Unity.Object, exactly 1 of the partial classes needs to be in a file with the same filename. This is to know the one that can be referenced from ie. GameObjects
'Assets/Photon/Fusion/Runtime/Fusion.Unity.cs' contains partial class of Unity.Object, exactly 1 of the partial classes needs to be in a file with the same filename. This is to know the one that can be referenced from ie. GameObjects
Refreshing native plugins compatible for Editor in 11.43 ms, found 9 plugins.
Native extension for WindowsStandalone target not found
Native extension for WebGL target not found
Package Manager log level set to [2]
[Package Manager] Failed to launch server process. Reason: Unity was launched with the -noUpm command-line argument
[Package Manager] Unable to send message (not connected to server process).
[Package Manager] Cannot connect to Unity Package Manager local server
System.Exception: Error! Visual Scripting: couldn't find visual scripting package
  at Unity.VisualScripting.PackageVersionUtility.get_version () [0x00043] in .\Library\PackageCache\com.unity.visualscripting@191c0d7e3b69\Editor\VisualScripting.Core\Utilities\PackageVersionUtility.cs:31 
  at Unity.VisualScripting.BoltCoreManifest.get_version () [0x00000] in .\Library\PackageCache\com.unity.visualscripting@191c0d7e3b69\Editor\VisualScripting.Core\Plugin\BoltCoreManifest.cs:11 
  at Unity.VisualScripting.PluginManifest.get_currentVersion () [0x00000] in .\Library\PackageCache\com.unity.visualscripting@191c0d7e3b69\Editor\VisualScripting.Core\Plugins\PluginManifest.cs:33 
  at Unity.VisualScripting.PluginManifest.get_versionMismatch () [0x00000] in .\Library\PackageCache\com.unity.visualscripting@191c0d7e3b69\Editor\VisualScripting.Core\Plugins\PluginManifest.cs:48 
  at Unity.VisualScripting.PluginContainer.Initialize () [0x00525] in .\Library\PackageCache\com.unity.visualscripting@191c0d7e3b69\Editor\VisualScripting.Core\Plugins\PluginContainer.cs:208 
  at Unity.VisualScripting.PluginContainer.InitializeOnLoad () [0x00009] in .\Library\PackageCache\com.unity.visualscripting@191c0d7e3b69\Editor\VisualScripting.Core\Plugins\PluginContainer.cs:32 
  at Unity.VisualScripting.VSUsageUtility.DoInitializeOnLoadCalls () [0x00034] in .\Library\PackageCache\com.unity.visualscripting@191c0d7e3b69\Editor\VisualScripting.Core\Utilities\VSUsageUtility.cs:76 
  at Unity.VisualScripting.VSUsageUtility.set_isVisualScriptingUsed (System.Boolean value) [0x0002c] in .\Library\PackageCache\com.unity.visualscripting@191c0d7e3b69\Editor\VisualScripting.Core\Utilities\VSUsageUtility.cs:114 
  at Unity.VisualScripting.VSUsageUtility.CheckAndSetIsVisualScriptingUsed () [0x00032] in .\Library\PackageCache\com.unity.visualscripting@191c0d7e3b69\Editor\VisualScripting.Core\Utilities\VSUsageUtility.cs:48 
  at Unity.VisualScripting.VSUsageUtility..cctor () [0x00000] in .\Library\PackageCache\com.unity.visualscripting@191c0d7e3b69\Editor\VisualScripting.Core\Utilities\VSUsageUtility.cs:22 
UnityEngine.Debug:ExtractStackTraceNoAlloc (byte*,int,string)
UnityEngine.StackTraceUtility:ExtractStackTrace ()
UnityEngine.DebugLogHandler:Internal_Log (UnityEngine.LogType,UnityEngine.LogOption,string,UnityEngine.Object)
UnityEngine.DebugLogHandler:LogFormat (UnityEngine.LogType,UnityEngine.Object,string,object[])
UnityEngine.Logger:Log (UnityEngine.LogType,object)
UnityEngine.Debug:LogError (object)
UnityEditor.EditorAssemblies:ProcessInitializeOnLoadAttributes (System.Type[])

ScheduleIndexationOnStartup MainProcess:False IndexOnStartup:True
Mono: successfully reloaded assembly
- Finished resetting the current domain, in  1.960 seconds
Domain Reload Profiling: 3234ms
	BeginReloadAssembly (214ms)
		ExecutionOrderSort (0ms)
		DisableScriptedObjects (7ms)
		BackupInstance (0ms)
		ReleaseScriptingObjects (0ms)
		CreateAndSetChildDomain (30ms)
	RebuildCommonClasses (36ms)
	RebuildNativeTypeToScriptingClass (12ms)
	initialDomainReloadingComplete (51ms)
	LoadAllAssembliesAndSetupDomain (960ms)
		LoadAssemblies (721ms)
		RebuildTransferFunctionScriptingTraits (0ms)
		AnalyzeDomain (367ms)
			TypeCache.Refresh (281ms)
				TypeCache.ScanAssembly (257ms)
			BuildScriptInfoCaches (71ms)
			ResolveRequiredComponents (11ms)
	FinalizeReload (1960ms)
		ReleaseScriptCaches (0ms)
		RebuildScriptCaches (0ms)
		SetupLoadedEditorAssemblies (1472ms)
			LogAssemblyErrors (0ms)
			InitializePlatformSupportModulesInManaged (3ms)
			SetLoadedEditorAssemblies (4ms)
			BeforeProcessingInitializeOnLoad (213ms)
			ProcessInitializeOnLoadAttributes (1029ms)
			ProcessInitializeOnLoadMethodAttributes (213ms)
			AfterProcessingInitializeOnLoad (9ms)
			EditorAssembliesLoaded (0ms)
		ExecutionOrderSort2 (0ms)
		AwakeInstancesAfterBackupRestoration (6ms)
Launched and connected shader compiler UnityShaderCompiler.exe after 0.02 seconds
Refreshing native plugins compatible for Editor in 16.41 ms, found 9 plugins.
Preloading 0 native plugins for Editor in 0.00 ms.
Unloading 16 Unused Serialized files (Serialized files now loaded: 0)
Unloading 7032 unused Assets / (4.3 MB). Loaded Objects now: 7950.
Memory consumption went from 308.7 MB to 304.4 MB.
Total: 30.812500 ms (FindLiveObjects: 2.068400 ms CreateObjectMapping: 1.084200 ms MarkObjects: 24.765900 ms  DeleteObjects: 2.891900 ms)

========================================================================
Received Import Request.
  Time since last request: 1398721.329080 seconds.
  path: Assets/ExplosiveLLC/RPG Character Mecanim Animation Pack/Code/Lookups/Animations/ClimbType.cs
  artifactKey: Guid(dd94baba2dc84b73b072708a9ab12cff) Importer(2089858483,b0f066a214c2f5e87bad3c948f4d605d)
Start importing Assets/ExplosiveLLC/RPG Character Mecanim Animation Pack/Code/Lookups/Animations/ClimbType.cs using Guid(dd94baba2dc84b73b072708a9ab12cff) Importer(2089858483,b0f066a214c2f5e87bad3c948f4d605d) (ScriptedImporter) -> (artifact id: '8946a5803b1a9375b5fa798106ba701c') in 0.1253084 seconds
Number of updated asset objects reloaded before import = 0Number of asset objects unloaded after import = 0

========================================================================
Received Import Request.
  Time since last request: 0.000026 seconds.
  path: Assets/Plugins/AllIn13DShader/Demo/Scripts/DemoExpositorData.cs
  artifactKey: Guid(e717b5696b9da764094cc1b224cb9b72) Importer(2089858483,b0f066a214c2f5e87bad3c948f4d605d)
Start importing Assets/Plugins/AllIn13DShader/Demo/Scripts/DemoExpositorData.cs using Guid(e717b5696b9da764094cc1b224cb9b72) Importer(2089858483,b0f066a214c2f5e87bad3c948f4d605d) (ScriptedImporter) -> (artifact id: 'b31c2f0255f3e105e300c2ee3667e074') in 0.0079323 seconds
Number of updated asset objects reloaded before import = 0Number of asset objects unloaded after import = 0

========================================================================
Received Import Request.
  Time since last request: 0.000034 seconds.
  path: Assets/Resource/PackageResource/JC_LP_MegaCity/Models/Props/SM_Props_Rack_07.fbx
  artifactKey: Guid(cf20e5935320d454692243c11f44fd9f) Importer(2089858483,b0f066a214c2f5e87bad3c948f4d605d)
Start importing Assets/Resource/PackageResource/JC_LP_MegaCity/Models/Props/SM_Props_Rack_07.fbx using Guid(cf20e5935320d454692243c11f44fd9f) Importer(2089858483,b0f066a214c2f5e87bad3c948f4d605d) (ScriptedImporter) -> (artifact id: '68a83450869b682054a58e4944d760b3') in 0.0955135 seconds
Number of updated asset objects reloaded before import = 0Number of asset objects unloaded after import = 7

========================================================================
Received Import Request.
  Time since last request: 0.000021 seconds.
  path: Assets/ExplosiveLLC/RPG Character Mecanim Animation Pack/Demo Elements/Animation/Moving Platform.controller
  artifactKey: Guid(2cce83b49c5102d4b85897721be44ad2) Importer(2089858483,b0f066a214c2f5e87bad3c948f4d605d)
Start importing Assets/ExplosiveLLC/RPG Character Mecanim Animation Pack/Demo Elements/Animation/Moving Platform.controller using Guid(2cce83b49c5102d4b85897721be44ad2) Importer(2089858483,b0f066a214c2f5e87bad3c948f4d605d) (ScriptedImporter) -> (artifact id: '0d8ecbf889d497c3b313b48dc3287b66') in 0.0309137 seconds
Number of updated asset objects reloaded before import = 0Number of asset objects unloaded after import = 4

========================================================================
Received Import Request.
  Time since last request: 0.000039 seconds.
  path: Assets/Resource/PackageResource/JC_LP_MegaCity/Prefabs/IndustrialProps/SM_IndustrialProps_Construction_01.prefab
  artifactKey: Guid(c847b9755986ebd448dee19857f61ab7) Importer(2089858483,b0f066a214c2f5e87bad3c948f4d605d)
Start importing Assets/Resource/PackageResource/JC_LP_MegaCity/Prefabs/IndustrialProps/SM_IndustrialProps_Construction_01.prefab using Guid(c847b9755986ebd448dee19857f61ab7) Importer(2089858483,b0f066a214c2f5e87bad3c948f4d605d) (ScriptedImporter) -> (artifact id: '49f464d6e371d0c6fd87f4f6044fc680') in 0.0290959 seconds
Number of updated asset objects reloaded before import = 0Number of asset objects unloaded after import = 9

========================================================================
Received Import Request.
  Time since last request: 0.000022 seconds.
  path: Assets/ExplosiveLLC/RPG Character Mecanim Animation Pack/Animations/2Hand-Axe/Old Pose/RPG-Character@2Hand-Axe-Attack4.FBX
  artifactKey: Guid(86ce6b2b023712b4ab2dc281cfd8f8dd) Importer(2089858483,b0f066a214c2f5e87bad3c948f4d605d)
Start importing Assets/ExplosiveLLC/RPG Character Mecanim Animation Pack/Animations/2Hand-Axe/Old Pose/RPG-Character@2Hand-Axe-Attack4.FBX using Guid(86ce6b2b023712b4ab2dc281cfd8f8dd) Importer(2089858483,b0f066a214c2f5e87bad3c948f4d605d) (ScriptedImporter) -> (artifact id: '36d5f240e30c50703a5228e726c6941f') in 0.0359082 seconds
Number of updated asset objects reloaded before import = 0Number of asset objects unloaded after import = 114

========================================================================
Received Import Request.
  Time since last request: 0.000026 seconds.
  path: Assets/ExplosiveLLC/RPG Character Mecanim Animation Pack/Code/Lookups/Animations/EmoteType.cs
  artifactKey: Guid(703ac8263ea248b995781a2662cd23d1) Importer(2089858483,b0f066a214c2f5e87bad3c948f4d605d)
Start importing Assets/ExplosiveLLC/RPG Character Mecanim Animation Pack/Code/Lookups/Animations/EmoteType.cs using Guid(703ac8263ea248b995781a2662cd23d1) Importer(2089858483,b0f066a214c2f5e87bad3c948f4d605d) (ScriptedImporter) -> (artifact id: '6f63feb07a8cdaf28e407b184f2109ea') in 0.0190022 seconds
Number of updated asset objects reloaded before import = 0Number of asset objects unloaded after import = 0

========================================================================
Received Import Request.
  Time since last request: 0.000056 seconds.
  path: Assets/Resource/UI/Cursor.prefab
  artifactKey: Guid(b6c4f89f73c390345bc4797bb5573e62) Importer(2089858483,b0f066a214c2f5e87bad3c948f4d605d)
Start importing Assets/Resource/UI/Cursor.prefab using Guid(b6c4f89f73c390345bc4797bb5573e62) Importer(2089858483,b0f066a214c2f5e87bad3c948f4d605d) (ScriptedImporter) -> (artifact id: 'c2d519a6f71b23ef77435aee8b69fd24') in 0.0171728 seconds
Number of updated asset objects reloaded before import = 0Number of asset objects unloaded after import = 8

========================================================================
Received Import Request.
  Time since last request: 0.000022 seconds.
  path: Assets/ExplosiveLLC/RPG Character Mecanim Animation Pack/Animations/2Hand-Spear/RPG-Character@2Hand-Spear-Attack5.FBX
  artifactKey: Guid(76c5b10e654a5a2429f0f6a6078f95d4) Importer(2089858483,b0f066a214c2f5e87bad3c948f4d605d)
Start importing Assets/ExplosiveLLC/RPG Character Mecanim Animation Pack/Animations/2Hand-Spear/RPG-Character@2Hand-Spear-Attack5.FBX using Guid(76c5b10e654a5a2429f0f6a6078f95d4) Importer(2089858483,b0f066a214c2f5e87bad3c948f4d605d) (ScriptedImporter) -> (artifact id: '5c2cfedf858ef4c469198e450df80c88') in 0.0745957 seconds
Number of updated asset objects reloaded before import = 0Number of asset objects unloaded after import = 114

========================================================================
Received Import Request.
  Time since last request: 0.000019 seconds.
  path: Assets/ExplosiveLLC/RPG Character Mecanim Animation Pack/Models/Weapons/Knife.FBX
  artifactKey: Guid(0913bdf8341dc1f499b50ec1ad76aff0) Importer(2089858483,b0f066a214c2f5e87bad3c948f4d605d)
Start importing Assets/ExplosiveLLC/RPG Character Mecanim Animation Pack/Models/Weapons/Knife.FBX using Guid(0913bdf8341dc1f499b50ec1ad76aff0) Importer(2089858483,b0f066a214c2f5e87bad3c948f4d605d) (ScriptedImporter) -> (artifact id: '0c76dea1fb02cb2187ea132b0933285e') in 0.0754104 seconds
Number of updated asset objects reloaded before import = 0Number of asset objects unloaded after import = 7

========================================================================
Received Import Request.
  Time since last request: 0.000034 seconds.
  path: Assets/ExplosiveLLC/RPG Character Mecanim Animation Pack/Presets/TagLayer.preset
  artifactKey: Guid(0b4627fac9a10c44a9fd51a0c1d8895c) Importer(2089858483,b0f066a214c2f5e87bad3c948f4d605d)
Start importing Assets/ExplosiveLLC/RPG Character Mecanim Animation Pack/Presets/TagLayer.preset using Guid(0b4627fac9a10c44a9fd51a0c1d8895c) Importer(2089858483,b0f066a214c2f5e87bad3c948f4d605d) (ScriptedImporter) -> (artifact id: '426a1c0309188f52831ab751e62cb622') in 0.0162897 seconds
Number of updated asset objects reloaded before import = 0Number of asset objects unloaded after import = 1

========================================================================
Received Import Request.
  Time since last request: 0.000020 seconds.
  path: Assets/ExplosiveLLC/RPG Character Mecanim Animation Pack/Code/Lookups/AnimatorWeapon.cs
  artifactKey: Guid(bc1eaf2e3d1e42f99c4c37888c511bba) Importer(2089858483,b0f066a214c2f5e87bad3c948f4d605d)
Start importing Assets/ExplosiveLLC/RPG Character Mecanim Animation Pack/Code/Lookups/AnimatorWeapon.cs using Guid(bc1eaf2e3d1e42f99c4c37888c511bba) Importer(2089858483,b0f066a214c2f5e87bad3c948f4d605d) (ScriptedImporter) -> (artifact id: 'dcfa965d12c07dc4eab010281df16645') in 0.0107693 seconds
Number of updated asset objects reloaded before import = 0Number of asset objects unloaded after import = 0

========================================================================
Received Import Request.
  Time since last request: 0.000022 seconds.
  path: Assets/Modern UI Pack/Textures/Icon/Media/Camera.png
  artifactKey: Guid(029e049b7b633af4089920f10dbf69d9) Importer(2089858483,b0f066a214c2f5e87bad3c948f4d605d)
Start importing Assets/Modern UI Pack/Textures/Icon/Media/Camera.png using Guid(029e049b7b633af4089920f10dbf69d9) Importer(2089858483,b0f066a214c2f5e87bad3c948f4d605d) (ScriptedImporter) -> (artifact id: 'c7de48114237c00494b693161742495f') in 0.1185982 seconds
Number of updated asset objects reloaded before import = 0Number of asset objects unloaded after import = 3

========================================================================
Received Import Request.
  Time since last request: 0.000035 seconds.
  path: Assets/Resource/PackageResource/JC_LP_MegaCity/Models/Buildings/SM_Buildings_Hospital_01_Door_2.fbx
  artifactKey: Guid(c1b95af3e4e6c02458be4401c3f31bb2) Importer(2089858483,b0f066a214c2f5e87bad3c948f4d605d)
Start importing Assets/Resource/PackageResource/JC_LP_MegaCity/Models/Buildings/SM_Buildings_Hospital_01_Door_2.fbx using Guid(c1b95af3e4e6c02458be4401c3f31bb2) Importer(2089858483,b0f066a214c2f5e87bad3c948f4d605d) (ScriptedImporter) -> (artifact id: '32b8295a784e43e5b7df52c9ca5a2a27') in 0.0221378 seconds
Number of updated asset objects reloaded before import = 0Number of asset objects unloaded after import = 7

========================================================================
Received Import Request.
  Time since last request: 0.000023 seconds.
  path: Assets/ExplosiveLLC/RPG Character Mecanim Animation Pack/Animations/Relax/RPG-Character@Relax-Laydown-Getup.FBX
  artifactKey: Guid(ffadc3228096242468477a28c84ae2d0) Importer(2089858483,b0f066a214c2f5e87bad3c948f4d605d)
Start importing Assets/ExplosiveLLC/RPG Character Mecanim Animation Pack/Animations/Relax/RPG-Character@Relax-Laydown-Getup.FBX using Guid(ffadc3228096242468477a28c84ae2d0) Importer(2089858483,b0f066a214c2f5e87bad3c948f4d605d) (ScriptedImporter) -> (artifact id: 'f1d343ea7610c0195a76fdaba4aedf1b') in 0.0174132 seconds
Number of updated asset objects reloaded before import = 0Number of asset objects unloaded after import = 114

========================================================================
Received Import Request.
  Time since last request: 0.269991 seconds.
  path: Assets/Resource/PackageResource/JC_LP_MegaCity/Models/Buildings/SM_Buildings_House_08_V1.fbx
  artifactKey: Guid(4848161fbf7d2694483b53f9dd5208ec) Importer(2089858483,b0f066a214c2f5e87bad3c948f4d605d)
Start importing Assets/Resource/PackageResource/JC_LP_MegaCity/Models/Buildings/SM_Buildings_House_08_V1.fbx using Guid(4848161fbf7d2694483b53f9dd5208ec) Importer(2089858483,b0f066a214c2f5e87bad3c948f4d605d) (ScriptedImporter) -> (artifact id: '80f12a01a21409814a8764387cb7246e') in 0.0162101 seconds
Number of updated asset objects reloaded before import = 0Number of asset objects unloaded after import = 7

========================================================================
Received Import Request.
  Time since last request: 0.000015 seconds.
  path: Assets/ExplosiveLLC/RPG Character Mecanim Animation Pack/Animations/2Hand-Staff/RPG-Character@2Hand-Staff-GetHit-L1.FBX
  artifactKey: Guid(64f13fda454b3084d8047d3cfefef410) Importer(2089858483,b0f066a214c2f5e87bad3c948f4d605d)
Start importing Assets/ExplosiveLLC/RPG Character Mecanim Animation Pack/Animations/2Hand-Staff/RPG-Character@2Hand-Staff-GetHit-L1.FBX using Guid(64f13fda454b3084d8047d3cfefef410) Importer(2089858483,b0f066a214c2f5e87bad3c948f4d605d) (ScriptedImporter) -> (artifact id: '83b89ed9051ade3fa23f2b2e351bf563') in 0.011594 seconds
Number of updated asset objects reloaded before import = 0Number of asset objects unloaded after import = 114

========================================================================
Received Import Request.
  Time since last request: 0.000021 seconds.
  path: Assets/Plugins/AllIn13DShader/Editor/PropertiesConfigCollection.cs
  artifactKey: Guid(de2c732907004674f91e71073a09d404) Importer(2089858483,b0f066a214c2f5e87bad3c948f4d605d)
Start importing Assets/Plugins/AllIn13DShader/Editor/PropertiesConfigCollection.cs using Guid(de2c732907004674f91e71073a09d404) Importer(2089858483,b0f066a214c2f5e87bad3c948f4d605d) (ScriptedImporter) -> (artifact id: '395c283506becb1f85d428e5d78ceafb') in 0.0061665 seconds
Number of updated asset objects reloaded before import = 0Number of asset objects unloaded after import = 0

========================================================================
Received Import Request.
  Time since last request: 0.000030 seconds.
  path: Assets/Resource/PackageResource/JC_LP_MegaCity/Prefabs/Vehicles/SM_Vehicles_01_V2.prefab
  artifactKey: Guid(ab89d5fbbdf44a242983c43f4b908929) Importer(2089858483,b0f066a214c2f5e87bad3c948f4d605d)
Start importing Assets/Resource/PackageResource/JC_LP_MegaCity/Prefabs/Vehicles/SM_Vehicles_01_V2.prefab using Guid(ab89d5fbbdf44a242983c43f4b908929) Importer(2089858483,b0f066a214c2f5e87bad3c948f4d605d) (ScriptedImporter) -> (artifact id: 'fb86841abcffb2078e9d5d9006f5a25a') in 0.0161964 seconds
Number of updated asset objects reloaded before import = 0Number of asset objects unloaded after import = 34

========================================================================
Received Import Request.
  Time since last request: 0.000021 seconds.
  path: Assets/Modern UI Pack/Animations/Animated Icon/HP Normal.anim
  artifactKey: Guid(60a00f0b70aee9143b4b442f97d1079a) Importer(2089858483,b0f066a214c2f5e87bad3c948f4d605d)
Start importing Assets/Modern UI Pack/Animations/Animated Icon/HP Normal.anim using Guid(60a00f0b70aee9143b4b442f97d1079a) Importer(2089858483,b0f066a214c2f5e87bad3c948f4d605d) (ScriptedImporter) -> (artifact id: 'e6aeccda278e69dbcf1bf4aed12c838d') in 0.0095754 seconds
Number of updated asset objects reloaded before import = 0Number of asset objects unloaded after import = 1

========================================================================
Received Import Request.
  Time since last request: 0.000016 seconds.
  path: Assets/Resource/PackageResource/JC_LP_MegaCity/Models/BuildingsDecor/SM_BuildingsDecor_44.fbx
  artifactKey: Guid(6c74f80051a80584f8510322acf16353) Importer(2089858483,b0f066a214c2f5e87bad3c948f4d605d)
Start importing Assets/Resource/PackageResource/JC_LP_MegaCity/Models/BuildingsDecor/SM_BuildingsDecor_44.fbx using Guid(6c74f80051a80584f8510322acf16353) Importer(2089858483,b0f066a214c2f5e87bad3c948f4d605d) (ScriptedImporter) -> (artifact id: '3fbd6dc88bab66b8fb4bae02eff598e1') in 0.0118165 seconds
Number of updated asset objects reloaded before import = 0Number of asset objects unloaded after import = 7

========================================================================
Received Import Request.
  Time since last request: 0.000016 seconds.
  path: Assets/Modern UI Pack/Prefabs/Button/Rounded - Outline/Green.prefab
  artifactKey: Guid(c914c9e26b5c1e14db7c5facdc93365c) Importer(2089858483,b0f066a214c2f5e87bad3c948f4d605d)
Start importing Assets/Modern UI Pack/Prefabs/Button/Rounded - Outline/Green.prefab using Guid(c914c9e26b5c1e14db7c5facdc93365c) Importer(2089858483,b0f066a214c2f5e87bad3c948f4d605d) (ScriptedImporter) -> (artifact id: '2f86bdc5dcd227aebc3a2e40a187c167') in 0.1050558 seconds
Number of updated asset objects reloaded before import = 0Number of asset objects unloaded after import = 111

========================================================================
Received Import Request.
  Time since last request: 0.000051 seconds.
  path: Assets/Modern UI Pack/Scripts/Dropdown
  artifactKey: Guid(f0673eef6087e6b41af2be453632efb5) Importer(2089858483,b0f066a214c2f5e87bad3c948f4d605d)
Start importing Assets/Modern UI Pack/Scripts/Dropdown using Guid(f0673eef6087e6b41af2be453632efb5) Importer(2089858483,b0f066a214c2f5e87bad3c948f4d605d) (ScriptedImporter) -> (artifact id: '54bee86e8a0f2ecf712722ea00779c15') in 0.0060556 seconds
Number of updated asset objects reloaded before import = 0Number of asset objects unloaded after import = 1

========================================================================
Received Import Request.
  Time since last request: 0.000019 seconds.
  path: Assets/Resource/PackageResource/JC_LP_MegaCity/Prefabs/Floor/SM_Floor_Road_03.prefab
  artifactKey: Guid(cb21517513713e24ea6396f4e7c7ef29) Importer(2089858483,b0f066a214c2f5e87bad3c948f4d605d)
Start importing Assets/Resource/PackageResource/JC_LP_MegaCity/Prefabs/Floor/SM_Floor_Road_03.prefab using Guid(cb21517513713e24ea6396f4e7c7ef29) Importer(2089858483,b0f066a214c2f5e87bad3c948f4d605d) (ScriptedImporter) -> (artifact id: '3050ca32237e42a32d78a8e222106c5a') in 0.0160785 seconds
Number of updated asset objects reloaded before import = 0Number of asset objects unloaded after import = 9

========================================================================
Received Import Request.
  Time since last request: 0.000023 seconds.
  path: Assets/Resource/PackageResource/JC_LP_MegaCity/Prefabs/Buildings/SM_Buildings_Office_11.prefab
  artifactKey: Guid(c820a5030e78c5c4db1e5227c4c9832a) Importer(2089858483,b0f066a214c2f5e87bad3c948f4d605d)
Start importing Assets/Resource/PackageResource/JC_LP_MegaCity/Prefabs/Buildings/SM_Buildings_Office_11.prefab using Guid(c820a5030e78c5c4db1e5227c4c9832a) Importer(2089858483,b0f066a214c2f5e87bad3c948f4d605d) (ScriptedImporter) -> (artifact id: '1b142e8106da251b4467b1806f2958c5') in 0.0292436 seconds
Number of updated asset objects reloaded before import = 0Number of asset objects unloaded after import = 22

========================================================================
Received Import Request.
  Time since last request: 0.000034 seconds.
  path: Assets/Modern UI Pack/Prefabs/Input Field/Input Field - Standard (Right).prefab
  artifactKey: Guid(31898d8437e54564e9fc2942279ad2d2) Importer(2089858483,b0f066a214c2f5e87bad3c948f4d605d)
Start importing Assets/Modern UI Pack/Prefabs/Input Field/Input Field - Standard (Right).prefab using Guid(31898d8437e54564e9fc2942279ad2d2) Importer(2089858483,b0f066a214c2f5e87bad3c948f4d605d) (ScriptedImporter) -> (artifact id: '853834fdab48dd64a4e244af48b3a4a0') in 0.0894063 seconds
Number of updated asset objects reloaded before import = 0Number of asset objects unloaded after import = 70

========================================================================
Received Import Request.
  Time since last request: 0.000016 seconds.
  path: Assets/Plugins/AllIn13DShader/Demo/Data/DemoElements/Combined Effects/DemoElement_HueShift.asset
  artifactKey: Guid(b2902afbe4cedfe4c902c93aa6abcb50) Importer(2089858483,b0f066a214c2f5e87bad3c948f4d605d)
Start importing Assets/Plugins/AllIn13DShader/Demo/Data/DemoElements/Combined Effects/DemoElement_HueShift.asset using Guid(b2902afbe4cedfe4c902c93aa6abcb50) Importer(2089858483,b0f066a214c2f5e87bad3c948f4d605d) (ScriptedImporter) -> (artifact id: '439e87a17a310558f948aac64ff8bafc') in 0.0151209 seconds
Number of updated asset objects reloaded before import = 0Number of asset objects unloaded after import = 28

========================================================================
Received Import Request.
  Time since last request: 0.000024 seconds.
  path: Assets/ExplosiveLLC/RPG Character Mecanim Animation Pack/Animations/Crawl/RPG-Character@Unarmed-Crawl-ToCrouch.FBX
  artifactKey: Guid(c0c90b63bd1dd4d41bdcbee0e0ca5847) Importer(2089858483,b0f066a214c2f5e87bad3c948f4d605d)
Start importing Assets/ExplosiveLLC/RPG Character Mecanim Animation Pack/Animations/Crawl/RPG-Character@Unarmed-Crawl-ToCrouch.FBX using Guid(c0c90b63bd1dd4d41bdcbee0e0ca5847) Importer(2089858483,b0f066a214c2f5e87bad3c948f4d605d) (ScriptedImporter) -> (artifact id: 'a7b531461ab4ee06f6d7f3fbfa500467') in 0.0136352 seconds
Number of updated asset objects reloaded before import = 0Number of asset objects unloaded after import = 114

========================================================================
Received Import Request.
  Time since last request: 0.000031 seconds.
  path: Assets/Resource/PackageResource/JC_LP_MegaCity/Models/Buildings/SM_Buildings_House_06_V4.fbx
  artifactKey: Guid(5354570bacfaeef4aab0a762d2fd92dc) Importer(2089858483,b0f066a214c2f5e87bad3c948f4d605d)
Start importing Assets/Resource/PackageResource/JC_LP_MegaCity/Models/Buildings/SM_Buildings_House_06_V4.fbx using Guid(5354570bacfaeef4aab0a762d2fd92dc) Importer(2089858483,b0f066a214c2f5e87bad3c948f4d605d) (ScriptedImporter) -> (artifact id: 'f7ab8f3d6ea5b0872e4c39f4505f9505') in 0.0121639 seconds
Number of updated asset objects reloaded before import = 0Number of asset objects unloaded after import = 7

========================================================================
Received Import Request.
  Time since last request: 1.517819 seconds.
  path: Assets/Resource/PackageResource/JC_LP_MegaCity/Models/Buildings/SM_Buildings_House_04_V2.fbx
  artifactKey: Guid(4dd69900b74cab142bf4fc678a8d72dd) Importer(2089858483,b0f066a214c2f5e87bad3c948f4d605d)
Start importing Assets/Resource/PackageResource/JC_LP_MegaCity/Models/Buildings/SM_Buildings_House_04_V2.fbx using Guid(4dd69900b74cab142bf4fc678a8d72dd) Importer(2089858483,b0f066a214c2f5e87bad3c948f4d605d) (ScriptedImporter) -> (artifact id: '05ee4a07b0d79e964d6ddfd67d7704dc') in 0.0108639 seconds
Number of updated asset objects reloaded before import = 0Number of asset objects unloaded after import = 7

========================================================================
Received Import Request.
  Time since last request: 0.000023 seconds.
  path: Assets/Resource/PackageResource/BeautifulSkyPack02/CubeMap
  artifactKey: Guid(832357070f557754cb14f24a11a93117) Importer(2089858483,b0f066a214c2f5e87bad3c948f4d605d)
Start importing Assets/Resource/PackageResource/BeautifulSkyPack02/CubeMap using Guid(832357070f557754cb14f24a11a93117) Importer(2089858483,b0f066a214c2f5e87bad3c948f4d605d) (ScriptedImporter) -> (artifact id: '79ca918f4803358ee8e3f7c31587243f') in 0.0051893 seconds
Number of updated asset objects reloaded before import = 0Number of asset objects unloaded after import = 1

========================================================================
Received Import Request.
  Time since last request: 0.000021 seconds.
  path: Assets/Modern UI Pack/Scripts/Demo/DemoElementSway.cs
  artifactKey: Guid(a7afc8c12ad2e104ebc86906fc37ec31) Importer(2089858483,b0f066a214c2f5e87bad3c948f4d605d)
Start importing Assets/Modern UI Pack/Scripts/Demo/DemoElementSway.cs using Guid(a7afc8c12ad2e104ebc86906fc37ec31) Importer(2089858483,b0f066a214c2f5e87bad3c948f4d605d) (ScriptedImporter) -> (artifact id: 'd50709648cdaedd2dc1155e35f0dc755') in 0.0059143 seconds
Number of updated asset objects reloaded before import = 0Number of asset objects unloaded after import = 0

========================================================================
Received Import Request.
  Time since last request: 0.000016 seconds.
  path: Assets/Modern UI Pack/Textures/Border/Radial/256px
  artifactKey: Guid(0b5227e76e9fbe647aa4958ddf3b4f34) Importer(2089858483,b0f066a214c2f5e87bad3c948f4d605d)
Start importing Assets/Modern UI Pack/Textures/Border/Radial/256px using Guid(0b5227e76e9fbe647aa4958ddf3b4f34) Importer(2089858483,b0f066a214c2f5e87bad3c948f4d605d) (ScriptedImporter) -> (artifact id: '0053fd285ecad6cf18b1e02adf2c6611') in 0.0056737 seconds
Number of updated asset objects reloaded before import = 0Number of asset objects unloaded after import = 1

========================================================================
Received Import Request.
  Time since last request: 0.000011 seconds.
  path: Assets/Resource/Matarial/Belle/Body2.mat
  artifactKey: Guid(b4d0901ec4ea57948b84bc965cb41de3) Importer(2089858483,b0f066a214c2f5e87bad3c948f4d605d)
Start importing Assets/Resource/Matarial/Belle/Body2.mat using Guid(b4d0901ec4ea57948b84bc965cb41de3) Importer(2089858483,b0f066a214c2f5e87bad3c948f4d605d) (ScriptedImporter) -> (artifact id: '68ba7ce77e8ab493e54827b7030a4edc') in 0.0911781 seconds
Number of updated asset objects reloaded before import = 0Number of asset objects unloaded after import = 2

========================================================================
Received Import Request.
  Time since last request: 0.000018 seconds.
  path: Assets/Plugins/AllIn13DShader/Demo/Prefabs/Models/Chomper.prefab
  artifactKey: Guid(1404d68d4a723b14b836913203f7a8de) Importer(2089858483,b0f066a214c2f5e87bad3c948f4d605d)
Start importing Assets/Plugins/AllIn13DShader/Demo/Prefabs/Models/Chomper.prefab using Guid(1404d68d4a723b14b836913203f7a8de) Importer(2089858483,b0f066a214c2f5e87bad3c948f4d605d) (ScriptedImporter) -> (artifact id: 'e6e25d07fc537633643abffad22504cf') in 0.0094918 seconds
Number of updated asset objects reloaded before import = 0Number of asset objects unloaded after import = 9

========================================================================
Received Import Request.
  Time since last request: 0.000032 seconds.
  path: Assets/Modern UI Pack/Scripts/Editor Handlers/MUIPEditorHandler.cs
  artifactKey: Guid(0b3d37a8c2278a54380cde1dbb7524d9) Importer(2089858483,b0f066a214c2f5e87bad3c948f4d605d)
Start importing Assets/Modern UI Pack/Scripts/Editor Handlers/MUIPEditorHandler.cs using Guid(0b3d37a8c2278a54380cde1dbb7524d9) Importer(2089858483,b0f066a214c2f5e87bad3c948f4d605d) (ScriptedImporter) -> (artifact id: '86623935e5670860cd587e2a58198ff6') in 0.0078539 seconds
Number of updated asset objects reloaded before import = 0Number of asset objects unloaded after import = 0

========================================================================
Received Import Request.
  Time since last request: 0.000015 seconds.
  path: Assets/Resource/Character/Charamodel/Nicole Demara (Zenless Zone Zero)/Texture/Nostradamus_Hair_N.png
  artifactKey: Guid(a9f98ceb01c848949bfe8720114fe4b0) Importer(2089858483,b0f066a214c2f5e87bad3c948f4d605d)
Start importing Assets/Resource/Character/Charamodel/Nicole Demara (Zenless Zone Zero)/Texture/Nostradamus_Hair_N.png using Guid(a9f98ceb01c848949bfe8720114fe4b0) Importer(2089858483,b0f066a214c2f5e87bad3c948f4d605d) (ScriptedImporter) -> (artifact id: 'd2e7c46ac0712979c5645cc07878efe1') in 0.0184187 seconds
Number of updated asset objects reloaded before import = 0Number of asset objects unloaded after import = 1

========================================================================
Received Import Request.
  Time since last request: 0.000013 seconds.
  path: Assets/Resource/PackageResource/BeautifulSkyPack02/Panoramic/Materials/SKY_A10.mat
  artifactKey: Guid(00012d5e198115c44a6c9639d5e5f26c) Importer(2089858483,b0f066a214c2f5e87bad3c948f4d605d)
Start importing Assets/Resource/PackageResource/BeautifulSkyPack02/Panoramic/Materials/SKY_A10.mat using Guid(00012d5e198115c44a6c9639d5e5f26c) Importer(2089858483,b0f066a214c2f5e87bad3c948f4d605d) (ScriptedImporter) -> (artifact id: 'c8e49a915c7b12fdd2cd7f8e78b7c66a') in 0.3306777 seconds
Number of updated asset objects reloaded before import = 0Number of asset objects unloaded after import = 2

========================================================================
Received Import Request.
  Time since last request: 0.000028 seconds.
  path: Assets/ExplosiveLLC/RPG Character Mecanim Animation Pack/Animations/Climb-Ladder/RPG-Character@Climb-Ladder-Off-Top.fbx
  artifactKey: Guid(7dd0098461846a34d839720eac2e335d) Importer(2089858483,b0f066a214c2f5e87bad3c948f4d605d)
Start importing Assets/ExplosiveLLC/RPG Character Mecanim Animation Pack/Animations/Climb-Ladder/RPG-Character@Climb-Ladder-Off-Top.fbx using Guid(7dd0098461846a34d839720eac2e335d) Importer(2089858483,b0f066a214c2f5e87bad3c948f4d605d) (ScriptedImporter) -> (artifact id: '20848ab932482914a8a1ab68f7deb63b') in 0.0134485 seconds
Number of updated asset objects reloaded before import = 0Number of asset objects unloaded after import = 114

========================================================================
Received Import Request.
  Time since last request: 0.000035 seconds.
  path: Assets/Resource/PackageResource/JC_LP_MegaCity/Prefabs/Vehicles/SM_Vehicles_04_V2.prefab
  artifactKey: Guid(7eb45c07650405243b8958257668185f) Importer(2089858483,b0f066a214c2f5e87bad3c948f4d605d)
Start importing Assets/Resource/PackageResource/JC_LP_MegaCity/Prefabs/Vehicles/SM_Vehicles_04_V2.prefab using Guid(7eb45c07650405243b8958257668185f) Importer(2089858483,b0f066a214c2f5e87bad3c948f4d605d) (ScriptedImporter) -> (artifact id: '151ec4d2ab4d103cc6bad47bbf59c6cb') in 0.0165151 seconds
Number of updated asset objects reloaded before import = 0Number of asset objects unloaded after import = 34

========================================================================
Received Import Request.
  Time since last request: 0.000019 seconds.
  path: Assets/ExplosiveLLC/RPG Character Mecanim Animation Pack/Animations/Relax/RPG-Character@Relax-Walk-Female3.FBX
  artifactKey: Guid(ae3902e421ecefb48b7f0a7e21875ca8) Importer(2089858483,b0f066a214c2f5e87bad3c948f4d605d)
Start importing Assets/ExplosiveLLC/RPG Character Mecanim Animation Pack/Animations/Relax/RPG-Character@Relax-Walk-Female3.FBX using Guid(ae3902e421ecefb48b7f0a7e21875ca8) Importer(2089858483,b0f066a214c2f5e87bad3c948f4d605d) (ScriptedImporter) -> (artifact id: '022ff6c1813027cdfb80885f2bc3e887') in 0.0152986 seconds
Number of updated asset objects reloaded before import = 0Number of asset objects unloaded after import = 114

========================================================================
Received Import Request.
  Time since last request: 0.000016 seconds.
  path: Assets/Resource/PackageResource/JC_LP_MegaCity/Prefabs/Floor/SM_Floor_Tile_09.prefab
  artifactKey: Guid(38929bb64b615f44a828187558084913) Importer(2089858483,b0f066a214c2f5e87bad3c948f4d605d)
Start importing Assets/Resource/PackageResource/JC_LP_MegaCity/Prefabs/Floor/SM_Floor_Tile_09.prefab using Guid(38929bb64b615f44a828187558084913) Importer(2089858483,b0f066a214c2f5e87bad3c948f4d605d) (ScriptedImporter) -> (artifact id: 'c398de7b77ad5293f441b682009ef42e') in 0.0176932 seconds
Number of updated asset objects reloaded before import = 0Number of asset objects unloaded after import = 9

========================================================================
Received Import Request.
  Time since last request: 0.000023 seconds.
  path: Assets/Resource/PackageResource/JC_LP_MegaCity/Prefabs/Props/SM_Props_GameConsole_01.prefab
  artifactKey: Guid(d30aab03e4f80d640b57280dc8baa5de) Importer(2089858483,b0f066a214c2f5e87bad3c948f4d605d)
Start importing Assets/Resource/PackageResource/JC_LP_MegaCity/Prefabs/Props/SM_Props_GameConsole_01.prefab using Guid(d30aab03e4f80d640b57280dc8baa5de) Importer(2089858483,b0f066a214c2f5e87bad3c948f4d605d) (ScriptedImporter) -> (artifact id: 'db4553e273d077f785edaeb33dc92bbf') in 0.0148545 seconds
Number of updated asset objects reloaded before import = 0Number of asset objects unloaded after import = 10

========================================================================
Received Import Request.
  Time since last request: 0.000028 seconds.
  path: Assets/Resource/PackageResource/JC_LP_MegaCity/Prefabs/Props/SM_Props_Reception_02.prefab
  artifactKey: Guid(1d02d13a39ea7a84c83a32ad23e124b4) Importer(2089858483,b0f066a214c2f5e87bad3c948f4d605d)
Start importing Assets/Resource/PackageResource/JC_LP_MegaCity/Prefabs/Props/SM_Props_Reception_02.prefab using Guid(1d02d13a39ea7a84c83a32ad23e124b4) Importer(2089858483,b0f066a214c2f5e87bad3c948f4d605d) (ScriptedImporter) -> (artifact id: '3165eba0975d6d577ae34b5e10889add') in 0.012958 seconds
Number of updated asset objects reloaded before import = 0Number of asset objects unloaded after import = 9

========================================================================
Received Import Request.
  Time since last request: 0.000015 seconds.
  path: Assets/Plugins/AllIn13DShader/Demo/Textures/ModelsTextures/Ellen_Head_Albedo.png
  artifactKey: Guid(57a688587ba9a084aa7de87eb3eb4695) Importer(2089858483,b0f066a214c2f5e87bad3c948f4d605d)
Start importing Assets/Plugins/AllIn13DShader/Demo/Textures/ModelsTextures/Ellen_Head_Albedo.png using Guid(57a688587ba9a084aa7de87eb3eb4695) Importer(2089858483,b0f066a214c2f5e87bad3c948f4d605d) (ScriptedImporter) -> (artifact id: '84153a3d21bce9e2359e8fc3e35b4c84') in 0.0174965 seconds
Number of updated asset objects reloaded before import = 0Number of asset objects unloaded after import = 1

========================================================================
Received Import Request.
  Time since last request: 0.000032 seconds.
  path: Assets/Modern UI Pack/Scripts/Tooltip
  artifactKey: Guid(08e30fb6f4c85fc4a91bd66d8da22a09) Importer(2089858483,b0f066a214c2f5e87bad3c948f4d605d)
Start importing Assets/Modern UI Pack/Scripts/Tooltip using Guid(08e30fb6f4c85fc4a91bd66d8da22a09) Importer(2089858483,b0f066a214c2f5e87bad3c948f4d605d) (ScriptedImporter) -> (artifact id: '233144dbb1b858d2d4db2525a68f9421') in 0.0062362 seconds
Number of updated asset objects reloaded before import = 0Number of asset objects unloaded after import = 1

========================================================================
Received Import Request.
  Time since last request: 0.000015 seconds.
  path: Assets/Resource/PackageResource/JC_LP_MegaCity/Models/BuildingsDecor/SM_BuildingsDecor_34.fbx
  artifactKey: Guid(5e2d5243d06595147bacb448caafa5be) Importer(2089858483,b0f066a214c2f5e87bad3c948f4d605d)
Start importing Assets/Resource/PackageResource/JC_LP_MegaCity/Models/BuildingsDecor/SM_BuildingsDecor_34.fbx using Guid(5e2d5243d06595147bacb448caafa5be) Importer(2089858483,b0f066a214c2f5e87bad3c948f4d605d) (ScriptedImporter) -> (artifact id: '136999a402464f0f8dc66cc5842cec38') in 0.0115764 seconds
Number of updated asset objects reloaded before import = 0Number of asset objects unloaded after import = 7

========================================================================
Received Import Request.
  Time since last request: 0.000029 seconds.
  path: Assets/ExplosiveLLC/RPG Character Mecanim Animation Pack/Animations/2Hand-Staff/RPG-Character@2Hand-Staff-Walk-Injured.FBX
  artifactKey: Guid(972b4690f0923e841a8d658c4f638724) Importer(2089858483,b0f066a214c2f5e87bad3c948f4d605d)
Start importing Assets/ExplosiveLLC/RPG Character Mecanim Animation Pack/Animations/2Hand-Staff/RPG-Character@2Hand-Staff-Walk-Injured.FBX using Guid(972b4690f0923e841a8d658c4f638724) Importer(2089858483,b0f066a214c2f5e87bad3c948f4d605d) (ScriptedImporter) -> (artifact id: 'a4b7e30a2f8da7fb3a77a9d1879d1705') in 0.0165427 seconds
Number of updated asset objects reloaded before import = 0Number of asset objects unloaded after import = 114

========================================================================
Received Import Request.
  Time since last request: 0.000020 seconds.
  path: Assets/Resource/PackageResource/BeautifulSkyPack02/Panoramic/Textures/SKY_A9.png
  artifactKey: Guid(edd8c39c1a70bc044be58bc48f04b7a0) Importer(2089858483,b0f066a214c2f5e87bad3c948f4d605d)
Start importing Assets/Resource/PackageResource/BeautifulSkyPack02/Panoramic/Textures/SKY_A9.png using Guid(edd8c39c1a70bc044be58bc48f04b7a0) Importer(2089858483,b0f066a214c2f5e87bad3c948f4d605d) (ScriptedImporter) -> (artifact id: 'd56bcaac5fbfebd59f3d55533383ea77') in 0.1634675 seconds
Number of updated asset objects reloaded before import = 0Number of asset objects unloaded after import = 1

========================================================================
Received Prepare
Begin MonoManager ReloadAssembly
- Loaded All Assemblies, in  1.248 seconds
'Assets/Photon/Fusion/Runtime/Fusion.Unity.cs' contains partial class of Unity.Object, exactly 1 of the partial classes needs to be in a file with the same filename. This is to know the one that can be referenced from ie. GameObjects
'Assets/Photon/Fusion/Runtime/Fusion.Unity.cs' contains partial class of Unity.Object, exactly 1 of the partial classes needs to be in a file with the same filename. This is to know the one that can be referenced from ie. GameObjects
Refreshing native plugins compatible for Editor in 9.21 ms, found 9 plugins.
Native extension for WindowsStandalone target not found
Native extension for WebGL target not found
[Package Manager] Failed to launch server process. Reason: Unity was launched with the -noUpm command-line argument
[Package Manager] Unable to send message (not connected to server process).
[Package Manager] Cannot connect to Unity Package Manager local server
System.Exception: Error! Visual Scripting: couldn't find visual scripting package
  at Unity.VisualScripting.PackageVersionUtility.get_version () [0x00043] in .\Library\PackageCache\com.unity.visualscripting@191c0d7e3b69\Editor\VisualScripting.Core\Utilities\PackageVersionUtility.cs:31 
  at Unity.VisualScripting.BoltCoreManifest.get_version () [0x00000] in .\Library\PackageCache\com.unity.visualscripting@191c0d7e3b69\Editor\VisualScripting.Core\Plugin\BoltCoreManifest.cs:11 
  at Unity.VisualScripting.PluginManifest.get_currentVersion () [0x00000] in .\Library\PackageCache\com.unity.visualscripting@191c0d7e3b69\Editor\VisualScripting.Core\Plugins\PluginManifest.cs:33 
  at Unity.VisualScripting.PluginManifest.get_versionMismatch () [0x00000] in .\Library\PackageCache\com.unity.visualscripting@191c0d7e3b69\Editor\VisualScripting.Core\Plugins\PluginManifest.cs:48 
  at Unity.VisualScripting.PluginContainer.Initialize () [0x00525] in .\Library\PackageCache\com.unity.visualscripting@191c0d7e3b69\Editor\VisualScripting.Core\Plugins\PluginContainer.cs:208 
  at Unity.VisualScripting.PluginContainer.InitializeOnLoad () [0x00009] in .\Library\PackageCache\com.unity.visualscripting@191c0d7e3b69\Editor\VisualScripting.Core\Plugins\PluginContainer.cs:32 
  at Unity.VisualScripting.VSUsageUtility.DoInitializeOnLoadCalls () [0x00034] in .\Library\PackageCache\com.unity.visualscripting@191c0d7e3b69\Editor\VisualScripting.Core\Utilities\VSUsageUtility.cs:76 
  at Unity.VisualScripting.VSUsageUtility.set_isVisualScriptingUsed (System.Boolean value) [0x0002c] in .\Library\PackageCache\com.unity.visualscripting@191c0d7e3b69\Editor\VisualScripting.Core\Utilities\VSUsageUtility.cs:114 
  at Unity.VisualScripting.VSUsageUtility.CheckAndSetIsVisualScriptingUsed () [0x0000d] in .\Library\PackageCache\com.unity.visualscripting@191c0d7e3b69\Editor\VisualScripting.Core\Utilities\VSUsageUtility.cs:33 
  at Unity.VisualScripting.VSUsageUtility..cctor () [0x00000] in .\Library\PackageCache\com.unity.visualscripting@191c0d7e3b69\Editor\VisualScripting.Core\Utilities\VSUsageUtility.cs:22 
UnityEngine.Debug:ExtractStackTraceNoAlloc (byte*,int,string)
UnityEngine.StackTraceUtility:ExtractStackTrace ()
UnityEngine.DebugLogHandler:Internal_Log (UnityEngine.LogType,UnityEngine.LogOption,string,UnityEngine.Object)
UnityEngine.DebugLogHandler:LogFormat (UnityEngine.LogType,UnityEngine.Object,string,object[])
UnityEngine.Logger:Log (UnityEngine.LogType,object)
UnityEngine.Debug:LogError (object)
UnityEditor.EditorAssemblies:ProcessInitializeOnLoadAttributes (System.Type[])

ScheduleIndexationOnStartup MainProcess:False IndexOnStartup:True
Mono: successfully reloaded assembly
- Finished resetting the current domain, in  1.816 seconds
Domain Reload Profiling: 3054ms
	BeginReloadAssembly (266ms)
		ExecutionOrderSort (0ms)
		DisableScriptedObjects (6ms)
		BackupInstance (0ms)
		ReleaseScriptingObjects (0ms)
		CreateAndSetChildDomain (68ms)
	RebuildCommonClasses (41ms)
	RebuildNativeTypeToScriptingClass (16ms)
	initialDomainReloadingComplete (43ms)
	LoadAllAssembliesAndSetupDomain (871ms)
		LoadAssemblies (727ms)
		RebuildTransferFunctionScriptingTraits (0ms)
		AnalyzeDomain (259ms)
			TypeCache.Refresh (8ms)
				TypeCache.ScanAssembly (0ms)
			BuildScriptInfoCaches (230ms)
			ResolveRequiredComponents (15ms)
	FinalizeReload (1817ms)
		ReleaseScriptCaches (0ms)
		RebuildScriptCaches (0ms)
		SetupLoadedEditorAssemblies (1285ms)
			LogAssemblyErrors (0ms)
			InitializePlatformSupportModulesInManaged (4ms)
			SetLoadedEditorAssemblies (5ms)
			BeforeProcessingInitializeOnLoad (186ms)
			ProcessInitializeOnLoadAttributes (839ms)
			ProcessInitializeOnLoadMethodAttributes (243ms)
			AfterProcessingInitializeOnLoad (8ms)
			EditorAssembliesLoaded (0ms)
		ExecutionOrderSort2 (0ms)
		AwakeInstancesAfterBackupRestoration (14ms)
Refreshing native plugins compatible for Editor in 16.68 ms, found 9 plugins.
Preloading 0 native plugins for Editor in 0.00 ms.
Unloading 16 Unused Serialized files (Serialized files now loaded: 0)
Unloading 7030 unused Assets / (4.1 MB). Loaded Objects now: 7970.
Memory consumption went from 314.2 MB to 310.1 MB.
Total: 32.782800 ms (FindLiveObjects: 0.763200 ms CreateObjectMapping: 0.593200 ms MarkObjects: 28.739600 ms  DeleteObjects: 2.685200 ms)

Prepare: number of updated asset objects reloaded= 0
========================================================================
Received Prepare
Begin MonoManager ReloadAssembly
- Loaded All Assemblies, in  3.702 seconds
'Assets/Photon/Fusion/Runtime/Fusion.Unity.cs' contains partial class of Unity.Object, exactly 1 of the partial classes needs to be in a file with the same filename. This is to know the one that can be referenced from ie. GameObjects
'Assets/Photon/Fusion/Runtime/Fusion.Unity.cs' contains partial class of Unity.Object, exactly 1 of the partial classes needs to be in a file with the same filename. This is to know the one that can be referenced from ie. GameObjects
Refreshing native plugins compatible for Editor in 9.64 ms, found 9 plugins.
Native extension for WindowsStandalone target not found
Native extension for WebGL target not found
[Package Manager] Failed to launch server process. Reason: Unity was launched with the -noUpm command-line argument
[Package Manager] Unable to send message (not connected to server process).
[Package Manager] Cannot connect to Unity Package Manager local server
System.Exception: Error! Visual Scripting: couldn't find visual scripting package
  at Unity.VisualScripting.PackageVersionUtility.get_version () [0x00043] in .\Library\PackageCache\com.unity.visualscripting@191c0d7e3b69\Editor\VisualScripting.Core\Utilities\PackageVersionUtility.cs:31 
  at Unity.VisualScripting.BoltCoreManifest.get_version () [0x00000] in .\Library\PackageCache\com.unity.visualscripting@191c0d7e3b69\Editor\VisualScripting.Core\Plugin\BoltCoreManifest.cs:11 
  at Unity.VisualScripting.PluginManifest.get_currentVersion () [0x00000] in .\Library\PackageCache\com.unity.visualscripting@191c0d7e3b69\Editor\VisualScripting.Core\Plugins\PluginManifest.cs:33 
  at Unity.VisualScripting.PluginManifest.get_versionMismatch () [0x00000] in .\Library\PackageCache\com.unity.visualscripting@191c0d7e3b69\Editor\VisualScripting.Core\Plugins\PluginManifest.cs:48 
  at Unity.VisualScripting.PluginContainer.Initialize () [0x00525] in .\Library\PackageCache\com.unity.visualscripting@191c0d7e3b69\Editor\VisualScripting.Core\Plugins\PluginContainer.cs:208 
  at Unity.VisualScripting.PluginContainer.InitializeOnLoad () [0x00009] in .\Library\PackageCache\com.unity.visualscripting@191c0d7e3b69\Editor\VisualScripting.Core\Plugins\PluginContainer.cs:32 
  at Unity.VisualScripting.VSUsageUtility.DoInitializeOnLoadCalls () [0x00034] in .\Library\PackageCache\com.unity.visualscripting@191c0d7e3b69\Editor\VisualScripting.Core\Utilities\VSUsageUtility.cs:76 
  at Unity.VisualScripting.VSUsageUtility.set_isVisualScriptingUsed (System.Boolean value) [0x0002c] in .\Library\PackageCache\com.unity.visualscripting@191c0d7e3b69\Editor\VisualScripting.Core\Utilities\VSUsageUtility.cs:114 
  at Unity.VisualScripting.VSUsageUtility.CheckAndSetIsVisualScriptingUsed () [0x0000d] in .\Library\PackageCache\com.unity.visualscripting@191c0d7e3b69\Editor\VisualScripting.Core\Utilities\VSUsageUtility.cs:33 
  at Unity.VisualScripting.VSUsageUtility..cctor () [0x00000] in .\Library\PackageCache\com.unity.visualscripting@191c0d7e3b69\Editor\VisualScripting.Core\Utilities\VSUsageUtility.cs:22 
UnityEngine.Debug:ExtractStackTraceNoAlloc (byte*,int,string)
UnityEngine.StackTraceUtility:ExtractStackTrace ()
UnityEngine.DebugLogHandler:Internal_Log (UnityEngine.LogType,UnityEngine.LogOption,string,UnityEngine.Object)
UnityEngine.DebugLogHandler:LogFormat (UnityEngine.LogType,UnityEngine.Object,string,object[])
UnityEngine.Logger:Log (UnityEngine.LogType,object)
UnityEngine.Debug:LogError (object)
UnityEditor.EditorAssemblies:ProcessInitializeOnLoadAttributes (System.Type[])

ScheduleIndexationOnStartup MainProcess:False IndexOnStartup:True
Mono: successfully reloaded assembly
- Finished resetting the current domain, in  1.526 seconds
Domain Reload Profiling: 5178ms
	BeginReloadAssembly (974ms)
		ExecutionOrderSort (0ms)
		DisableScriptedObjects (22ms)
		BackupInstance (0ms)
		ReleaseScriptingObjects (1ms)
		CreateAndSetChildDomain (185ms)
	RebuildCommonClasses (148ms)
	RebuildNativeTypeToScriptingClass (60ms)
	initialDomainReloadingComplete (177ms)
	LoadAllAssembliesAndSetupDomain (2293ms)
		LoadAssemblies (2554ms)
		RebuildTransferFunctionScriptingTraits (0ms)
		AnalyzeDomain (284ms)
			TypeCache.Refresh (13ms)
				TypeCache.ScanAssembly (0ms)
			BuildScriptInfoCaches (246ms)
			ResolveRequiredComponents (18ms)
	FinalizeReload (1526ms)
		ReleaseScriptCaches (0ms)
		RebuildScriptCaches (0ms)
		SetupLoadedEditorAssemblies (1028ms)
			LogAssemblyErrors (0ms)
			InitializePlatformSupportModulesInManaged (3ms)
			SetLoadedEditorAssemblies (3ms)
			BeforeProcessingInitializeOnLoad (136ms)
			ProcessInitializeOnLoadAttributes (663ms)
			ProcessInitializeOnLoadMethodAttributes (212ms)
			AfterProcessingInitializeOnLoad (11ms)
			EditorAssembliesLoaded (0ms)
		ExecutionOrderSort2 (0ms)
		AwakeInstancesAfterBackupRestoration (15ms)
Refreshing native plugins compatible for Editor in 17.02 ms, found 9 plugins.
Preloading 0 native plugins for Editor in 0.00 ms.
Unloading 16 Unused Serialized files (Serialized files now loaded: 0)
Unloading 7030 unused Assets / (4.7 MB). Loaded Objects now: 7974.
Memory consumption went from 317.9 MB to 313.2 MB.
Total: 26.641300 ms (FindLiveObjects: 1.093700 ms CreateObjectMapping: 0.628700 ms MarkObjects: 21.370400 ms  DeleteObjects: 3.546300 ms)

Prepare: number of updated asset objects reloaded= 0
