[Licensing::Module] Trying to connect to existing licensing client channel...
[Licensing::IpcConnector] Successfully connected to: "LicenseClient-USER" at "2026-02-28T10:36:14.0406033Z"
Built from '6000.3/staging' branch; Version is '6000.3.9f1 (7a9955a4f2fa) revision 8034645'; Using compiler version '194234433'; Build Type 'Release'
OS: 'Windows 11  (10.0.26200) Core' Language: 'ko' Physical Memory: 32386 MB
BatchMode: 1, IsHumanControllingUs: 0, StartBugReporterOnCrash: 0, Is64bit: 1
System  architecture: x64
Process architecture: x64
Date: 2026-02-28T10:36:14Z

COMMAND LINE ARGUMENTS:
C:\Program Files\Unity\Hub\Editor\6000.3.9f1\Editor\Unity.exe
-adb2
-batchMode
-noUpm
-name
AssetImportWorker42
-projectPath
C:/Users/USER/Documents/GitHub/AR-ReversiProject
-logFile
Logs/AssetImportWorker42.log
-srvPort
58049
-job-worker-count
15
-background-job-worker-count
8
-gc-helper-count
1
-name
AssetImport
Successfully changed project path to: C:/Users/USER/Documents/GitHub/AR-ReversiProject
C:/Users/USER/Documents/GitHub/AR-ReversiProject
[UnityMemory] Configuration Parameters - Can be set up in boot.config
    "memorysetup-temp-allocator-size-nav-mesh-worker=65536"
    "memorysetup-temp-allocator-size-audio-worker=65536"
    "memorysetup-temp-allocator-size-gfx=262144"
    "memorysetup-allocator-temp-initial-block-size-main=262144"
    "memorysetup-allocator-temp-initial-block-size-worker=262144"
    "memorysetup-temp-allocator-size-background-worker=32768"
    "memorysetup-temp-allocator-size-job-worker=262144"
    "memorysetup-temp-allocator-size-preload-manager=33554432"
    "memorysetup-temp-allocator-size-gi-baking-worker=262144"
    "memorysetup-temp-allocator-size-gi-baking-worker=262144"
    "memorysetup-temp-allocator-size-gi-baking-worker=262144"
    "memorysetup-temp-allocator-size-gi-baking-worker=262144"
    "memorysetup-temp-allocator-size-gi-baking-worker=262144"
    "memorysetup-bucket-allocator-granularity=16"
    "memorysetup-bucket-allocator-bucket-count=8"
    "memorysetup-bucket-allocator-block-size=33554432"
    "memorysetup-bucket-allocator-block-count=8"
    "memorysetup-main-allocator-block-size=16777216"
    "memorysetup-thread-allocator-block-size=16777216"
    "memorysetup-gfx-main-allocator-block-size=16777216"
    "memorysetup-gfx-thread-allocator-block-size=16777216"
    "memorysetup-cache-allocator-block-size=4194304"
    "memorysetup-typetree-allocator-block-size=2097152"
    "memorysetup-profiler-bucket-allocator-granularity=16"
    "memorysetup-profiler-bucket-allocator-bucket-count=8"
    "memorysetup-profiler-bucket-allocator-block-size=33554432"
    "memorysetup-profiler-bucket-allocator-block-count=8"
    "memorysetup-profiler-allocator-block-size=16777216"
    "memorysetup-profiler-editor-allocator-block-size=1048576"
    "memorysetup-temp-allocator-size-main=16777216"
    "memorysetup-job-temp-allocator-block-size=2097152"
    "memorysetup-job-temp-allocator-block-size-background=1048576"
    "memorysetup-job-temp-allocator-reduction-small-platforms=262144"
    "memorysetup-temp-allocator-size-cloud-worker=32768"
Player connection [30628]  Target information:

Player connection [30628]  * "[IP] 172.30.1.55 [Port] 0 [Flags] 2 [Guid] 3888988557 [EditorId] 3888988557 [Version] 1048832 [Id] WindowsEditor(7,DESKTOP-BTF4SNP) [Debug] 1 [PackageName] WindowsEditor [ProjectName] Editor" 

Player connection [30628] Host joined multi-casting on [225.0.0.222:54997]...
Player connection [30628] Host joined alternative multi-casting on [225.0.0.222:34997]...
JobSystem: Creating JobQueue using job-worker-count value 15
Input System module state changed to: Initialized.
[Physics::Module] Initialized fallback backend.
[Physics::Module] Id: 0xdecafbad
Library Redirect Path: Library/
[Physics::Module] Selected backend.
[Physics::Module] Name: PhysX
[Physics::Module] Id: 0xf2b8ea05
[Physics::Module] SDK Version: 4.1.2
[Physics::Module] Integration Version: 1.0.0
[Physics::Module] Threading Mode: Multi-Threaded
Refreshing native plugins compatible for Editor in 38.88 ms, found 9 plugins.
Preloading 0 native plugins for Editor in 0.00 ms.
Initialize engine version: 6000.3.9f1 (7a9955a4f2fa)
[Subsystems] Discovering subsystems at path C:/Program Files/Unity/Hub/Editor/6000.3.9f1/Editor/Data/Resources/UnitySubsystems
[Subsystems] Discovering subsystems at path C:/Users/USER/Documents/GitHub/AR-ReversiProject/Assets
GfxDevice: creating device client; kGfxThreadingModeNonThreaded
Direct3D:
    Version:  Direct3D 11.0 [level 11.1]
    Renderer: NVIDIA GeForce RTX 4060 Laptop GPU (ID=0x28e0)
    Vendor:   NVIDIA
    VRAM:     7957 MB
    Driver:   32.0.15.6081
Initialize mono
Mono path[0] = 'C:/Program Files/Unity/Hub/Editor/6000.3.9f1/Editor/Data/Managed'
Mono path[1] = 'C:/Program Files/Unity/Hub/Editor/6000.3.9f1/Editor/Data/MonoBleedingEdge/lib/mono/unityjit-win32'
Mono config path = 'C:/Program Files/Unity/Hub/Editor/6000.3.9f1/Editor/Data/MonoBleedingEdge/etc'
Using monoOptions --debugger-agent=transport=dt_socket,embedding=1,server=y,suspend=n,address=127.0.0.1:56152
Begin MonoManager ReloadAssembly
[Licensing::Client] Handshaking with LicensingClient:
  Version:                 1.17.4+4293ba1
  Session Id:              f0c069a2059f43e8a917214a989d4a1f
  Correlation Id:          2e1677b044b26191d80a4bb1d64b199d
  External correlation Id: 2742985607070637013
  Machine Id:              dJ8Tfn01EciPmnYvmSiKPSjQkro=
[Licensing::Module] Successfully connected to LicensingClient on channel: "LicenseClient-USER" (connect: 0.00s, validation: 0.00s, handshake: 1.11s)
[Licensing::IpcConnector] Successfully connected to: "LicenseClient-USER-notifications" at "2026-02-28T10:36:15.158688Z"
[Licensing::Module] Licensing Background thread has ended after 1.12s
Registering precompiled unity dll's ...
Register platform support module: C:/Program Files/Unity/Hub/Editor/6000.3.9f1/Editor/Data/PlaybackEngines/WebGLSupport/UnityEditor.WebGL.Extensions.dll
Register platform support module: C:/Program Files/Unity/Hub/Editor/6000.3.9f1/Editor/Data/PlaybackEngines/WindowsStandaloneSupport/UnityEditor.WindowsStandalone.Extensions.dll
Registered in 0.003170 seconds.
- Loaded All Assemblies, in  0.488 seconds
Native extension for WindowsStandalone target not found
Native extension for WebGL target not found
ScheduleIndexationOnStartup MainProcess:False IndexOnStartup:True
Mono: successfully reloaded assembly
- Finished resetting the current domain, in  0.315 seconds
Domain Reload Profiling: 798ms
	BeginReloadAssembly (133ms)
		ExecutionOrderSort (0ms)
		DisableScriptedObjects (0ms)
		BackupInstance (0ms)
		ReleaseScriptingObjects (0ms)
		CreateAndSetChildDomain (1ms)
	RebuildCommonClasses (31ms)
	RebuildNativeTypeToScriptingClass (11ms)
	initialDomainReloadingComplete (114ms)
	LoadAllAssembliesAndSetupDomain (193ms)
		LoadAssemblies (130ms)
		RebuildTransferFunctionScriptingTraits (0ms)
		AnalyzeDomain (190ms)
			TypeCache.Refresh (188ms)
				TypeCache.ScanAssembly (175ms)
			BuildScriptInfoCaches (0ms)
			ResolveRequiredComponents (0ms)
	FinalizeReload (315ms)
		ReleaseScriptCaches (0ms)
		RebuildScriptCaches (0ms)
		SetupLoadedEditorAssemblies (277ms)
			LogAssemblyErrors (0ms)
			InitializePlatformSupportModulesInManaged (45ms)
			SetLoadedEditorAssemblies (3ms)
			BeforeProcessingInitializeOnLoad (58ms)
			ProcessInitializeOnLoadAttributes (116ms)
			ProcessInitializeOnLoadMethodAttributes (55ms)
			AfterProcessingInitializeOnLoad (0ms)
			EditorAssembliesLoaded (0ms)
		ExecutionOrderSort2 (0ms)
		AwakeInstancesAfterBackupRestoration (0ms)
========================================================================
Worker process is ready to serve import requests
Import Worker Mode flag is 0x00
Begin MonoManager ReloadAssembly
[Licensing::Client] Successfully resolved entitlement details
[Licensing::Module] License group:
  Id: 14568654860447-UnityPersXXXX
  Product: Unity Personal
  Type: Assigned
  Expiration: Unlimited
- Loaded All Assemblies, in  1.301 seconds
'Assets/Photon/Fusion/Runtime/Fusion.Unity.cs' contains partial class of Unity.Object, exactly 1 of the partial classes needs to be in a file with the same filename. This is to know the one that can be referenced from ie. GameObjects
'Assets/Photon/Fusion/Runtime/Fusion.Unity.cs' contains partial class of Unity.Object, exactly 1 of the partial classes needs to be in a file with the same filename. This is to know the one that can be referenced from ie. GameObjects
Refreshing native plugins compatible for Editor in 9.22 ms, found 9 plugins.
Native extension for WindowsStandalone target not found
Native extension for WebGL target not found
Package Manager log level set to [2]
[Package Manager] Failed to launch server process. Reason: Unity was launched with the -noUpm command-line argument
[Package Manager] Unable to send message (not connected to server process).
[Package Manager] Cannot connect to Unity Package Manager local server
System.Exception: Error! Visual Scripting: couldn't find visual scripting package
  at Unity.VisualScripting.PackageVersionUtility.get_version () [0x00043] in .\Library\PackageCache\com.unity.visualscripting@191c0d7e3b69\Editor\VisualScripting.Core\Utilities\PackageVersionUtility.cs:31 
  at Unity.VisualScripting.BoltCoreManifest.get_version () [0x00000] in .\Library\PackageCache\com.unity.visualscripting@191c0d7e3b69\Editor\VisualScripting.Core\Plugin\BoltCoreManifest.cs:11 
  at Unity.VisualScripting.PluginManifest.get_currentVersion () [0x00000] in .\Library\PackageCache\com.unity.visualscripting@191c0d7e3b69\Editor\VisualScripting.Core\Plugins\PluginManifest.cs:33 
  at Unity.VisualScripting.PluginManifest.get_versionMismatch () [0x00000] in .\Library\PackageCache\com.unity.visualscripting@191c0d7e3b69\Editor\VisualScripting.Core\Plugins\PluginManifest.cs:48 
  at Unity.VisualScripting.PluginContainer.Initialize () [0x00525] in .\Library\PackageCache\com.unity.visualscripting@191c0d7e3b69\Editor\VisualScripting.Core\Plugins\PluginContainer.cs:208 
  at Unity.VisualScripting.PluginContainer.InitializeOnLoad () [0x00009] in .\Library\PackageCache\com.unity.visualscripting@191c0d7e3b69\Editor\VisualScripting.Core\Plugins\PluginContainer.cs:32 
  at Unity.VisualScripting.VSUsageUtility.DoInitializeOnLoadCalls () [0x00034] in .\Library\PackageCache\com.unity.visualscripting@191c0d7e3b69\Editor\VisualScripting.Core\Utilities\VSUsageUtility.cs:76 
  at Unity.VisualScripting.VSUsageUtility.set_isVisualScriptingUsed (System.Boolean value) [0x0002c] in .\Library\PackageCache\com.unity.visualscripting@191c0d7e3b69\Editor\VisualScripting.Core\Utilities\VSUsageUtility.cs:114 
  at Unity.VisualScripting.VSUsageUtility.CheckAndSetIsVisualScriptingUsed () [0x00032] in .\Library\PackageCache\com.unity.visualscripting@191c0d7e3b69\Editor\VisualScripting.Core\Utilities\VSUsageUtility.cs:48 
  at Unity.VisualScripting.VSUsageUtility..cctor () [0x00000] in .\Library\PackageCache\com.unity.visualscripting@191c0d7e3b69\Editor\VisualScripting.Core\Utilities\VSUsageUtility.cs:22 
UnityEngine.Debug:ExtractStackTraceNoAlloc (byte*,int,string)
UnityEngine.StackTraceUtility:ExtractStackTrace ()
UnityEngine.DebugLogHandler:Internal_Log (UnityEngine.LogType,UnityEngine.LogOption,string,UnityEngine.Object)
UnityEngine.DebugLogHandler:LogFormat (UnityEngine.LogType,UnityEngine.Object,string,object[])
UnityEngine.Logger:Log (UnityEngine.LogType,object)
UnityEngine.Debug:LogError (object)
UnityEditor.EditorAssemblies:ProcessInitializeOnLoadAttributes (System.Type[])

ScheduleIndexationOnStartup MainProcess:False IndexOnStartup:True
Mono: successfully reloaded assembly
- Finished resetting the current domain, in  1.201 seconds
Domain Reload Profiling: 2494ms
	BeginReloadAssembly (179ms)
		ExecutionOrderSort (0ms)
		DisableScriptedObjects (4ms)
		BackupInstance (0ms)
		ReleaseScriptingObjects (0ms)
		CreateAndSetChildDomain (24ms)
	RebuildCommonClasses (33ms)
	RebuildNativeTypeToScriptingClass (10ms)
	initialDomainReloadingComplete (47ms)
	LoadAllAssembliesAndSetupDomain (1023ms)
		LoadAssemblies (795ms)
		RebuildTransferFunctionScriptingTraits (0ms)
		AnalyzeDomain (337ms)
			TypeCache.Refresh (257ms)
				TypeCache.ScanAssembly (233ms)
			BuildScriptInfoCaches (65ms)
			ResolveRequiredComponents (10ms)
	FinalizeReload (1201ms)
		ReleaseScriptCaches (0ms)
		RebuildScriptCaches (0ms)
		SetupLoadedEditorAssemblies (1038ms)
			LogAssemblyErrors (0ms)
			InitializePlatformSupportModulesInManaged (2ms)
			SetLoadedEditorAssemblies (3ms)
			BeforeProcessingInitializeOnLoad (117ms)
			ProcessInitializeOnLoadAttributes (742ms)
			ProcessInitializeOnLoadMethodAttributes (163ms)
			AfterProcessingInitializeOnLoad (9ms)
			EditorAssembliesLoaded (0ms)
		ExecutionOrderSort2 (0ms)
		AwakeInstancesAfterBackupRestoration (5ms)
Launched and connected shader compiler UnityShaderCompiler.exe after 0.01 seconds
Refreshing native plugins compatible for Editor in 8.53 ms, found 9 plugins.
Preloading 0 native plugins for Editor in 0.00 ms.
Unloading 16 Unused Serialized files (Serialized files now loaded: 0)
Unloading 7028 unused Assets / (4.3 MB). Loaded Objects now: 7931.
Memory consumption went from 242.6 MB to 238.3 MB.
Total: 15.443800 ms (FindLiveObjects: 0.452500 ms CreateObjectMapping: 0.291200 ms MarkObjects: 12.990300 ms  DeleteObjects: 1.708800 ms)

========================================================================
Received Prepare
Begin MonoManager ReloadAssembly
- Loaded All Assemblies, in  0.914 seconds
'Assets/Photon/Fusion/Runtime/Fusion.Unity.cs' contains partial class of Unity.Object, exactly 1 of the partial classes needs to be in a file with the same filename. This is to know the one that can be referenced from ie. GameObjects
'Assets/Photon/Fusion/Runtime/Fusion.Unity.cs' contains partial class of Unity.Object, exactly 1 of the partial classes needs to be in a file with the same filename. This is to know the one that can be referenced from ie. GameObjects
Refreshing native plugins compatible for Editor in 8.96 ms, found 9 plugins.
Native extension for WindowsStandalone target not found
Native extension for WebGL target not found
[Package Manager] Failed to launch server process. Reason: Unity was launched with the -noUpm command-line argument
[Package Manager] Unable to send message (not connected to server process).
[Package Manager] Cannot connect to Unity Package Manager local server
System.Exception: Error! Visual Scripting: couldn't find visual scripting package
  at Unity.VisualScripting.PackageVersionUtility.get_version () [0x00043] in .\Library\PackageCache\com.unity.visualscripting@191c0d7e3b69\Editor\VisualScripting.Core\Utilities\PackageVersionUtility.cs:31 
  at Unity.VisualScripting.BoltCoreManifest.get_version () [0x00000] in .\Library\PackageCache\com.unity.visualscripting@191c0d7e3b69\Editor\VisualScripting.Core\Plugin\BoltCoreManifest.cs:11 
  at Unity.VisualScripting.PluginManifest.get_currentVersion () [0x00000] in .\Library\PackageCache\com.unity.visualscripting@191c0d7e3b69\Editor\VisualScripting.Core\Plugins\PluginManifest.cs:33 
  at Unity.VisualScripting.PluginManifest.get_versionMismatch () [0x00000] in .\Library\PackageCache\com.unity.visualscripting@191c0d7e3b69\Editor\VisualScripting.Core\Plugins\PluginManifest.cs:48 
  at Unity.VisualScripting.PluginContainer.Initialize () [0x00525] in .\Library\PackageCache\com.unity.visualscripting@191c0d7e3b69\Editor\VisualScripting.Core\Plugins\PluginContainer.cs:208 
  at Unity.VisualScripting.PluginContainer.InitializeOnLoad () [0x00009] in .\Library\PackageCache\com.unity.visualscripting@191c0d7e3b69\Editor\VisualScripting.Core\Plugins\PluginContainer.cs:32 
  at Unity.VisualScripting.VSUsageUtility.DoInitializeOnLoadCalls () [0x00034] in .\Library\PackageCache\com.unity.visualscripting@191c0d7e3b69\Editor\VisualScripting.Core\Utilities\VSUsageUtility.cs:76 
  at Unity.VisualScripting.VSUsageUtility.set_isVisualScriptingUsed (System.Boolean value) [0x0002c] in .\Library\PackageCache\com.unity.visualscripting@191c0d7e3b69\Editor\VisualScripting.Core\Utilities\VSUsageUtility.cs:114 
  at Unity.VisualScripting.VSUsageUtility.CheckAndSetIsVisualScriptingUsed () [0x0000d] in .\Library\PackageCache\com.unity.visualscripting@191c0d7e3b69\Editor\VisualScripting.Core\Utilities\VSUsageUtility.cs:33 
  at Unity.VisualScripting.VSUsageUtility..cctor () [0x00000] in .\Library\PackageCache\com.unity.visualscripting@191c0d7e3b69\Editor\VisualScripting.Core\Utilities\VSUsageUtility.cs:22 
UnityEngine.Debug:ExtractStackTraceNoAlloc (byte*,int,string)
UnityEngine.StackTraceUtility:ExtractStackTrace ()
UnityEngine.DebugLogHandler:Internal_Log (UnityEngine.LogType,UnityEngine.LogOption,string,UnityEngine.Object)
UnityEngine.DebugLogHandler:LogFormat (UnityEngine.LogType,UnityEngine.Object,string,object[])
UnityEngine.Logger:Log (UnityEngine.LogType,object)
UnityEngine.Debug:LogError (object)
UnityEditor.EditorAssemblies:ProcessInitializeOnLoadAttributes (System.Type[])

ScheduleIndexationOnStartup MainProcess:False IndexOnStartup:True
Mono: successfully reloaded assembly
- Finished resetting the current domain, in  1.230 seconds
Domain Reload Profiling: 2139ms
	BeginReloadAssembly (224ms)
		ExecutionOrderSort (0ms)
		DisableScriptedObjects (5ms)
		BackupInstance (0ms)
		ReleaseScriptingObjects (0ms)
		CreateAndSetChildDomain (52ms)
	RebuildCommonClasses (30ms)
	RebuildNativeTypeToScriptingClass (12ms)
	initialDomainReloadingComplete (38ms)
	LoadAllAssembliesAndSetupDomain (605ms)
		LoadAssemblies (529ms)
		RebuildTransferFunctionScriptingTraits (0ms)
		AnalyzeDomain (184ms)
			TypeCache.Refresh (7ms)
				TypeCache.ScanAssembly (0ms)
			BuildScriptInfoCaches (161ms)
			ResolveRequiredComponents (10ms)
	FinalizeReload (1230ms)
		ReleaseScriptCaches (0ms)
		RebuildScriptCaches (0ms)
		SetupLoadedEditorAssemblies (853ms)
			LogAssemblyErrors (0ms)
			InitializePlatformSupportModulesInManaged (2ms)
			SetLoadedEditorAssemblies (4ms)
			BeforeProcessingInitializeOnLoad (130ms)
			ProcessInitializeOnLoadAttributes (544ms)
			ProcessInitializeOnLoadMethodAttributes (164ms)
			AfterProcessingInitializeOnLoad (9ms)
			EditorAssembliesLoaded (0ms)
		ExecutionOrderSort2 (0ms)
		AwakeInstancesAfterBackupRestoration (11ms)
Refreshing native plugins compatible for Editor in 19.26 ms, found 9 plugins.
Preloading 0 native plugins for Editor in 0.00 ms.
Unloading 16 Unused Serialized files (Serialized files now loaded: 0)
Unloading 7026 unused Assets / (4.6 MB). Loaded Objects now: 7948.
Memory consumption went from 247.0 MB to 242.5 MB.
Total: 25.167000 ms (FindLiveObjects: 0.727900 ms CreateObjectMapping: 0.618600 ms MarkObjects: 20.887300 ms  DeleteObjects: 2.931400 ms)

Prepare: number of updated asset objects reloaded= 0
========================================================================
Received Import Request.
  Time since last request: 1385789.764762 seconds.
  path: Assets/01.Scripts/FireBase/User.cs
  artifactKey: Guid(419ebf9535294a9f95edc13e143c958f) Importer(815301076,1909f56bfc062723c751e8b465ee728b)
Start importing Assets/01.Scripts/FireBase/User.cs using Guid(419ebf9535294a9f95edc13e143c958f) Importer(815301076,1909f56bfc062723c751e8b465ee728b) (PreviewImporter) -> (artifact id: '6bf88a4ab8af962568d8dfb7e706d8bd') in 0.0365397 seconds
Number of updated asset objects reloaded before import = 0Number of asset objects unloaded after import = 0

========================================================================
Received Prepare
'Assets/Photon/Fusion/Runtime/Fusion.Unity.cs' contains partial class of Unity.Object, exactly 1 of the partial classes needs to be in a file with the same filename. This is to know the one that can be referenced from ie. GameObjects
'Assets/Photon/Fusion/Runtime/Fusion.Unity.cs' contains partial class of Unity.Object, exactly 1 of the partial classes needs to be in a file with the same filename. This is to know the one that can be referenced from ie. GameObjects
Refreshing native plugins compatible for Editor in 16.40 ms, found 9 plugins.
Preloading 0 native plugins for Editor in 0.00 ms.
Unloading 16 Unused Serialized files (Serialized files now loaded: 0)
Unloading 6980 unused Assets / (4.1 MB). Loaded Objects now: 7950.
Memory consumption went from 247.6 MB to 243.6 MB.
Total: 23.821800 ms (FindLiveObjects: 0.683500 ms CreateObjectMapping: 0.432000 ms MarkObjects: 20.331500 ms  DeleteObjects: 2.372800 ms)

Prepare: number of updated asset objects reloaded= 0
========================================================================
Received Prepare
Begin MonoManager ReloadAssembly
- Loaded All Assemblies, in  0.949 seconds
'Assets/Photon/Fusion/Runtime/Fusion.Unity.cs' contains partial class of Unity.Object, exactly 1 of the partial classes needs to be in a file with the same filename. This is to know the one that can be referenced from ie. GameObjects
'Assets/Photon/Fusion/Runtime/Fusion.Unity.cs' contains partial class of Unity.Object, exactly 1 of the partial classes needs to be in a file with the same filename. This is to know the one that can be referenced from ie. GameObjects
Refreshing native plugins compatible for Editor in 10.29 ms, found 9 plugins.
Native extension for WindowsStandalone target not found
Native extension for WebGL target not found
[Package Manager] Failed to launch server process. Reason: Unity was launched with the -noUpm command-line argument
[Package Manager] Unable to send message (not connected to server process).
[Package Manager] Cannot connect to Unity Package Manager local server
System.Exception: Error! Visual Scripting: couldn't find visual scripting package
  at Unity.VisualScripting.PackageVersionUtility.get_version () [0x00043] in .\Library\PackageCache\com.unity.visualscripting@191c0d7e3b69\Editor\VisualScripting.Core\Utilities\PackageVersionUtility.cs:31 
  at Unity.VisualScripting.BoltCoreManifest.get_version () [0x00000] in .\Library\PackageCache\com.unity.visualscripting@191c0d7e3b69\Editor\VisualScripting.Core\Plugin\BoltCoreManifest.cs:11 
  at Unity.VisualScripting.PluginManifest.get_currentVersion () [0x00000] in .\Library\PackageCache\com.unity.visualscripting@191c0d7e3b69\Editor\VisualScripting.Core\Plugins\PluginManifest.cs:33 
  at Unity.VisualScripting.PluginManifest.get_versionMismatch () [0x00000] in .\Library\PackageCache\com.unity.visualscripting@191c0d7e3b69\Editor\VisualScripting.Core\Plugins\PluginManifest.cs:48 
  at Unity.VisualScripting.PluginContainer.Initialize () [0x00525] in .\Library\PackageCache\com.unity.visualscripting@191c0d7e3b69\Editor\VisualScripting.Core\Plugins\PluginContainer.cs:208 
  at Unity.VisualScripting.PluginContainer.InitializeOnLoad () [0x00009] in .\Library\PackageCache\com.unity.visualscripting@191c0d7e3b69\Editor\VisualScripting.Core\Plugins\PluginContainer.cs:32 
  at Unity.VisualScripting.VSUsageUtility.DoInitializeOnLoadCalls () [0x00034] in .\Library\PackageCache\com.unity.visualscripting@191c0d7e3b69\Editor\VisualScripting.Core\Utilities\VSUsageUtility.cs:76 
  at Unity.VisualScripting.VSUsageUtility.set_isVisualScriptingUsed (System.Boolean value) [0x0002c] in .\Library\PackageCache\com.unity.visualscripting@191c0d7e3b69\Editor\VisualScripting.Core\Utilities\VSUsageUtility.cs:114 
  at Unity.VisualScripting.VSUsageUtility.CheckAndSetIsVisualScriptingUsed () [0x0000d] in .\Library\PackageCache\com.unity.visualscripting@191c0d7e3b69\Editor\VisualScripting.Core\Utilities\VSUsageUtility.cs:33 
  at Unity.VisualScripting.VSUsageUtility..cctor () [0x00000] in .\Library\PackageCache\com.unity.visualscripting@191c0d7e3b69\Editor\VisualScripting.Core\Utilities\VSUsageUtility.cs:22 
UnityEngine.Debug:ExtractStackTraceNoAlloc (byte*,int,string)
UnityEngine.StackTraceUtility:ExtractStackTrace ()
UnityEngine.DebugLogHandler:Internal_Log (UnityEngine.LogType,UnityEngine.LogOption,string,UnityEngine.Object)
UnityEngine.DebugLogHandler:LogFormat (UnityEngine.LogType,UnityEngine.Object,string,object[])
UnityEngine.Logger:Log (UnityEngine.LogType,object)
UnityEngine.Debug:LogError (object)
UnityEditor.EditorAssemblies:ProcessInitializeOnLoadAttributes (System.Type[])

ScheduleIndexationOnStartup MainProcess:False IndexOnStartup:True
Mono: successfully reloaded assembly
- Finished resetting the current domain, in  1.223 seconds
Domain Reload Profiling: 2166ms
	BeginReloadAssembly (224ms)
		ExecutionOrderSort (0ms)
		DisableScriptedObjects (4ms)
		BackupInstance (0ms)
		ReleaseScriptingObjects (0ms)
		CreateAndSetChildDomain (47ms)
	RebuildCommonClasses (30ms)
	RebuildNativeTypeToScriptingClass (12ms)
	initialDomainReloadingComplete (41ms)
	LoadAllAssembliesAndSetupDomain (636ms)
		LoadAssemblies (551ms)
		RebuildTransferFunctionScriptingTraits (0ms)
		AnalyzeDomain (198ms)
			TypeCache.Refresh (13ms)
				TypeCache.ScanAssembly (3ms)
			BuildScriptInfoCaches (169ms)
			ResolveRequiredComponents (10ms)
	FinalizeReload (1223ms)
		ReleaseScriptCaches (0ms)
		RebuildScriptCaches (0ms)
		SetupLoadedEditorAssemblies (854ms)
			LogAssemblyErrors (0ms)
			InitializePlatformSupportModulesInManaged (2ms)
			SetLoadedEditorAssemblies (3ms)
			BeforeProcessingInitializeOnLoad (129ms)
			ProcessInitializeOnLoadAttributes (542ms)
			ProcessInitializeOnLoadMethodAttributes (168ms)
			AfterProcessingInitializeOnLoad (9ms)
			EditorAssembliesLoaded (0ms)
		ExecutionOrderSort2 (0ms)
		AwakeInstancesAfterBackupRestoration (12ms)
Refreshing native plugins compatible for Editor in 16.60 ms, found 9 plugins.
Preloading 0 native plugins for Editor in 0.00 ms.
Unloading 16 Unused Serialized files (Serialized files now loaded: 0)
Unloading 7026 unused Assets / (4.0 MB). Loaded Objects now: 7954.
Memory consumption went from 247.6 MB to 243.6 MB.
Total: 24.534500 ms (FindLiveObjects: 0.695800 ms CreateObjectMapping: 0.746000 ms MarkObjects: 20.576400 ms  DeleteObjects: 2.514800 ms)

Prepare: number of updated asset objects reloaded= 0
========================================================================
Received Import Request.
  Time since last request: 24.155784 seconds.
  path: Assets/01.Scripts/Fusion/Ball.prefab
  artifactKey: Guid(98a3b1dab2780c44f9bf1cf0cce89eb0) Importer(815301076,1909f56bfc062723c751e8b465ee728b)
Start importing Assets/01.Scripts/Fusion/Ball.prefab using Guid(98a3b1dab2780c44f9bf1cf0cce89eb0) Importer(815301076,1909f56bfc062723c751e8b465ee728b) (PreviewImporter) -> (artifact id: '5144515792c64641a953850f1e43f6e5') in 0.5676028 seconds
Number of updated asset objects reloaded before import = 0Number of asset objects unloaded after import = 13

========================================================================
Received Prepare
'Assets/Photon/Fusion/Runtime/Fusion.Unity.cs' contains partial class of Unity.Object, exactly 1 of the partial classes needs to be in a file with the same filename. This is to know the one that can be referenced from ie. GameObjects
'Assets/Photon/Fusion/Runtime/Fusion.Unity.cs' contains partial class of Unity.Object, exactly 1 of the partial classes needs to be in a file with the same filename. This is to know the one that can be referenced from ie. GameObjects
Refreshing native plugins compatible for Editor in 15.41 ms, found 9 plugins.
Preloading 0 native plugins for Editor in 0.00 ms.
Unloading 16 Unused Serialized files (Serialized files now loaded: 0)
Unloading 6981 unused Assets / (4.0 MB). Loaded Objects now: 8077.
Memory consumption went from 254.5 MB to 250.5 MB.
Total: 27.049900 ms (FindLiveObjects: 0.713100 ms CreateObjectMapping: 0.518700 ms MarkObjects: 23.338900 ms  DeleteObjects: 2.477400 ms)

Prepare: number of updated asset objects reloaded= 0
========================================================================
Received Prepare
Begin MonoManager ReloadAssembly
- Loaded All Assemblies, in  0.915 seconds
'Assets/Photon/Fusion/Runtime/Fusion.Unity.cs' contains partial class of Unity.Object, exactly 1 of the partial classes needs to be in a file with the same filename. This is to know the one that can be referenced from ie. GameObjects
'Assets/Photon/Fusion/Runtime/Fusion.Unity.cs' contains partial class of Unity.Object, exactly 1 of the partial classes needs to be in a file with the same filename. This is to know the one that can be referenced from ie. GameObjects
Refreshing native plugins compatible for Editor in 10.92 ms, found 9 plugins.
Native extension for WindowsStandalone target not found
Native extension for WebGL target not found
[Package Manager] Failed to launch server process. Reason: Unity was launched with the -noUpm command-line argument
[Package Manager] Unable to send message (not connected to server process).
[Package Manager] Cannot connect to Unity Package Manager local server
System.Exception: Error! Visual Scripting: couldn't find visual scripting package
  at Unity.VisualScripting.PackageVersionUtility.get_version () [0x00043] in .\Library\PackageCache\com.unity.visualscripting@191c0d7e3b69\Editor\VisualScripting.Core\Utilities\PackageVersionUtility.cs:31 
  at Unity.VisualScripting.BoltCoreManifest.get_version () [0x00000] in .\Library\PackageCache\com.unity.visualscripting@191c0d7e3b69\Editor\VisualScripting.Core\Plugin\BoltCoreManifest.cs:11 
  at Unity.VisualScripting.PluginManifest.get_currentVersion () [0x00000] in .\Library\PackageCache\com.unity.visualscripting@191c0d7e3b69\Editor\VisualScripting.Core\Plugins\PluginManifest.cs:33 
  at Unity.VisualScripting.PluginManifest.get_versionMismatch () [0x00000] in .\Library\PackageCache\com.unity.visualscripting@191c0d7e3b69\Editor\VisualScripting.Core\Plugins\PluginManifest.cs:48 
  at Unity.VisualScripting.PluginContainer.Initialize () [0x00525] in .\Library\PackageCache\com.unity.visualscripting@191c0d7e3b69\Editor\VisualScripting.Core\Plugins\PluginContainer.cs:208 
  at Unity.VisualScripting.PluginContainer.InitializeOnLoad () [0x00009] in .\Library\PackageCache\com.unity.visualscripting@191c0d7e3b69\Editor\VisualScripting.Core\Plugins\PluginContainer.cs:32 
  at Unity.VisualScripting.VSUsageUtility.DoInitializeOnLoadCalls () [0x00034] in .\Library\PackageCache\com.unity.visualscripting@191c0d7e3b69\Editor\VisualScripting.Core\Utilities\VSUsageUtility.cs:76 
  at Unity.VisualScripting.VSUsageUtility.set_isVisualScriptingUsed (System.Boolean value) [0x0002c] in .\Library\PackageCache\com.unity.visualscripting@191c0d7e3b69\Editor\VisualScripting.Core\Utilities\VSUsageUtility.cs:114 
  at Unity.VisualScripting.VSUsageUtility.CheckAndSetIsVisualScriptingUsed () [0x0000d] in .\Library\PackageCache\com.unity.visualscripting@191c0d7e3b69\Editor\VisualScripting.Core\Utilities\VSUsageUtility.cs:33 
  at Unity.VisualScripting.VSUsageUtility..cctor () [0x00000] in .\Library\PackageCache\com.unity.visualscripting@191c0d7e3b69\Editor\VisualScripting.Core\Utilities\VSUsageUtility.cs:22 
UnityEngine.Debug:ExtractStackTraceNoAlloc (byte*,int,string)
UnityEngine.StackTraceUtility:ExtractStackTrace ()
UnityEngine.DebugLogHandler:Internal_Log (UnityEngine.LogType,UnityEngine.LogOption,string,UnityEngine.Object)
UnityEngine.DebugLogHandler:LogFormat (UnityEngine.LogType,UnityEngine.Object,string,object[])
UnityEngine.Logger:Log (UnityEngine.LogType,object)
UnityEngine.Debug:LogError (object)
UnityEditor.EditorAssemblies:ProcessInitializeOnLoadAttributes (System.Type[])

ScheduleIndexationOnStartup MainProcess:False IndexOnStartup:True
Mono: successfully reloaded assembly
- Finished resetting the current domain, in  1.191 seconds
Domain Reload Profiling: 2101ms
	BeginReloadAssembly (236ms)
		ExecutionOrderSort (0ms)
		DisableScriptedObjects (14ms)
		BackupInstance (0ms)
		ReleaseScriptingObjects (0ms)
		CreateAndSetChildDomain (53ms)
	RebuildCommonClasses (28ms)
	RebuildNativeTypeToScriptingClass (12ms)
	initialDomainReloadingComplete (41ms)
	LoadAllAssembliesAndSetupDomain (592ms)
		LoadAssemblies (511ms)
		RebuildTransferFunctionScriptingTraits (0ms)
		AnalyzeDomain (187ms)
			TypeCache.Refresh (12ms)
				TypeCache.ScanAssembly (3ms)
			BuildScriptInfoCaches (161ms)
			ResolveRequiredComponents (10ms)
	FinalizeReload (1192ms)
		ReleaseScriptCaches (0ms)
		RebuildScriptCaches (0ms)
		SetupLoadedEditorAssemblies (814ms)
			LogAssemblyErrors (0ms)
			InitializePlatformSupportModulesInManaged (2ms)
			SetLoadedEditorAssemblies (3ms)
			BeforeProcessingInitializeOnLoad (130ms)
			ProcessInitializeOnLoadAttributes (520ms)
			ProcessInitializeOnLoadMethodAttributes (153ms)
			AfterProcessingInitializeOnLoad (7ms)
			EditorAssembliesLoaded (0ms)
		ExecutionOrderSort2 (0ms)
		AwakeInstancesAfterBackupRestoration (11ms)
Refreshing native plugins compatible for Editor in 16.19 ms, found 9 plugins.
Preloading 0 native plugins for Editor in 0.00 ms.
Unloading 16 Unused Serialized files (Serialized files now loaded: 0)
Unloading 7026 unused Assets / (4.0 MB). Loaded Objects now: 7989.
Memory consumption went from 249.6 MB to 245.6 MB.
Total: 24.593100 ms (FindLiveObjects: 0.726800 ms CreateObjectMapping: 0.566600 ms MarkObjects: 20.965000 ms  DeleteObjects: 2.332700 ms)

Prepare: number of updated asset objects reloaded= 0
========================================================================
Received Prepare
Refreshing native plugins compatible for Editor in 17.22 ms, found 9 plugins.
Preloading 0 native plugins for Editor in 0.00 ms.
Unloading 16 Unused Serialized files (Serialized files now loaded: 0)
Unloading 16 unused Assets / (1.7 MB). Loaded Objects now: 7989.
Memory consumption went from 244.0 MB to 242.3 MB.
Total: 22.430400 ms (FindLiveObjects: 0.439100 ms CreateObjectMapping: 0.243300 ms MarkObjects: 21.424600 ms  DeleteObjects: 0.321600 ms)

Prepare: number of updated asset objects reloaded= 0
========================================================================
Received Prepare
Begin MonoManager ReloadAssembly
[Licensing::Client] Successfully resolved entitlement details
- Loaded All Assemblies, in  0.918 seconds
'Assets/Photon/Fusion/Runtime/Fusion.Unity.cs' contains partial class of Unity.Object, exactly 1 of the partial classes needs to be in a file with the same filename. This is to know the one that can be referenced from ie. GameObjects
'Assets/Photon/Fusion/Runtime/Fusion.Unity.cs' contains partial class of Unity.Object, exactly 1 of the partial classes needs to be in a file with the same filename. This is to know the one that can be referenced from ie. GameObjects
Refreshing native plugins compatible for Editor in 9.41 ms, found 9 plugins.
Native extension for WindowsStandalone target not found
Native extension for WebGL target not found
[Package Manager] Failed to launch server process. Reason: Unity was launched with the -noUpm command-line argument
[Package Manager] Unable to send message (not connected to server process).
[Package Manager] Cannot connect to Unity Package Manager local server
System.Exception: Error! Visual Scripting: couldn't find visual scripting package
  at Unity.VisualScripting.PackageVersionUtility.get_version () [0x00043] in .\Library\PackageCache\com.unity.visualscripting@191c0d7e3b69\Editor\VisualScripting.Core\Utilities\PackageVersionUtility.cs:31 
  at Unity.VisualScripting.BoltCoreManifest.get_version () [0x00000] in .\Library\PackageCache\com.unity.visualscripting@191c0d7e3b69\Editor\VisualScripting.Core\Plugin\BoltCoreManifest.cs:11 
  at Unity.VisualScripting.PluginManifest.get_currentVersion () [0x00000] in .\Library\PackageCache\com.unity.visualscripting@191c0d7e3b69\Editor\VisualScripting.Core\Plugins\PluginManifest.cs:33 
  at Unity.VisualScripting.PluginManifest.get_versionMismatch () [0x00000] in .\Library\PackageCache\com.unity.visualscripting@191c0d7e3b69\Editor\VisualScripting.Core\Plugins\PluginManifest.cs:48 
  at Unity.VisualScripting.PluginContainer.Initialize () [0x00525] in .\Library\PackageCache\com.unity.visualscripting@191c0d7e3b69\Editor\VisualScripting.Core\Plugins\PluginContainer.cs:208 
  at Unity.VisualScripting.PluginContainer.InitializeOnLoad () [0x00009] in .\Library\PackageCache\com.unity.visualscripting@191c0d7e3b69\Editor\VisualScripting.Core\Plugins\PluginContainer.cs:32 
  at Unity.VisualScripting.VSUsageUtility.DoInitializeOnLoadCalls () [0x00034] in .\Library\PackageCache\com.unity.visualscripting@191c0d7e3b69\Editor\VisualScripting.Core\Utilities\VSUsageUtility.cs:76 
  at Unity.VisualScripting.VSUsageUtility.set_isVisualScriptingUsed (System.Boolean value) [0x0002c] in .\Library\PackageCache\com.unity.visualscripting@191c0d7e3b69\Editor\VisualScripting.Core\Utilities\VSUsageUtility.cs:114 
  at Unity.VisualScripting.VSUsageUtility.CheckAndSetIsVisualScriptingUsed () [0x0000d] in .\Library\PackageCache\com.unity.visualscripting@191c0d7e3b69\Editor\VisualScripting.Core\Utilities\VSUsageUtility.cs:33 
  at Unity.VisualScripting.VSUsageUtility..cctor () [0x00000] in .\Library\PackageCache\com.unity.visualscripting@191c0d7e3b69\Editor\VisualScripting.Core\Utilities\VSUsageUtility.cs:22 
UnityEngine.Debug:ExtractStackTraceNoAlloc (byte*,int,string)
UnityEngine.StackTraceUtility:ExtractStackTrace ()
UnityEngine.DebugLogHandler:Internal_Log (UnityEngine.LogType,UnityEngine.LogOption,string,UnityEngine.Object)
UnityEngine.DebugLogHandler:LogFormat (UnityEngine.LogType,UnityEngine.Object,string,object[])
UnityEngine.Logger:Log (UnityEngine.LogType,object)
UnityEngine.Debug:LogError (object)
UnityEditor.EditorAssemblies:ProcessInitializeOnLoadAttributes (System.Type[])

ScheduleIndexationOnStartup MainProcess:False IndexOnStartup:True
Mono: successfully reloaded assembly
- Finished resetting the current domain, in  1.178 seconds
Domain Reload Profiling: 2091ms
	BeginReloadAssembly (240ms)
		ExecutionOrderSort (0ms)
		DisableScriptedObjects (4ms)
		BackupInstance (0ms)
		ReleaseScriptingObjects (0ms)
		CreateAndSetChildDomain (47ms)
	RebuildCommonClasses (30ms)
	RebuildNativeTypeToScriptingClass (11ms)
	initialDomainReloadingComplete (38ms)
	LoadAllAssembliesAndSetupDomain (593ms)
		LoadAssemblies (516ms)
		RebuildTransferFunctionScriptingTraits (0ms)
		AnalyzeDomain (184ms)
			TypeCache.Refresh (7ms)
				TypeCache.ScanAssembly (0ms)
			BuildScriptInfoCaches (162ms)
			ResolveRequiredComponents (10ms)
	FinalizeReload (1179ms)
		ReleaseScriptCaches (0ms)
		RebuildScriptCaches (0ms)
		SetupLoadedEditorAssemblies (820ms)
			LogAssemblyErrors (0ms)
			InitializePlatformSupportModulesInManaged (2ms)
			SetLoadedEditorAssemblies (3ms)
			BeforeProcessingInitializeOnLoad (124ms)
			ProcessInitializeOnLoadAttributes (518ms)
			ProcessInitializeOnLoadMethodAttributes (166ms)
			AfterProcessingInitializeOnLoad (7ms)
			EditorAssembliesLoaded (0ms)
		ExecutionOrderSort2 (0ms)
		AwakeInstancesAfterBackupRestoration (10ms)
Refreshing native plugins compatible for Editor in 13.58 ms, found 9 plugins.
Preloading 0 native plugins for Editor in 0.00 ms.
Unloading 16 Unused Serialized files (Serialized files now loaded: 0)
Unloading 7026 unused Assets / (3.9 MB). Loaded Objects now: 7993.
Memory consumption went from 249.5 MB to 245.6 MB.
Total: 17.107400 ms (FindLiveObjects: 0.566200 ms CreateObjectMapping: 0.301200 ms MarkObjects: 14.561600 ms  DeleteObjects: 1.676300 ms)

Prepare: number of updated asset objects reloaded= 0
========================================================================
Received Import Request.
  Time since last request: 162.019783 seconds.
  path: Assets/03.ExampleScripts/User.cs
  artifactKey: Guid(419ebf9535294a9f95edc13e143c958f) Importer(2089858483,b0f066a214c2f5e87bad3c948f4d605d)
Start importing Assets/03.ExampleScripts/User.cs using Guid(419ebf9535294a9f95edc13e143c958f) Importer(2089858483,b0f066a214c2f5e87bad3c948f4d605d) (ScriptedImporter) -> (artifact id: '81133d1b956e84bb74c141fdbe1c82cc') in 0.1434972 seconds
Number of updated asset objects reloaded before import = 0Number of asset objects unloaded after import = 0

========================================================================
Received Import Request.
  Time since last request: 0.000017 seconds.
  path: Assets/03.ExampleScripts/Player.cs
  artifactKey: Guid(c6d65e167e8c41fe9354b4145b181f27) Importer(2089858483,b0f066a214c2f5e87bad3c948f4d605d)
Start importing Assets/03.ExampleScripts/Player.cs using Guid(c6d65e167e8c41fe9354b4145b181f27) Importer(2089858483,b0f066a214c2f5e87bad3c948f4d605d) (ScriptedImporter) -> (artifact id: '49b644535957112218a3ccaccf2bdc86') in 0.0092044 seconds
Number of updated asset objects reloaded before import = 0Number of asset objects unloaded after import = 0

========================================================================
Received Import Request.
  Time since last request: 0.000023 seconds.
  path: Assets/03.ExampleScripts/Ball.cs
  artifactKey: Guid(efc7a7d9bf44446b907ca87eeb19bbfd) Importer(2089858483,b0f066a214c2f5e87bad3c948f4d605d)
Start importing Assets/03.ExampleScripts/Ball.cs using Guid(efc7a7d9bf44446b907ca87eeb19bbfd) Importer(2089858483,b0f066a214c2f5e87bad3c948f4d605d) (ScriptedImporter) -> (artifact id: 'd0f7d318c9f82be787c6553eb42b66ae') in 0.0073349 seconds
Number of updated asset objects reloaded before import = 0Number of asset objects unloaded after import = 0

========================================================================
Received Import Request.
  Time since last request: 2.650328 seconds.
  path: Assets/Resource/Character/Animation/Player.controller
  artifactKey: Guid(52b32ef482555f946951f3e8d7f472eb) Importer(2089858483,b0f066a214c2f5e87bad3c948f4d605d)
Start importing Assets/Resource/Character/Animation/Player.controller using Guid(52b32ef482555f946951f3e8d7f472eb) Importer(2089858483,b0f066a214c2f5e87bad3c948f4d605d) (ScriptedImporter) -> (artifact id: '5972d891357921b432d1c7c1b3b6f512') in 0.0065518 seconds
Number of updated asset objects reloaded before import = 0Number of asset objects unloaded after import = 4

========================================================================
Received Import Request.
  Time since last request: 67.542491 seconds.
  path: Assets/Plugins/AllIn13DShader/Demo/Textures/ModelsTextures/AlienStatueAO.tif
  artifactKey: Guid(e0d38f87a22964443b62e4a3072e108f) Importer(815301076,1909f56bfc062723c751e8b465ee728b)
Start importing Assets/Plugins/AllIn13DShader/Demo/Textures/ModelsTextures/AlienStatueAO.tif using Guid(e0d38f87a22964443b62e4a3072e108f) Importer(815301076,1909f56bfc062723c751e8b465ee728b) (PreviewImporter) -> (artifact id: '58009fc3891fad7d2fa1ab4794363937') in 0.0402247 seconds
Number of updated asset objects reloaded before import = 0Number of asset objects unloaded after import = 2

========================================================================
Received Import Request.
  Time since last request: 0.000018 seconds.
  path: Assets/Resource/Character/Charamodel/Belle (Zenless Zone Zero)/Textures/Belle_Body_Map2_M.png
  artifactKey: Guid(816f36f6f2f20d8488d5bb28ca1a2b47) Importer(815301076,1909f56bfc062723c751e8b465ee728b)
Start importing Assets/Resource/Character/Charamodel/Belle (Zenless Zone Zero)/Textures/Belle_Body_Map2_M.png using Guid(816f36f6f2f20d8488d5bb28ca1a2b47) Importer(815301076,1909f56bfc062723c751e8b465ee728b) (PreviewImporter) -> (artifact id: '05a354e63254d70de6c38d27292f84fe') in 0.0145965 seconds
Number of updated asset objects reloaded before import = 0Number of asset objects unloaded after import = 2

========================================================================
Received Import Request.
  Time since last request: 0.000021 seconds.
  path: Assets/Plugins/AllIn13DShader/Demo/Textures/ModelsTextures/AtlasCity.png
  artifactKey: Guid(221e222ae89465d4c807e4c15884455f) Importer(815301076,1909f56bfc062723c751e8b465ee728b)
Start importing Assets/Plugins/AllIn13DShader/Demo/Textures/ModelsTextures/AtlasCity.png using Guid(221e222ae89465d4c807e4c15884455f) Importer(815301076,1909f56bfc062723c751e8b465ee728b) (PreviewImporter) -> (artifact id: '50083dea7610cb0256dfd3dff2f0e5d3') in 0.0095972 seconds
Number of updated asset objects reloaded before import = 0Number of asset objects unloaded after import = 2

========================================================================
Received Import Request.
  Time since last request: 0.000029 seconds.
  path: Assets/Plugins/AllIn13DShader/Demo/Textures/ModelsTextures/BarkTex.png
  artifactKey: Guid(ae1e24f5d769a4f449f65f2ab0b170c4) Importer(815301076,1909f56bfc062723c751e8b465ee728b)
Start importing Assets/Plugins/AllIn13DShader/Demo/Textures/ModelsTextures/BarkTex.png using Guid(ae1e24f5d769a4f449f65f2ab0b170c4) Importer(815301076,1909f56bfc062723c751e8b465ee728b) (PreviewImporter) -> (artifact id: '8dc23dbbf3c701425a2c4496bfaa154f') in 0.0086448 seconds
Number of updated asset objects reloaded before import = 0Number of asset objects unloaded after import = 2

========================================================================
Received Import Request.
  Time since last request: 0.000019 seconds.
  path: Assets/Resource/Character/Charamodel/Belle (Zenless Zone Zero)/Textures/Belle_Body_Map1_N.png
  artifactKey: Guid(b0c95ad081b7181439117fb7fe8381fa) Importer(815301076,1909f56bfc062723c751e8b465ee728b)
Start importing Assets/Resource/Character/Charamodel/Belle (Zenless Zone Zero)/Textures/Belle_Body_Map1_N.png using Guid(b0c95ad081b7181439117fb7fe8381fa) Importer(815301076,1909f56bfc062723c751e8b465ee728b) (PreviewImporter) -> (artifact id: '7cfbd889d778a3c4b21705f49bd18dea') in 0.0109166 seconds
Number of updated asset objects reloaded before import = 0Number of asset objects unloaded after import = 2

========================================================================
Received Import Request.
  Time since last request: 0.000021 seconds.
  path: Assets/Plugins/AllIn13DShader/Demo/Textures/BlackPixel.png
  artifactKey: Guid(411c6aee729a0c747b9a725ccbd211d6) Importer(815301076,1909f56bfc062723c751e8b465ee728b)
Start importing Assets/Plugins/AllIn13DShader/Demo/Textures/BlackPixel.png using Guid(411c6aee729a0c747b9a725ccbd211d6) Importer(815301076,1909f56bfc062723c751e8b465ee728b) (PreviewImporter) -> (artifact id: 'ab419995404ada7ff862fbf313b0bacd') in 0.0109655 seconds
Number of updated asset objects reloaded before import = 0Number of asset objects unloaded after import = 2

========================================================================
Received Import Request.
  Time since last request: 0.000019 seconds.
  path: Assets/Resource/Character/Charamodel/Belle (Zenless Zone Zero)/Textures/Belle_Face_D.png
  artifactKey: Guid(19c3a464df0600b4db5f05e509215928) Importer(815301076,1909f56bfc062723c751e8b465ee728b)
Start importing Assets/Resource/Character/Charamodel/Belle (Zenless Zone Zero)/Textures/Belle_Face_D.png using Guid(19c3a464df0600b4db5f05e509215928) Importer(815301076,1909f56bfc062723c751e8b465ee728b) (PreviewImporter) -> (artifact id: '967a6cfb909ed1af6417ae1d664a9627') in 0.0116559 seconds
Number of updated asset objects reloaded before import = 0Number of asset objects unloaded after import = 2

========================================================================
Received Import Request.
  Time since last request: 0.000036 seconds.
  path: Assets/Resource/Character/Charamodel/Belle (Zenless Zone Zero)/Textures/Belle_Body_Map1_M.png
  artifactKey: Guid(06e1a7fcbe8cfb941a0371d4555530f1) Importer(815301076,1909f56bfc062723c751e8b465ee728b)
Start importing Assets/Resource/Character/Charamodel/Belle (Zenless Zone Zero)/Textures/Belle_Body_Map1_M.png using Guid(06e1a7fcbe8cfb941a0371d4555530f1) Importer(815301076,1909f56bfc062723c751e8b465ee728b) (PreviewImporter) -> (artifact id: '1624d917eeaf0c6747721537e96af156') in 0.0158237 seconds
Number of updated asset objects reloaded before import = 0Number of asset objects unloaded after import = 2

========================================================================
Received Import Request.
  Time since last request: 0.000028 seconds.
  path: Assets/ExplosiveLLC/PerfectLookAt/Models/UnityModel/DefaultAvatar.fbm/body normal.png
  artifactKey: Guid(1f799ac3471746345b51519de80a7dd3) Importer(815301076,1909f56bfc062723c751e8b465ee728b)
Start importing Assets/ExplosiveLLC/PerfectLookAt/Models/UnityModel/DefaultAvatar.fbm/body normal.png using Guid(1f799ac3471746345b51519de80a7dd3) Importer(815301076,1909f56bfc062723c751e8b465ee728b) (PreviewImporter) -> (artifact id: 'a33c887be1effe78c37f0b47ecd680f3') in 0.0077783 seconds
Number of updated asset objects reloaded before import = 0Number of asset objects unloaded after import = 2

========================================================================
Received Import Request.
  Time since last request: 46.551145 seconds.
  path: Assets/Modern UI Pack/Editor/Icons/EditorGradient.png
  artifactKey: Guid(1bead13cbb39ba146a2b32f78920b998) Importer(815301076,1909f56bfc062723c751e8b465ee728b)
Start importing Assets/Modern UI Pack/Editor/Icons/EditorGradient.png using Guid(1bead13cbb39ba146a2b32f78920b998) Importer(815301076,1909f56bfc062723c751e8b465ee728b) (PreviewImporter) -> (artifact id: '1e795490dfa24084d996afb6e819a0ef') in 0.010535 seconds
Number of updated asset objects reloaded before import = 0Number of asset objects unloaded after import = 2

========================================================================
Received Import Request.
  Time since last request: 0.000023 seconds.
  path: Assets/Modern UI Pack/Editor/Icons/EditorModalWindow.png
  artifactKey: Guid(443b1643bec077e478f70a7a0fd1adcd) Importer(815301076,1909f56bfc062723c751e8b465ee728b)
Start importing Assets/Modern UI Pack/Editor/Icons/EditorModalWindow.png using Guid(443b1643bec077e478f70a7a0fd1adcd) Importer(815301076,1909f56bfc062723c751e8b465ee728b) (PreviewImporter) -> (artifact id: 'f25adaad47994e0d893c94b9fa0f870b') in 0.0091012 seconds
Number of updated asset objects reloaded before import = 0Number of asset objects unloaded after import = 2

========================================================================
Received Import Request.
  Time since last request: 0.000018 seconds.
  path: Assets/Modern UI Pack/Editor/Icons/EditorHorizontalSelector.png
  artifactKey: Guid(7a33180745301ca4b903e0c6e51cfeb6) Importer(815301076,1909f56bfc062723c751e8b465ee728b)
Start importing Assets/Modern UI Pack/Editor/Icons/EditorHorizontalSelector.png using Guid(7a33180745301ca4b903e0c6e51cfeb6) Importer(815301076,1909f56bfc062723c751e8b465ee728b) (PreviewImporter) -> (artifact id: 'cff2b3dc9a5971cdca78dbf113b5249d') in 0.0085383 seconds
Number of updated asset objects reloaded before import = 0Number of asset objects unloaded after import = 2

========================================================================
Received Import Request.
  Time since last request: 28.476707 seconds.
  path: Assets/Modern UI Pack/Textures/Border/Radial/512px/Radial Outline 512px - 4x.png
  artifactKey: Guid(9043ea87d87b2534eac0a4aaa784039f) Importer(815301076,1909f56bfc062723c751e8b465ee728b)
Start importing Assets/Modern UI Pack/Textures/Border/Radial/512px/Radial Outline 512px - 4x.png using Guid(9043ea87d87b2534eac0a4aaa784039f) Importer(815301076,1909f56bfc062723c751e8b465ee728b) (PreviewImporter) -> (artifact id: '51c28f1404660bb74e34f3c4262440aa') in 0.0227525 seconds
Number of updated asset objects reloaded before import = 0Number of asset objects unloaded after import = 3

========================================================================
Received Import Request.
  Time since last request: 0.151318 seconds.
  path: Assets/Modern UI Pack/Textures/Border/Radial/1024px/Radial Outline 1024px - 8x.png
  artifactKey: Guid(a31767925d876914ab09673b2a9eb2b1) Importer(815301076,1909f56bfc062723c751e8b465ee728b)
Start importing Assets/Modern UI Pack/Textures/Border/Radial/1024px/Radial Outline 1024px - 8x.png using Guid(a31767925d876914ab09673b2a9eb2b1) Importer(815301076,1909f56bfc062723c751e8b465ee728b) (PreviewImporter) -> (artifact id: '979785b6bd152bb8fd6eec762fab017e') in 0.0110684 seconds
Number of updated asset objects reloaded before import = 0Number of asset objects unloaded after import = 3

========================================================================
Received Import Request.
  Time since last request: 0.167057 seconds.
  path: Assets/Resource/PackageResource/JC_LP_MegaCity/Scenes/LP_MegaCity_Overview/ReflectionProbe-0.exr
  artifactKey: Guid(7cca42f3c1e1edc4c9cb4f43cf8c1127) Importer(815301076,1909f56bfc062723c751e8b465ee728b)
Start importing Assets/Resource/PackageResource/JC_LP_MegaCity/Scenes/LP_MegaCity_Overview/ReflectionProbe-0.exr using Guid(7cca42f3c1e1edc4c9cb4f43cf8c1127) Importer(815301076,1909f56bfc062723c751e8b465ee728b) (PreviewImporter) -> (artifact id: 'dc1d621ad96b84629c016e7dcc470089') in 0.4091759 seconds
Number of updated asset objects reloaded before import = 0Number of asset objects unloaded after import = 1

========================================================================
Received Import Request.
  Time since last request: 0.086555 seconds.
  path: Assets/Modern UI Pack/Textures/Border/Rounded/64px/Rounded Outline 64px - 5x.png
  artifactKey: Guid(96e1134e2cfaa854fae06efdc637ce31) Importer(815301076,1909f56bfc062723c751e8b465ee728b)
Start importing Assets/Modern UI Pack/Textures/Border/Rounded/64px/Rounded Outline 64px - 5x.png using Guid(96e1134e2cfaa854fae06efdc637ce31) Importer(815301076,1909f56bfc062723c751e8b465ee728b) (PreviewImporter) -> (artifact id: '3d3e3ea7a1a14ac9a10875e373dc6ec4') in 0.007822 seconds
Number of updated asset objects reloaded before import = 0Number of asset objects unloaded after import = 3

========================================================================
Received Import Request.
  Time since last request: 0.783660 seconds.
  path: Assets/Modern UI Pack/Textures/Border/Rounded/256px/Rounded Outline 256px - 4x.png
  artifactKey: Guid(b3390b5653435964fa30c6488e7ffc62) Importer(815301076,1909f56bfc062723c751e8b465ee728b)
Start importing Assets/Modern UI Pack/Textures/Border/Rounded/256px/Rounded Outline 256px - 4x.png using Guid(b3390b5653435964fa30c6488e7ffc62) Importer(815301076,1909f56bfc062723c751e8b465ee728b) (PreviewImporter) -> (artifact id: '385c9248b95c7f53d176d53a909abbba') in 0.0081178 seconds
Number of updated asset objects reloaded before import = 0Number of asset objects unloaded after import = 3

========================================================================
Received Import Request.
  Time since last request: 1.130292 seconds.
  path: Assets/Modern UI Pack/Textures/Border/Rounded/1024px/Rounded Outline 1024px - 9x.png
  artifactKey: Guid(930961384d4158049ab80d71a9399eda) Importer(815301076,1909f56bfc062723c751e8b465ee728b)
Start importing Assets/Modern UI Pack/Textures/Border/Rounded/1024px/Rounded Outline 1024px - 9x.png using Guid(930961384d4158049ab80d71a9399eda) Importer(815301076,1909f56bfc062723c751e8b465ee728b) (PreviewImporter) -> (artifact id: 'c6e77a7c485c4c827caac73f201faa97') in 0.0097743 seconds
Number of updated asset objects reloaded before import = 0Number of asset objects unloaded after import = 3

========================================================================
Received Import Request.
  Time since last request: 0.000020 seconds.
  path: Assets/Modern UI Pack/Textures/Icon/Communication & Social/Share.png
  artifactKey: Guid(680d795de97417144bc422017b616f81) Importer(815301076,1909f56bfc062723c751e8b465ee728b)
Start importing Assets/Modern UI Pack/Textures/Icon/Communication & Social/Share.png using Guid(680d795de97417144bc422017b616f81) Importer(815301076,1909f56bfc062723c751e8b465ee728b) (PreviewImporter) -> (artifact id: '68d57bc6d8d36381e6566090bf3d5450') in 0.0115219 seconds
Number of updated asset objects reloaded before import = 0Number of asset objects unloaded after import = 3

========================================================================
Received Import Request.
  Time since last request: 0.000049 seconds.
  path: Assets/Modern UI Pack/Textures/Icon/Business & Commerce/Shopping Bag Filled.png
  artifactKey: Guid(237f66d97752c80499436fa9c0e4f2a8) Importer(815301076,1909f56bfc062723c751e8b465ee728b)
Start importing Assets/Modern UI Pack/Textures/Icon/Business & Commerce/Shopping Bag Filled.png using Guid(237f66d97752c80499436fa9c0e4f2a8) Importer(815301076,1909f56bfc062723c751e8b465ee728b) (PreviewImporter) -> (artifact id: '40b243c726addeafdc9a9410567ae651') in 0.0092869 seconds
Number of updated asset objects reloaded before import = 0Number of asset objects unloaded after import = 3

========================================================================
Received Import Request.
  Time since last request: 0.000032 seconds.
  path: Assets/Resource/Character/Charamodel/Wise (Zenless Zone Zero)/Textures/Wise_Body_Map1_D.png
  artifactKey: Guid(2a94addc41cd80147a67a7a5a2af8ab5) Importer(815301076,1909f56bfc062723c751e8b465ee728b)
Start importing Assets/Resource/Character/Charamodel/Wise (Zenless Zone Zero)/Textures/Wise_Body_Map1_D.png using Guid(2a94addc41cd80147a67a7a5a2af8ab5) Importer(815301076,1909f56bfc062723c751e8b465ee728b) (PreviewImporter) -> (artifact id: '634e1a3a34168b32dfa202736433c7ea') in 0.0140647 seconds
Number of updated asset objects reloaded before import = 0Number of asset objects unloaded after import = 2

========================================================================
Received Import Request.
  Time since last request: 0.000037 seconds.
  path: Assets/Resource/PackageResource/JC_LP_MegaCity/Textures/T_MegaCity_01.png
  artifactKey: Guid(7d2813ae3cb0dce40973da313575abca) Importer(815301076,1909f56bfc062723c751e8b465ee728b)
Start importing Assets/Resource/PackageResource/JC_LP_MegaCity/Textures/T_MegaCity_01.png using Guid(7d2813ae3cb0dce40973da313575abca) Importer(815301076,1909f56bfc062723c751e8b465ee728b) (PreviewImporter) -> (artifact id: '5807cd63f21aaf67f6ceda5d61fe3770') in 0.0153169 seconds
Number of updated asset objects reloaded before import = 0Number of asset objects unloaded after import = 2

========================================================================
Received Import Request.
  Time since last request: 0.000055 seconds.
  path: Assets/Modern UI Pack/Textures/Icon/Business & Commerce/Shopping Bag.png
  artifactKey: Guid(e7f5d551fd1925040bd01a8ec66c0ae0) Importer(815301076,1909f56bfc062723c751e8b465ee728b)
Start importing Assets/Modern UI Pack/Textures/Icon/Business & Commerce/Shopping Bag.png using Guid(e7f5d551fd1925040bd01a8ec66c0ae0) Importer(815301076,1909f56bfc062723c751e8b465ee728b) (PreviewImporter) -> (artifact id: '766c1d94df6e220d93924af0b25437b4') in 0.0128457 seconds
Number of updated asset objects reloaded before import = 0Number of asset objects unloaded after import = 3

========================================================================
Received Import Request.
  Time since last request: 0.000025 seconds.
  path: Assets/Resource/PackageResource/JC_LP_MegaCity/Textures/T_MegaCity_LightMap.png
  artifactKey: Guid(1b19827652c33824aafef4145e95e9d4) Importer(815301076,1909f56bfc062723c751e8b465ee728b)
Start importing Assets/Resource/PackageResource/JC_LP_MegaCity/Textures/T_MegaCity_LightMap.png using Guid(1b19827652c33824aafef4145e95e9d4) Importer(815301076,1909f56bfc062723c751e8b465ee728b) (PreviewImporter) -> (artifact id: '43418181867ff4fe19b4a89391553845') in 0.0135991 seconds
Number of updated asset objects reloaded before import = 0Number of asset objects unloaded after import = 2

========================================================================
Received Import Request.
  Time since last request: 0.000034 seconds.
  path: Assets/Modern UI Pack/Textures/Icon/System/Settings Filled.png
  artifactKey: Guid(ce4f0f0804dfd3b4a84ad79898a71fe9) Importer(815301076,1909f56bfc062723c751e8b465ee728b)
Start importing Assets/Modern UI Pack/Textures/Icon/System/Settings Filled.png using Guid(ce4f0f0804dfd3b4a84ad79898a71fe9) Importer(815301076,1909f56bfc062723c751e8b465ee728b) (PreviewImporter) -> (artifact id: '675fda049c3745f5f9ca9cbbdf32b518') in 0.0114799 seconds
Number of updated asset objects reloaded before import = 0Number of asset objects unloaded after import = 3

========================================================================
Received Import Request.
  Time since last request: 0.000030 seconds.
  path: Assets/Modern UI Pack/Textures/Icon/System/Settings.png
  artifactKey: Guid(a81b811d419055c43a7ddc04ce938fab) Importer(815301076,1909f56bfc062723c751e8b465ee728b)
Start importing Assets/Modern UI Pack/Textures/Icon/System/Settings.png using Guid(a81b811d419055c43a7ddc04ce938fab) Importer(815301076,1909f56bfc062723c751e8b465ee728b) (PreviewImporter) -> (artifact id: '467399da4dc012b0864dd8a21ccaf441') in 0.0109704 seconds
Number of updated asset objects reloaded before import = 0Number of asset objects unloaded after import = 3

========================================================================
Received Import Request.
  Time since last request: 0.000031 seconds.
  path: Assets/Modern UI Pack/Editor/Icons/Search.png
  artifactKey: Guid(fb98fbe62e3a3304584516ade7506fce) Importer(815301076,1909f56bfc062723c751e8b465ee728b)
Start importing Assets/Modern UI Pack/Editor/Icons/Search.png using Guid(fb98fbe62e3a3304584516ade7506fce) Importer(815301076,1909f56bfc062723c751e8b465ee728b) (PreviewImporter) -> (artifact id: '61ad5f45497f8bdb97c5f9eb174c47ec') in 0.0084691 seconds
Number of updated asset objects reloaded before import = 0Number of asset objects unloaded after import = 2

========================================================================
Received Import Request.
  Time since last request: 0.115341 seconds.
  path: Assets/Plugins/AllIn13DShader/DefaultTextures/StoneWallDefault.png
  artifactKey: Guid(f39690d17007ab242928cd91e5a530a6) Importer(815301076,1909f56bfc062723c751e8b465ee728b)
Start importing Assets/Plugins/AllIn13DShader/DefaultTextures/StoneWallDefault.png using Guid(f39690d17007ab242928cd91e5a530a6) Importer(815301076,1909f56bfc062723c751e8b465ee728b) (PreviewImporter) -> (artifact id: 'ef4aae87bd3f1e4548395798e2b43838') in 0.0085278 seconds
Number of updated asset objects reloaded before import = 0Number of asset objects unloaded after import = 2

========================================================================
Received Import Request.
  Time since last request: 0.000019 seconds.
  path: Assets/Modern UI Pack/Editor/Icons/SubHeaderCustomization.png
  artifactKey: Guid(3871506c9d7dbca429d05e371d6f17ed) Importer(815301076,1909f56bfc062723c751e8b465ee728b)
Start importing Assets/Modern UI Pack/Editor/Icons/SubHeaderCustomization.png using Guid(3871506c9d7dbca429d05e371d6f17ed) Importer(815301076,1909f56bfc062723c751e8b465ee728b) (PreviewImporter) -> (artifact id: 'c7319c631cb4c0aa3be3df9d15ade1d6') in 0.0065085 seconds
Number of updated asset objects reloaded before import = 0Number of asset objects unloaded after import = 2

========================================================================
Received Import Request.
  Time since last request: 0.000022 seconds.
  path: Assets/Resource/Character/Charamodel/Nicole Demara (Zenless Zone Zero)/Texture/Nostradamus_Body_M_CN.png
  artifactKey: Guid(8a62004e06aa1b24699538d16f6d445c) Importer(815301076,1909f56bfc062723c751e8b465ee728b)
Start importing Assets/Resource/Character/Charamodel/Nicole Demara (Zenless Zone Zero)/Texture/Nostradamus_Body_M_CN.png using Guid(8a62004e06aa1b24699538d16f6d445c) Importer(815301076,1909f56bfc062723c751e8b465ee728b) (PreviewImporter) -> (artifact id: '9727aae315337e266f1a4a23c836613c') in 0.0105335 seconds
Number of updated asset objects reloaded before import = 0Number of asset objects unloaded after import = 2

========================================================================
Received Import Request.
  Time since last request: 0.000027 seconds.
  path: Assets/Resource/Character/Charamodel/Nicole Demara (Zenless Zone Zero)/Texture/Nostradamus_Weapon_D.png
  artifactKey: Guid(5aed1c1f921030643af46b0f02cd3be4) Importer(815301076,1909f56bfc062723c751e8b465ee728b)
Start importing Assets/Resource/Character/Charamodel/Nicole Demara (Zenless Zone Zero)/Texture/Nostradamus_Weapon_D.png using Guid(5aed1c1f921030643af46b0f02cd3be4) Importer(815301076,1909f56bfc062723c751e8b465ee728b) (PreviewImporter) -> (artifact id: '20e5451eb0ffc3e24d09816357d51827') in 0.0131048 seconds
Number of updated asset objects reloaded before import = 0Number of asset objects unloaded after import = 2

========================================================================
Received Import Request.
  Time since last request: 0.000026 seconds.
  path: Assets/Resource/Character/Charamodel/Nicole Demara (Zenless Zone Zero)/Texture/Nostradamus_Weapon_N.png
  artifactKey: Guid(e7b98085feeeb44449a88080658ff9bf) Importer(815301076,1909f56bfc062723c751e8b465ee728b)
Start importing Assets/Resource/Character/Charamodel/Nicole Demara (Zenless Zone Zero)/Texture/Nostradamus_Weapon_N.png using Guid(e7b98085feeeb44449a88080658ff9bf) Importer(815301076,1909f56bfc062723c751e8b465ee728b) (PreviewImporter) -> (artifact id: '959abe431d5be4e7375ec1389095c47e') in 0.0099014 seconds
Number of updated asset objects reloaded before import = 0Number of asset objects unloaded after import = 2

========================================================================
Received Import Request.
  Time since last request: 0.000023 seconds.
  path: Assets/Modern UI Pack/Editor/Icons/SubHeaderAnimation.png
  artifactKey: Guid(9f39b1277be9d47488586c403061c36b) Importer(815301076,1909f56bfc062723c751e8b465ee728b)
Start importing Assets/Modern UI Pack/Editor/Icons/SubHeaderAnimation.png using Guid(9f39b1277be9d47488586c403061c36b) Importer(815301076,1909f56bfc062723c751e8b465ee728b) (PreviewImporter) -> (artifact id: '3c00591d84e88d56882314295f02495e') in 0.0082207 seconds
Number of updated asset objects reloaded before import = 0Number of asset objects unloaded after import = 2

========================================================================
Received Import Request.
  Time since last request: 172.104926 seconds.
  path: Assets/ExplosiveLLC/SuperCharacterController/Mesh/DemoZone.FBX
  artifactKey: Guid(16fe8e10c23f6814cb27ba78183e9bbf) Importer(815301076,1909f56bfc062723c751e8b465ee728b)
Start importing Assets/ExplosiveLLC/SuperCharacterController/Mesh/DemoZone.FBX using Guid(16fe8e10c23f6814cb27ba78183e9bbf) Importer(815301076,1909f56bfc062723c751e8b465ee728b) (PreviewImporter) -> (artifact id: '79fea110ab22b0f45186dfc475e13eeb') in 0.0533547 seconds
Number of updated asset objects reloaded before import = 0Number of asset objects unloaded after import = 7

========================================================================
Received Import Request.
  Time since last request: 0.000036 seconds.
  path: Assets/ExplosiveLLC/RPG Character Mecanim Animation Pack/Demo Elements/Models/Stage/Tree-Stump.FBX
  artifactKey: Guid(48eea6c8f62257c4cab0e3b6efbe1e42) Importer(815301076,1909f56bfc062723c751e8b465ee728b)
Start importing Assets/ExplosiveLLC/RPG Character Mecanim Animation Pack/Demo Elements/Models/Stage/Tree-Stump.FBX using Guid(48eea6c8f62257c4cab0e3b6efbe1e42) Importer(815301076,1909f56bfc062723c751e8b465ee728b) (PreviewImporter) -> (artifact id: 'f1b6b7176fb2f47fa50316c0445bbd94') in 0.0591245 seconds
Number of updated asset objects reloaded before import = 0Number of asset objects unloaded after import = 14

========================================================================
Received Import Request.
  Time since last request: 0.000034 seconds.
  path: Assets/ExplosiveLLC/RPG Character Mecanim Animation Pack/Demo Elements/Models/Stage/Tree.FBX
  artifactKey: Guid(22d0bef4cc44b0e448f77eabf8418ed5) Importer(815301076,1909f56bfc062723c751e8b465ee728b)
Start importing Assets/ExplosiveLLC/RPG Character Mecanim Animation Pack/Demo Elements/Models/Stage/Tree.FBX using Guid(22d0bef4cc44b0e448f77eabf8418ed5) Importer(815301076,1909f56bfc062723c751e8b465ee728b) (PreviewImporter) -> (artifact id: 'da71852992f3cc601c9cbeae35453617') in 0.0127242 seconds
Number of updated asset objects reloaded before import = 0Number of asset objects unloaded after import = 7

========================================================================
Received Import Request.
  Time since last request: 0.000025 seconds.
  path: Assets/Resource/Character/Charamodel/Wise (Zenless Zone Zero)/Wise (zenless zone zero).fbx
  artifactKey: Guid(ad449be2f70d9584bbe31f24b5d2b779) Importer(815301076,1909f56bfc062723c751e8b465ee728b)
Start importing Assets/Resource/Character/Charamodel/Wise (Zenless Zone Zero)/Wise (zenless zone zero).fbx using Guid(ad449be2f70d9584bbe31f24b5d2b779) Importer(815301076,1909f56bfc062723c751e8b465ee728b) (PreviewImporter) -> (artifact id: 'bf2b07f9d847c3331dad583a9f0f03de') in 0.0600135 seconds
Number of updated asset objects reloaded before import = 0Number of asset objects unloaded after import = 436

========================================================================
Received Import Request.
  Time since last request: 1.050199 seconds.
  path: Assets/ExplosiveLLC/RPG Character Mecanim Animation Pack/Models/Weapons/Spear.FBX
  artifactKey: Guid(04cfe9a8a9ea40b4bb430b8d81ce9954) Importer(815301076,1909f56bfc062723c751e8b465ee728b)
Start importing Assets/ExplosiveLLC/RPG Character Mecanim Animation Pack/Models/Weapons/Spear.FBX using Guid(04cfe9a8a9ea40b4bb430b8d81ce9954) Importer(815301076,1909f56bfc062723c751e8b465ee728b) (PreviewImporter) -> (artifact id: '25ac56634adfcb53d11863c969b1ac9f') in 0.0127499 seconds
Number of updated asset objects reloaded before import = 0Number of asset objects unloaded after import = 7

========================================================================
Received Import Request.
  Time since last request: 0.000031 seconds.
  path: Assets/ExplosiveLLC/RPG Character Mecanim Animation Pack/Models/Weapons/Sword.FBX
  artifactKey: Guid(9d8cbe7d7c34ac442baea6cd0ea39cd0) Importer(815301076,1909f56bfc062723c751e8b465ee728b)
Start importing Assets/ExplosiveLLC/RPG Character Mecanim Animation Pack/Models/Weapons/Sword.FBX using Guid(9d8cbe7d7c34ac442baea6cd0ea39cd0) Importer(815301076,1909f56bfc062723c751e8b465ee728b) (PreviewImporter) -> (artifact id: '95301fd69d9e23659fa523d21a14ede0') in 0.0111572 seconds
Number of updated asset objects reloaded before import = 0Number of asset objects unloaded after import = 7

========================================================================
Received Import Request.
  Time since last request: 0.000016 seconds.
  path: Assets/ExplosiveLLC/SuperCharacterController/Mesh/SphereDemoLevel.FBX
  artifactKey: Guid(85750bab56c880440902826d62d76883) Importer(815301076,1909f56bfc062723c751e8b465ee728b)
Start importing Assets/ExplosiveLLC/SuperCharacterController/Mesh/SphereDemoLevel.FBX using Guid(85750bab56c880440902826d62d76883) Importer(815301076,1909f56bfc062723c751e8b465ee728b) (PreviewImporter) -> (artifact id: '821df5d08ae000b130ae2777d66ec74b') in 0.0114343 seconds
Number of updated asset objects reloaded before import = 0Number of asset objects unloaded after import = 7

========================================================================
Received Import Request.
  Time since last request: 6.909037 seconds.
  path: Assets/Resource/PackageResource/JC_LP_MegaCity/Models/IndustrialProps/SM_IndustrialProps_ShippingContainer_02_Door_02.fbx
  artifactKey: Guid(4aaa28f189d6dba469bdc55773811522) Importer(815301076,1909f56bfc062723c751e8b465ee728b)
Start importing Assets/Resource/PackageResource/JC_LP_MegaCity/Models/IndustrialProps/SM_IndustrialProps_ShippingContainer_02_Door_02.fbx using Guid(4aaa28f189d6dba469bdc55773811522) Importer(815301076,1909f56bfc062723c751e8b465ee728b) (PreviewImporter) -> (artifact id: '6171eab59281b5e953f6e68336447fdb') in 0.0141259 seconds
Number of updated asset objects reloaded before import = 0Number of asset objects unloaded after import = 7

========================================================================
Received Import Request.
  Time since last request: 0.000024 seconds.
  path: Assets/Resource/PackageResource/JC_LP_MegaCity/Models/IndustrialProps/SM_IndustrialProps_TowerCrane_01-2.fbx
  artifactKey: Guid(ad4b412af748c5448b3b6ad970e9c2b0) Importer(815301076,1909f56bfc062723c751e8b465ee728b)
Start importing Assets/Resource/PackageResource/JC_LP_MegaCity/Models/IndustrialProps/SM_IndustrialProps_TowerCrane_01-2.fbx using Guid(ad4b412af748c5448b3b6ad970e9c2b0) Importer(815301076,1909f56bfc062723c751e8b465ee728b) (PreviewImporter) -> (artifact id: 'a81e956841e0e5e5a9561c1ba968c812') in 0.0123036 seconds
Number of updated asset objects reloaded before import = 0Number of asset objects unloaded after import = 7

========================================================================
Received Import Request.
  Time since last request: 0.000039 seconds.
  path: Assets/Resource/PackageResource/JC_LP_MegaCity/Models/Nature/SM_Nature_Landscape_05.fbx
  artifactKey: Guid(7e7e3d4b8f8dd514887a2c648a02217e) Importer(815301076,1909f56bfc062723c751e8b465ee728b)
Start importing Assets/Resource/PackageResource/JC_LP_MegaCity/Models/Nature/SM_Nature_Landscape_05.fbx using Guid(7e7e3d4b8f8dd514887a2c648a02217e) Importer(815301076,1909f56bfc062723c751e8b465ee728b) (PreviewImporter) -> (artifact id: '609cb1d067608ff31ce5081a7fd3b5b2') in 0.0150679 seconds
Number of updated asset objects reloaded before import = 0Number of asset objects unloaded after import = 7

========================================================================
Received Import Request.
  Time since last request: 0.000026 seconds.
  path: Assets/Resource/PackageResource/JC_LP_MegaCity/Models/Nature/SM_Nature_Landscape_04.fbx
  artifactKey: Guid(abfedbe8dc098e74cad00dbdf55347ae) Importer(815301076,1909f56bfc062723c751e8b465ee728b)
Start importing Assets/Resource/PackageResource/JC_LP_MegaCity/Models/Nature/SM_Nature_Landscape_04.fbx using Guid(abfedbe8dc098e74cad00dbdf55347ae) Importer(815301076,1909f56bfc062723c751e8b465ee728b) (PreviewImporter) -> (artifact id: 'f59a020c27ec8b77103afae8fc58b3b1') in 0.0140803 seconds
Number of updated asset objects reloaded before import = 0Number of asset objects unloaded after import = 7

========================================================================
Received Import Request.
  Time since last request: 0.000021 seconds.
  path: Assets/Resource/PackageResource/JC_LP_MegaCity/Models/Floor/SM_Floor_Park_01.fbx
  artifactKey: Guid(e2885e53c29a0a34c801780ac6607df8) Importer(815301076,1909f56bfc062723c751e8b465ee728b)
Start importing Assets/Resource/PackageResource/JC_LP_MegaCity/Models/Floor/SM_Floor_Park_01.fbx using Guid(e2885e53c29a0a34c801780ac6607df8) Importer(815301076,1909f56bfc062723c751e8b465ee728b) (PreviewImporter) -> (artifact id: 'e509769ec7e4472e38e2bbac422cec70') in 0.0285318 seconds
Number of updated asset objects reloaded before import = 0Number of asset objects unloaded after import = 7

========================================================================
Received Import Request.
  Time since last request: 0.000036 seconds.
  path: Assets/Resource/PackageResource/JC_LP_MegaCity/Models/Floor/SM_Floor_Metro_10.fbx
  artifactKey: Guid(2b8379eeff609b448aee98cce375b46b) Importer(815301076,1909f56bfc062723c751e8b465ee728b)
Start importing Assets/Resource/PackageResource/JC_LP_MegaCity/Models/Floor/SM_Floor_Metro_10.fbx using Guid(2b8379eeff609b448aee98cce375b46b) Importer(815301076,1909f56bfc062723c751e8b465ee728b) (PreviewImporter) -> (artifact id: '43683d2aa5f063a04a53c9dcf62c1a1b') in 0.0203593 seconds
Number of updated asset objects reloaded before import = 0Number of asset objects unloaded after import = 7

========================================================================
Received Import Request.
  Time since last request: 0.000032 seconds.
  path: Assets/Resource/PackageResource/JC_LP_MegaCity/Models/Floor/SM_Floor_Metro_02.fbx
  artifactKey: Guid(f2424a4eb4d7f3c4e97a3e32dd5a9f3e) Importer(815301076,1909f56bfc062723c751e8b465ee728b)
Start importing Assets/Resource/PackageResource/JC_LP_MegaCity/Models/Floor/SM_Floor_Metro_02.fbx using Guid(f2424a4eb4d7f3c4e97a3e32dd5a9f3e) Importer(815301076,1909f56bfc062723c751e8b465ee728b) (PreviewImporter) -> (artifact id: 'b50dec452d58f54d785e219465aae282') in 0.0160524 seconds
Number of updated asset objects reloaded before import = 0Number of asset objects unloaded after import = 7

========================================================================
Received Import Request.
  Time since last request: 0.000037 seconds.
  path: Assets/Resource/PackageResource/JC_LP_MegaCity/Models/Floor/SM_Floor_Metro_07.fbx
  artifactKey: Guid(633da80b673471e49a22f85e2af09be3) Importer(815301076,1909f56bfc062723c751e8b465ee728b)
Start importing Assets/Resource/PackageResource/JC_LP_MegaCity/Models/Floor/SM_Floor_Metro_07.fbx using Guid(633da80b673471e49a22f85e2af09be3) Importer(815301076,1909f56bfc062723c751e8b465ee728b) (PreviewImporter) -> (artifact id: 'a17f5b9946cae3f8e09c207944001465') in 0.0190977 seconds
Number of updated asset objects reloaded before import = 0Number of asset objects unloaded after import = 7

========================================================================
Received Import Request.
  Time since last request: 0.000045 seconds.
  path: Assets/Resource/PackageResource/JC_LP_MegaCity/Models/Nature/SM_Nature_Landscape_01.fbx
  artifactKey: Guid(8a4168ec04e085c4ca39d9ea6b12e461) Importer(815301076,1909f56bfc062723c751e8b465ee728b)
Start importing Assets/Resource/PackageResource/JC_LP_MegaCity/Models/Nature/SM_Nature_Landscape_01.fbx using Guid(8a4168ec04e085c4ca39d9ea6b12e461) Importer(815301076,1909f56bfc062723c751e8b465ee728b) (PreviewImporter) -> (artifact id: 'b67193ed5e4e6a4ddbf6198ab6df8c89') in 0.0169233 seconds
Number of updated asset objects reloaded before import = 0Number of asset objects unloaded after import = 7

========================================================================
Received Import Request.
  Time since last request: 0.000044 seconds.
  path: Assets/Resource/PackageResource/JC_LP_MegaCity/Models/Floor/SM_Floor_Port_01.fbx
  artifactKey: Guid(c9be453e17d87f44bb8cc785b25632c9) Importer(815301076,1909f56bfc062723c751e8b465ee728b)
Start importing Assets/Resource/PackageResource/JC_LP_MegaCity/Models/Floor/SM_Floor_Port_01.fbx using Guid(c9be453e17d87f44bb8cc785b25632c9) Importer(815301076,1909f56bfc062723c751e8b465ee728b) (PreviewImporter) -> (artifact id: '25f04e19feee51d3e5919b632e89938d') in 0.014993 seconds
Number of updated asset objects reloaded before import = 0Number of asset objects unloaded after import = 7

========================================================================
Received Import Request.
  Time since last request: 0.000035 seconds.
  path: Assets/Resource/PackageResource/JC_LP_MegaCity/Models/IndustrialProps/SM_IndustrialProps_Wheel_01.fbx
  artifactKey: Guid(042a7228a90a1984699b7024ff6a8888) Importer(815301076,1909f56bfc062723c751e8b465ee728b)
Start importing Assets/Resource/PackageResource/JC_LP_MegaCity/Models/IndustrialProps/SM_IndustrialProps_Wheel_01.fbx using Guid(042a7228a90a1984699b7024ff6a8888) Importer(815301076,1909f56bfc062723c751e8b465ee728b) (PreviewImporter) -> (artifact id: '54dc2edaff9044c2732ccababa3659d0') in 0.0191452 seconds
Number of updated asset objects reloaded before import = 0Number of asset objects unloaded after import = 7

========================================================================
Received Import Request.
  Time since last request: 0.000024 seconds.
  path: Assets/Resource/PackageResource/JC_LP_MegaCity/Models/IndustrialProps/SM_IndustrialProps_WC_01.fbx
  artifactKey: Guid(3a5fc4ddfe917c645937c89cad693d93) Importer(815301076,1909f56bfc062723c751e8b465ee728b)
Start importing Assets/Resource/PackageResource/JC_LP_MegaCity/Models/IndustrialProps/SM_IndustrialProps_WC_01.fbx using Guid(3a5fc4ddfe917c645937c89cad693d93) Importer(815301076,1909f56bfc062723c751e8b465ee728b) (PreviewImporter) -> (artifact id: '9b1cb77ffbe8d38a164be7287d403aa0') in 0.0158398 seconds
Number of updated asset objects reloaded before import = 0Number of asset objects unloaded after import = 7

========================================================================
Received Import Request.
  Time since last request: 0.000037 seconds.
  path: Assets/Resource/PackageResource/JC_LP_MegaCity/Models/Nature/SM_Nature_Grass_01.fbx
  artifactKey: Guid(509d45009715c9b43b0388aea170fdc0) Importer(815301076,1909f56bfc062723c751e8b465ee728b)
Start importing Assets/Resource/PackageResource/JC_LP_MegaCity/Models/Nature/SM_Nature_Grass_01.fbx using Guid(509d45009715c9b43b0388aea170fdc0) Importer(815301076,1909f56bfc062723c751e8b465ee728b) (PreviewImporter) -> (artifact id: '1cfa4c913d1ab76f7570dacfd6643b55') in 0.030012 seconds
Number of updated asset objects reloaded before import = 0Number of asset objects unloaded after import = 15

========================================================================
Received Import Request.
  Time since last request: 0.000030 seconds.
  path: Assets/Resource/PackageResource/JC_LP_MegaCity/Models/Floor/SM_Floor_Road_01_L.fbx
  artifactKey: Guid(bbc9cb2c72fa9ef4aacb4f57f10ff368) Importer(815301076,1909f56bfc062723c751e8b465ee728b)
Start importing Assets/Resource/PackageResource/JC_LP_MegaCity/Models/Floor/SM_Floor_Road_01_L.fbx using Guid(bbc9cb2c72fa9ef4aacb4f57f10ff368) Importer(815301076,1909f56bfc062723c751e8b465ee728b) (PreviewImporter) -> (artifact id: '4c3e56fd81380a8c7bf0a72c193bd8ed') in 0.0154255 seconds
Number of updated asset objects reloaded before import = 0Number of asset objects unloaded after import = 7

========================================================================
Received Import Request.
  Time since last request: 0.000033 seconds.
  path: Assets/Resource/PackageResource/JC_LP_MegaCity/Models/Floor/SM_Floor_Metro_06.fbx
  artifactKey: Guid(3e295e0c0f6fca64389c110ea1685ede) Importer(815301076,1909f56bfc062723c751e8b465ee728b)
Start importing Assets/Resource/PackageResource/JC_LP_MegaCity/Models/Floor/SM_Floor_Metro_06.fbx using Guid(3e295e0c0f6fca64389c110ea1685ede) Importer(815301076,1909f56bfc062723c751e8b465ee728b) (PreviewImporter) -> (artifact id: '773d683758c11978e37b8b55f79da453') in 0.0185785 seconds
Number of updated asset objects reloaded before import = 0Number of asset objects unloaded after import = 7

========================================================================
Received Import Request.
  Time since last request: 0.000039 seconds.
  path: Assets/Resource/PackageResource/JC_LP_MegaCity/Models/Floor/SM_Floor_Parking_05.fbx
  artifactKey: Guid(45ed6ad408bf76241975fdfd47c02498) Importer(815301076,1909f56bfc062723c751e8b465ee728b)
Start importing Assets/Resource/PackageResource/JC_LP_MegaCity/Models/Floor/SM_Floor_Parking_05.fbx using Guid(45ed6ad408bf76241975fdfd47c02498) Importer(815301076,1909f56bfc062723c751e8b465ee728b) (PreviewImporter) -> (artifact id: 'e1f76e1aa7ae5a6ef81ed23c0e7d1ae3') in 0.0139839 seconds
Number of updated asset objects reloaded before import = 0Number of asset objects unloaded after import = 7

========================================================================
Received Import Request.
  Time since last request: 0.000024 seconds.
  path: Assets/Resource/PackageResource/JC_LP_MegaCity/Models/Nature/SM_Nature_Landscape_02.fbx
  artifactKey: Guid(3f454a6180a6aae468ced0f708e89257) Importer(815301076,1909f56bfc062723c751e8b465ee728b)
Start importing Assets/Resource/PackageResource/JC_LP_MegaCity/Models/Nature/SM_Nature_Landscape_02.fbx using Guid(3f454a6180a6aae468ced0f708e89257) Importer(815301076,1909f56bfc062723c751e8b465ee728b) (PreviewImporter) -> (artifact id: '52bd9bbf93665516a81b3ab909e14d65') in 0.0137447 seconds
Number of updated asset objects reloaded before import = 0Number of asset objects unloaded after import = 7

========================================================================
Received Import Request.
  Time since last request: 0.000038 seconds.
  path: Assets/Resource/PackageResource/JC_LP_MegaCity/Models/Floor/SM_Floor_Railway_02.fbx
  artifactKey: Guid(a5bc5c5bca709944c8d4ef7934928a0c) Importer(815301076,1909f56bfc062723c751e8b465ee728b)
Start importing Assets/Resource/PackageResource/JC_LP_MegaCity/Models/Floor/SM_Floor_Railway_02.fbx using Guid(a5bc5c5bca709944c8d4ef7934928a0c) Importer(815301076,1909f56bfc062723c751e8b465ee728b) (PreviewImporter) -> (artifact id: '1bbeee3109ae8805051e2f03fbda7333') in 0.0112264 seconds
Number of updated asset objects reloaded before import = 0Number of asset objects unloaded after import = 7

========================================================================
Received Import Request.
  Time since last request: 0.000044 seconds.
  path: Assets/Resource/PackageResource/JC_LP_MegaCity/Models/Floor/SM_Floor_Metro_12.fbx
  artifactKey: Guid(ed814cbcf410ad44987b2824770d2f9a) Importer(815301076,1909f56bfc062723c751e8b465ee728b)
Start importing Assets/Resource/PackageResource/JC_LP_MegaCity/Models/Floor/SM_Floor_Metro_12.fbx using Guid(ed814cbcf410ad44987b2824770d2f9a) Importer(815301076,1909f56bfc062723c751e8b465ee728b) (PreviewImporter) -> (artifact id: 'e3f4ecb1d6468abec585a813279bbc52') in 0.0132839 seconds
Number of updated asset objects reloaded before import = 0Number of asset objects unloaded after import = 7

========================================================================
Received Import Request.
  Time since last request: 0.000028 seconds.
  path: Assets/Resource/PackageResource/JC_LP_MegaCity/Models/IndustrialProps/SM_IndustrialProps_Wheel_02.fbx
  artifactKey: Guid(d47fa41e81b90dd468dab296b5e871f0) Importer(815301076,1909f56bfc062723c751e8b465ee728b)
Start importing Assets/Resource/PackageResource/JC_LP_MegaCity/Models/IndustrialProps/SM_IndustrialProps_Wheel_02.fbx using Guid(d47fa41e81b90dd468dab296b5e871f0) Importer(815301076,1909f56bfc062723c751e8b465ee728b) (PreviewImporter) -> (artifact id: 'fd6a1643f568b71b5e0c008737661877') in 0.0144384 seconds
Number of updated asset objects reloaded before import = 0Number of asset objects unloaded after import = 7

========================================================================
Received Import Request.
  Time since last request: 0.000022 seconds.
  path: Assets/Resource/PackageResource/JC_LP_MegaCity/Models/Nature/SM_Nature_Landscape_10.fbx
  artifactKey: Guid(8164680fe4ffa024c8a35eca1752a639) Importer(815301076,1909f56bfc062723c751e8b465ee728b)
Start importing Assets/Resource/PackageResource/JC_LP_MegaCity/Models/Nature/SM_Nature_Landscape_10.fbx using Guid(8164680fe4ffa024c8a35eca1752a639) Importer(815301076,1909f56bfc062723c751e8b465ee728b) (PreviewImporter) -> (artifact id: '2746fb2be84d683ea15f18313015a06a') in 0.0153394 seconds
Number of updated asset objects reloaded before import = 0Number of asset objects unloaded after import = 7

========================================================================
Received Import Request.
  Time since last request: 0.000027 seconds.
  path: Assets/Resource/PackageResource/JC_LP_MegaCity/Models/Floor/SM_Floor_Road_01_M.fbx
  artifactKey: Guid(094f372fba2ee064096f9b0c0bf55845) Importer(815301076,1909f56bfc062723c751e8b465ee728b)
Start importing Assets/Resource/PackageResource/JC_LP_MegaCity/Models/Floor/SM_Floor_Road_01_M.fbx using Guid(094f372fba2ee064096f9b0c0bf55845) Importer(815301076,1909f56bfc062723c751e8b465ee728b) (PreviewImporter) -> (artifact id: '5521f50bb06bc7ef0035e3cdbae6e311') in 0.0124624 seconds
Number of updated asset objects reloaded before import = 0Number of asset objects unloaded after import = 7

Editor requested this worker to shutdown with reason: Scaling down because of idle timeout
AssetImportWorker is now disconnected from the server
Process exiting
Exiting without the bug reporter. Application will terminate with return code 0