[Licensing::Module] Trying to connect to existing licensing client channel...
[Licensing::IpcConnector] Successfully connected to: "LicenseClient-USER" at "2026-02-28T10:47:30.9084328Z"
Built from '6000.3/staging' branch; Version is '6000.3.9f1 (7a9955a4f2fa) revision 8034645'; Using compiler version '194234433'; Build Type 'Release'
OS: 'Windows 11  (10.0.26200) Core' Language: 'ko' Physical Memory: 32386 MB
BatchMode: 1, IsHumanControllingUs: 0, StartBugReporterOnCrash: 0, Is64bit: 1
System  architecture: x64
Process architecture: x64
Date: 2026-02-28T10:47:30Z

COMMAND LINE ARGUMENTS:
C:\Program Files\Unity\Hub\Editor\6000.3.9f1\Editor\Unity.exe
-adb2
-batchMode
-noUpm
-name
AssetImportWorker57
-projectPath
C:/Users/USER/Documents/GitHub/AR-ReversiProject
-logFile
Logs/AssetImportWorker57.log
-srvPort
58049
-job-worker-count
15
-background-job-worker-count
8
-gc-helper-count
1
-name
AssetImport
Successfully changed project path to: C:/Users/USER/Documents/GitHub/AR-ReversiProject
C:/Users/USER/Documents/GitHub/AR-ReversiProject
[UnityMemory] Configuration Parameters - Can be set up in boot.config
    "memorysetup-temp-allocator-size-nav-mesh-worker=65536"
    "memorysetup-temp-allocator-size-audio-worker=65536"
    "memorysetup-temp-allocator-size-gfx=262144"
    "memorysetup-allocator-temp-initial-block-size-main=262144"
    "memorysetup-allocator-temp-initial-block-size-worker=262144"
    "memorysetup-temp-allocator-size-background-worker=32768"
    "memorysetup-temp-allocator-size-job-worker=262144"
    "memorysetup-temp-allocator-size-preload-manager=33554432"
    "memorysetup-temp-allocator-size-gi-baking-worker=262144"
    "memorysetup-temp-allocator-size-gi-baking-worker=262144"
    "memorysetup-temp-allocator-size-gi-baking-worker=262144"
    "memorysetup-temp-allocator-size-gi-baking-worker=262144"
    "memorysetup-temp-allocator-size-gi-baking-worker=262144"
    "memorysetup-bucket-allocator-granularity=16"
    "memorysetup-bucket-allocator-bucket-count=8"
    "memorysetup-bucket-allocator-block-size=33554432"
    "memorysetup-bucket-allocator-block-count=8"
    "memorysetup-main-allocator-block-size=16777216"
    "memorysetup-thread-allocator-block-size=16777216"
    "memorysetup-gfx-main-allocator-block-size=16777216"
    "memorysetup-gfx-thread-allocator-block-size=16777216"
    "memorysetup-cache-allocator-block-size=4194304"
    "memorysetup-typetree-allocator-block-size=2097152"
    "memorysetup-profiler-bucket-allocator-granularity=16"
    "memorysetup-profiler-bucket-allocator-bucket-count=8"
    "memorysetup-profiler-bucket-allocator-block-size=33554432"
    "memorysetup-profiler-bucket-allocator-block-count=8"
    "memorysetup-profiler-allocator-block-size=16777216"
    "memorysetup-profiler-editor-allocator-block-size=1048576"
    "memorysetup-temp-allocator-size-main=16777216"
    "memorysetup-job-temp-allocator-block-size=2097152"
    "memorysetup-job-temp-allocator-block-size-background=1048576"
    "memorysetup-job-temp-allocator-reduction-small-platforms=262144"
    "memorysetup-temp-allocator-size-cloud-worker=32768"
Player connection [38348]  Target information:

Player connection [38348]  * "[IP] 172.30.1.55 [Port] 0 [Flags] 2 [Guid] 2478646669 [EditorId] 2478646669 [Version] 1048832 [Id] WindowsEditor(7,DESKTOP-BTF4SNP) [Debug] 1 [PackageName] WindowsEditor [ProjectName] Editor" 

Player connection [38348] Host joined multi-casting on [225.0.0.222:54997]...
Player connection [38348] Host joined alternative multi-casting on [225.0.0.222:34997]...
JobSystem: Creating JobQueue using job-worker-count value 15
Input System module state changed to: Initialized.
[Physics::Module] Initialized fallback backend.
[Physics::Module] Id: 0xdecafbad
Library Redirect Path: Library/
[Physics::Module] Selected backend.
[Physics::Module] Name: PhysX
[Physics::Module] Id: 0xf2b8ea05
[Physics::Module] SDK Version: 4.1.2
[Physics::Module] Integration Version: 1.0.0
[Physics::Module] Threading Mode: Multi-Threaded
Refreshing native plugins compatible for Editor in 19.54 ms, found 9 plugins.
Preloading 0 native plugins for Editor in 0.00 ms.
Initialize engine version: 6000.3.9f1 (7a9955a4f2fa)
[Subsystems] Discovering subsystems at path C:/Program Files/Unity/Hub/Editor/6000.3.9f1/Editor/Data/Resources/UnitySubsystems
[Subsystems] Discovering subsystems at path C:/Users/USER/Documents/GitHub/AR-ReversiProject/Assets
GfxDevice: creating device client; kGfxThreadingModeNonThreaded
Direct3D:
    Version:  Direct3D 11.0 [level 11.1]
    Renderer: NVIDIA GeForce RTX 4060 Laptop GPU (ID=0x28e0)
    Vendor:   NVIDIA
    VRAM:     7957 MB
    Driver:   32.0.15.6081
Initialize mono
Mono path[0] = 'C:/Program Files/Unity/Hub/Editor/6000.3.9f1/Editor/Data/Managed'
Mono path[1] = 'C:/Program Files/Unity/Hub/Editor/6000.3.9f1/Editor/Data/MonoBleedingEdge/lib/mono/unityjit-win32'
Mono config path = 'C:/Program Files/Unity/Hub/Editor/6000.3.9f1/Editor/Data/MonoBleedingEdge/etc'
Using monoOptions --debugger-agent=transport=dt_socket,embedding=1,server=y,suspend=n,address=127.0.0.1:56068
Begin MonoManager ReloadAssembly
[Licensing::Client] Handshaking with LicensingClient:
  Version:                 1.17.4+4293ba1
  Session Id:              55c892f6298c4ec9b5ab4a1eea5cbe56
  Correlation Id:          2e1677b044b26191d80a4bb1d64b199d
  External correlation Id: 6949322285398487373
  Machine Id:              dJ8Tfn01EciPmnYvmSiKPSjQkro=
[Licensing::Module] Successfully connected to LicensingClient on channel: "LicenseClient-USER" (connect: 0.00s, validation: 0.00s, handshake: 0.93s)
[Licensing::IpcConnector] Successfully connected to: "LicenseClient-USER-notifications" at "2026-02-28T10:47:31.8386744Z"
[Licensing::Module] Licensing Background thread has ended after 0.93s
Registering precompiled unity dll's ...
Register platform support module: C:/Program Files/Unity/Hub/Editor/6000.3.9f1/Editor/Data/PlaybackEngines/WebGLSupport/UnityEditor.WebGL.Extensions.dll
Register platform support module: C:/Program Files/Unity/Hub/Editor/6000.3.9f1/Editor/Data/PlaybackEngines/WindowsStandaloneSupport/UnityEditor.WindowsStandalone.Extensions.dll
Registered in 0.003343 seconds.
- Loaded All Assemblies, in  0.361 seconds
Native extension for WindowsStandalone target not found
Native extension for WebGL target not found
ScheduleIndexationOnStartup MainProcess:False IndexOnStartup:True
Mono: successfully reloaded assembly
- Finished resetting the current domain, in  0.334 seconds
Domain Reload Profiling: 692ms
	BeginReloadAssembly (132ms)
		ExecutionOrderSort (0ms)
		DisableScriptedObjects (0ms)
		BackupInstance (0ms)
		ReleaseScriptingObjects (0ms)
		CreateAndSetChildDomain (1ms)
	RebuildCommonClasses (29ms)
	RebuildNativeTypeToScriptingClass (10ms)
	initialDomainReloadingComplete (41ms)
	LoadAllAssembliesAndSetupDomain (145ms)
		LoadAssemblies (128ms)
		RebuildTransferFunctionScriptingTraits (0ms)
		AnalyzeDomain (142ms)
			TypeCache.Refresh (141ms)
				TypeCache.ScanAssembly (126ms)
			BuildScriptInfoCaches (0ms)
			ResolveRequiredComponents (0ms)
	FinalizeReload (334ms)
		ReleaseScriptCaches (0ms)
		RebuildScriptCaches (0ms)
		SetupLoadedEditorAssemblies (279ms)
			LogAssemblyErrors (0ms)
			InitializePlatformSupportModulesInManaged (46ms)
			SetLoadedEditorAssemblies (3ms)
			BeforeProcessingInitializeOnLoad (58ms)
			ProcessInitializeOnLoadAttributes (110ms)
			ProcessInitializeOnLoadMethodAttributes (62ms)
			AfterProcessingInitializeOnLoad (0ms)
			EditorAssembliesLoaded (0ms)
		ExecutionOrderSort2 (0ms)
		AwakeInstancesAfterBackupRestoration (0ms)
========================================================================
Worker process is ready to serve import requests
Import Worker Mode flag is 0x00
Begin MonoManager ReloadAssembly
[Licensing::Client] Successfully resolved entitlement details
[Licensing::Module] License group:
  Id: 14568654860447-UnityPersXXXX
  Product: Unity Personal
  Type: Assigned
  Expiration: Unlimited
- Loaded All Assemblies, in  0.891 seconds
'Assets/Photon/Fusion/Runtime/Fusion.Unity.cs' contains partial class of Unity.Object, exactly 1 of the partial classes needs to be in a file with the same filename. This is to know the one that can be referenced from ie. GameObjects
'Assets/Photon/Fusion/Runtime/Fusion.Unity.cs' contains partial class of Unity.Object, exactly 1 of the partial classes needs to be in a file with the same filename. This is to know the one that can be referenced from ie. GameObjects
Refreshing native plugins compatible for Editor in 8.28 ms, found 9 plugins.
Native extension for WindowsStandalone target not found
Native extension for WebGL target not found
Package Manager log level set to [2]
[Package Manager] Failed to launch server process. Reason: Unity was launched with the -noUpm command-line argument
[Package Manager] Unable to send message (not connected to server process).
[Package Manager] Cannot connect to Unity Package Manager local server
System.Exception: Error! Visual Scripting: couldn't find visual scripting package
  at Unity.VisualScripting.PackageVersionUtility.get_version () [0x00043] in .\Library\PackageCache\com.unity.visualscripting@191c0d7e3b69\Editor\VisualScripting.Core\Utilities\PackageVersionUtility.cs:31 
  at Unity.VisualScripting.BoltCoreManifest.get_version () [0x00000] in .\Library\PackageCache\com.unity.visualscripting@191c0d7e3b69\Editor\VisualScripting.Core\Plugin\BoltCoreManifest.cs:11 
  at Unity.VisualScripting.PluginManifest.get_currentVersion () [0x00000] in .\Library\PackageCache\com.unity.visualscripting@191c0d7e3b69\Editor\VisualScripting.Core\Plugins\PluginManifest.cs:33 
  at Unity.VisualScripting.PluginManifest.get_versionMismatch () [0x00000] in .\Library\PackageCache\com.unity.visualscripting@191c0d7e3b69\Editor\VisualScripting.Core\Plugins\PluginManifest.cs:48 
  at Unity.VisualScripting.PluginContainer.Initialize () [0x00525] in .\Library\PackageCache\com.unity.visualscripting@191c0d7e3b69\Editor\VisualScripting.Core\Plugins\PluginContainer.cs:208 
  at Unity.VisualScripting.PluginContainer.InitializeOnLoad () [0x00009] in .\Library\PackageCache\com.unity.visualscripting@191c0d7e3b69\Editor\VisualScripting.Core\Plugins\PluginContainer.cs:32 
  at Unity.VisualScripting.VSUsageUtility.DoInitializeOnLoadCalls () [0x00034] in .\Library\PackageCache\com.unity.visualscripting@191c0d7e3b69\Editor\VisualScripting.Core\Utilities\VSUsageUtility.cs:76 
  at Unity.VisualScripting.VSUsageUtility.set_isVisualScriptingUsed (System.Boolean value) [0x0002c] in .\Library\PackageCache\com.unity.visualscripting@191c0d7e3b69\Editor\VisualScripting.Core\Utilities\VSUsageUtility.cs:114 
  at Unity.VisualScripting.VSUsageUtility.CheckAndSetIsVisualScriptingUsed () [0x00032] in .\Library\PackageCache\com.unity.visualscripting@191c0d7e3b69\Editor\VisualScripting.Core\Utilities\VSUsageUtility.cs:48 
  at Unity.VisualScripting.VSUsageUtility..cctor () [0x00000] in .\Library\PackageCache\com.unity.visualscripting@191c0d7e3b69\Editor\VisualScripting.Core\Utilities\VSUsageUtility.cs:22 
UnityEngine.Debug:ExtractStackTraceNoAlloc (byte*,int,string)
UnityEngine.StackTraceUtility:ExtractStackTrace ()
UnityEngine.DebugLogHandler:Internal_Log (UnityEngine.LogType,UnityEngine.LogOption,string,UnityEngine.Object)
UnityEngine.DebugLogHandler:LogFormat (UnityEngine.LogType,UnityEngine.Object,string,object[])
UnityEngine.Logger:Log (UnityEngine.LogType,object)
UnityEngine.Debug:LogError (object)
UnityEditor.EditorAssemblies:ProcessInitializeOnLoadAttributes (System.Type[])

ScheduleIndexationOnStartup MainProcess:False IndexOnStartup:True
Mono: successfully reloaded assembly
- Finished resetting the current domain, in  1.480 seconds
Domain Reload Profiling: 2361ms
	BeginReloadAssembly (169ms)
		ExecutionOrderSort (0ms)
		DisableScriptedObjects (4ms)
		BackupInstance (0ms)
		ReleaseScriptingObjects (0ms)
		CreateAndSetChildDomain (21ms)
	RebuildCommonClasses (30ms)
	RebuildNativeTypeToScriptingClass (12ms)
	initialDomainReloadingComplete (49ms)
	LoadAllAssembliesAndSetupDomain (620ms)
		LoadAssemblies (478ms)
		RebuildTransferFunctionScriptingTraits (0ms)
		AnalyzeDomain (249ms)
			TypeCache.Refresh (178ms)
				TypeCache.ScanAssembly (162ms)
			BuildScriptInfoCaches (56ms)
			ResolveRequiredComponents (10ms)
	FinalizeReload (1481ms)
		ReleaseScriptCaches (0ms)
		RebuildScriptCaches (0ms)
		SetupLoadedEditorAssemblies (1313ms)
			LogAssemblyErrors (0ms)
			InitializePlatformSupportModulesInManaged (2ms)
			SetLoadedEditorAssemblies (3ms)
			BeforeProcessingInitializeOnLoad (121ms)
			ProcessInitializeOnLoadAttributes (950ms)
			ProcessInitializeOnLoadMethodAttributes (224ms)
			AfterProcessingInitializeOnLoad (12ms)
			EditorAssembliesLoaded (0ms)
		ExecutionOrderSort2 (0ms)
		AwakeInstancesAfterBackupRestoration (8ms)
Launched and connected shader compiler UnityShaderCompiler.exe after 0.02 seconds
Refreshing native plugins compatible for Editor in 13.77 ms, found 9 plugins.
Preloading 0 native plugins for Editor in 0.00 ms.
Unloading 16 Unused Serialized files (Serialized files now loaded: 0)
Unloading 7028 unused Assets / (3.5 MB). Loaded Objects now: 7945.
Memory consumption went from 309.0 MB to 305.5 MB.
Total: 20.365800 ms (FindLiveObjects: 1.019500 ms CreateObjectMapping: 0.438000 ms MarkObjects: 17.228900 ms  DeleteObjects: 1.677800 ms)

========================================================================
Received Import Request.
  Time since last request: 1386461.761624 seconds.
  path: Assets/Resource/PackageResource/JC_LP_MegaCity/Models/Buildings/SM_Buildings_Football_01_Door_L.fbx
  artifactKey: Guid(dbb681829895c204587f401fdf714aac) Importer(815301076,1909f56bfc062723c751e8b465ee728b)
Start importing Assets/Resource/PackageResource/JC_LP_MegaCity/Models/Buildings/SM_Buildings_Football_01_Door_L.fbx using Guid(dbb681829895c204587f401fdf714aac) Importer(815301076,1909f56bfc062723c751e8b465ee728b) (PreviewImporter) -> (artifact id: '0d48d570c178ab4dc920f91f5715af32') in 0.4650389 seconds
Number of updated asset objects reloaded before import = 0Number of asset objects unloaded after import = 7

========================================================================
Received Import Request.
  Time since last request: 0.000040 seconds.
  path: Assets/Resource/PackageResource/JC_LP_MegaCity/Models/Buildings/SM_Buildings_Port_04.fbx
  artifactKey: Guid(94f0b447f09a8d04ea487bc141ba4a96) Importer(815301076,1909f56bfc062723c751e8b465ee728b)
Start importing Assets/Resource/PackageResource/JC_LP_MegaCity/Models/Buildings/SM_Buildings_Port_04.fbx using Guid(94f0b447f09a8d04ea487bc141ba4a96) Importer(815301076,1909f56bfc062723c751e8b465ee728b) (PreviewImporter) -> (artifact id: 'e8cfceb6a9b8c5d3eb23752845deaed7') in 0.0139507 seconds
Number of updated asset objects reloaded before import = 0Number of asset objects unloaded after import = 7

========================================================================
Received Import Request.
  Time since last request: 0.000040 seconds.
  path: Assets/Resource/PackageResource/JC_LP_MegaCity/Models/Buildings/SM_Buildings_House_06_V4.fbx
  artifactKey: Guid(5354570bacfaeef4aab0a762d2fd92dc) Importer(815301076,1909f56bfc062723c751e8b465ee728b)
Start importing Assets/Resource/PackageResource/JC_LP_MegaCity/Models/Buildings/SM_Buildings_House_06_V4.fbx using Guid(5354570bacfaeef4aab0a762d2fd92dc) Importer(815301076,1909f56bfc062723c751e8b465ee728b) (PreviewImporter) -> (artifact id: '7455169309f5db613205a4c73a549648') in 0.0156202 seconds
Number of updated asset objects reloaded before import = 0Number of asset objects unloaded after import = 7

========================================================================
Received Import Request.
  Time since last request: 0.000030 seconds.
  path: Assets/Resource/PackageResource/JC_LP_MegaCity/Models/FloorProps/SM_FloorProps_RoadSign_36.fbx
  artifactKey: Guid(119e7ee05483d3e4fa46e9483a163d7c) Importer(815301076,1909f56bfc062723c751e8b465ee728b)
Start importing Assets/Resource/PackageResource/JC_LP_MegaCity/Models/FloorProps/SM_FloorProps_RoadSign_36.fbx using Guid(119e7ee05483d3e4fa46e9483a163d7c) Importer(815301076,1909f56bfc062723c751e8b465ee728b) (PreviewImporter) -> (artifact id: '4aeaf7d429f824f4cc9a5d4610e6ec2e') in 0.0120425 seconds
Number of updated asset objects reloaded before import = 0Number of asset objects unloaded after import = 7

========================================================================
Received Import Request.
  Time since last request: 0.000034 seconds.
  path: Assets/Resource/PackageResource/JC_LP_MegaCity/Models/Buildings/SM_Buildings_House_08_Door_L.fbx
  artifactKey: Guid(36fc76bd1fedfc94c94c51e2c3ae679f) Importer(815301076,1909f56bfc062723c751e8b465ee728b)
Start importing Assets/Resource/PackageResource/JC_LP_MegaCity/Models/Buildings/SM_Buildings_House_08_Door_L.fbx using Guid(36fc76bd1fedfc94c94c51e2c3ae679f) Importer(815301076,1909f56bfc062723c751e8b465ee728b) (PreviewImporter) -> (artifact id: 'c194c3f62ccdf8c8ec422598f99f0cf2') in 0.0126009 seconds
Number of updated asset objects reloaded before import = 0Number of asset objects unloaded after import = 7

========================================================================
Received Import Request.
  Time since last request: 0.000042 seconds.
  path: Assets/Resource/PackageResource/JC_LP_MegaCity/Models/FloorProps/SM_FloorProps_RoadSign_30.fbx
  artifactKey: Guid(58caafdca3a1d624585a909aede211ab) Importer(815301076,1909f56bfc062723c751e8b465ee728b)
Start importing Assets/Resource/PackageResource/JC_LP_MegaCity/Models/FloorProps/SM_FloorProps_RoadSign_30.fbx using Guid(58caafdca3a1d624585a909aede211ab) Importer(815301076,1909f56bfc062723c751e8b465ee728b) (PreviewImporter) -> (artifact id: 'f62b626ed4492ed5905082d79460e78a') in 0.0143657 seconds
Number of updated asset objects reloaded before import = 0Number of asset objects unloaded after import = 7

========================================================================
Received Import Request.
  Time since last request: 0.000021 seconds.
  path: Assets/Resource/PackageResource/JC_LP_MegaCity/Models/FloorProps/SM_FloorProps_RoadSign_39.fbx
  artifactKey: Guid(1a2ade17bce02344a996f1cdd51ccf92) Importer(815301076,1909f56bfc062723c751e8b465ee728b)
Start importing Assets/Resource/PackageResource/JC_LP_MegaCity/Models/FloorProps/SM_FloorProps_RoadSign_39.fbx using Guid(1a2ade17bce02344a996f1cdd51ccf92) Importer(815301076,1909f56bfc062723c751e8b465ee728b) (PreviewImporter) -> (artifact id: 'b666f89f8839432e73a7202ac1753f88') in 0.0160918 seconds
Number of updated asset objects reloaded before import = 0Number of asset objects unloaded after import = 7

========================================================================
Received Import Request.
  Time since last request: 0.000025 seconds.
  path: Assets/Resource/PackageResource/JC_LP_MegaCity/Models/Buildings/SM_Buildings_House_08_V2.fbx
  artifactKey: Guid(d2f86771778a84c4a86ca31ed75a7776) Importer(815301076,1909f56bfc062723c751e8b465ee728b)
Start importing Assets/Resource/PackageResource/JC_LP_MegaCity/Models/Buildings/SM_Buildings_House_08_V2.fbx using Guid(d2f86771778a84c4a86ca31ed75a7776) Importer(815301076,1909f56bfc062723c751e8b465ee728b) (PreviewImporter) -> (artifact id: '9c814369c7a013faace245921e742834') in 0.0152218 seconds
Number of updated asset objects reloaded before import = 0Number of asset objects unloaded after import = 7

========================================================================
Received Import Request.
  Time since last request: 0.000040 seconds.
  path: Assets/Resource/PackageResource/JC_LP_MegaCity/Models/Buildings/SM_Buildings_Office_08_Door_R.fbx
  artifactKey: Guid(af9bcc51d131a824194d5236353f71e9) Importer(815301076,1909f56bfc062723c751e8b465ee728b)
Start importing Assets/Resource/PackageResource/JC_LP_MegaCity/Models/Buildings/SM_Buildings_Office_08_Door_R.fbx using Guid(af9bcc51d131a824194d5236353f71e9) Importer(815301076,1909f56bfc062723c751e8b465ee728b) (PreviewImporter) -> (artifact id: 'feadd11c78b2017d2f224f66a73b167f') in 0.0130038 seconds
Number of updated asset objects reloaded before import = 0Number of asset objects unloaded after import = 7

========================================================================
Received Import Request.
  Time since last request: 0.000027 seconds.
  path: Assets/Resource/PackageResource/JC_LP_MegaCity/Models/Buildings/SM_Buildings_Railway_01_Door_R.fbx
  artifactKey: Guid(2b13805421507e0468c44c6d763da8c9) Importer(815301076,1909f56bfc062723c751e8b465ee728b)
Start importing Assets/Resource/PackageResource/JC_LP_MegaCity/Models/Buildings/SM_Buildings_Railway_01_Door_R.fbx using Guid(2b13805421507e0468c44c6d763da8c9) Importer(815301076,1909f56bfc062723c751e8b465ee728b) (PreviewImporter) -> (artifact id: '5895dfe87fa54c5c381a367fe810e4ed') in 0.0120489 seconds
Number of updated asset objects reloaded before import = 0Number of asset objects unloaded after import = 7

========================================================================
Received Import Request.
  Time since last request: 0.000027 seconds.
  path: Assets/Resource/PackageResource/JC_LP_MegaCity/Models/FloorProps/SM_FloorProps_RoadSign_31.fbx
  artifactKey: Guid(d6936c71f0e315645923644731e36175) Importer(815301076,1909f56bfc062723c751e8b465ee728b)
Start importing Assets/Resource/PackageResource/JC_LP_MegaCity/Models/FloorProps/SM_FloorProps_RoadSign_31.fbx using Guid(d6936c71f0e315645923644731e36175) Importer(815301076,1909f56bfc062723c751e8b465ee728b) (PreviewImporter) -> (artifact id: '044990ff95a5e82bcf93fb2252759587') in 0.0147288 seconds
Number of updated asset objects reloaded before import = 0Number of asset objects unloaded after import = 7

========================================================================
Received Import Request.
  Time since last request: 0.000032 seconds.
  path: Assets/Resource/PackageResource/JC_LP_MegaCity/Models/FloorProps/SM_FloorProps_TrafficLight_01.fbx
  artifactKey: Guid(815bd92ed114a17499c5ad8f9ad90de1) Importer(815301076,1909f56bfc062723c751e8b465ee728b)
Start importing Assets/Resource/PackageResource/JC_LP_MegaCity/Models/FloorProps/SM_FloorProps_TrafficLight_01.fbx using Guid(815bd92ed114a17499c5ad8f9ad90de1) Importer(815301076,1909f56bfc062723c751e8b465ee728b) (PreviewImporter) -> (artifact id: '548d050110da69fff3c950ea0465eb39') in 0.01281 seconds
Number of updated asset objects reloaded before import = 0Number of asset objects unloaded after import = 7

========================================================================
Received Import Request.
  Time since last request: 0.000022 seconds.
  path: Assets/Resource/PackageResource/JC_LP_MegaCity/Models/Buildings/SM_Buildings_House_05_V2.fbx
  artifactKey: Guid(8825e75e629933e469b5bbf7e905201a) Importer(815301076,1909f56bfc062723c751e8b465ee728b)
Start importing Assets/Resource/PackageResource/JC_LP_MegaCity/Models/Buildings/SM_Buildings_House_05_V2.fbx using Guid(8825e75e629933e469b5bbf7e905201a) Importer(815301076,1909f56bfc062723c751e8b465ee728b) (PreviewImporter) -> (artifact id: '834a5ff98a8308c9d9988e03c6e0e194') in 0.0143723 seconds
Number of updated asset objects reloaded before import = 0Number of asset objects unloaded after import = 7

========================================================================
Received Import Request.
  Time since last request: 0.000034 seconds.
  path: Assets/Resource/PackageResource/JC_LP_MegaCity/Models/Buildings/SM_Buildings_House_06_V3.fbx
  artifactKey: Guid(abff4810db7ab7d419f931d796762c9e) Importer(815301076,1909f56bfc062723c751e8b465ee728b)
Start importing Assets/Resource/PackageResource/JC_LP_MegaCity/Models/Buildings/SM_Buildings_House_06_V3.fbx using Guid(abff4810db7ab7d419f931d796762c9e) Importer(815301076,1909f56bfc062723c751e8b465ee728b) (PreviewImporter) -> (artifact id: '75474bd71b6b76aa4886d99ac0953369') in 0.0140674 seconds
Number of updated asset objects reloaded before import = 0Number of asset objects unloaded after import = 7

========================================================================
Received Import Request.
  Time since last request: 0.000030 seconds.
  path: Assets/Resource/PackageResource/JC_LP_MegaCity/Models/Food/SM_Food_Apple_02.fbx
  artifactKey: Guid(c7bfc58df3e2ac84ba52f141593e021a) Importer(815301076,1909f56bfc062723c751e8b465ee728b)
Start importing Assets/Resource/PackageResource/JC_LP_MegaCity/Models/Food/SM_Food_Apple_02.fbx using Guid(c7bfc58df3e2ac84ba52f141593e021a) Importer(815301076,1909f56bfc062723c751e8b465ee728b) (PreviewImporter) -> (artifact id: '21daef76021c890423bb5d070d83a8c5') in 0.0118079 seconds
Number of updated asset objects reloaded before import = 0Number of asset objects unloaded after import = 7

========================================================================
Received Import Request.
  Time since last request: 0.000025 seconds.
  path: Assets/Resource/PackageResource/JC_LP_MegaCity/Models/Food/SM_Food_Apple_01.fbx
  artifactKey: Guid(847760c4c59c6c647b343fb59f48cea1) Importer(815301076,1909f56bfc062723c751e8b465ee728b)
Start importing Assets/Resource/PackageResource/JC_LP_MegaCity/Models/Food/SM_Food_Apple_01.fbx using Guid(847760c4c59c6c647b343fb59f48cea1) Importer(815301076,1909f56bfc062723c751e8b465ee728b) (PreviewImporter) -> (artifact id: '5f456327274aff5d1061c1aad8685f95') in 0.0149814 seconds
Number of updated asset objects reloaded before import = 0Number of asset objects unloaded after import = 7

========================================================================
Received Import Request.
  Time since last request: 0.000028 seconds.
  path: Assets/Resource/PackageResource/JC_LP_MegaCity/Models/Buildings/SM_Buildings_House_04_V2.fbx
  artifactKey: Guid(4dd69900b74cab142bf4fc678a8d72dd) Importer(815301076,1909f56bfc062723c751e8b465ee728b)
Start importing Assets/Resource/PackageResource/JC_LP_MegaCity/Models/Buildings/SM_Buildings_House_04_V2.fbx using Guid(4dd69900b74cab142bf4fc678a8d72dd) Importer(815301076,1909f56bfc062723c751e8b465ee728b) (PreviewImporter) -> (artifact id: '315504ff0f2978c6ea397f4e20183140') in 0.0182141 seconds
Number of updated asset objects reloaded before import = 0Number of asset objects unloaded after import = 7

========================================================================
Received Import Request.
  Time since last request: 0.000043 seconds.
  path: Assets/Resource/PackageResource/JC_LP_MegaCity/Models/FloorProps/SM_FloorProps_RoadSign_32.fbx
  artifactKey: Guid(1a12491a6f3661548babe36276f41ccd) Importer(815301076,1909f56bfc062723c751e8b465ee728b)
Start importing Assets/Resource/PackageResource/JC_LP_MegaCity/Models/FloorProps/SM_FloorProps_RoadSign_32.fbx using Guid(1a12491a6f3661548babe36276f41ccd) Importer(815301076,1909f56bfc062723c751e8b465ee728b) (PreviewImporter) -> (artifact id: '4c74e216c90a49a7368f5007801aa4bf') in 0.0148896 seconds
Number of updated asset objects reloaded before import = 0Number of asset objects unloaded after import = 7

========================================================================
Received Import Request.
  Time since last request: 0.000023 seconds.
  path: Assets/Resource/PackageResource/JC_LP_MegaCity/Models/Buildings/SM_Buildings_Gas_Station_03.fbx
  artifactKey: Guid(26dcc01f41b607d40a999ffd5b706fa8) Importer(815301076,1909f56bfc062723c751e8b465ee728b)
Start importing Assets/Resource/PackageResource/JC_LP_MegaCity/Models/Buildings/SM_Buildings_Gas_Station_03.fbx using Guid(26dcc01f41b607d40a999ffd5b706fa8) Importer(815301076,1909f56bfc062723c751e8b465ee728b) (PreviewImporter) -> (artifact id: '2378f52988da7560f23aa13db3b3f266') in 0.0160904 seconds
Number of updated asset objects reloaded before import = 0Number of asset objects unloaded after import = 7

========================================================================
Received Import Request.
  Time since last request: 0.000036 seconds.
  path: Assets/Resource/PackageResource/JC_LP_MegaCity/Models/Buildings/SM_Buildings_House_05_V1.fbx
  artifactKey: Guid(16d9d95a4b7813941a982eae6f53b164) Importer(815301076,1909f56bfc062723c751e8b465ee728b)
Start importing Assets/Resource/PackageResource/JC_LP_MegaCity/Models/Buildings/SM_Buildings_House_05_V1.fbx using Guid(16d9d95a4b7813941a982eae6f53b164) Importer(815301076,1909f56bfc062723c751e8b465ee728b) (PreviewImporter) -> (artifact id: 'ddb69d1be4c1f58705bf07acb1d4af95') in 0.0165976 seconds
Number of updated asset objects reloaded before import = 0Number of asset objects unloaded after import = 7

========================================================================
Received Import Request.
  Time since last request: 0.000036 seconds.
  path: Assets/Resource/PackageResource/JC_LP_MegaCity/Models/Buildings/SM_Buildings_School_01_Door_L.fbx
  artifactKey: Guid(4ef0e413020f11e47a4eff7f39f7b2a2) Importer(815301076,1909f56bfc062723c751e8b465ee728b)
Start importing Assets/Resource/PackageResource/JC_LP_MegaCity/Models/Buildings/SM_Buildings_School_01_Door_L.fbx using Guid(4ef0e413020f11e47a4eff7f39f7b2a2) Importer(815301076,1909f56bfc062723c751e8b465ee728b) (PreviewImporter) -> (artifact id: '624b61b7a1c5dd45101dc9de9bf34944') in 0.0119012 seconds
Number of updated asset objects reloaded before import = 0Number of asset objects unloaded after import = 7

========================================================================
Received Import Request.
  Time since last request: 0.000019 seconds.
  path: Assets/Resource/PackageResource/JC_LP_MegaCity/Models/Buildings/SM_Buildings_House_08_Door_R.fbx
  artifactKey: Guid(abfbe3cb18008c94ba4c2d9f265cb311) Importer(815301076,1909f56bfc062723c751e8b465ee728b)
Start importing Assets/Resource/PackageResource/JC_LP_MegaCity/Models/Buildings/SM_Buildings_House_08_Door_R.fbx using Guid(abfbe3cb18008c94ba4c2d9f265cb311) Importer(815301076,1909f56bfc062723c751e8b465ee728b) (PreviewImporter) -> (artifact id: 'ada842f8fee1dfce9f06635dab02a349') in 0.0098797 seconds
Number of updated asset objects reloaded before import = 0Number of asset objects unloaded after import = 7

========================================================================
Received Import Request.
  Time since last request: 0.000020 seconds.
  path: Assets/Resource/PackageResource/JC_LP_MegaCity/Models/Food/SM_Food_Banana_01.fbx
  artifactKey: Guid(5a97ffe2a6ed5ad408bed56176bc7e44) Importer(815301076,1909f56bfc062723c751e8b465ee728b)
Start importing Assets/Resource/PackageResource/JC_LP_MegaCity/Models/Food/SM_Food_Banana_01.fbx using Guid(5a97ffe2a6ed5ad408bed56176bc7e44) Importer(815301076,1909f56bfc062723c751e8b465ee728b) (PreviewImporter) -> (artifact id: 'fb5e23153342b39ef58019cb5ad1d3f7') in 0.0112098 seconds
Number of updated asset objects reloaded before import = 0Number of asset objects unloaded after import = 7

========================================================================
Received Import Request.
  Time since last request: 0.000023 seconds.
  path: Assets/Resource/PackageResource/JC_LP_MegaCity/Models/Buildings/SM_Buildings_Gas_Station_Door.fbx
  artifactKey: Guid(bf229bce6fab8934bbf034db1acdac47) Importer(815301076,1909f56bfc062723c751e8b465ee728b)
Start importing Assets/Resource/PackageResource/JC_LP_MegaCity/Models/Buildings/SM_Buildings_Gas_Station_Door.fbx using Guid(bf229bce6fab8934bbf034db1acdac47) Importer(815301076,1909f56bfc062723c751e8b465ee728b) (PreviewImporter) -> (artifact id: '97a131be2e048089dd8aa79d0a25405e') in 0.0099749 seconds
Number of updated asset objects reloaded before import = 0Number of asset objects unloaded after import = 7

========================================================================
Received Import Request.
  Time since last request: 0.000031 seconds.
  path: Assets/Resource/PackageResource/JC_LP_MegaCity/Models/Food/SM_Food_Bottle_01.fbx
  artifactKey: Guid(ef1d49ee0b38c9d49976bd8af5f416ab) Importer(815301076,1909f56bfc062723c751e8b465ee728b)
Start importing Assets/Resource/PackageResource/JC_LP_MegaCity/Models/Food/SM_Food_Bottle_01.fbx using Guid(ef1d49ee0b38c9d49976bd8af5f416ab) Importer(815301076,1909f56bfc062723c751e8b465ee728b) (PreviewImporter) -> (artifact id: 'bcb1e90ee47ad905d9d49980625cc271') in 0.0107768 seconds
Number of updated asset objects reloaded before import = 0Number of asset objects unloaded after import = 7

========================================================================
Received Import Request.
  Time since last request: 0.000034 seconds.
  path: Assets/Resource/PackageResource/JC_LP_MegaCity/Models/Buildings/SM_Buildings_Gas_Station_01.fbx
  artifactKey: Guid(4d4befd8d8d249747902abb9d4f42095) Importer(815301076,1909f56bfc062723c751e8b465ee728b)
Start importing Assets/Resource/PackageResource/JC_LP_MegaCity/Models/Buildings/SM_Buildings_Gas_Station_01.fbx using Guid(4d4befd8d8d249747902abb9d4f42095) Importer(815301076,1909f56bfc062723c751e8b465ee728b) (PreviewImporter) -> (artifact id: '01a330f400b54b202069b8d4d5b4f801') in 0.0139331 seconds
Number of updated asset objects reloaded before import = 0Number of asset objects unloaded after import = 7

========================================================================
Received Import Request.
  Time since last request: 0.000039 seconds.
  path: Assets/Resource/PackageResource/JC_LP_MegaCity/Models/FloorProps/SM_FloorProps_RoadSign_35.fbx
  artifactKey: Guid(a362fa44ea6d4d045a94a8931d7be907) Importer(815301076,1909f56bfc062723c751e8b465ee728b)
Start importing Assets/Resource/PackageResource/JC_LP_MegaCity/Models/FloorProps/SM_FloorProps_RoadSign_35.fbx using Guid(a362fa44ea6d4d045a94a8931d7be907) Importer(815301076,1909f56bfc062723c751e8b465ee728b) (PreviewImporter) -> (artifact id: 'f7e4a6d2e4a5d31aba3a47a25ca7e87b') in 0.0132497 seconds
Number of updated asset objects reloaded before import = 0Number of asset objects unloaded after import = 7

========================================================================
Received Import Request.
  Time since last request: 156.707808 seconds.
  path: Assets/ExplosiveLLC/SuperCharacterController/Materials/BluePlastic.mat
  artifactKey: Guid(09238216794b460489da82f8f4464580) Importer(815301076,1909f56bfc062723c751e8b465ee728b)
Start importing Assets/ExplosiveLLC/SuperCharacterController/Materials/BluePlastic.mat using Guid(09238216794b460489da82f8f4464580) Importer(815301076,1909f56bfc062723c751e8b465ee728b) (PreviewImporter) -> (artifact id: 'f5ee476051e5c8316130facd6892b0b3') in 0.0251523 seconds
Number of updated asset objects reloaded before import = 0Number of asset objects unloaded after import = 1

========================================================================
Received Import Request.
  Time since last request: 0.000053 seconds.
  path: Assets/ExplosiveLLC/PerfectLookAt/Models/UnityModel/Materials/DefaultAvatar-body.mat
  artifactKey: Guid(c46b61d8956ccde45ae8a78ee57c2739) Importer(815301076,1909f56bfc062723c751e8b465ee728b)
Start importing Assets/ExplosiveLLC/PerfectLookAt/Models/UnityModel/Materials/DefaultAvatar-body.mat using Guid(c46b61d8956ccde45ae8a78ee57c2739) Importer(815301076,1909f56bfc062723c751e8b465ee728b) (PreviewImporter) -> (artifact id: 'b53e3b05844054db4540b0c54ce10d39') in 0.0145204 seconds
Number of updated asset objects reloaded before import = 0Number of asset objects unloaded after import = 3

========================================================================
Received Import Request.
  Time since last request: 0.000044 seconds.
  path: Assets/Modern UI Pack/Fonts/OpenSans-BoldItalic.ttf
  artifactKey: Guid(bede1f0d27b7fe64f97b0e40e3ab76d3) Importer(815301076,1909f56bfc062723c751e8b465ee728b)
Start importing Assets/Modern UI Pack/Fonts/OpenSans-BoldItalic.ttf using Guid(bede1f0d27b7fe64f97b0e40e3ab76d3) Importer(815301076,1909f56bfc062723c751e8b465ee728b) (PreviewImporter) -> (artifact id: 'bbb547d036868116fe502276b0b49f43') in 0.0247062 seconds
Number of updated asset objects reloaded before import = 0Number of asset objects unloaded after import = 4

========================================================================
Received Import Request.
  Time since last request: 0.000047 seconds.
  path: Assets/Photon/Fusion/Runtime/Statistics/FusionStatsGraphMaterial.mat
  artifactKey: Guid(20f9b98d6ad29584c912ad547627b2cf) Importer(815301076,1909f56bfc062723c751e8b465ee728b)
Start importing Assets/Photon/Fusion/Runtime/Statistics/FusionStatsGraphMaterial.mat using Guid(20f9b98d6ad29584c912ad547627b2cf) Importer(815301076,1909f56bfc062723c751e8b465ee728b) (PreviewImporter) -> (artifact id: '259d645ce51f1a17c0fdaa3d1f1921a3') in 0.0094253 seconds
Number of updated asset objects reloaded before import = 0Number of asset objects unloaded after import = 1

========================================================================
Received Import Request.
  Time since last request: 0.000021 seconds.
  path: Assets/Resource/Matarial/Belle/Face.mat
  artifactKey: Guid(24a21754c3d288b4b9ce1802707e6a86) Importer(815301076,1909f56bfc062723c751e8b465ee728b)
Start importing Assets/Resource/Matarial/Belle/Face.mat using Guid(24a21754c3d288b4b9ce1802707e6a86) Importer(815301076,1909f56bfc062723c751e8b465ee728b) (PreviewImporter) -> (artifact id: 'b643c7c488f6dfae9afcf9334917ecac') in 0.0327343 seconds
Number of updated asset objects reloaded before import = 0Number of asset objects unloaded after import = 2

========================================================================
Received Import Request.
  Time since last request: 0.000023 seconds.
  path: Assets/Modern UI Pack/Fonts/OpenSans-LightItalic.ttf
  artifactKey: Guid(9985919b04d78b04ba8451808f2bc34d) Importer(815301076,1909f56bfc062723c751e8b465ee728b)
Start importing Assets/Modern UI Pack/Fonts/OpenSans-LightItalic.ttf using Guid(9985919b04d78b04ba8451808f2bc34d) Importer(815301076,1909f56bfc062723c751e8b465ee728b) (PreviewImporter) -> (artifact id: 'af1e3d09545f1500f1c7b8bace754a44') in 0.0106444 seconds
Number of updated asset objects reloaded before import = 0Number of asset objects unloaded after import = 4

========================================================================
Received Import Request.
  Time since last request: 0.000062 seconds.
  path: Assets/ExplosiveLLC/SuperCharacterController/Materials/GreenWall.mat
  artifactKey: Guid(8b951fc921bcb3341bdbb810abc1bd2c) Importer(815301076,1909f56bfc062723c751e8b465ee728b)
Start importing Assets/ExplosiveLLC/SuperCharacterController/Materials/GreenWall.mat using Guid(8b951fc921bcb3341bdbb810abc1bd2c) Importer(815301076,1909f56bfc062723c751e8b465ee728b) (PreviewImporter) -> (artifact id: '990c17d97f5b04adf434a2534322e7d4') in 0.008102 seconds
Number of updated asset objects reloaded before import = 0Number of asset objects unloaded after import = 1

========================================================================
Received Import Request.
  Time since last request: 0.000021 seconds.
  path: Assets/ExplosiveLLC/SuperCharacterController/Materials/GreyGrid.mat
  artifactKey: Guid(00ab4d63a3dd8b14697b31d9df662f87) Importer(815301076,1909f56bfc062723c751e8b465ee728b)
Start importing Assets/ExplosiveLLC/SuperCharacterController/Materials/GreyGrid.mat using Guid(00ab4d63a3dd8b14697b31d9df662f87) Importer(815301076,1909f56bfc062723c751e8b465ee728b) (PreviewImporter) -> (artifact id: '1f64cecdaa4dcfd1204443c91602c38d') in 0.0120271 seconds
Number of updated asset objects reloaded before import = 0Number of asset objects unloaded after import = 2

========================================================================
Received Import Request.
  Time since last request: 0.000034 seconds.
  path: Assets/Modern UI Pack/Fonts/OpenSans-Regular.ttf
  artifactKey: Guid(5997fe0be3eb5fd40810e50d6cabb652) Importer(815301076,1909f56bfc062723c751e8b465ee728b)
Start importing Assets/Modern UI Pack/Fonts/OpenSans-Regular.ttf using Guid(5997fe0be3eb5fd40810e50d6cabb652) Importer(815301076,1909f56bfc062723c751e8b465ee728b) (PreviewImporter) -> (artifact id: 'e8934cf99589f40217d9dbc5ce955a7c') in 0.0129409 seconds
Number of updated asset objects reloaded before import = 0Number of asset objects unloaded after import = 4

========================================================================
Received Import Request.
  Time since last request: 0.000034 seconds.
  path: Assets/ExplosiveLLC/SuperCharacterController/Materials/Default.mat
  artifactKey: Guid(0f51dfe6dab5b554dbb0b955e184c31e) Importer(815301076,1909f56bfc062723c751e8b465ee728b)
Start importing Assets/ExplosiveLLC/SuperCharacterController/Materials/Default.mat using Guid(0f51dfe6dab5b554dbb0b955e184c31e) Importer(815301076,1909f56bfc062723c751e8b465ee728b) (PreviewImporter) -> (artifact id: 'd93dddd51078bbce97b3f37698964a51') in 0.0086735 seconds
Number of updated asset objects reloaded before import = 0Number of asset objects unloaded after import = 1

========================================================================
Received Import Request.
  Time since last request: 0.000024 seconds.
  path: Assets/Modern UI Pack/Fonts/OpenSans-Bold.ttf
  artifactKey: Guid(0a0f067e0cc462b4794bffbe99a92dec) Importer(815301076,1909f56bfc062723c751e8b465ee728b)
Start importing Assets/Modern UI Pack/Fonts/OpenSans-Bold.ttf using Guid(0a0f067e0cc462b4794bffbe99a92dec) Importer(815301076,1909f56bfc062723c751e8b465ee728b) (PreviewImporter) -> (artifact id: 'cf2ff2abfb4f5c3e852e066929a4cfb1') in 0.0123262 seconds
Number of updated asset objects reloaded before import = 0Number of asset objects unloaded after import = 4

========================================================================
Received Import Request.
  Time since last request: 0.000143 seconds.
  path: Assets/Resource/Matarial/Belle/Body1.mat
  artifactKey: Guid(0a743f4c2ad0b724ebc4572285eab330) Importer(815301076,1909f56bfc062723c751e8b465ee728b)
Start importing Assets/Resource/Matarial/Belle/Body1.mat using Guid(0a743f4c2ad0b724ebc4572285eab330) Importer(815301076,1909f56bfc062723c751e8b465ee728b) (PreviewImporter) -> (artifact id: '10271856362c742279707513ef3606ce') in 0.0139382 seconds
Number of updated asset objects reloaded before import = 0Number of asset objects unloaded after import = 2

========================================================================
Received Import Request.
  Time since last request: 0.000029 seconds.
  path: Assets/ExplosiveLLC/RPG Character Mecanim Animation Pack/Demo Elements/Materials/Crate.mat
  artifactKey: Guid(bf83d432e51a7f546af1b1ca3868aa33) Importer(815301076,1909f56bfc062723c751e8b465ee728b)
Start importing Assets/ExplosiveLLC/RPG Character Mecanim Animation Pack/Demo Elements/Materials/Crate.mat using Guid(bf83d432e51a7f546af1b1ca3868aa33) Importer(815301076,1909f56bfc062723c751e8b465ee728b) (PreviewImporter) -> (artifact id: '7fe06c66cc343d4ece9fa7f075f850aa') in 0.0105106 seconds
Number of updated asset objects reloaded before import = 0Number of asset objects unloaded after import = 2

========================================================================
Received Import Request.
  Time since last request: 0.000035 seconds.
  path: Assets/Modern UI Pack/Fonts/OpenSans-SemiboldItalic.ttf
  artifactKey: Guid(26f09da095a9bbe4ab817d57dea6dbea) Importer(815301076,1909f56bfc062723c751e8b465ee728b)
Start importing Assets/Modern UI Pack/Fonts/OpenSans-SemiboldItalic.ttf using Guid(26f09da095a9bbe4ab817d57dea6dbea) Importer(815301076,1909f56bfc062723c751e8b465ee728b) (PreviewImporter) -> (artifact id: '9fcc08159791460810d2092eef33216b') in 0.0121348 seconds
Number of updated asset objects reloaded before import = 0Number of asset objects unloaded after import = 4

========================================================================
Received Import Request.
  Time since last request: 0.000032 seconds.
  path: Assets/Modern UI Pack/Fonts/OpenSans-Semibold.ttf
  artifactKey: Guid(29d1861da7232b847ad1337bd27c3113) Importer(815301076,1909f56bfc062723c751e8b465ee728b)
Start importing Assets/Modern UI Pack/Fonts/OpenSans-Semibold.ttf using Guid(29d1861da7232b847ad1337bd27c3113) Importer(815301076,1909f56bfc062723c751e8b465ee728b) (PreviewImporter) -> (artifact id: '297a8016a6da90a362e3c1b988d6b379') in 0.0124891 seconds
Number of updated asset objects reloaded before import = 0Number of asset objects unloaded after import = 4

========================================================================
Received Import Request.
  Time since last request: 1.112117 seconds.
  path: Assets/ExplosiveLLC/PerfectLookAt/Animations/Materials/InverseSoldier_BodyP1_LOD2_Diff.mat
  artifactKey: Guid(16a08c195efc73c46afbdeb5721bf15f) Importer(815301076,1909f56bfc062723c751e8b465ee728b)
Start importing Assets/ExplosiveLLC/PerfectLookAt/Animations/Materials/InverseSoldier_BodyP1_LOD2_Diff.mat using Guid(16a08c195efc73c46afbdeb5721bf15f) Importer(815301076,1909f56bfc062723c751e8b465ee728b) (PreviewImporter) -> (artifact id: '8fbb1cef247167ca902e15b25122df34') in 0.0106324 seconds
Number of updated asset objects reloaded before import = 0Number of asset objects unloaded after import = 2

========================================================================
Received Import Request.
  Time since last request: 0.000026 seconds.
  path: Assets/Resource/PackageResource/JC_LP_MegaCity/Materials/M_MegaCity_BG.mat
  artifactKey: Guid(88f561657dfbecf439721aaa64068b23) Importer(815301076,1909f56bfc062723c751e8b465ee728b)
Start importing Assets/Resource/PackageResource/JC_LP_MegaCity/Materials/M_MegaCity_BG.mat using Guid(88f561657dfbecf439721aaa64068b23) Importer(815301076,1909f56bfc062723c751e8b465ee728b) (PreviewImporter) -> (artifact id: 'e1bbbb3f6af6fe3d5df405ebad9f03c5') in 0.0178293 seconds
Number of updated asset objects reloaded before import = 0Number of asset objects unloaded after import = 4

========================================================================
Received Import Request.
  Time since last request: 0.000030 seconds.
  path: Assets/Resource/PackageResource/JC_LP_MegaCity/Materials/M_MegaCity_01.mat
  artifactKey: Guid(88c625725e767ad478b9f38a5e0f6fd4) Importer(815301076,1909f56bfc062723c751e8b465ee728b)
Start importing Assets/Resource/PackageResource/JC_LP_MegaCity/Materials/M_MegaCity_01.mat using Guid(88c625725e767ad478b9f38a5e0f6fd4) Importer(815301076,1909f56bfc062723c751e8b465ee728b) (PreviewImporter) -> (artifact id: '6d2be2bb2e697cbebbff3de86dcf0668') in 0.0181538 seconds
Number of updated asset objects reloaded before import = 0Number of asset objects unloaded after import = 3

========================================================================
Received Import Request.
  Time since last request: 0.000032 seconds.
  path: Assets/Resource/PackageResource/JC_LP_MegaCity/Materials/M_MegaCity_Clouds_01.mat
  artifactKey: Guid(7c5c6e6de3f14174299cf5b9cd404d02) Importer(815301076,1909f56bfc062723c751e8b465ee728b)
Start importing Assets/Resource/PackageResource/JC_LP_MegaCity/Materials/M_MegaCity_Clouds_01.mat using Guid(7c5c6e6de3f14174299cf5b9cd404d02) Importer(815301076,1909f56bfc062723c751e8b465ee728b) (PreviewImporter) -> (artifact id: '79b0aa7c999d0584d8ce6ee5cb0e3294') in 0.0158019 seconds
Number of updated asset objects reloaded before import = 0Number of asset objects unloaded after import = 2

========================================================================
Received Import Request.
  Time since last request: 0.000021 seconds.
  path: Assets/Resource/PackageResource/JC_LP_MegaCity/Materials/M_MegaCity_Clouds_02.mat
  artifactKey: Guid(b8ccbb919e1112b44bf0f799b165d11c) Importer(815301076,1909f56bfc062723c751e8b465ee728b)
Start importing Assets/Resource/PackageResource/JC_LP_MegaCity/Materials/M_MegaCity_Clouds_02.mat using Guid(b8ccbb919e1112b44bf0f799b165d11c) Importer(815301076,1909f56bfc062723c751e8b465ee728b) (PreviewImporter) -> (artifact id: '7a84604cbb19ac3d399db770b7d88f85') in 0.0130559 seconds
Number of updated asset objects reloaded before import = 0Number of asset objects unloaded after import = 2

========================================================================
Received Import Request.
  Time since last request: 0.000030 seconds.
  path: Assets/Resource/PackageResource/JC_LP_MegaCity/Materials/M_MegaCity_01_CarLight_02.mat
  artifactKey: Guid(8ae2152be6797d64984262307bad723e) Importer(815301076,1909f56bfc062723c751e8b465ee728b)
Start importing Assets/Resource/PackageResource/JC_LP_MegaCity/Materials/M_MegaCity_01_CarLight_02.mat using Guid(8ae2152be6797d64984262307bad723e) Importer(815301076,1909f56bfc062723c751e8b465ee728b) (PreviewImporter) -> (artifact id: '4d95df824190d55a10efbe24488863fa') in 0.0100272 seconds
Number of updated asset objects reloaded before import = 0Number of asset objects unloaded after import = 1

========================================================================
Received Import Request.
  Time since last request: 0.000061 seconds.
  path: Assets/ExplosiveLLC/SuperCharacterController/Materials/LightBlueWall.mat
  artifactKey: Guid(ee4cbf115a0efc44fb045f5084ab3339) Importer(815301076,1909f56bfc062723c751e8b465ee728b)
Start importing Assets/ExplosiveLLC/SuperCharacterController/Materials/LightBlueWall.mat using Guid(ee4cbf115a0efc44fb045f5084ab3339) Importer(815301076,1909f56bfc062723c751e8b465ee728b) (PreviewImporter) -> (artifact id: '44d95efd9c953af396de587b59f01679') in 0.0082944 seconds
Number of updated asset objects reloaded before import = 0Number of asset objects unloaded after import = 1

========================================================================
Received Import Request.
  Time since last request: 0.000022 seconds.
  path: Assets/Resource/PackageResource/JC_LP_MegaCity/Materials/M_MegaCity_01_CarLight_01.mat
  artifactKey: Guid(049e230ac175c2b41b4f044c6ed34dd3) Importer(815301076,1909f56bfc062723c751e8b465ee728b)
Start importing Assets/Resource/PackageResource/JC_LP_MegaCity/Materials/M_MegaCity_01_CarLight_01.mat using Guid(049e230ac175c2b41b4f044c6ed34dd3) Importer(815301076,1909f56bfc062723c751e8b465ee728b) (PreviewImporter) -> (artifact id: 'b3913e4c62450bad82f5d402fe8d1a0f') in 0.0100221 seconds
Number of updated asset objects reloaded before import = 0Number of asset objects unloaded after import = 1

========================================================================
Received Import Request.
  Time since last request: 0.000030 seconds.
  path: Assets/ExplosiveLLC/PerfectLookAt/Models/Human/Materials/InverseSoldier_BodyP1_LOD2_Diff.mat
  artifactKey: Guid(80bfaa8706bdb8845a09ba011089a88e) Importer(815301076,1909f56bfc062723c751e8b465ee728b)
Start importing Assets/ExplosiveLLC/PerfectLookAt/Models/Human/Materials/InverseSoldier_BodyP1_LOD2_Diff.mat using Guid(80bfaa8706bdb8845a09ba011089a88e) Importer(815301076,1909f56bfc062723c751e8b465ee728b) (PreviewImporter) -> (artifact id: '4eb4bbdb883a7c2b41bdbdb538481c1d') in 0.0101402 seconds
Number of updated asset objects reloaded before import = 0Number of asset objects unloaded after import = 2

========================================================================
Received Import Request.
  Time since last request: 0.000036 seconds.
  path: Assets/Resource/PackageResource/JC_LP_MegaCity/Materials/M_MegaCity_02.mat
  artifactKey: Guid(726c723f369a8a34cac6672ca1d71171) Importer(815301076,1909f56bfc062723c751e8b465ee728b)
Start importing Assets/Resource/PackageResource/JC_LP_MegaCity/Materials/M_MegaCity_02.mat using Guid(726c723f369a8a34cac6672ca1d71171) Importer(815301076,1909f56bfc062723c751e8b465ee728b) (PreviewImporter) -> (artifact id: '8a5065a70daf38c9e142a38c4b917ffe') in 0.0151599 seconds
Number of updated asset objects reloaded before import = 0Number of asset objects unloaded after import = 2

Editor requested this worker to shutdown with reason: Scaling down because of idle timeout
AssetImportWorker is now disconnected from the server
Process exiting
Exiting without the bug reporter. Application will terminate with return code 0