[Licensing::Module] Trying to connect to existing licensing client channel...
Built from '6000.3/staging' branch; Version is '6000.3.9f1 (7a9955a4f2fa) revision 8034645'; Using compiler version '194234433'; Build Type 'Release'
[Licensing::IpcConnector] Successfully connected to: "LicenseClient-USER" at "2026-02-28T09:59:24.7407799Z"
OS: 'Windows 11  (10.0.26200) Core' Language: 'ko' Physical Memory: 32386 MB
BatchMode: 1, IsHumanControllingUs: 0, StartBugReporterOnCrash: 0, Is64bit: 1
System  architecture: x64
Process architecture: x64
Date: 2026-02-28T09:59:24Z

COMMAND LINE ARGUMENTS:
C:\Program Files\Unity\Hub\Editor\6000.3.9f1\Editor\Unity.exe
-adb2
-batchMode
-noUpm
-name
AssetImportWorker23
-projectPath
C:/Users/USER/Documents/GitHub/AR-ReversiProject
-logFile
Logs/AssetImportWorker23.log
-srvPort
58049
-job-worker-count
15
-background-job-worker-count
8
-gc-helper-count
1
-name
AssetImport
Successfully changed project path to: C:/Users/USER/Documents/GitHub/AR-ReversiProject
C:/Users/USER/Documents/GitHub/AR-ReversiProject
[UnityMemory] Configuration Parameters - Can be set up in boot.config
    "memorysetup-temp-allocator-size-nav-mesh-worker=65536"
    "memorysetup-temp-allocator-size-audio-worker=65536"
    "memorysetup-temp-allocator-size-gfx=262144"
    "memorysetup-allocator-temp-initial-block-size-main=262144"
    "memorysetup-allocator-temp-initial-block-size-worker=262144"
    "memorysetup-temp-allocator-size-background-worker=32768"
    "memorysetup-temp-allocator-size-job-worker=262144"
    "memorysetup-temp-allocator-size-preload-manager=33554432"
    "memorysetup-temp-allocator-size-gi-baking-worker=262144"
    "memorysetup-temp-allocator-size-gi-baking-worker=262144"
    "memorysetup-temp-allocator-size-gi-baking-worker=262144"
    "memorysetup-temp-allocator-size-gi-baking-worker=262144"
    "memorysetup-temp-allocator-size-gi-baking-worker=262144"
    "memorysetup-bucket-allocator-granularity=16"
    "memorysetup-bucket-allocator-bucket-count=8"
    "memorysetup-bucket-allocator-block-size=33554432"
    "memorysetup-bucket-allocator-block-count=8"
    "memorysetup-main-allocator-block-size=16777216"
    "memorysetup-thread-allocator-block-size=16777216"
    "memorysetup-gfx-main-allocator-block-size=16777216"
    "memorysetup-gfx-thread-allocator-block-size=16777216"
    "memorysetup-cache-allocator-block-size=4194304"
    "memorysetup-typetree-allocator-block-size=2097152"
    "memorysetup-profiler-bucket-allocator-granularity=16"
    "memorysetup-profiler-bucket-allocator-bucket-count=8"
    "memorysetup-profiler-bucket-allocator-block-size=33554432"
    "memorysetup-profiler-bucket-allocator-block-count=8"
    "memorysetup-profiler-allocator-block-size=16777216"
    "memorysetup-profiler-editor-allocator-block-size=1048576"
    "memorysetup-temp-allocator-size-main=16777216"
    "memorysetup-job-temp-allocator-block-size=2097152"
    "memorysetup-job-temp-allocator-block-size-background=1048576"
    "memorysetup-job-temp-allocator-reduction-small-platforms=262144"
    "memorysetup-temp-allocator-size-cloud-worker=32768"
Player connection [19584]  Target information:

Player connection [19584]  * "[IP] 172.30.1.55 [Port] 0 [Flags] 2 [Guid] 2347433410 [EditorId] 2347433410 [Version] 1048832 [Id] WindowsEditor(7,DESKTOP-BTF4SNP) [Debug] 1 [PackageName] WindowsEditor [ProjectName] Editor" 

Player connection [19584] Host joined multi-casting on [225.0.0.222:54997]...
Player connection [19584] Host joined alternative multi-casting on [225.0.0.222:34997]...
JobSystem: Creating JobQueue using job-worker-count value 15
Input System module state changed to: Initialized.
[Physics::Module] Initialized fallback backend.
[Physics::Module] Id: 0xdecafbad
Library Redirect Path: Library/
[Physics::Module] Selected backend.
[Physics::Module] Name: PhysX
[Physics::Module] Id: 0xf2b8ea05
[Physics::Module] SDK Version: 4.1.2
[Physics::Module] Integration Version: 1.0.0
[Physics::Module] Threading Mode: Multi-Threaded
Refreshing native plugins compatible for Editor in 38.03 ms, found 9 plugins.
Preloading 0 native plugins for Editor in 0.00 ms.
Initialize engine version: 6000.3.9f1 (7a9955a4f2fa)
[Subsystems] Discovering subsystems at path C:/Program Files/Unity/Hub/Editor/6000.3.9f1/Editor/Data/Resources/UnitySubsystems
[Subsystems] Discovering subsystems at path C:/Users/USER/Documents/GitHub/AR-ReversiProject/Assets
GfxDevice: creating device client; kGfxThreadingModeNonThreaded
Direct3D:
    Version:  Direct3D 11.0 [level 11.1]
    Renderer: NVIDIA GeForce RTX 4060 Laptop GPU (ID=0x28e0)
    Vendor:   NVIDIA
    VRAM:     7957 MB
    Driver:   32.0.15.6081
Initialize mono
Mono path[0] = 'C:/Program Files/Unity/Hub/Editor/6000.3.9f1/Editor/Data/Managed'
Mono path[1] = 'C:/Program Files/Unity/Hub/Editor/6000.3.9f1/Editor/Data/MonoBleedingEdge/lib/mono/unityjit-win32'
Mono config path = 'C:/Program Files/Unity/Hub/Editor/6000.3.9f1/Editor/Data/MonoBleedingEdge/etc'
Using monoOptions --debugger-agent=transport=dt_socket,embedding=1,server=y,suspend=n,address=127.0.0.1:56492
Begin MonoManager ReloadAssembly
[Licensing::Client] Handshaking with LicensingClient:
  Version:                 1.17.4+4293ba1
  Session Id:              5dabc16490d44bcba69a73e310bd9cdf
  Correlation Id:          2e1677b044b26191d80a4bb1d64b199d
  External correlation Id: 5086023105641773905
  Machine Id:              dJ8Tfn01EciPmnYvmSiKPSjQkro=
[Licensing::Module] Successfully connected to LicensingClient on channel: "LicenseClient-USER" (connect: 0.00s, validation: 0.00s, handshake: 1.50s)
[Licensing::IpcConnector] Successfully connected to: "LicenseClient-USER-notifications" at "2026-02-28T09:59:26.248306Z"
[Licensing::Module] Licensing Background thread has ended after 1.51s
Registering precompiled unity dll's ...
Register platform support module: C:/Program Files/Unity/Hub/Editor/6000.3.9f1/Editor/Data/PlaybackEngines/WebGLSupport/UnityEditor.WebGL.Extensions.dll
Register platform support module: C:/Program Files/Unity/Hub/Editor/6000.3.9f1/Editor/Data/PlaybackEngines/WindowsStandaloneSupport/UnityEditor.WindowsStandalone.Extensions.dll
Registered in 0.005200 seconds.
- Loaded All Assemblies, in  0.480 seconds
Native extension for WindowsStandalone target not found
Native extension for WebGL target not found
ScheduleIndexationOnStartup MainProcess:False IndexOnStartup:True
Mono: successfully reloaded assembly
- Finished resetting the current domain, in  0.401 seconds
Domain Reload Profiling: 877ms
	BeginReloadAssembly (188ms)
		ExecutionOrderSort (0ms)
		DisableScriptedObjects (0ms)
		BackupInstance (0ms)
		ReleaseScriptingObjects (0ms)
		CreateAndSetChildDomain (0ms)
	RebuildCommonClasses (36ms)
	RebuildNativeTypeToScriptingClass (12ms)
	initialDomainReloadingComplete (57ms)
	LoadAllAssembliesAndSetupDomain (183ms)
		LoadAssemblies (181ms)
		RebuildTransferFunctionScriptingTraits (0ms)
		AnalyzeDomain (179ms)
			TypeCache.Refresh (177ms)
				TypeCache.ScanAssembly (163ms)
			BuildScriptInfoCaches (0ms)
			ResolveRequiredComponents (0ms)
	FinalizeReload (402ms)
		ReleaseScriptCaches (0ms)
		RebuildScriptCaches (0ms)
		SetupLoadedEditorAssemblies (351ms)
			LogAssemblyErrors (0ms)
			InitializePlatformSupportModulesInManaged (54ms)
			SetLoadedEditorAssemblies (4ms)
			BeforeProcessingInitializeOnLoad (83ms)
			ProcessInitializeOnLoadAttributes (138ms)
			ProcessInitializeOnLoadMethodAttributes (71ms)
			AfterProcessingInitializeOnLoad (0ms)
			EditorAssembliesLoaded (0ms)
		ExecutionOrderSort2 (0ms)
		AwakeInstancesAfterBackupRestoration (0ms)
========================================================================
Worker process is ready to serve import requests
Import Worker Mode flag is 0x00
Begin MonoManager ReloadAssembly
[Licensing::Client] Successfully resolved entitlement details
[Licensing::Module] License group:
  Id: 14568654860447-UnityPersXXXX
  Product: Unity Personal
  Type: Assigned
  Expiration: Unlimited
- Loaded All Assemblies, in  1.190 seconds
'Assets/Photon/Fusion/Runtime/Fusion.Unity.cs' contains partial class of Unity.Object, exactly 1 of the partial classes needs to be in a file with the same filename. This is to know the one that can be referenced from ie. GameObjects
'Assets/Photon/Fusion/Runtime/Fusion.Unity.cs' contains partial class of Unity.Object, exactly 1 of the partial classes needs to be in a file with the same filename. This is to know the one that can be referenced from ie. GameObjects
Refreshing native plugins compatible for Editor in 8.69 ms, found 9 plugins.
Native extension for WindowsStandalone target not found
Native extension for WebGL target not found
Package Manager log level set to [2]
[Package Manager] Failed to launch server process. Reason: Unity was launched with the -noUpm command-line argument
[Package Manager] Unable to send message (not connected to server process).
[Package Manager] Cannot connect to Unity Package Manager local server
System.Exception: Error! Visual Scripting: couldn't find visual scripting package
  at Unity.VisualScripting.PackageVersionUtility.get_version () [0x00043] in .\Library\PackageCache\com.unity.visualscripting@191c0d7e3b69\Editor\VisualScripting.Core\Utilities\PackageVersionUtility.cs:31 
  at Unity.VisualScripting.BoltCoreManifest.get_version () [0x00000] in .\Library\PackageCache\com.unity.visualscripting@191c0d7e3b69\Editor\VisualScripting.Core\Plugin\BoltCoreManifest.cs:11 
  at Unity.VisualScripting.PluginManifest.get_currentVersion () [0x00000] in .\Library\PackageCache\com.unity.visualscripting@191c0d7e3b69\Editor\VisualScripting.Core\Plugins\PluginManifest.cs:33 
  at Unity.VisualScripting.PluginManifest.get_versionMismatch () [0x00000] in .\Library\PackageCache\com.unity.visualscripting@191c0d7e3b69\Editor\VisualScripting.Core\Plugins\PluginManifest.cs:48 
  at Unity.VisualScripting.PluginContainer.Initialize () [0x00525] in .\Library\PackageCache\com.unity.visualscripting@191c0d7e3b69\Editor\VisualScripting.Core\Plugins\PluginContainer.cs:208 
  at Unity.VisualScripting.PluginContainer.InitializeOnLoad () [0x00009] in .\Library\PackageCache\com.unity.visualscripting@191c0d7e3b69\Editor\VisualScripting.Core\Plugins\PluginContainer.cs:32 
  at Unity.VisualScripting.VSUsageUtility.DoInitializeOnLoadCalls () [0x00034] in .\Library\PackageCache\com.unity.visualscripting@191c0d7e3b69\Editor\VisualScripting.Core\Utilities\VSUsageUtility.cs:76 
  at Unity.VisualScripting.VSUsageUtility.set_isVisualScriptingUsed (System.Boolean value) [0x0002c] in .\Library\PackageCache\com.unity.visualscripting@191c0d7e3b69\Editor\VisualScripting.Core\Utilities\VSUsageUtility.cs:114 
  at Unity.VisualScripting.VSUsageUtility.CheckAndSetIsVisualScriptingUsed () [0x00032] in .\Library\PackageCache\com.unity.visualscripting@191c0d7e3b69\Editor\VisualScripting.Core\Utilities\VSUsageUtility.cs:48 
  at Unity.VisualScripting.VSUsageUtility..cctor () [0x00000] in .\Library\PackageCache\com.unity.visualscripting@191c0d7e3b69\Editor\VisualScripting.Core\Utilities\VSUsageUtility.cs:22 
UnityEngine.Debug:ExtractStackTraceNoAlloc (byte*,int,string)
UnityEngine.StackTraceUtility:ExtractStackTrace ()
UnityEngine.DebugLogHandler:Internal_Log (UnityEngine.LogType,UnityEngine.LogOption,string,UnityEngine.Object)
UnityEngine.DebugLogHandler:LogFormat (UnityEngine.LogType,UnityEngine.Object,string,object[])
UnityEngine.Logger:Log (UnityEngine.LogType,object)
UnityEngine.Debug:LogError (object)
UnityEditor.EditorAssemblies:ProcessInitializeOnLoadAttributes (System.Type[])

ScheduleIndexationOnStartup MainProcess:False IndexOnStartup:True
Mono: successfully reloaded assembly
- Finished resetting the current domain, in  1.399 seconds
Domain Reload Profiling: 2575ms
	BeginReloadAssembly (211ms)
		ExecutionOrderSort (0ms)
		DisableScriptedObjects (4ms)
		BackupInstance (0ms)
		ReleaseScriptingObjects (0ms)
		CreateAndSetChildDomain (29ms)
	RebuildCommonClasses (38ms)
	RebuildNativeTypeToScriptingClass (14ms)
	initialDomainReloadingComplete (64ms)
	LoadAllAssembliesAndSetupDomain (849ms)
		LoadAssemblies (707ms)
		RebuildTransferFunctionScriptingTraits (0ms)
		AnalyzeDomain (279ms)
			TypeCache.Refresh (204ms)
				TypeCache.ScanAssembly (186ms)
			BuildScriptInfoCaches (62ms)
			ResolveRequiredComponents (9ms)
	FinalizeReload (1400ms)
		ReleaseScriptCaches (0ms)
		RebuildScriptCaches (0ms)
		SetupLoadedEditorAssemblies (1205ms)
			LogAssemblyErrors (0ms)
			InitializePlatformSupportModulesInManaged (3ms)
			SetLoadedEditorAssemblies (4ms)
			BeforeProcessingInitializeOnLoad (158ms)
			ProcessInitializeOnLoadAttributes (857ms)
			ProcessInitializeOnLoadMethodAttributes (174ms)
			AfterProcessingInitializeOnLoad (8ms)
			EditorAssembliesLoaded (0ms)
		ExecutionOrderSort2 (0ms)
		AwakeInstancesAfterBackupRestoration (5ms)
Launched and connected shader compiler UnityShaderCompiler.exe after 0.01 seconds
Refreshing native plugins compatible for Editor in 19.98 ms, found 9 plugins.
Preloading 0 native plugins for Editor in 0.00 ms.
Unloading 16 Unused Serialized files (Serialized files now loaded: 0)
Unloading 6906 unused Assets / (4.3 MB). Loaded Objects now: 7809.
Memory consumption went from 231.8 MB to 227.5 MB.
Total: 27.038500 ms (FindLiveObjects: 0.954000 ms CreateObjectMapping: 0.766600 ms MarkObjects: 22.591700 ms  DeleteObjects: 2.724300 ms)

========================================================================
Received Import Request.
  Time since last request: 1383577.092064 seconds.
  path: Assets/Modern UI Pack/Editor/Icons/HeaderNotification.png
  artifactKey: Guid(4d392c02f8f90174a9392ac2fe362adb) Importer(2089858483,b0f066a214c2f5e87bad3c948f4d605d)
Start importing Assets/Modern UI Pack/Editor/Icons/HeaderNotification.png using Guid(4d392c02f8f90174a9392ac2fe362adb) Importer(2089858483,b0f066a214c2f5e87bad3c948f4d605d) (ScriptedImporter) -> (artifact id: '81bceeb700632f6a889fc51c500e18fc') in 0.1618302 seconds
Number of updated asset objects reloaded before import = 0Number of asset objects unloaded after import = 1

========================================================================
Received Import Request.
  Time since last request: 0.549825 seconds.
  path: Assets/Modern UI Pack/Textures/Border/Radial/128px/Radial Outline 128px - 3x.png
  artifactKey: Guid(fcadf08db4ab4e745ad615820a87889b) Importer(2089858483,b0f066a214c2f5e87bad3c948f4d605d)
Start importing Assets/Modern UI Pack/Textures/Border/Radial/128px/Radial Outline 128px - 3x.png using Guid(fcadf08db4ab4e745ad615820a87889b) Importer(2089858483,b0f066a214c2f5e87bad3c948f4d605d) (ScriptedImporter) -> (artifact id: '86dc3ee66b83ab325772f2dfa2ae0bbe') in 0.0197487 seconds
Number of updated asset objects reloaded before import = 0Number of asset objects unloaded after import = 3

========================================================================
Received Import Request.
  Time since last request: 0.709460 seconds.
  path: Assets/Modern UI Pack/Textures/Border/Rounded/64px
  artifactKey: Guid(0f37f10d574a0144191f900632a16903) Importer(2089858483,b0f066a214c2f5e87bad3c948f4d605d)
Start importing Assets/Modern UI Pack/Textures/Border/Rounded/64px using Guid(0f37f10d574a0144191f900632a16903) Importer(2089858483,b0f066a214c2f5e87bad3c948f4d605d) (ScriptedImporter) -> (artifact id: 'e620f644cfcf6a129785e3e040affa7a') in 0.0049372 seconds
Number of updated asset objects reloaded before import = 0Number of asset objects unloaded after import = 1

========================================================================
Received Import Request.
  Time since last request: 0.696234 seconds.
  path: Assets/Modern UI Pack/Textures/Shadow/Horizontal Shadow (Normal).png
  artifactKey: Guid(fdb954d71729a044cbb8f890d295f101) Importer(2089858483,b0f066a214c2f5e87bad3c948f4d605d)
Start importing Assets/Modern UI Pack/Textures/Shadow/Horizontal Shadow (Normal).png using Guid(fdb954d71729a044cbb8f890d295f101) Importer(2089858483,b0f066a214c2f5e87bad3c948f4d605d) (ScriptedImporter) -> (artifact id: '57964ddcd5e1fd339d92477606890e9c') in 0.0284741 seconds
Number of updated asset objects reloaded before import = 0Number of asset objects unloaded after import = 3

========================================================================
Received Import Request.
  Time since last request: 0.000019 seconds.
  path: Assets/Modern UI Pack/Editor/Icons/SubHeaderResources.png
  artifactKey: Guid(85659a6ec2abccb4d8b6b7ed2678e6f8) Importer(2089858483,b0f066a214c2f5e87bad3c948f4d605d)
Start importing Assets/Modern UI Pack/Editor/Icons/SubHeaderResources.png using Guid(85659a6ec2abccb4d8b6b7ed2678e6f8) Importer(2089858483,b0f066a214c2f5e87bad3c948f4d605d) (ScriptedImporter) -> (artifact id: 'c93d2251a0475d6fa2d2add09f32d217') in 0.0123292 seconds
Number of updated asset objects reloaded before import = 0Number of asset objects unloaded after import = 1

========================================================================
Received Import Request.
  Time since last request: 0.000023 seconds.
  path: Assets/Modern UI Pack/Editor/Icons/SwitchOff.png
  artifactKey: Guid(c72f1ae5731c1034887c0be3dfd557a7) Importer(2089858483,b0f066a214c2f5e87bad3c948f4d605d)
Start importing Assets/Modern UI Pack/Editor/Icons/SwitchOff.png using Guid(c72f1ae5731c1034887c0be3dfd557a7) Importer(2089858483,b0f066a214c2f5e87bad3c948f4d605d) (ScriptedImporter) -> (artifact id: '22311da01e1afec26920176ca9780a99') in 0.0126835 seconds
Number of updated asset objects reloaded before import = 0Number of asset objects unloaded after import = 1

========================================================================
Received Import Request.
  Time since last request: 0.000030 seconds.
  path: Assets/Modern UI Pack/Prefabs/Input Field/Input Field - Fading (Right).prefab
  artifactKey: Guid(868cc2844fdefac44b00ee92eb8c3d18) Importer(2089858483,b0f066a214c2f5e87bad3c948f4d605d)
Start importing Assets/Modern UI Pack/Prefabs/Input Field/Input Field - Fading (Right).prefab using Guid(868cc2844fdefac44b00ee92eb8c3d18) Importer(2089858483,b0f066a214c2f5e87bad3c948f4d605d) (ScriptedImporter) -> (artifact id: '52df12359d75f46c6891a3151b95c5a4') in 0.1401253 seconds
Number of updated asset objects reloaded before import = 0Number of asset objects unloaded after import = 69

========================================================================
Received Import Request.
  Time since last request: 0.000024 seconds.
  path: Assets/Modern UI Pack/Scripts/Dropdown
  artifactKey: Guid(f0673eef6087e6b41af2be453632efb5) Importer(2089858483,b0f066a214c2f5e87bad3c948f4d605d)
Start importing Assets/Modern UI Pack/Scripts/Dropdown using Guid(f0673eef6087e6b41af2be453632efb5) Importer(2089858483,b0f066a214c2f5e87bad3c948f4d605d) (ScriptedImporter) -> (artifact id: 'd87d9972ad27f2775e1fe5b2e375dfbc') in 0.0039977 seconds
Number of updated asset objects reloaded before import = 0Number of asset objects unloaded after import = 1

========================================================================
Received Import Request.
  Time since last request: 0.925179 seconds.
  path: Assets/Modern UI Pack/Textures/Border/Rounded/256px/Rounded Outline 256px - 4x.png
  artifactKey: Guid(b3390b5653435964fa30c6488e7ffc62) Importer(2089858483,b0f066a214c2f5e87bad3c948f4d605d)
Start importing Assets/Modern UI Pack/Textures/Border/Rounded/256px/Rounded Outline 256px - 4x.png using Guid(b3390b5653435964fa30c6488e7ffc62) Importer(2089858483,b0f066a214c2f5e87bad3c948f4d605d) (ScriptedImporter) -> (artifact id: 'fad590c64f80e567018deb5f3e16f963') in 0.0117711 seconds
Number of updated asset objects reloaded before import = 0Number of asset objects unloaded after import = 3

========================================================================
Received Import Request.
  Time since last request: 0.000023 seconds.
  path: Assets/Modern UI Pack/Prefabs/Button/Rounded - Gradient/Green.prefab
  artifactKey: Guid(70df46f1664a25d4b9ed9f150dbe5715) Importer(2089858483,b0f066a214c2f5e87bad3c948f4d605d)
Start importing Assets/Modern UI Pack/Prefabs/Button/Rounded - Gradient/Green.prefab using Guid(70df46f1664a25d4b9ed9f150dbe5715) Importer(2089858483,b0f066a214c2f5e87bad3c948f4d605d) (ScriptedImporter) -> (artifact id: '0f1d6b27bea6e7015c3bfe0c87d79d14') in 0.0685498 seconds
Number of updated asset objects reloaded before import = 0Number of asset objects unloaded after import = 112

========================================================================
Received Import Request.
  Time since last request: 0.000031 seconds.
  path: Assets/Modern UI Pack/Textures/Icon/Map/Location Mark.png
  artifactKey: Guid(800d082fc01ca114f86956479395844d) Importer(2089858483,b0f066a214c2f5e87bad3c948f4d605d)
Start importing Assets/Modern UI Pack/Textures/Icon/Map/Location Mark.png using Guid(800d082fc01ca114f86956479395844d) Importer(2089858483,b0f066a214c2f5e87bad3c948f4d605d) (ScriptedImporter) -> (artifact id: '2ccd41645bc282d012cfe85b360df38f') in 0.0156076 seconds
Number of updated asset objects reloaded before import = 0Number of asset objects unloaded after import = 3

========================================================================
Received Import Request.
  Time since last request: 0.000020 seconds.
  path: Assets/Modern UI Pack/Editor/Icons/IndicatorItemOutline.png
  artifactKey: Guid(04dc2978e2ef8a04e8f7f7ba0f48d039) Importer(2089858483,b0f066a214c2f5e87bad3c948f4d605d)
Start importing Assets/Modern UI Pack/Editor/Icons/IndicatorItemOutline.png using Guid(04dc2978e2ef8a04e8f7f7ba0f48d039) Importer(2089858483,b0f066a214c2f5e87bad3c948f4d605d) (ScriptedImporter) -> (artifact id: '1c0799eafe959ae551e19fc8e35d9da0') in 0.0131838 seconds
Number of updated asset objects reloaded before import = 0Number of asset objects unloaded after import = 1

========================================================================
Received Import Request.
  Time since last request: 0.000019 seconds.
  path: Assets/Modern UI Pack/Scripts/Context Menu/ContextMenuContentMobile.cs
  artifactKey: Guid(f93b797e33a2590489a95b86d8490887) Importer(2089858483,b0f066a214c2f5e87bad3c948f4d605d)
Start importing Assets/Modern UI Pack/Scripts/Context Menu/ContextMenuContentMobile.cs using Guid(f93b797e33a2590489a95b86d8490887) Importer(2089858483,b0f066a214c2f5e87bad3c948f4d605d) (ScriptedImporter) -> (artifact id: 'eacf954d71021009415bb2b318c98623') in 0.007367 seconds
Number of updated asset objects reloaded before import = 0Number of asset objects unloaded after import = 1

========================================================================
Received Import Request.
  Time since last request: 0.000024 seconds.
  path: Assets/Modern UI Pack/Scripts/Tools
  artifactKey: Guid(1d6a37350d8ce464f8a8213a64a9352a) Importer(2089858483,b0f066a214c2f5e87bad3c948f4d605d)
Start importing Assets/Modern UI Pack/Scripts/Tools using Guid(1d6a37350d8ce464f8a8213a64a9352a) Importer(2089858483,b0f066a214c2f5e87bad3c948f4d605d) (ScriptedImporter) -> (artifact id: 'a44e8d1f60e8735b1b898d305480a298') in 0.0059086 seconds
Number of updated asset objects reloaded before import = 0Number of asset objects unloaded after import = 1

========================================================================
Received Import Request.
  Time since last request: 0.000017 seconds.
  path: Assets/Modern UI Pack/Editor/Icons/EditorNotification.png
  artifactKey: Guid(adf3c8361dd31e1448483775ea241c10) Importer(2089858483,b0f066a214c2f5e87bad3c948f4d605d)
Start importing Assets/Modern UI Pack/Editor/Icons/EditorNotification.png using Guid(adf3c8361dd31e1448483775ea241c10) Importer(2089858483,b0f066a214c2f5e87bad3c948f4d605d) (ScriptedImporter) -> (artifact id: '37205259b2f2a43e9715de394aa34258') in 0.0096075 seconds
Number of updated asset objects reloaded before import = 0Number of asset objects unloaded after import = 1

========================================================================
Received Import Request.
  Time since last request: 0.000020 seconds.
  path: Assets/Modern UI Pack/Animations/Input Field/Fading.controller
  artifactKey: Guid(f02ff10900044744b851159f375542e2) Importer(2089858483,b0f066a214c2f5e87bad3c948f4d605d)
Start importing Assets/Modern UI Pack/Animations/Input Field/Fading.controller using Guid(f02ff10900044744b851159f375542e2) Importer(2089858483,b0f066a214c2f5e87bad3c948f4d605d) (ScriptedImporter) -> (artifact id: '18ed410ce7b02ae4d7a25ce94375c4de') in 0.0084749 seconds
Number of updated asset objects reloaded before import = 0Number of asset objects unloaded after import = 9

========================================================================
Received Import Request.
  Time since last request: 0.000030 seconds.
  path: Assets/Modern UI Pack/Prefabs/Modal Window/Style 2.prefab
  artifactKey: Guid(72b132e96d4c8c74fb223d675142eaf3) Importer(2089858483,b0f066a214c2f5e87bad3c948f4d605d)
Start importing Assets/Modern UI Pack/Prefabs/Modal Window/Style 2.prefab using Guid(72b132e96d4c8c74fb223d675142eaf3) Importer(2089858483,b0f066a214c2f5e87bad3c948f4d605d) (ScriptedImporter) -> (artifact id: 'ba4d822016e5f31aa52d57cdc51feb29') in 0.0466375 seconds
Number of updated asset objects reloaded before import = 0Number of asset objects unloaded after import = 265

========================================================================
Received Import Request.
  Time since last request: 0.000018 seconds.
  path: Assets/Modern UI Pack/Prefabs/Button/Basic - Outline/Red.prefab
  artifactKey: Guid(64f06c7d701ac624e90e0d97fc54d06f) Importer(2089858483,b0f066a214c2f5e87bad3c948f4d605d)
Start importing Assets/Modern UI Pack/Prefabs/Button/Basic - Outline/Red.prefab using Guid(64f06c7d701ac624e90e0d97fc54d06f) Importer(2089858483,b0f066a214c2f5e87bad3c948f4d605d) (ScriptedImporter) -> (artifact id: 'fbd40ecfa7ff92773b6faf062a713f10') in 0.0382159 seconds
Number of updated asset objects reloaded before import = 0Number of asset objects unloaded after import = 112

========================================================================
Received Import Request.
  Time since last request: 0.000025 seconds.
  path: Assets/Modern UI Pack/Scripts/Demo/DemoElementSway.cs
  artifactKey: Guid(a7afc8c12ad2e104ebc86906fc37ec31) Importer(2089858483,b0f066a214c2f5e87bad3c948f4d605d)
Start importing Assets/Modern UI Pack/Scripts/Demo/DemoElementSway.cs using Guid(a7afc8c12ad2e104ebc86906fc37ec31) Importer(2089858483,b0f066a214c2f5e87bad3c948f4d605d) (ScriptedImporter) -> (artifact id: '36d4ba08dbb1db2ef6d6d33bbc0dc6d3') in 0.0061822 seconds
Number of updated asset objects reloaded before import = 0Number of asset objects unloaded after import = 0

========================================================================
Received Import Request.
  Time since last request: 0.000029 seconds.
  path: Assets/Modern UI Pack/Textures/Icon/System/Shield.png
  artifactKey: Guid(138796f6771a1ba4c9a72797e7dabeb6) Importer(2089858483,b0f066a214c2f5e87bad3c948f4d605d)
Start importing Assets/Modern UI Pack/Textures/Icon/System/Shield.png using Guid(138796f6771a1ba4c9a72797e7dabeb6) Importer(2089858483,b0f066a214c2f5e87bad3c948f4d605d) (ScriptedImporter) -> (artifact id: 'a8d7efc59d02eb5b6223c8e3d69f8341') in 0.0131209 seconds
Number of updated asset objects reloaded before import = 0Number of asset objects unloaded after import = 3

========================================================================
Received Import Request.
  Time since last request: 0.000013 seconds.
  path: Assets/Modern UI Pack/Animations/Button
  artifactKey: Guid(f9ce763b4a923354fa6abbe889228015) Importer(2089858483,b0f066a214c2f5e87bad3c948f4d605d)
Start importing Assets/Modern UI Pack/Animations/Button using Guid(f9ce763b4a923354fa6abbe889228015) Importer(2089858483,b0f066a214c2f5e87bad3c948f4d605d) (ScriptedImporter) -> (artifact id: '2f6a8624baa4b2c1b2a8a93bac22c1ee') in 0.0063663 seconds
Number of updated asset objects reloaded before import = 0Number of asset objects unloaded after import = 1

========================================================================
Received Import Request.
  Time since last request: 0.000013 seconds.
  path: Assets/Modern UI Pack/Animations/Notifications/Fading In.anim
  artifactKey: Guid(15679dda1d95e974db9080f37dd65e63) Importer(2089858483,b0f066a214c2f5e87bad3c948f4d605d)
Start importing Assets/Modern UI Pack/Animations/Notifications/Fading In.anim using Guid(15679dda1d95e974db9080f37dd65e63) Importer(2089858483,b0f066a214c2f5e87bad3c948f4d605d) (ScriptedImporter) -> (artifact id: 'd095cca6c97bd3b9eab9268e722c2833') in 0.0161409 seconds
Number of updated asset objects reloaded before import = 0Number of asset objects unloaded after import = 1

========================================================================
Received Import Request.
  Time since last request: 0.000020 seconds.
  path: Assets/Modern UI Pack/Editor/Icons/EditorScrollbar.png
  artifactKey: Guid(dcc0ed9263c0d524aabeb5f4bd75ecee) Importer(2089858483,b0f066a214c2f5e87bad3c948f4d605d)
Start importing Assets/Modern UI Pack/Editor/Icons/EditorScrollbar.png using Guid(dcc0ed9263c0d524aabeb5f4bd75ecee) Importer(2089858483,b0f066a214c2f5e87bad3c948f4d605d) (ScriptedImporter) -> (artifact id: '4ab6d49e2ad1a873e15ea4f0750d1de8') in 0.0110072 seconds
Number of updated asset objects reloaded before import = 0Number of asset objects unloaded after import = 1

========================================================================
Received Import Request.
  Time since last request: 0.000025 seconds.
  path: Assets/Modern UI Pack/Prefabs/Button/Rounded - Gradient/Blue.prefab
  artifactKey: Guid(db06c671dece811459b090289c22cb65) Importer(2089858483,b0f066a214c2f5e87bad3c948f4d605d)
Start importing Assets/Modern UI Pack/Prefabs/Button/Rounded - Gradient/Blue.prefab using Guid(db06c671dece811459b090289c22cb65) Importer(2089858483,b0f066a214c2f5e87bad3c948f4d605d) (ScriptedImporter) -> (artifact id: '75f86e44d694777134cee98d055f1626') in 0.0384657 seconds
Number of updated asset objects reloaded before import = 0Number of asset objects unloaded after import = 112

========================================================================
Received Import Request.
  Time since last request: 0.000017 seconds.
  path: Assets/Modern UI Pack/Animations/Input Field/Fading Instant Out.anim
  artifactKey: Guid(959e76f8055536b4294db96eefb73643) Importer(2089858483,b0f066a214c2f5e87bad3c948f4d605d)
Start importing Assets/Modern UI Pack/Animations/Input Field/Fading Instant Out.anim using Guid(959e76f8055536b4294db96eefb73643) Importer(2089858483,b0f066a214c2f5e87bad3c948f4d605d) (ScriptedImporter) -> (artifact id: '59b75403fd37bd472ef3347320f54b7c') in 0.0081331 seconds
Number of updated asset objects reloaded before import = 0Number of asset objects unloaded after import = 1

========================================================================
Received Import Request.
  Time since last request: 0.000020 seconds.
  path: Assets/Modern UI Pack/Textures/Icon/Navigation/Home Filled.png
  artifactKey: Guid(0abd1944fb0049e49a5f05373c555983) Importer(2089858483,b0f066a214c2f5e87bad3c948f4d605d)
Start importing Assets/Modern UI Pack/Textures/Icon/Navigation/Home Filled.png using Guid(0abd1944fb0049e49a5f05373c555983) Importer(2089858483,b0f066a214c2f5e87bad3c948f4d605d) (ScriptedImporter) -> (artifact id: '5110b81fc9e678f2d972409e45073f7f') in 0.0127181 seconds
Number of updated asset objects reloaded before import = 0Number of asset objects unloaded after import = 3

========================================================================
Received Import Request.
  Time since last request: 0.000028 seconds.
  path: Assets/Modern UI Pack/Textures/Icon/Document/Folder.png
  artifactKey: Guid(03e3778d7fcbf9243a5787a6adac408f) Importer(2089858483,b0f066a214c2f5e87bad3c948f4d605d)
Start importing Assets/Modern UI Pack/Textures/Icon/Document/Folder.png using Guid(03e3778d7fcbf9243a5787a6adac408f) Importer(2089858483,b0f066a214c2f5e87bad3c948f4d605d) (ScriptedImporter) -> (artifact id: '24a0e6e49a22d2bfa7312e86ab522797') in 0.0092603 seconds
Number of updated asset objects reloaded before import = 0Number of asset objects unloaded after import = 3

========================================================================
Received Import Request.
  Time since last request: 0.000027 seconds.
  path: Assets/Modern UI Pack/Textures/Icon/Communication & Social/Twitter X.png
  artifactKey: Guid(d40658195e952cd498056ca77f2c1559) Importer(2089858483,b0f066a214c2f5e87bad3c948f4d605d)
Start importing Assets/Modern UI Pack/Textures/Icon/Communication & Social/Twitter X.png using Guid(d40658195e952cd498056ca77f2c1559) Importer(2089858483,b0f066a214c2f5e87bad3c948f4d605d) (ScriptedImporter) -> (artifact id: 'f5c82a53cff7e1e5921c91b81c8fd021') in 0.0117035 seconds
Number of updated asset objects reloaded before import = 0Number of asset objects unloaded after import = 3

========================================================================
Received Import Request.
  Time since last request: 0.000015 seconds.
  path: Assets/Modern UI Pack/Textures/Border/Rounded/128px/Rounded Outline 128px - 4x.png
  artifactKey: Guid(ba5ff22dabd8d4f478f27b8be02ecb89) Importer(2089858483,b0f066a214c2f5e87bad3c948f4d605d)
Start importing Assets/Modern UI Pack/Textures/Border/Rounded/128px/Rounded Outline 128px - 4x.png using Guid(ba5ff22dabd8d4f478f27b8be02ecb89) Importer(2089858483,b0f066a214c2f5e87bad3c948f4d605d) (ScriptedImporter) -> (artifact id: '510af30e9cf5cae552b29264f7b834f9') in 0.0123874 seconds
Number of updated asset objects reloaded before import = 0Number of asset objects unloaded after import = 3

========================================================================
Received Import Request.
  Time since last request: 0.000031 seconds.
  path: Assets/Modern UI Pack/Prefabs/Button/Basic - Outline/Blue.prefab
  artifactKey: Guid(e0494221100a5794e937462c0989b3f1) Importer(2089858483,b0f066a214c2f5e87bad3c948f4d605d)
Start importing Assets/Modern UI Pack/Prefabs/Button/Basic - Outline/Blue.prefab using Guid(e0494221100a5794e937462c0989b3f1) Importer(2089858483,b0f066a214c2f5e87bad3c948f4d605d) (ScriptedImporter) -> (artifact id: '814e603d3a2c9378e02b01806301e5c8') in 0.0453347 seconds
Number of updated asset objects reloaded before import = 0Number of asset objects unloaded after import = 112

========================================================================
Received Import Request.
  Time since last request: 0.000023 seconds.
  path: Assets/Modern UI Pack/Textures/Icon/Communication & Social/Email.png
  artifactKey: Guid(7d891b18332e2174a97d6f6588bca6ca) Importer(2089858483,b0f066a214c2f5e87bad3c948f4d605d)
Start importing Assets/Modern UI Pack/Textures/Icon/Communication & Social/Email.png using Guid(7d891b18332e2174a97d6f6588bca6ca) Importer(2089858483,b0f066a214c2f5e87bad3c948f4d605d) (ScriptedImporter) -> (artifact id: '1f66459ecbe5904a15d4fdd58a17b677') in 0.0125445 seconds
Number of updated asset objects reloaded before import = 0Number of asset objects unloaded after import = 3

========================================================================
Received Import Request.
  Time since last request: 0.000022 seconds.
  path: Assets/Modern UI Pack/Resources/MUIP Manager.asset
  artifactKey: Guid(2a619a9609984be49b53b928dd94e61b) Importer(2089858483,b0f066a214c2f5e87bad3c948f4d605d)
Start importing Assets/Modern UI Pack/Resources/MUIP Manager.asset using Guid(2a619a9609984be49b53b928dd94e61b) Importer(2089858483,b0f066a214c2f5e87bad3c948f4d605d) (ScriptedImporter) -> (artifact id: '9af7947f7b249763484f22544238accd') in 0.0434888 seconds
Number of updated asset objects reloaded before import = 0Number of asset objects unloaded after import = 31

========================================================================
Received Import Request.
  Time since last request: 0.000035 seconds.
  path: Assets/Modern UI Pack/Scripts/Editor Handlers
  artifactKey: Guid(5de90d83aba420940bf5dab364e530ca) Importer(2089858483,b0f066a214c2f5e87bad3c948f4d605d)
Start importing Assets/Modern UI Pack/Scripts/Editor Handlers using Guid(5de90d83aba420940bf5dab364e530ca) Importer(2089858483,b0f066a214c2f5e87bad3c948f4d605d) (ScriptedImporter) -> (artifact id: 'b1774a6d159c328967b8532c685b99eb') in 0.0047451 seconds
Number of updated asset objects reloaded before import = 0Number of asset objects unloaded after import = 1

========================================================================
Received Import Request.
  Time since last request: 0.000030 seconds.
  path: Assets/Modern UI Pack/Prefabs/Toggle
  artifactKey: Guid(06bcc49734728924db8c945b9771f8a1) Importer(2089858483,b0f066a214c2f5e87bad3c948f4d605d)
Start importing Assets/Modern UI Pack/Prefabs/Toggle using Guid(06bcc49734728924db8c945b9771f8a1) Importer(2089858483,b0f066a214c2f5e87bad3c948f4d605d) (ScriptedImporter) -> (artifact id: 'dd42d6c871f9cdd545cdbfeb6e767135') in 0.0052526 seconds
Number of updated asset objects reloaded before import = 0Number of asset objects unloaded after import = 1

========================================================================
Received Import Request.
  Time since last request: 0.000014 seconds.
  path: Assets/Modern UI Pack/Editor/Scripts
  artifactKey: Guid(7a14668655085e9459f11083aedafb02) Importer(2089858483,b0f066a214c2f5e87bad3c948f4d605d)
Start importing Assets/Modern UI Pack/Editor/Scripts using Guid(7a14668655085e9459f11083aedafb02) Importer(2089858483,b0f066a214c2f5e87bad3c948f4d605d) (ScriptedImporter) -> (artifact id: '1b3944bb024852ac11b7b48ec06e6a27') in 0.0046262 seconds
Number of updated asset objects reloaded before import = 0Number of asset objects unloaded after import = 1

========================================================================
Received Import Request.
  Time since last request: 1.218124 seconds.
  path: Assets/Modern UI Pack/Textures/Icon/Business & Commerce/Credit Card Filled.png
  artifactKey: Guid(ae081045687b08948a1b166f44643dee) Importer(2089858483,b0f066a214c2f5e87bad3c948f4d605d)
Start importing Assets/Modern UI Pack/Textures/Icon/Business & Commerce/Credit Card Filled.png using Guid(ae081045687b08948a1b166f44643dee) Importer(2089858483,b0f066a214c2f5e87bad3c948f4d605d) (ScriptedImporter) -> (artifact id: 'fabef79c9fc76180d523d60b0279e6f4') in 0.0118034 seconds
Number of updated asset objects reloaded before import = 0Number of asset objects unloaded after import = 3

========================================================================
Received Import Request.
  Time since last request: 0.000016 seconds.
  path: Assets/Modern UI Pack/Textures/Icon/Others/Animation Icon Stuff/Lock Bottom.png
  artifactKey: Guid(b891d65ba4d76704b8d265e52bacdb6e) Importer(2089858483,b0f066a214c2f5e87bad3c948f4d605d)
Start importing Assets/Modern UI Pack/Textures/Icon/Others/Animation Icon Stuff/Lock Bottom.png using Guid(b891d65ba4d76704b8d265e52bacdb6e) Importer(2089858483,b0f066a214c2f5e87bad3c948f4d605d) (ScriptedImporter) -> (artifact id: 'f832d003e50bc0035c4a42c95a1de968') in 0.010954 seconds
Number of updated asset objects reloaded before import = 0Number of asset objects unloaded after import = 3

========================================================================
Received Import Request.
  Time since last request: 0.000024 seconds.
  path: Assets/Modern UI Pack/Textures/Icon/Others/Animation Icon Stuff/Heart Pop.png
  artifactKey: Guid(1e1877c27e51cc24395620020cc09681) Importer(2089858483,b0f066a214c2f5e87bad3c948f4d605d)
Start importing Assets/Modern UI Pack/Textures/Icon/Others/Animation Icon Stuff/Heart Pop.png using Guid(1e1877c27e51cc24395620020cc09681) Importer(2089858483,b0f066a214c2f5e87bad3c948f4d605d) (ScriptedImporter) -> (artifact id: 'fc69c530d5351a4ccaa491296e75d894') in 0.011336 seconds
Number of updated asset objects reloaded before import = 0Number of asset objects unloaded after import = 3

========================================================================
Received Import Request.
  Time since last request: 0.000022 seconds.
  path: Assets/Modern UI Pack/Textures/Border/Radial/32px/Radial Outline 32px - 9x.png
  artifactKey: Guid(eb5b293700185344e9c5653bb0e49c0c) Importer(2089858483,b0f066a214c2f5e87bad3c948f4d605d)
Start importing Assets/Modern UI Pack/Textures/Border/Radial/32px/Radial Outline 32px - 9x.png using Guid(eb5b293700185344e9c5653bb0e49c0c) Importer(2089858483,b0f066a214c2f5e87bad3c948f4d605d) (ScriptedImporter) -> (artifact id: 'bc0f070abd193ef7192db10b7eb77f9f') in 0.0132281 seconds
Number of updated asset objects reloaded before import = 0Number of asset objects unloaded after import = 3

========================================================================
Received Import Request.
  Time since last request: 0.071938 seconds.
  path: Assets/Modern UI Pack/Editor/Icons/HeaderTooltip.png
  artifactKey: Guid(ad1ea93aeeaddf8428bc6bd4e4c2252e) Importer(2089858483,b0f066a214c2f5e87bad3c948f4d605d)
Start importing Assets/Modern UI Pack/Editor/Icons/HeaderTooltip.png using Guid(ad1ea93aeeaddf8428bc6bd4e4c2252e) Importer(2089858483,b0f066a214c2f5e87bad3c948f4d605d) (ScriptedImporter) -> (artifact id: 'c6a383fd41e87868431001a69fa88648') in 0.0128318 seconds
Number of updated asset objects reloaded before import = 0Number of asset objects unloaded after import = 1

========================================================================
Received Import Request.
  Time since last request: 0.000011 seconds.
  path: Assets/Modern UI Pack/Textures/Border/Rounded/64px/Rounded Outline 64px - 7x.png
  artifactKey: Guid(d9b3779d8d5f24941915d8f17b4f4a07) Importer(2089858483,b0f066a214c2f5e87bad3c948f4d605d)
Start importing Assets/Modern UI Pack/Textures/Border/Rounded/64px/Rounded Outline 64px - 7x.png using Guid(d9b3779d8d5f24941915d8f17b4f4a07) Importer(2089858483,b0f066a214c2f5e87bad3c948f4d605d) (ScriptedImporter) -> (artifact id: '06a8b7b3827e3e90e279abebfe432413') in 0.0109893 seconds
Number of updated asset objects reloaded before import = 0Number of asset objects unloaded after import = 3

========================================================================
Received Import Request.
  Time since last request: 0.000017 seconds.
  path: Assets/Modern UI Pack/Textures/Icon/Web & Cloud/Cloud Download.png
  artifactKey: Guid(1ea85de2838985240b3462e0391af06e) Importer(2089858483,b0f066a214c2f5e87bad3c948f4d605d)
Start importing Assets/Modern UI Pack/Textures/Icon/Web & Cloud/Cloud Download.png using Guid(1ea85de2838985240b3462e0391af06e) Importer(2089858483,b0f066a214c2f5e87bad3c948f4d605d) (ScriptedImporter) -> (artifact id: '833319f0315ead5c005f5579e6f00666') in 0.0123297 seconds
Number of updated asset objects reloaded before import = 0Number of asset objects unloaded after import = 3

========================================================================
Received Import Request.
  Time since last request: 0.000019 seconds.
  path: Assets/Modern UI Pack/Textures/Demo/MUIP Big.png
  artifactKey: Guid(46f64b3ded478fa408af4eeb374bcfd2) Importer(2089858483,b0f066a214c2f5e87bad3c948f4d605d)
Start importing Assets/Modern UI Pack/Textures/Demo/MUIP Big.png using Guid(46f64b3ded478fa408af4eeb374bcfd2) Importer(2089858483,b0f066a214c2f5e87bad3c948f4d605d) (ScriptedImporter) -> (artifact id: '2da542acf2fd2ca128c05b143d168332') in 0.0141049 seconds
Number of updated asset objects reloaded before import = 0Number of asset objects unloaded after import = 3

========================================================================
Received Import Request.
  Time since last request: 0.069102 seconds.
  path: Assets/Modern UI Pack/Scripts/Rendering/Ripple.cs
  artifactKey: Guid(b0695615d5ce0f8469eb9b553116c527) Importer(2089858483,b0f066a214c2f5e87bad3c948f4d605d)
Start importing Assets/Modern UI Pack/Scripts/Rendering/Ripple.cs using Guid(b0695615d5ce0f8469eb9b553116c527) Importer(2089858483,b0f066a214c2f5e87bad3c948f4d605d) (ScriptedImporter) -> (artifact id: 'fb801bcd2328d63601346d84f8253c5b') in 0.0088608 seconds
Number of updated asset objects reloaded before import = 0Number of asset objects unloaded after import = 0

========================================================================
Received Import Request.
  Time since last request: 0.000022 seconds.
  path: Assets/Modern UI Pack/Animations/Input Field/Standard Instant In.anim
  artifactKey: Guid(5d327e040dca0cd46a5025586b7876b8) Importer(2089858483,b0f066a214c2f5e87bad3c948f4d605d)
Start importing Assets/Modern UI Pack/Animations/Input Field/Standard Instant In.anim using Guid(5d327e040dca0cd46a5025586b7876b8) Importer(2089858483,b0f066a214c2f5e87bad3c948f4d605d) (ScriptedImporter) -> (artifact id: '4b3221a4a4630324817f0270b4f1ce81') in 0.0094313 seconds
Number of updated asset objects reloaded before import = 0Number of asset objects unloaded after import = 1

========================================================================
Received Import Request.
  Time since last request: 0.000022 seconds.
  path: Assets/Modern UI Pack/Textures/Icon/UI Elements/Toggle.png
  artifactKey: Guid(20f1f3b1b41ffb0408544ed98dae6591) Importer(2089858483,b0f066a214c2f5e87bad3c948f4d605d)
Start importing Assets/Modern UI Pack/Textures/Icon/UI Elements/Toggle.png using Guid(20f1f3b1b41ffb0408544ed98dae6591) Importer(2089858483,b0f066a214c2f5e87bad3c948f4d605d) (ScriptedImporter) -> (artifact id: '5d1b1d53c082fad8cd018d32537bc788') in 0.0143869 seconds
Number of updated asset objects reloaded before import = 0Number of asset objects unloaded after import = 3

========================================================================
Received Import Request.
  Time since last request: 0.000016 seconds.
  path: Assets/Modern UI Pack/Scripts/Input Field
  artifactKey: Guid(ca95fe39461d3be48b5e7c489913b16f) Importer(2089858483,b0f066a214c2f5e87bad3c948f4d605d)
Start importing Assets/Modern UI Pack/Scripts/Input Field using Guid(ca95fe39461d3be48b5e7c489913b16f) Importer(2089858483,b0f066a214c2f5e87bad3c948f4d605d) (ScriptedImporter) -> (artifact id: 'b44995a130da88010331b7fd8f591a04') in 0.0050763 seconds
Number of updated asset objects reloaded before import = 0Number of asset objects unloaded after import = 1

========================================================================
Received Import Request.
  Time since last request: 0.069027 seconds.
  path: Assets/Modern UI Pack/Scripts/UI Manager/UIManagerButtonEditor.cs
  artifactKey: Guid(354b0fb6987f0064fa5b7adcc22921a3) Importer(2089858483,b0f066a214c2f5e87bad3c948f4d605d)
Start importing Assets/Modern UI Pack/Scripts/UI Manager/UIManagerButtonEditor.cs using Guid(354b0fb6987f0064fa5b7adcc22921a3) Importer(2089858483,b0f066a214c2f5e87bad3c948f4d605d) (ScriptedImporter) -> (artifact id: 'f303622f9aba9a2c1aec31b2f74535fb') in 0.009477 seconds
Number of updated asset objects reloaded before import = 0Number of asset objects unloaded after import = 1

========================================================================
Received Import Request.
  Time since last request: 0.000017 seconds.
  path: Assets/Modern UI Pack/Editor/Icons/FoldoutOpen.png
  artifactKey: Guid(d1a866149bcbb0841a8aab976a1aa651) Importer(2089858483,b0f066a214c2f5e87bad3c948f4d605d)
Start importing Assets/Modern UI Pack/Editor/Icons/FoldoutOpen.png using Guid(d1a866149bcbb0841a8aab976a1aa651) Importer(2089858483,b0f066a214c2f5e87bad3c948f4d605d) (ScriptedImporter) -> (artifact id: 'e8f48b0e4bc34eb3d411f6cf08ce383e') in 0.0117032 seconds
Number of updated asset objects reloaded before import = 0Number of asset objects unloaded after import = 1

========================================================================
Received Import Request.
  Time since last request: 0.000021 seconds.
  path: Assets/Modern UI Pack/Animations/Progress Bar/Circle Trapez.anim
  artifactKey: Guid(5ee31532d79dcb746afd4e577003e54a) Importer(2089858483,b0f066a214c2f5e87bad3c948f4d605d)
Start importing Assets/Modern UI Pack/Animations/Progress Bar/Circle Trapez.anim using Guid(5ee31532d79dcb746afd4e577003e54a) Importer(2089858483,b0f066a214c2f5e87bad3c948f4d605d) (ScriptedImporter) -> (artifact id: 'ed1ada4ae9b62ff31a264e73f1bac067') in 0.0092624 seconds
Number of updated asset objects reloaded before import = 0Number of asset objects unloaded after import = 1

========================================================================
Received Import Request.
  Time since last request: 0.000029 seconds.
  path: Assets/Modern UI Pack/Scripts/Tooltip/TooltipManagerEditor.cs
  artifactKey: Guid(a94e92bd62020d54ebad68de9ce276bc) Importer(2089858483,b0f066a214c2f5e87bad3c948f4d605d)
Start importing Assets/Modern UI Pack/Scripts/Tooltip/TooltipManagerEditor.cs using Guid(a94e92bd62020d54ebad68de9ce276bc) Importer(2089858483,b0f066a214c2f5e87bad3c948f4d605d) (ScriptedImporter) -> (artifact id: '4853cb58802b4fe730f503c4171432a2') in 0.00633 seconds
Number of updated asset objects reloaded before import = 0Number of asset objects unloaded after import = 0

========================================================================
Received Import Request.
  Time since last request: 0.063908 seconds.
  path: Assets/Modern UI Pack/Textures/Border/Rounded/512px/Rounded Outline 512px - 4x.png
  artifactKey: Guid(cc99984d167cfb5418a604596ecc2797) Importer(2089858483,b0f066a214c2f5e87bad3c948f4d605d)
Start importing Assets/Modern UI Pack/Textures/Border/Rounded/512px/Rounded Outline 512px - 4x.png using Guid(cc99984d167cfb5418a604596ecc2797) Importer(2089858483,b0f066a214c2f5e87bad3c948f4d605d) (ScriptedImporter) -> (artifact id: '85a9d5592df9948e1304c13476aa5a22') in 0.0087394 seconds
Number of updated asset objects reloaded before import = 0Number of asset objects unloaded after import = 3

========================================================================
Received Import Request.
  Time since last request: 0.000014 seconds.
  path: Assets/Modern UI Pack/Animations/Notifications
  artifactKey: Guid(ae22ceae1a4adf54cb85040dc1c02cdb) Importer(2089858483,b0f066a214c2f5e87bad3c948f4d605d)
Start importing Assets/Modern UI Pack/Animations/Notifications using Guid(ae22ceae1a4adf54cb85040dc1c02cdb) Importer(2089858483,b0f066a214c2f5e87bad3c948f4d605d) (ScriptedImporter) -> (artifact id: '3ff2b6a4de9a6d0dcfc0f85802e37a2e') in 0.0039529 seconds
Number of updated asset objects reloaded before import = 0Number of asset objects unloaded after import = 1

========================================================================
Received Import Request.
  Time since last request: 0.000028 seconds.
  path: Assets/Modern UI Pack/Editor/Icons/EditorToggle.png
  artifactKey: Guid(b0f85f7da5042c0448a526d5ecacbfa9) Importer(2089858483,b0f066a214c2f5e87bad3c948f4d605d)
Start importing Assets/Modern UI Pack/Editor/Icons/EditorToggle.png using Guid(b0f85f7da5042c0448a526d5ecacbfa9) Importer(2089858483,b0f066a214c2f5e87bad3c948f4d605d) (ScriptedImporter) -> (artifact id: 'd055c9e73dcf2092fd83cdc7ed546e17') in 0.0154165 seconds
Number of updated asset objects reloaded before import = 0Number of asset objects unloaded after import = 1

========================================================================
Received Import Request.
  Time since last request: 0.000016 seconds.
  path: Assets/Modern UI Pack/Editor/Icons/EditorHorizontalSelector.png
  artifactKey: Guid(7a33180745301ca4b903e0c6e51cfeb6) Importer(2089858483,b0f066a214c2f5e87bad3c948f4d605d)
Start importing Assets/Modern UI Pack/Editor/Icons/EditorHorizontalSelector.png using Guid(7a33180745301ca4b903e0c6e51cfeb6) Importer(2089858483,b0f066a214c2f5e87bad3c948f4d605d) (ScriptedImporter) -> (artifact id: '8178adeb5f5cf132a25f4fa28bd73da1') in 0.0107627 seconds
Number of updated asset objects reloaded before import = 0Number of asset objects unloaded after import = 1

========================================================================
Received Import Request.
  Time since last request: 0.080118 seconds.
  path: Assets/Modern UI Pack/Scripts/Switch/SwitchManager.cs
  artifactKey: Guid(4a058d8729a0602458c4c9045eeddbf6) Importer(2089858483,b0f066a214c2f5e87bad3c948f4d605d)
Start importing Assets/Modern UI Pack/Scripts/Switch/SwitchManager.cs using Guid(4a058d8729a0602458c4c9045eeddbf6) Importer(2089858483,b0f066a214c2f5e87bad3c948f4d605d) (ScriptedImporter) -> (artifact id: '0771ae117b245e9df5970267700185ee') in 0.0073533 seconds
Number of updated asset objects reloaded before import = 0Number of asset objects unloaded after import = 1

========================================================================
Received Import Request.
  Time since last request: 0.000030 seconds.
  path: Assets/Modern UI Pack/Scripts/Toggle/CustomToggle.cs
  artifactKey: Guid(fa5100cea443dc7448b10a5f20698420) Importer(2089858483,b0f066a214c2f5e87bad3c948f4d605d)
Start importing Assets/Modern UI Pack/Scripts/Toggle/CustomToggle.cs using Guid(fa5100cea443dc7448b10a5f20698420) Importer(2089858483,b0f066a214c2f5e87bad3c948f4d605d) (ScriptedImporter) -> (artifact id: 'd460a00f8c37a470df17148fe9605218') in 0.006901 seconds
Number of updated asset objects reloaded before import = 0Number of asset objects unloaded after import = 1

========================================================================
Received Import Request.
  Time since last request: 0.000018 seconds.
  path: Assets/Modern UI Pack/Prefabs/Button/Rounded - Outline/Brown.prefab
  artifactKey: Guid(71f8d1a610ea33341b6082458febe739) Importer(2089858483,b0f066a214c2f5e87bad3c948f4d605d)
Start importing Assets/Modern UI Pack/Prefabs/Button/Rounded - Outline/Brown.prefab using Guid(71f8d1a610ea33341b6082458febe739) Importer(2089858483,b0f066a214c2f5e87bad3c948f4d605d) (ScriptedImporter) -> (artifact id: 'c3783f36ddbe95e35df8ac838e416afa') in 0.0397003 seconds
Number of updated asset objects reloaded before import = 0Number of asset objects unloaded after import = 111

========================================================================
Received Import Request.
  Time since last request: 0.000038 seconds.
  path: Assets/Modern UI Pack/Textures/Border/Radial/128px/Radial Filled 128px.png
  artifactKey: Guid(d25e2ce15dd1c67438e4b70f404fb197) Importer(2089858483,b0f066a214c2f5e87bad3c948f4d605d)
Start importing Assets/Modern UI Pack/Textures/Border/Radial/128px/Radial Filled 128px.png using Guid(d25e2ce15dd1c67438e4b70f404fb197) Importer(2089858483,b0f066a214c2f5e87bad3c948f4d605d) (ScriptedImporter) -> (artifact id: 'fc7296f11bdf4b5cef00905bb5ac442f') in 0.0100177 seconds
Number of updated asset objects reloaded before import = 0Number of asset objects unloaded after import = 3

========================================================================
Received Import Request.
  Time since last request: 0.070222 seconds.
  path: Assets/Modern UI Pack/Prefabs/Spinner
  artifactKey: Guid(bfabcbcc428d8c0478439d98b18a1201) Importer(2089858483,b0f066a214c2f5e87bad3c948f4d605d)
Start importing Assets/Modern UI Pack/Prefabs/Spinner using Guid(bfabcbcc428d8c0478439d98b18a1201) Importer(2089858483,b0f066a214c2f5e87bad3c948f4d605d) (ScriptedImporter) -> (artifact id: 'ad8aee5f6437267108e329c5c428129e') in 0.0044582 seconds
Number of updated asset objects reloaded before import = 0Number of asset objects unloaded after import = 1

========================================================================
Received Import Request.
  Time since last request: 0.000014 seconds.
  path: Assets/Modern UI Pack/Textures/Icon/Map/Map Filled.png
  artifactKey: Guid(4caf56eb275238349b0e7ed2db462f92) Importer(2089858483,b0f066a214c2f5e87bad3c948f4d605d)
Start importing Assets/Modern UI Pack/Textures/Icon/Map/Map Filled.png using Guid(4caf56eb275238349b0e7ed2db462f92) Importer(2089858483,b0f066a214c2f5e87bad3c948f4d605d) (ScriptedImporter) -> (artifact id: '7a4d066e706e8c2cb08a0e5262b63a5d') in 0.0147229 seconds
Number of updated asset objects reloaded before import = 0Number of asset objects unloaded after import = 3

========================================================================
Received Import Request.
  Time since last request: 0.000026 seconds.
  path: Assets/Modern UI Pack/Fonts/OpenSans-BoldItalic SDF.asset
  artifactKey: Guid(b03b7a4c74cd6294ca732f49684716ee) Importer(2089858483,b0f066a214c2f5e87bad3c948f4d605d)
Start importing Assets/Modern UI Pack/Fonts/OpenSans-BoldItalic SDF.asset using Guid(b03b7a4c74cd6294ca732f49684716ee) Importer(2089858483,b0f066a214c2f5e87bad3c948f4d605d) (ScriptedImporter) -> (artifact id: '43627cd094ee91dea45dc71aaec3fb52') in 0.0408007 seconds
Number of updated asset objects reloaded before import = 0Number of asset objects unloaded after import = 9

========================================================================
Received Import Request.
  Time since last request: 0.000019 seconds.
  path: Assets/Modern UI Pack/Textures/Icon/Navigation/Check.png
  artifactKey: Guid(1c1bef4b40e990c42aed6432ebd324ef) Importer(2089858483,b0f066a214c2f5e87bad3c948f4d605d)
Start importing Assets/Modern UI Pack/Textures/Icon/Navigation/Check.png using Guid(1c1bef4b40e990c42aed6432ebd324ef) Importer(2089858483,b0f066a214c2f5e87bad3c948f4d605d) (ScriptedImporter) -> (artifact id: '3d6d6a4861ec6394b04d6c41ea1a093a') in 0.0149029 seconds
Number of updated asset objects reloaded before import = 0Number of asset objects unloaded after import = 3

========================================================================
Received Import Request.
  Time since last request: 0.048789 seconds.
  path: Assets/Modern UI Pack/Scripts/Rendering
  artifactKey: Guid(a6e40a5aeab35f34c9e31c300249661d) Importer(2089858483,b0f066a214c2f5e87bad3c948f4d605d)
Start importing Assets/Modern UI Pack/Scripts/Rendering using Guid(a6e40a5aeab35f34c9e31c300249661d) Importer(2089858483,b0f066a214c2f5e87bad3c948f4d605d) (ScriptedImporter) -> (artifact id: '098929cfde7825337d0d8e61a7c931ec') in 0.0054038 seconds
Number of updated asset objects reloaded before import = 0Number of asset objects unloaded after import = 1

========================================================================
Received Import Request.
  Time since last request: 0.000021 seconds.
  path: Assets/Modern UI Pack/Textures/Icon/Media/Microphone Filled.png
  artifactKey: Guid(247cb504efaf4474bbaeb4346701b99c) Importer(2089858483,b0f066a214c2f5e87bad3c948f4d605d)
Start importing Assets/Modern UI Pack/Textures/Icon/Media/Microphone Filled.png using Guid(247cb504efaf4474bbaeb4346701b99c) Importer(2089858483,b0f066a214c2f5e87bad3c948f4d605d) (ScriptedImporter) -> (artifact id: '7e3efa67008cae4e8a537c159363687c') in 0.0129304 seconds
Number of updated asset objects reloaded before import = 0Number of asset objects unloaded after import = 3

========================================================================
Received Import Request.
  Time since last request: 0.000017 seconds.
  path: Assets/Modern UI Pack/Textures/Border/Rounded/64px/Rounded Outline 64px - 5x.png
  artifactKey: Guid(96e1134e2cfaa854fae06efdc637ce31) Importer(2089858483,b0f066a214c2f5e87bad3c948f4d605d)
Start importing Assets/Modern UI Pack/Textures/Border/Rounded/64px/Rounded Outline 64px - 5x.png using Guid(96e1134e2cfaa854fae06efdc637ce31) Importer(2089858483,b0f066a214c2f5e87bad3c948f4d605d) (ScriptedImporter) -> (artifact id: '695420e0f070cc8b3bca82ade01f41a7') in 0.0080644 seconds
Number of updated asset objects reloaded before import = 0Number of asset objects unloaded after import = 3

========================================================================
Received Import Request.
  Time since last request: 0.000023 seconds.
  path: Assets/Modern UI Pack/Prefabs/Context Menu/Context Menu Separator.prefab
  artifactKey: Guid(0c5ca18b61e250540b9ca0e106775d52) Importer(2089858483,b0f066a214c2f5e87bad3c948f4d605d)
Start importing Assets/Modern UI Pack/Prefabs/Context Menu/Context Menu Separator.prefab using Guid(0c5ca18b61e250540b9ca0e106775d52) Importer(2089858483,b0f066a214c2f5e87bad3c948f4d605d) (ScriptedImporter) -> (artifact id: 'ca4dba42f7ec1dd62f728138122bed20') in 0.014424 seconds
Number of updated asset objects reloaded before import = 0Number of asset objects unloaded after import = 6

========================================================================
Received Import Request.
  Time since last request: 0.085108 seconds.
  path: Assets/Modern UI Pack/Prefabs/List View/List View Custom.prefab
  artifactKey: Guid(a23fe5466c64b874892534b5c96c7eb5) Importer(2089858483,b0f066a214c2f5e87bad3c948f4d605d)
Start importing Assets/Modern UI Pack/Prefabs/List View/List View Custom.prefab using Guid(a23fe5466c64b874892534b5c96c7eb5) Importer(2089858483,b0f066a214c2f5e87bad3c948f4d605d) (ScriptedImporter) -> (artifact id: 'a024be0fb291024cd948a6db19de6062') in 0.0432504 seconds
Number of updated asset objects reloaded before import = 0Number of asset objects unloaded after import = 95

========================================================================
Received Import Request.
  Time since last request: 0.000018 seconds.
  path: Assets/Modern UI Pack/Prefabs/Button/Rounded/Orange.prefab
  artifactKey: Guid(8dcf01b0349b9f14fae8a664bb990467) Importer(2089858483,b0f066a214c2f5e87bad3c948f4d605d)
Start importing Assets/Modern UI Pack/Prefabs/Button/Rounded/Orange.prefab using Guid(8dcf01b0349b9f14fae8a664bb990467) Importer(2089858483,b0f066a214c2f5e87bad3c948f4d605d) (ScriptedImporter) -> (artifact id: '83c071b9a2831babf833378f67b140aa') in 0.0363009 seconds
Number of updated asset objects reloaded before import = 0Number of asset objects unloaded after import = 109

========================================================================
Received Import Request.
  Time since last request: 0.000025 seconds.
  path: Assets/Modern UI Pack/Prefabs/Button/Basic
  artifactKey: Guid(6c7b57a56bb88de4a993433f7ec44c95) Importer(2089858483,b0f066a214c2f5e87bad3c948f4d605d)
Start importing Assets/Modern UI Pack/Prefabs/Button/Basic using Guid(6c7b57a56bb88de4a993433f7ec44c95) Importer(2089858483,b0f066a214c2f5e87bad3c948f4d605d) (ScriptedImporter) -> (artifact id: '4fd10ce38a6ee72d47e296f86d850e14') in 0.0047949 seconds
Number of updated asset objects reloaded before import = 0Number of asset objects unloaded after import = 1

========================================================================
Received Import Request.
  Time since last request: 0.000014 seconds.
  path: Assets/Modern UI Pack/Prefabs/Charts
  artifactKey: Guid(5ecbcb0668f0dfa4496666d1f8c2b470) Importer(2089858483,b0f066a214c2f5e87bad3c948f4d605d)
Start importing Assets/Modern UI Pack/Prefabs/Charts using Guid(5ecbcb0668f0dfa4496666d1f8c2b470) Importer(2089858483,b0f066a214c2f5e87bad3c948f4d605d) (ScriptedImporter) -> (artifact id: 'cfc3d9849ed674f531298df9a831c797') in 0.0053922 seconds
Number of updated asset objects reloaded before import = 0Number of asset objects unloaded after import = 1

========================================================================
Received Import Request.
  Time since last request: 0.049904 seconds.
  path: Assets/Modern UI Pack/Prefabs/Button/Rounded/Purple.prefab
  artifactKey: Guid(ae3d5e11a2280b04ba650092be08748a) Importer(2089858483,b0f066a214c2f5e87bad3c948f4d605d)
Start importing Assets/Modern UI Pack/Prefabs/Button/Rounded/Purple.prefab using Guid(ae3d5e11a2280b04ba650092be08748a) Importer(2089858483,b0f066a214c2f5e87bad3c948f4d605d) (ScriptedImporter) -> (artifact id: 'ace012061381e380ee1066734d5d1f96') in 0.0358071 seconds
Number of updated asset objects reloaded before import = 0Number of asset objects unloaded after import = 109

========================================================================
Received Import Request.
  Time since last request: 0.000021 seconds.
  path: Assets/Modern UI Pack/Textures/Icon/Design/Crop.png
  artifactKey: Guid(4a4cdd1b816f2c14e8f99597ac619de1) Importer(2089858483,b0f066a214c2f5e87bad3c948f4d605d)
Start importing Assets/Modern UI Pack/Textures/Icon/Design/Crop.png using Guid(4a4cdd1b816f2c14e8f99597ac619de1) Importer(2089858483,b0f066a214c2f5e87bad3c948f4d605d) (ScriptedImporter) -> (artifact id: '6b6fb0067721c3e390dce0b1b3d21eef') in 0.0134404 seconds
Number of updated asset objects reloaded before import = 0Number of asset objects unloaded after import = 3

========================================================================
Received Import Request.
  Time since last request: 0.000019 seconds.
  path: Assets/Modern UI Pack/Textures/Icon/Others/Animation Icon Stuff/Lock Top.png
  artifactKey: Guid(5a63e931255ab3043a9aec2a315b323f) Importer(2089858483,b0f066a214c2f5e87bad3c948f4d605d)
Start importing Assets/Modern UI Pack/Textures/Icon/Others/Animation Icon Stuff/Lock Top.png using Guid(5a63e931255ab3043a9aec2a315b323f) Importer(2089858483,b0f066a214c2f5e87bad3c948f4d605d) (ScriptedImporter) -> (artifact id: '51f842b75dbf7f7dfedbe84831527d01') in 0.0094395 seconds
Number of updated asset objects reloaded before import = 0Number of asset objects unloaded after import = 3

========================================================================
Received Import Request.
  Time since last request: 0.000022 seconds.
  path: Assets/Modern UI Pack/Prefabs/Button/Rounded/Brown.prefab
  artifactKey: Guid(e8e9fe43b467bcf46a644b9efa5c8fad) Importer(2089858483,b0f066a214c2f5e87bad3c948f4d605d)
Start importing Assets/Modern UI Pack/Prefabs/Button/Rounded/Brown.prefab using Guid(e8e9fe43b467bcf46a644b9efa5c8fad) Importer(2089858483,b0f066a214c2f5e87bad3c948f4d605d) (ScriptedImporter) -> (artifact id: 'ae3a053188b2ce19af3896552335d00d') in 0.03879 seconds
Number of updated asset objects reloaded before import = 0Number of asset objects unloaded after import = 109

========================================================================
Received Import Request.
  Time since last request: 0.000016 seconds.
  path: Assets/Modern UI Pack/Editor/Icons/HeaderHorizontalSelector.png
  artifactKey: Guid(1d50f0545bfd1304eace331e06cb2cc2) Importer(2089858483,b0f066a214c2f5e87bad3c948f4d605d)
Start importing Assets/Modern UI Pack/Editor/Icons/HeaderHorizontalSelector.png using Guid(1d50f0545bfd1304eace331e06cb2cc2) Importer(2089858483,b0f066a214c2f5e87bad3c948f4d605d) (ScriptedImporter) -> (artifact id: '0a4b83be7290d92e75adf2f460d4b045') in 0.009644 seconds
Number of updated asset objects reloaded before import = 0Number of asset objects unloaded after import = 1

========================================================================
Received Import Request.
  Time since last request: 0.000018 seconds.
  path: Assets/Modern UI Pack/Prefabs/Toggle/Toggle - Standard.prefab
  artifactKey: Guid(71766f1bef30953409612c3803df740a) Importer(2089858483,b0f066a214c2f5e87bad3c948f4d605d)
Start importing Assets/Modern UI Pack/Prefabs/Toggle/Toggle - Standard.prefab using Guid(71766f1bef30953409612c3803df740a) Importer(2089858483,b0f066a214c2f5e87bad3c948f4d605d) (ScriptedImporter) -> (artifact id: 'bb7b384f9b2f2a5d5a5c34c8597a41ba') in 0.0661387 seconds
Number of updated asset objects reloaded before import = 0Number of asset objects unloaded after import = 76

========================================================================
Received Import Request.
  Time since last request: 0.000037 seconds.
  path: Assets/Modern UI Pack/Textures/Border/Radial/256px/Radial Outline 256px - 9x.png
  artifactKey: Guid(7b5bda73e2462c84baa72be5e1a35668) Importer(2089858483,b0f066a214c2f5e87bad3c948f4d605d)
Start importing Assets/Modern UI Pack/Textures/Border/Radial/256px/Radial Outline 256px - 9x.png using Guid(7b5bda73e2462c84baa72be5e1a35668) Importer(2089858483,b0f066a214c2f5e87bad3c948f4d605d) (ScriptedImporter) -> (artifact id: '59b38105e42957ece4ee0af18548e6ad') in 0.0105213 seconds
Number of updated asset objects reloaded before import = 0Number of asset objects unloaded after import = 3

========================================================================
Received Import Request.
  Time since last request: 0.000021 seconds.
  path: Assets/Modern UI Pack/Editor/Icons/HeaderWindowManager.png
  artifactKey: Guid(272e917ee31ed1b4a90e7ea53131b352) Importer(2089858483,b0f066a214c2f5e87bad3c948f4d605d)
Start importing Assets/Modern UI Pack/Editor/Icons/HeaderWindowManager.png using Guid(272e917ee31ed1b4a90e7ea53131b352) Importer(2089858483,b0f066a214c2f5e87bad3c948f4d605d) (ScriptedImporter) -> (artifact id: 'c18ee64d13edb91500b2f7f67a85eaab') in 0.0177354 seconds
Number of updated asset objects reloaded before import = 0Number of asset objects unloaded after import = 1

========================================================================
Received Import Request.
  Time since last request: 0.000016 seconds.
  path: Assets/Modern UI Pack/Textures/Border/Radial/1024px
  artifactKey: Guid(68d495f0bd5d8064c98034c455313436) Importer(2089858483,b0f066a214c2f5e87bad3c948f4d605d)
Start importing Assets/Modern UI Pack/Textures/Border/Radial/1024px using Guid(68d495f0bd5d8064c98034c455313436) Importer(2089858483,b0f066a214c2f5e87bad3c948f4d605d) (ScriptedImporter) -> (artifact id: '152fb2471ba7b99a8f24590a4a0f88fc') in 0.0042674 seconds
Number of updated asset objects reloaded before import = 0Number of asset objects unloaded after import = 1

========================================================================
Received Import Request.
  Time since last request: 0.000035 seconds.
  path: Assets/Modern UI Pack/Resources/UI Manager Presets/Default.preset
  artifactKey: Guid(f4aef7328af695b499c3c4e07387404e) Importer(2089858483,b0f066a214c2f5e87bad3c948f4d605d)
Start importing Assets/Modern UI Pack/Resources/UI Manager Presets/Default.preset using Guid(f4aef7328af695b499c3c4e07387404e) Importer(2089858483,b0f066a214c2f5e87bad3c948f4d605d) (ScriptedImporter) -> (artifact id: '37bd5548ab3df50c4ac5dbcaa08b712b') in 0.0429222 seconds
Number of updated asset objects reloaded before import = 0Number of asset objects unloaded after import = 31

========================================================================
Received Import Request.
  Time since last request: 0.000016 seconds.
  path: Assets/Modern UI Pack/Animations/Input Field/Standard In.anim
  artifactKey: Guid(44ce23e02ca9d9147b60ce5b43237db1) Importer(2089858483,b0f066a214c2f5e87bad3c948f4d605d)
Start importing Assets/Modern UI Pack/Animations/Input Field/Standard In.anim using Guid(44ce23e02ca9d9147b60ce5b43237db1) Importer(2089858483,b0f066a214c2f5e87bad3c948f4d605d) (ScriptedImporter) -> (artifact id: '2ddbcb6c99b97226badce776f324f6ab') in 0.0081851 seconds
Number of updated asset objects reloaded before import = 0Number of asset objects unloaded after import = 1

========================================================================
Received Import Request.
  Time since last request: 0.000021 seconds.
  path: Assets/Modern UI Pack/Prefabs/Animated Icon/Window.prefab
  artifactKey: Guid(e66e162856f6b884eb406acc50688f28) Importer(2089858483,b0f066a214c2f5e87bad3c948f4d605d)
Start importing Assets/Modern UI Pack/Prefabs/Animated Icon/Window.prefab using Guid(e66e162856f6b884eb406acc50688f28) Importer(2089858483,b0f066a214c2f5e87bad3c948f4d605d) (ScriptedImporter) -> (artifact id: '63f965f16c6faf0e5563ab37fa264b1c') in 0.0435362 seconds
Number of updated asset objects reloaded before import = 0Number of asset objects unloaded after import = 70

========================================================================
Received Import Request.
  Time since last request: 0.000020 seconds.
  path: Assets/Modern UI Pack/Prefabs/Slider/Outline/Slider - Outline (Input).prefab
  artifactKey: Guid(b996a9fb7127e5c49aa0c7788107cd98) Importer(2089858483,b0f066a214c2f5e87bad3c948f4d605d)
Start importing Assets/Modern UI Pack/Prefabs/Slider/Outline/Slider - Outline (Input).prefab using Guid(b996a9fb7127e5c49aa0c7788107cd98) Importer(2089858483,b0f066a214c2f5e87bad3c948f4d605d) (ScriptedImporter) -> (artifact id: '9e1bec64a5a7fdfb75a97a5789b9a798') in 0.0646915 seconds
Number of updated asset objects reloaded before import = 0Number of asset objects unloaded after import = 85

========================================================================
Received Import Request.
  Time since last request: 0.000017 seconds.
  path: Assets/Modern UI Pack/Prefabs/Button/Basic - Outline Gradient/Pink.prefab
  artifactKey: Guid(95b8b49354a93694c9bd50f492be3b24) Importer(2089858483,b0f066a214c2f5e87bad3c948f4d605d)
Start importing Assets/Modern UI Pack/Prefabs/Button/Basic - Outline Gradient/Pink.prefab using Guid(95b8b49354a93694c9bd50f492be3b24) Importer(2089858483,b0f066a214c2f5e87bad3c948f4d605d) (ScriptedImporter) -> (artifact id: '20a15c35ef36dd423bf5b7802e264bbd') in 0.048679 seconds
Number of updated asset objects reloaded before import = 0Number of asset objects unloaded after import = 117

========================================================================
Received Import Request.
  Time since last request: 0.000021 seconds.
  path: Assets/Modern UI Pack/Editor/Icons/SubHeaderUIManager.png
  artifactKey: Guid(7ea17002451c6424bb81ffda22a57747) Importer(2089858483,b0f066a214c2f5e87bad3c948f4d605d)
Start importing Assets/Modern UI Pack/Editor/Icons/SubHeaderUIManager.png using Guid(7ea17002451c6424bb81ffda22a57747) Importer(2089858483,b0f066a214c2f5e87bad3c948f4d605d) (ScriptedImporter) -> (artifact id: '3a8ed0e43e8a9daae5f1459ec292776c') in 0.0103097 seconds
Number of updated asset objects reloaded before import = 0Number of asset objects unloaded after import = 1

========================================================================
Received Import Request.
  Time since last request: 0.000037 seconds.
  path: Assets/Modern UI Pack/Scripts/UI Manager/UIManagerProgressBarLoop.cs
  artifactKey: Guid(be5fad699a120164d91f8b2f69924ad1) Importer(2089858483,b0f066a214c2f5e87bad3c948f4d605d)
Start importing Assets/Modern UI Pack/Scripts/UI Manager/UIManagerProgressBarLoop.cs using Guid(be5fad699a120164d91f8b2f69924ad1) Importer(2089858483,b0f066a214c2f5e87bad3c948f4d605d) (ScriptedImporter) -> (artifact id: 'eebe9370d4c13846269b8cab081f1ceb') in 0.0077962 seconds
Number of updated asset objects reloaded before import = 0Number of asset objects unloaded after import = 1

========================================================================
Received Import Request.
  Time since last request: 0.000019 seconds.
  path: Assets/Modern UI Pack/Scripts/Context Menu
  artifactKey: Guid(24042a316d186e24cb8ff5555642e401) Importer(2089858483,b0f066a214c2f5e87bad3c948f4d605d)
Start importing Assets/Modern UI Pack/Scripts/Context Menu using Guid(24042a316d186e24cb8ff5555642e401) Importer(2089858483,b0f066a214c2f5e87bad3c948f4d605d) (ScriptedImporter) -> (artifact id: '98a174a8e9deb05a5f69bdea9bbe42b8') in 0.0052429 seconds
Number of updated asset objects reloaded before import = 0Number of asset objects unloaded after import = 1

========================================================================
Received Import Request.
  Time since last request: 0.000022 seconds.
  path: Assets/Modern UI Pack/Prefabs/Animated Icon/Lock.prefab
  artifactKey: Guid(97414ade1ade2964aae055309b56323f) Importer(2089858483,b0f066a214c2f5e87bad3c948f4d605d)
Start importing Assets/Modern UI Pack/Prefabs/Animated Icon/Lock.prefab using Guid(97414ade1ade2964aae055309b56323f) Importer(2089858483,b0f066a214c2f5e87bad3c948f4d605d) (ScriptedImporter) -> (artifact id: '0585c171ec2ba2a9881f50b812114abf') in 0.0568086 seconds
Number of updated asset objects reloaded before import = 0Number of asset objects unloaded after import = 62

========================================================================
Received Import Request.
  Time since last request: 0.000033 seconds.
  path: Assets/Modern UI Pack/Textures/Icon/Media/Microphone.png
  artifactKey: Guid(66bf9157a68771e4a82bdfe968f08212) Importer(2089858483,b0f066a214c2f5e87bad3c948f4d605d)
Start importing Assets/Modern UI Pack/Textures/Icon/Media/Microphone.png using Guid(66bf9157a68771e4a82bdfe968f08212) Importer(2089858483,b0f066a214c2f5e87bad3c948f4d605d) (ScriptedImporter) -> (artifact id: '38b940787f6dea7872802ced21b0c91b') in 0.018814 seconds
Number of updated asset objects reloaded before import = 0Number of asset objects unloaded after import = 3

========================================================================
Received Import Request.
  Time since last request: 0.000018 seconds.
  path: Assets/Modern UI Pack/Animations/Context Menu/Context Menu Start.anim
  artifactKey: Guid(ee6a90601b93c0246864bc386a4a232f) Importer(2089858483,b0f066a214c2f5e87bad3c948f4d605d)
Start importing Assets/Modern UI Pack/Animations/Context Menu/Context Menu Start.anim using Guid(ee6a90601b93c0246864bc386a4a232f) Importer(2089858483,b0f066a214c2f5e87bad3c948f4d605d) (ScriptedImporter) -> (artifact id: 'b7b0cb13f1eb1317a365e65b197b5e59') in 0.0097721 seconds
Number of updated asset objects reloaded before import = 0Number of asset objects unloaded after import = 1

========================================================================
Received Import Request.
  Time since last request: 0.000020 seconds.
  path: Assets/Modern UI Pack/Animations/Window Manager/WMA Start.anim
  artifactKey: Guid(2835b0cd5243d654ba3c0db5d614377d) Importer(2089858483,b0f066a214c2f5e87bad3c948f4d605d)
Start importing Assets/Modern UI Pack/Animations/Window Manager/WMA Start.anim using Guid(2835b0cd5243d654ba3c0db5d614377d) Importer(2089858483,b0f066a214c2f5e87bad3c948f4d605d) (ScriptedImporter) -> (artifact id: '38be8590513489dd16815b610bfba02c') in 0.0098867 seconds
Number of updated asset objects reloaded before import = 0Number of asset objects unloaded after import = 1

========================================================================
Received Import Request.
  Time since last request: 0.000018 seconds.
  path: Assets/Modern UI Pack/Prefabs/Context Menu/Context Menu.prefab
  artifactKey: Guid(4007afa0c6d7d34479420814328729a7) Importer(2089858483,b0f066a214c2f5e87bad3c948f4d605d)
Start importing Assets/Modern UI Pack/Prefabs/Context Menu/Context Menu.prefab using Guid(4007afa0c6d7d34479420814328729a7) Importer(2089858483,b0f066a214c2f5e87bad3c948f4d605d) (ScriptedImporter) -> (artifact id: '49613ff26bc4fd8ac805798bf88a1a5d') in 0.0722738 seconds
Number of updated asset objects reloaded before import = 0Number of asset objects unloaded after import = 140

========================================================================
Received Import Request.
  Time since last request: 0.803952 seconds.
  path: Assets/Modern UI Pack/Textures/Icon/Communication & Social/Instagram.png
  artifactKey: Guid(3d3f575454863be41b91df501a5466e7) Importer(2089858483,b0f066a214c2f5e87bad3c948f4d605d)
Start importing Assets/Modern UI Pack/Textures/Icon/Communication & Social/Instagram.png using Guid(3d3f575454863be41b91df501a5466e7) Importer(2089858483,b0f066a214c2f5e87bad3c948f4d605d) (ScriptedImporter) -> (artifact id: '024a723a930c9c9c1707ec1ec25ca5b1') in 0.0149087 seconds
Number of updated asset objects reloaded before import = 0Number of asset objects unloaded after import = 3

========================================================================
Received Import Request.
  Time since last request: 0.000015 seconds.
  path: Assets/Modern UI Pack/Read Me.txt
  artifactKey: Guid(96b7ae355c0c67a40abb31b7312bba82) Importer(2089858483,b0f066a214c2f5e87bad3c948f4d605d)
Start importing Assets/Modern UI Pack/Read Me.txt using Guid(96b7ae355c0c67a40abb31b7312bba82) Importer(2089858483,b0f066a214c2f5e87bad3c948f4d605d) (ScriptedImporter) -> (artifact id: '191c56038c3816535d3419db6702c49c') in 0.0050467 seconds
Number of updated asset objects reloaded before import = 0Number of asset objects unloaded after import = 1

========================================================================
Received Import Request.
  Time since last request: 0.000026 seconds.
  path: Assets/Modern UI Pack/Textures/Icon/Communication & Social/Reddit.png
  artifactKey: Guid(bd5800a4eb1b3994cbf678c8eae0464a) Importer(2089858483,b0f066a214c2f5e87bad3c948f4d605d)
Start importing Assets/Modern UI Pack/Textures/Icon/Communication & Social/Reddit.png using Guid(bd5800a4eb1b3994cbf678c8eae0464a) Importer(2089858483,b0f066a214c2f5e87bad3c948f4d605d) (ScriptedImporter) -> (artifact id: '44e6c02057b00ed9f77aac1bd1db84b5') in 0.0119837 seconds
Number of updated asset objects reloaded before import = 0Number of asset objects unloaded after import = 3

========================================================================
Received Import Request.
  Time since last request: 0.186439 seconds.
  path: Assets/Modern UI Pack/Textures/Icon/Communication & Social/Twitter.png
  artifactKey: Guid(1b35732bebfbd224abab7e97ebeb6d35) Importer(2089858483,b0f066a214c2f5e87bad3c948f4d605d)
Start importing Assets/Modern UI Pack/Textures/Icon/Communication & Social/Twitter.png using Guid(1b35732bebfbd224abab7e97ebeb6d35) Importer(2089858483,b0f066a214c2f5e87bad3c948f4d605d) (ScriptedImporter) -> (artifact id: 'f0f645773b61aaa546a6a1014aa0d939') in 0.0090162 seconds
Number of updated asset objects reloaded before import = 0Number of asset objects unloaded after import = 3

========================================================================
Received Import Request.
  Time since last request: 0.000017 seconds.
  path: Assets/Modern UI Pack/Animations/Window Manager/Hover to Pressed.anim
  artifactKey: Guid(15afff09f2dd5bc4ea7de38b9651c577) Importer(2089858483,b0f066a214c2f5e87bad3c948f4d605d)
Start importing Assets/Modern UI Pack/Animations/Window Manager/Hover to Pressed.anim using Guid(15afff09f2dd5bc4ea7de38b9651c577) Importer(2089858483,b0f066a214c2f5e87bad3c948f4d605d) (ScriptedImporter) -> (artifact id: '4b1986de92ff48b4fcaddd745484c9ea') in 0.0079656 seconds
Number of updated asset objects reloaded before import = 0Number of asset objects unloaded after import = 1

========================================================================
Received Import Request.
  Time since last request: 0.000022 seconds.
  path: Assets/Modern UI Pack/Animations/Window Manager/Hover to Normal.anim
  artifactKey: Guid(4e85b997b3084d4468cf50fb9a5b35d8) Importer(2089858483,b0f066a214c2f5e87bad3c948f4d605d)
Start importing Assets/Modern UI Pack/Animations/Window Manager/Hover to Normal.anim using Guid(4e85b997b3084d4468cf50fb9a5b35d8) Importer(2089858483,b0f066a214c2f5e87bad3c948f4d605d) (ScriptedImporter) -> (artifact id: 'a712ee0a9958760c83a5c55dbca77baa') in 0.010744 seconds
Number of updated asset objects reloaded before import = 0Number of asset objects unloaded after import = 1

========================================================================
Received Import Request.
  Time since last request: 1.719339 seconds.
  path: Assets/Resource/Character/Charamodel/Corin (Zenless Zone Zero)/Textures/Corin_Hair_D.png
  artifactKey: Guid(1e0515ea527db524a83a1497023a37cf) Importer(2089858483,b0f066a214c2f5e87bad3c948f4d605d)
Start importing Assets/Resource/Character/Charamodel/Corin (Zenless Zone Zero)/Textures/Corin_Hair_D.png using Guid(1e0515ea527db524a83a1497023a37cf) Importer(2089858483,b0f066a214c2f5e87bad3c948f4d605d) (ScriptedImporter) -> (artifact id: '91283ed14c067a712a473e479f02f456') in 0.0206773 seconds
Number of updated asset objects reloaded before import = 0Number of asset objects unloaded after import = 1

========================================================================
Received Import Request.
  Time since last request: 0.000015 seconds.
  path: Assets/Resource/Character/Charamodel/Corin (Zenless Zone Zero)/Textures/Corin_Weapon_N.png
  artifactKey: Guid(6010d44fd2977ce43abdcd0b699bcc7b) Importer(2089858483,b0f066a214c2f5e87bad3c948f4d605d)
Start importing Assets/Resource/Character/Charamodel/Corin (Zenless Zone Zero)/Textures/Corin_Weapon_N.png using Guid(6010d44fd2977ce43abdcd0b699bcc7b) Importer(2089858483,b0f066a214c2f5e87bad3c948f4d605d) (ScriptedImporter) -> (artifact id: 'fe14dc6167136f9882e2d8669ae1ef23') in 0.015127 seconds
Number of updated asset objects reloaded before import = 0Number of asset objects unloaded after import = 1

========================================================================
Received Import Request.
  Time since last request: 0.315458 seconds.
  path: Assets/Resource/Character/Charamodel/Belle (Zenless Zone Zero)
  artifactKey: Guid(894122cc4e778c944b2c3a5b622a6629) Importer(2089858483,b0f066a214c2f5e87bad3c948f4d605d)
Start importing Assets/Resource/Character/Charamodel/Belle (Zenless Zone Zero) using Guid(894122cc4e778c944b2c3a5b622a6629) Importer(2089858483,b0f066a214c2f5e87bad3c948f4d605d) (ScriptedImporter) -> (artifact id: '5da40a22bfed11c1d81a6d335dae6cbc') in 0.0053719 seconds
Number of updated asset objects reloaded before import = 0Number of asset objects unloaded after import = 1

========================================================================
Received Import Request.
  Time since last request: 0.000020 seconds.
  path: Assets/Resource/Character/Charamodel/Belle (Zenless Zone Zero)/Read me~.txt
  artifactKey: Guid(a1c2c2a2cf74ae444b846e2fdf5ee6dc) Importer(2089858483,b0f066a214c2f5e87bad3c948f4d605d)
Start importing Assets/Resource/Character/Charamodel/Belle (Zenless Zone Zero)/Read me~.txt using Guid(a1c2c2a2cf74ae444b846e2fdf5ee6dc) Importer(2089858483,b0f066a214c2f5e87bad3c948f4d605d) (ScriptedImporter) -> (artifact id: '2c7fb8948eaa6f025c9c75d0e4ca4ff4') in 0.0050489 seconds
Number of updated asset objects reloaded before import = 0Number of asset objects unloaded after import = 1

========================================================================
Received Import Request.
  Time since last request: 43.571512 seconds.
  path: Assets/Resource/Character/Charamodel/Von Lycaon (Zenless Zone Zero)/Textures
  artifactKey: Guid(dea4785556d33fd40aac419c9072fc96) Importer(2089858483,b0f066a214c2f5e87bad3c948f4d605d)
Start importing Assets/Resource/Character/Charamodel/Von Lycaon (Zenless Zone Zero)/Textures using Guid(dea4785556d33fd40aac419c9072fc96) Importer(2089858483,b0f066a214c2f5e87bad3c948f4d605d) (ScriptedImporter) -> (artifact id: '7db1bcbf1adf8b935b3c60f0c30f0a48') in 0.0048334 seconds
Number of updated asset objects reloaded before import = 0Number of asset objects unloaded after import = 1

========================================================================
Received Import Request.
  Time since last request: 0.000011 seconds.
  path: Assets/Resource/Character/Charamodel/Von Lycaon (Zenless Zone Zero)/Textures/Lycaon_Body_Map2_N.png
  artifactKey: Guid(034777cce4142044696d8069028667fd) Importer(2089858483,b0f066a214c2f5e87bad3c948f4d605d)
Start importing Assets/Resource/Character/Charamodel/Von Lycaon (Zenless Zone Zero)/Textures/Lycaon_Body_Map2_N.png using Guid(034777cce4142044696d8069028667fd) Importer(2089858483,b0f066a214c2f5e87bad3c948f4d605d) (ScriptedImporter) -> (artifact id: 'b67480048e61b0842b9c2d48b33cdd01') in 0.0141935 seconds
Number of updated asset objects reloaded before import = 0Number of asset objects unloaded after import = 1

========================================================================
Received Import Request.
  Time since last request: 34.289810 seconds.
  path: Assets/Resource/Character/Charamodel/Nicole Demara (Zenless Zone Zero)/Texture/Nostradamus_Body_MatCap_Tex.png
  artifactKey: Guid(1aef1a2458dd95a429d91f53ad83e222) Importer(2089858483,b0f066a214c2f5e87bad3c948f4d605d)
Start importing Assets/Resource/Character/Charamodel/Nicole Demara (Zenless Zone Zero)/Texture/Nostradamus_Body_MatCap_Tex.png using Guid(1aef1a2458dd95a429d91f53ad83e222) Importer(2089858483,b0f066a214c2f5e87bad3c948f4d605d) (ScriptedImporter) -> (artifact id: '9b9da10866ec5ea6b2d72e58e4b0e204') in 0.0198749 seconds
Number of updated asset objects reloaded before import = 0Number of asset objects unloaded after import = 1

========================================================================
Received Import Request.
  Time since last request: 0.000020 seconds.
  path: Assets/Resource/Character/Charamodel/Nicole Demara (Zenless Zone Zero)/Nicole Demara (Zenless zone zero).fbx
  artifactKey: Guid(1fc035d1845f68141b7c75a1cc5b6816) Importer(2089858483,b0f066a214c2f5e87bad3c948f4d605d)
Start importing Assets/Resource/Character/Charamodel/Nicole Demara (Zenless Zone Zero)/Nicole Demara (Zenless zone zero).fbx using Guid(1fc035d1845f68141b7c75a1cc5b6816) Importer(2089858483,b0f066a214c2f5e87bad3c948f4d605d) (ScriptedImporter) -> (artifact id: '4ccf179e14034a17f85ed53421782444') in 0.0869116 seconds
Number of updated asset objects reloaded before import = 0Number of asset objects unloaded after import = 469

Editor requested this worker to shutdown with reason: Scaling down because of idle timeout
AssetImportWorker is now disconnected from the server
Process exiting
Exiting without the bug reporter. Application will terminate with return code 0