[Licensing::Module] Trying to connect to existing licensing client channel...
[Licensing::IpcConnector] Successfully connected to: "LicenseClient-USER" at "2026-02-28T10:40:42.6648427Z"
Built from '6000.3/staging' branch; Version is '6000.3.9f1 (7a9955a4f2fa) revision 8034645'; Using compiler version '194234433'; Build Type 'Release'
OS: 'Windows 11  (10.0.26200) Core' Language: 'ko' Physical Memory: 32386 MB
BatchMode: 1, IsHumanControllingUs: 0, StartBugReporterOnCrash: 0, Is64bit: 1
System  architecture: x64
Process architecture: x64
Date: 2026-02-28T10:40:42Z

COMMAND LINE ARGUMENTS:
C:\Program Files\Unity\Hub\Editor\6000.3.9f1\Editor\Unity.exe
-adb2
-batchMode
-noUpm
-name
AssetImportWorker45
-projectPath
C:/Users/USER/Documents/GitHub/AR-ReversiProject
-logFile
Logs/AssetImportWorker45.log
-srvPort
58049
-job-worker-count
15
-background-job-worker-count
8
-gc-helper-count
1
-name
AssetImport
Successfully changed project path to: C:/Users/USER/Documents/GitHub/AR-ReversiProject
C:/Users/USER/Documents/GitHub/AR-ReversiProject
[UnityMemory] Configuration Parameters - Can be set up in boot.config
    "memorysetup-temp-allocator-size-nav-mesh-worker=65536"
    "memorysetup-temp-allocator-size-audio-worker=65536"
    "memorysetup-temp-allocator-size-gfx=262144"
    "memorysetup-allocator-temp-initial-block-size-main=262144"
    "memorysetup-allocator-temp-initial-block-size-worker=262144"
    "memorysetup-temp-allocator-size-background-worker=32768"
    "memorysetup-temp-allocator-size-job-worker=262144"
    "memorysetup-temp-allocator-size-preload-manager=33554432"
    "memorysetup-temp-allocator-size-gi-baking-worker=262144"
    "memorysetup-temp-allocator-size-gi-baking-worker=262144"
    "memorysetup-temp-allocator-size-gi-baking-worker=262144"
    "memorysetup-temp-allocator-size-gi-baking-worker=262144"
    "memorysetup-temp-allocator-size-gi-baking-worker=262144"
    "memorysetup-bucket-allocator-granularity=16"
    "memorysetup-bucket-allocator-bucket-count=8"
    "memorysetup-bucket-allocator-block-size=33554432"
    "memorysetup-bucket-allocator-block-count=8"
    "memorysetup-main-allocator-block-size=16777216"
    "memorysetup-thread-allocator-block-size=16777216"
    "memorysetup-gfx-main-allocator-block-size=16777216"
    "memorysetup-gfx-thread-allocator-block-size=16777216"
    "memorysetup-cache-allocator-block-size=4194304"
    "memorysetup-typetree-allocator-block-size=2097152"
    "memorysetup-profiler-bucket-allocator-granularity=16"
    "memorysetup-profiler-bucket-allocator-bucket-count=8"
    "memorysetup-profiler-bucket-allocator-block-size=33554432"
    "memorysetup-profiler-bucket-allocator-block-count=8"
    "memorysetup-profiler-allocator-block-size=16777216"
    "memorysetup-profiler-editor-allocator-block-size=1048576"
    "memorysetup-temp-allocator-size-main=16777216"
    "memorysetup-job-temp-allocator-block-size=2097152"
    "memorysetup-job-temp-allocator-block-size-background=1048576"
    "memorysetup-job-temp-allocator-reduction-small-platforms=262144"
    "memorysetup-temp-allocator-size-cloud-worker=32768"
Player connection [16096]  Target information:

Player connection [16096]  * "[IP] 172.30.1.55 [Port] 0 [Flags] 2 [Guid] 437626410 [EditorId] 437626410 [Version] 1048832 [Id] WindowsEditor(7,DESKTOP-BTF4SNP) [Debug] 1 [PackageName] WindowsEditor [ProjectName] Editor" 

Player connection [16096] Host joined multi-casting on [225.0.0.222:54997]...
Player connection [16096] Host joined alternative multi-casting on [225.0.0.222:34997]...
JobSystem: Creating JobQueue using job-worker-count value 15
Input System module state changed to: Initialized.
[Physics::Module] Initialized fallback backend.
[Physics::Module] Id: 0xdecafbad
Library Redirect Path: Library/
[Physics::Module] Selected backend.
[Physics::Module] Name: PhysX
[Physics::Module] Id: 0xf2b8ea05
[Physics::Module] SDK Version: 4.1.2
[Physics::Module] Integration Version: 1.0.0
[Physics::Module] Threading Mode: Multi-Threaded
Refreshing native plugins compatible for Editor in 33.10 ms, found 9 plugins.
Preloading 0 native plugins for Editor in 0.00 ms.
Initialize engine version: 6000.3.9f1 (7a9955a4f2fa)
[Subsystems] Discovering subsystems at path C:/Program Files/Unity/Hub/Editor/6000.3.9f1/Editor/Data/Resources/UnitySubsystems
[Subsystems] Discovering subsystems at path C:/Users/USER/Documents/GitHub/AR-ReversiProject/Assets
GfxDevice: creating device client; kGfxThreadingModeNonThreaded
Direct3D:
    Version:  Direct3D 11.0 [level 11.1]
    Renderer: NVIDIA GeForce RTX 4060 Laptop GPU (ID=0x28e0)
    Vendor:   NVIDIA
    VRAM:     7957 MB
    Driver:   32.0.15.6081
Initialize mono
Mono path[0] = 'C:/Program Files/Unity/Hub/Editor/6000.3.9f1/Editor/Data/Managed'
Mono path[1] = 'C:/Program Files/Unity/Hub/Editor/6000.3.9f1/Editor/Data/MonoBleedingEdge/lib/mono/unityjit-win32'
Mono config path = 'C:/Program Files/Unity/Hub/Editor/6000.3.9f1/Editor/Data/MonoBleedingEdge/etc'
Using monoOptions --debugger-agent=transport=dt_socket,embedding=1,server=y,suspend=n,address=127.0.0.1:56352
Begin MonoManager ReloadAssembly
Registering precompiled unity dll's ...
Register platform support module: C:/Program Files/Unity/Hub/Editor/6000.3.9f1/Editor/Data/PlaybackEngines/WebGLSupport/UnityEditor.WebGL.Extensions.dll
Register platform support module: C:/Program Files/Unity/Hub/Editor/6000.3.9f1/Editor/Data/PlaybackEngines/WindowsStandaloneSupport/UnityEditor.WindowsStandalone.Extensions.dll
Registered in 0.004336 seconds.
[Licensing::Client] Handshaking with LicensingClient:
  Version:                 1.17.4+4293ba1
  Session Id:              294859b12d254031aa3bd7e28913da7a
  Correlation Id:          2e1677b044b26191d80a4bb1d64b199d
  External correlation Id: 5161626265201660249
  Machine Id:              dJ8Tfn01EciPmnYvmSiKPSjQkro=
[Licensing::Module] Successfully connected to LicensingClient on channel: "LicenseClient-USER" (connect: 0.00s, validation: 0.00s, handshake: 1.53s)
[Licensing::IpcConnector] Successfully connected to: "LicenseClient-USER-notifications" at "2026-02-28T10:40:44.201272Z"
[Licensing::Module] Licensing Background thread has ended after 1.54s
- Loaded All Assemblies, in  0.451 seconds
Native extension for WindowsStandalone target not found
Native extension for WebGL target not found
ScheduleIndexationOnStartup MainProcess:False IndexOnStartup:True
Mono: successfully reloaded assembly
- Finished resetting the current domain, in  0.370 seconds
Domain Reload Profiling: 816ms
	BeginReloadAssembly (174ms)
		ExecutionOrderSort (0ms)
		DisableScriptedObjects (0ms)
		BackupInstance (0ms)
		ReleaseScriptingObjects (0ms)
		CreateAndSetChildDomain (1ms)
	RebuildCommonClasses (37ms)
	RebuildNativeTypeToScriptingClass (13ms)
	initialDomainReloadingComplete (53ms)
	LoadAllAssembliesAndSetupDomain (169ms)
		LoadAssemblies (170ms)
		RebuildTransferFunctionScriptingTraits (0ms)
		AnalyzeDomain (166ms)
			TypeCache.Refresh (164ms)
				TypeCache.ScanAssembly (151ms)
			BuildScriptInfoCaches (0ms)
			ResolveRequiredComponents (0ms)
	FinalizeReload (370ms)
		ReleaseScriptCaches (0ms)
		RebuildScriptCaches (0ms)
		SetupLoadedEditorAssemblies (328ms)
			LogAssemblyErrors (0ms)
			InitializePlatformSupportModulesInManaged (48ms)
			SetLoadedEditorAssemblies (3ms)
			BeforeProcessingInitializeOnLoad (63ms)
			ProcessInitializeOnLoadAttributes (139ms)
			ProcessInitializeOnLoadMethodAttributes (74ms)
			AfterProcessingInitializeOnLoad (0ms)
			EditorAssembliesLoaded (0ms)
		ExecutionOrderSort2 (0ms)
		AwakeInstancesAfterBackupRestoration (0ms)
========================================================================
Worker process is ready to serve import requests
Import Worker Mode flag is 0x00
Begin MonoManager ReloadAssembly
[Licensing::Client] Successfully resolved entitlement details
[Licensing::Module] License group:
  Id: 14568654860447-UnityPersXXXX
  Product: Unity Personal
  Type: Assigned
  Expiration: Unlimited
- Loaded All Assemblies, in  1.051 seconds
'Assets/Photon/Fusion/Runtime/Fusion.Unity.cs' contains partial class of Unity.Object, exactly 1 of the partial classes needs to be in a file with the same filename. This is to know the one that can be referenced from ie. GameObjects
'Assets/Photon/Fusion/Runtime/Fusion.Unity.cs' contains partial class of Unity.Object, exactly 1 of the partial classes needs to be in a file with the same filename. This is to know the one that can be referenced from ie. GameObjects
Refreshing native plugins compatible for Editor in 10.57 ms, found 9 plugins.
Native extension for WindowsStandalone target not found
Native extension for WebGL target not found
Package Manager log level set to [2]
[Package Manager] Failed to launch server process. Reason: Unity was launched with the -noUpm command-line argument
[Package Manager] Unable to send message (not connected to server process).
[Package Manager] Cannot connect to Unity Package Manager local server
System.Exception: Error! Visual Scripting: couldn't find visual scripting package
  at Unity.VisualScripting.PackageVersionUtility.get_version () [0x00043] in .\Library\PackageCache\com.unity.visualscripting@191c0d7e3b69\Editor\VisualScripting.Core\Utilities\PackageVersionUtility.cs:31 
  at Unity.VisualScripting.BoltCoreManifest.get_version () [0x00000] in .\Library\PackageCache\com.unity.visualscripting@191c0d7e3b69\Editor\VisualScripting.Core\Plugin\BoltCoreManifest.cs:11 
  at Unity.VisualScripting.PluginManifest.get_currentVersion () [0x00000] in .\Library\PackageCache\com.unity.visualscripting@191c0d7e3b69\Editor\VisualScripting.Core\Plugins\PluginManifest.cs:33 
  at Unity.VisualScripting.PluginManifest.get_versionMismatch () [0x00000] in .\Library\PackageCache\com.unity.visualscripting@191c0d7e3b69\Editor\VisualScripting.Core\Plugins\PluginManifest.cs:48 
  at Unity.VisualScripting.PluginContainer.Initialize () [0x00525] in .\Library\PackageCache\com.unity.visualscripting@191c0d7e3b69\Editor\VisualScripting.Core\Plugins\PluginContainer.cs:208 
  at Unity.VisualScripting.PluginContainer.InitializeOnLoad () [0x00009] in .\Library\PackageCache\com.unity.visualscripting@191c0d7e3b69\Editor\VisualScripting.Core\Plugins\PluginContainer.cs:32 
  at Unity.VisualScripting.VSUsageUtility.DoInitializeOnLoadCalls () [0x00034] in .\Library\PackageCache\com.unity.visualscripting@191c0d7e3b69\Editor\VisualScripting.Core\Utilities\VSUsageUtility.cs:76 
  at Unity.VisualScripting.VSUsageUtility.set_isVisualScriptingUsed (System.Boolean value) [0x0002c] in .\Library\PackageCache\com.unity.visualscripting@191c0d7e3b69\Editor\VisualScripting.Core\Utilities\VSUsageUtility.cs:114 
  at Unity.VisualScripting.VSUsageUtility.CheckAndSetIsVisualScriptingUsed () [0x00032] in .\Library\PackageCache\com.unity.visualscripting@191c0d7e3b69\Editor\VisualScripting.Core\Utilities\VSUsageUtility.cs:48 
  at Unity.VisualScripting.VSUsageUtility..cctor () [0x00000] in .\Library\PackageCache\com.unity.visualscripting@191c0d7e3b69\Editor\VisualScripting.Core\Utilities\VSUsageUtility.cs:22 
UnityEngine.Debug:ExtractStackTraceNoAlloc (byte*,int,string)
UnityEngine.StackTraceUtility:ExtractStackTrace ()
UnityEngine.DebugLogHandler:Internal_Log (UnityEngine.LogType,UnityEngine.LogOption,string,UnityEngine.Object)
UnityEngine.DebugLogHandler:LogFormat (UnityEngine.LogType,UnityEngine.Object,string,object[])
UnityEngine.Logger:Log (UnityEngine.LogType,object)
UnityEngine.Debug:LogError (object)
UnityEditor.EditorAssemblies:ProcessInitializeOnLoadAttributes (System.Type[])

ScheduleIndexationOnStartup MainProcess:False IndexOnStartup:True
Mono: successfully reloaded assembly
- Finished resetting the current domain, in  1.348 seconds
Domain Reload Profiling: 2389ms
	BeginReloadAssembly (191ms)
		ExecutionOrderSort (0ms)
		DisableScriptedObjects (4ms)
		BackupInstance (0ms)
		ReleaseScriptingObjects (0ms)
		CreateAndSetChildDomain (26ms)
	RebuildCommonClasses (32ms)
	RebuildNativeTypeToScriptingClass (11ms)
	initialDomainReloadingComplete (47ms)
	LoadAllAssembliesAndSetupDomain (759ms)
		LoadAssemblies (579ms)
		RebuildTransferFunctionScriptingTraits (0ms)
		AnalyzeDomain (299ms)
			TypeCache.Refresh (215ms)
				TypeCache.ScanAssembly (199ms)
			BuildScriptInfoCaches (67ms)
			ResolveRequiredComponents (13ms)
	FinalizeReload (1348ms)
		ReleaseScriptCaches (0ms)
		RebuildScriptCaches (0ms)
		SetupLoadedEditorAssemblies (1172ms)
			LogAssemblyErrors (0ms)
			InitializePlatformSupportModulesInManaged (2ms)
			SetLoadedEditorAssemblies (4ms)
			BeforeProcessingInitializeOnLoad (134ms)
			ProcessInitializeOnLoadAttributes (847ms)
			ProcessInitializeOnLoadMethodAttributes (177ms)
			AfterProcessingInitializeOnLoad (8ms)
			EditorAssembliesLoaded (0ms)
		ExecutionOrderSort2 (0ms)
		AwakeInstancesAfterBackupRestoration (6ms)
Launched and connected shader compiler UnityShaderCompiler.exe after 0.02 seconds
Refreshing native plugins compatible for Editor in 18.66 ms, found 9 plugins.
Preloading 0 native plugins for Editor in 0.00 ms.
Unloading 16 Unused Serialized files (Serialized files now loaded: 0)
Unloading 7028 unused Assets / (4.4 MB). Loaded Objects now: 7945.
Memory consumption went from 316.6 MB to 312.2 MB.
Total: 27.258100 ms (FindLiveObjects: 0.684500 ms CreateObjectMapping: 0.888200 ms MarkObjects: 22.960100 ms  DeleteObjects: 2.723600 ms)

========================================================================
Received Import Request.
  Time since last request: 1386094.799451 seconds.
  path: Assets/Plugins/AllIn13DShader/DefaultTextures/DirtDefault.png
  artifactKey: Guid(f96e2c3fa17668c4fa41974c62843999) Importer(815301076,1909f56bfc062723c751e8b465ee728b)
Start importing Assets/Plugins/AllIn13DShader/DefaultTextures/DirtDefault.png using Guid(f96e2c3fa17668c4fa41974c62843999) Importer(815301076,1909f56bfc062723c751e8b465ee728b) (PreviewImporter) -> (artifact id: '27decc7149bd21b17abbe25e5fffe637') in 0.0688251 seconds
Number of updated asset objects reloaded before import = 0Number of asset objects unloaded after import = 2

========================================================================
Received Import Request.
  Time since last request: 0.000028 seconds.
  path: Assets/Modern UI Pack/Editor/Icons/EditorRLG.png
  artifactKey: Guid(a6728f3c9bd53624fa556ca3f560cc9b) Importer(815301076,1909f56bfc062723c751e8b465ee728b)
Start importing Assets/Modern UI Pack/Editor/Icons/EditorRLG.png using Guid(a6728f3c9bd53624fa556ca3f560cc9b) Importer(815301076,1909f56bfc062723c751e8b465ee728b) (PreviewImporter) -> (artifact id: '7024dc5281c869233f429e9dbb7b100e') in 0.0083007 seconds
Number of updated asset objects reloaded before import = 0Number of asset objects unloaded after import = 2

========================================================================
Received Import Request.
  Time since last request: 0.824953 seconds.
  path: Assets/Resource/Character/Charamodel/Corin (Zenless Zone Zero)/Textures/Corin_Hair_N.png
  artifactKey: Guid(93a25e183f534e346beacadce2033081) Importer(815301076,1909f56bfc062723c751e8b465ee728b)
Start importing Assets/Resource/Character/Charamodel/Corin (Zenless Zone Zero)/Textures/Corin_Hair_N.png using Guid(93a25e183f534e346beacadce2033081) Importer(815301076,1909f56bfc062723c751e8b465ee728b) (PreviewImporter) -> (artifact id: '9e48612f85aca08b36cf6ec031d06ce5') in 0.0151071 seconds
Number of updated asset objects reloaded before import = 0Number of asset objects unloaded after import = 2

========================================================================
Received Import Request.
  Time since last request: 0.255425 seconds.
  path: Assets/Resource/Character/Charamodel/Corin (Zenless Zone Zero)/Textures/Corin_Body_M.png
  artifactKey: Guid(3b0b81988a559dc49a07502e761d471b) Importer(815301076,1909f56bfc062723c751e8b465ee728b)
Start importing Assets/Resource/Character/Charamodel/Corin (Zenless Zone Zero)/Textures/Corin_Body_M.png using Guid(3b0b81988a559dc49a07502e761d471b) Importer(815301076,1909f56bfc062723c751e8b465ee728b) (PreviewImporter) -> (artifact id: '7a864f08c89872a224b8f6043ca65aaa') in 0.0129005 seconds
Number of updated asset objects reloaded before import = 0Number of asset objects unloaded after import = 2

========================================================================
Received Import Request.
  Time since last request: 0.000034 seconds.
  path: Assets/ExplosiveLLC/RPG Character Mecanim Animation Pack/Demo Elements/UI/Controls.psd
  artifactKey: Guid(19663e3fea6f609468d37dbdcd231930) Importer(815301076,1909f56bfc062723c751e8b465ee728b)
Start importing Assets/ExplosiveLLC/RPG Character Mecanim Animation Pack/Demo Elements/UI/Controls.psd using Guid(19663e3fea6f609468d37dbdcd231930) Importer(815301076,1909f56bfc062723c751e8b465ee728b) (PreviewImporter) -> (artifact id: 'e95edd0309674bee131916ab3c24c970') in 0.0255845 seconds
Number of updated asset objects reloaded before import = 0Number of asset objects unloaded after import = 3

========================================================================
Received Import Request.
  Time since last request: 0.309607 seconds.
  path: Assets/Modern UI Pack/Editor/Icons/ContentNormal.png
  artifactKey: Guid(b5f4c39901408204aa2c59639df0432e) Importer(815301076,1909f56bfc062723c751e8b465ee728b)
Start importing Assets/Modern UI Pack/Editor/Icons/ContentNormal.png using Guid(b5f4c39901408204aa2c59639df0432e) Importer(815301076,1909f56bfc062723c751e8b465ee728b) (PreviewImporter) -> (artifact id: 'fac6ba6dd62acda3a5db2213be571a87') in 0.006253 seconds
Number of updated asset objects reloaded before import = 0Number of asset objects unloaded after import = 2

========================================================================
Received Import Request.
  Time since last request: 1.949523 seconds.
  path: Assets/Plugins/AllIn13DShader/Demo/Textures/ModelsTextures/Chomper_Normal.tif
  artifactKey: Guid(a260421d28771c3439468d6095a37ab9) Importer(815301076,1909f56bfc062723c751e8b465ee728b)
Start importing Assets/Plugins/AllIn13DShader/Demo/Textures/ModelsTextures/Chomper_Normal.tif using Guid(a260421d28771c3439468d6095a37ab9) Importer(815301076,1909f56bfc062723c751e8b465ee728b) (PreviewImporter) -> (artifact id: '340ee9a0aca837fa51594bdd1ee0be0f') in 0.0175288 seconds
Number of updated asset objects reloaded before import = 0Number of asset objects unloaded after import = 2

========================================================================
Received Import Request.
  Time since last request: 0.193152 seconds.
  path: Assets/Plugins/AllIn13DShader/Demo/Textures/ModelsTextures/Chomper_Albedo.tif
  artifactKey: Guid(e222ed97453a52444b91dafa104900d6) Importer(815301076,1909f56bfc062723c751e8b465ee728b)
Start importing Assets/Plugins/AllIn13DShader/Demo/Textures/ModelsTextures/Chomper_Albedo.tif using Guid(e222ed97453a52444b91dafa104900d6) Importer(815301076,1909f56bfc062723c751e8b465ee728b) (PreviewImporter) -> (artifact id: '2d80a9b265c70941f6ab0c43351aa925') in 0.0075078 seconds
Number of updated asset objects reloaded before import = 0Number of asset objects unloaded after import = 2

========================================================================
Received Import Request.
  Time since last request: 0.246198 seconds.
  path: Assets/ExplosiveLLC/PerfectLookAt/Models/UnityModel/DefaultAvatar.fbm/body_color_map.png
  artifactKey: Guid(219ee7ddb5e04ba4e9d23b87d4064dec) Importer(815301076,1909f56bfc062723c751e8b465ee728b)
Start importing Assets/ExplosiveLLC/PerfectLookAt/Models/UnityModel/DefaultAvatar.fbm/body_color_map.png using Guid(219ee7ddb5e04ba4e9d23b87d4064dec) Importer(815301076,1909f56bfc062723c751e8b465ee728b) (PreviewImporter) -> (artifact id: '1e6eda63c88c1d375e055c06f0fb21b9') in 0.0111944 seconds
Number of updated asset objects reloaded before import = 0Number of asset objects unloaded after import = 2

========================================================================
Received Import Request.
  Time since last request: 8.985770 seconds.
  path: Assets/Modern UI Pack/Editor/Icons/EditorSwitch.png
  artifactKey: Guid(1de3e885959f3b84f9f25beca3a9503d) Importer(815301076,1909f56bfc062723c751e8b465ee728b)
Start importing Assets/Modern UI Pack/Editor/Icons/EditorSwitch.png using Guid(1de3e885959f3b84f9f25beca3a9503d) Importer(815301076,1909f56bfc062723c751e8b465ee728b) (PreviewImporter) -> (artifact id: '65877317cdbba45badcf6ae5d8f9a69e') in 0.0117077 seconds
Number of updated asset objects reloaded before import = 0Number of asset objects unloaded after import = 2

========================================================================
Received Import Request.
  Time since last request: 0.000013 seconds.
  path: Assets/Modern UI Pack/Editor/Icons/EditorWindowManager.png
  artifactKey: Guid(6cf11c0849502024eaa15de7d842e9f4) Importer(815301076,1909f56bfc062723c751e8b465ee728b)
Start importing Assets/Modern UI Pack/Editor/Icons/EditorWindowManager.png using Guid(6cf11c0849502024eaa15de7d842e9f4) Importer(815301076,1909f56bfc062723c751e8b465ee728b) (PreviewImporter) -> (artifact id: '0c3f313e6c2b2122f991b761d78f3f0c') in 0.0105522 seconds
Number of updated asset objects reloaded before import = 0Number of asset objects unloaded after import = 2

========================================================================
Received Import Request.
  Time since last request: 13.069509 seconds.
  path: Assets/Plugins/AllIn13DShader/Demo/Textures/ColorRamps/PlatformRampTexture.png
  artifactKey: Guid(650665d4f65461c4e9fabf9475dc46c3) Importer(815301076,1909f56bfc062723c751e8b465ee728b)
Start importing Assets/Plugins/AllIn13DShader/Demo/Textures/ColorRamps/PlatformRampTexture.png using Guid(650665d4f65461c4e9fabf9475dc46c3) Importer(815301076,1909f56bfc062723c751e8b465ee728b) (PreviewImporter) -> (artifact id: '0cad2b8253d2c4435e710c1b6eca60bd') in 0.0101944 seconds
Number of updated asset objects reloaded before import = 0Number of asset objects unloaded after import = 2

========================================================================
Received Import Request.
  Time since last request: 0.736855 seconds.
  path: Assets/Modern UI Pack/Fonts/OpenSans-Regular SDF.asset
  artifactKey: Guid(4bd810f1cbcb0f446a8f5a31453e243f) Importer(815301076,1909f56bfc062723c751e8b465ee728b)
Start importing Assets/Modern UI Pack/Fonts/OpenSans-Regular SDF.asset using Guid(4bd810f1cbcb0f446a8f5a31453e243f) Importer(815301076,1909f56bfc062723c751e8b465ee728b) (PreviewImporter) -> (artifact id: 'fc2179e1ef307153135a4cd48ee5cddd') in 0.4160647 seconds
Number of updated asset objects reloaded before import = 0Number of asset objects unloaded after import = 19

========================================================================
Received Import Request.
  Time since last request: 0.564944 seconds.
  path: Assets/Modern UI Pack/Textures/Border/Radial/256px/Radial Outline 256px - 8x.png
  artifactKey: Guid(7a5c908175cf5214f91a89beccfe65b2) Importer(815301076,1909f56bfc062723c751e8b465ee728b)
Start importing Assets/Modern UI Pack/Textures/Border/Radial/256px/Radial Outline 256px - 8x.png using Guid(7a5c908175cf5214f91a89beccfe65b2) Importer(815301076,1909f56bfc062723c751e8b465ee728b) (PreviewImporter) -> (artifact id: '0be894dfbf5921e792ef5de3ec189f1e') in 0.0091238 seconds
Number of updated asset objects reloaded before import = 0Number of asset objects unloaded after import = 3

========================================================================
Received Import Request.
  Time since last request: 0.000025 seconds.
  path: Assets/Modern UI Pack/Textures/Border/Radial/512px/Radial Outline 512px - 5x.png
  artifactKey: Guid(1b43bc290ba48b5468a23b479bea3c76) Importer(815301076,1909f56bfc062723c751e8b465ee728b)
Start importing Assets/Modern UI Pack/Textures/Border/Radial/512px/Radial Outline 512px - 5x.png using Guid(1b43bc290ba48b5468a23b479bea3c76) Importer(815301076,1909f56bfc062723c751e8b465ee728b) (PreviewImporter) -> (artifact id: '50902b7849733776355edeb2e5775272') in 0.0119393 seconds
Number of updated asset objects reloaded before import = 0Number of asset objects unloaded after import = 3

========================================================================
Received Import Request.
  Time since last request: 0.072860 seconds.
  path: Assets/Modern UI Pack/Textures/Border/Radial/1024px/Radial Outline 1024px - 2x.png
  artifactKey: Guid(954be6945f3076d4ead9deff24827fea) Importer(815301076,1909f56bfc062723c751e8b465ee728b)
Start importing Assets/Modern UI Pack/Textures/Border/Radial/1024px/Radial Outline 1024px - 2x.png using Guid(954be6945f3076d4ead9deff24827fea) Importer(815301076,1909f56bfc062723c751e8b465ee728b) (PreviewImporter) -> (artifact id: 'f4687dce1ed5b18f809e0c9ac44cc675') in 0.0103713 seconds
Number of updated asset objects reloaded before import = 0Number of asset objects unloaded after import = 3

========================================================================
Received Import Request.
  Time since last request: 0.000031 seconds.
  path: Assets/Modern UI Pack/Textures/Border/Radial/1024px/Radial Outline 1024px - 9x.png
  artifactKey: Guid(e6081e588b18eb5428446bae5f2d77f3) Importer(815301076,1909f56bfc062723c751e8b465ee728b)
Start importing Assets/Modern UI Pack/Textures/Border/Radial/1024px/Radial Outline 1024px - 9x.png using Guid(e6081e588b18eb5428446bae5f2d77f3) Importer(815301076,1909f56bfc062723c751e8b465ee728b) (PreviewImporter) -> (artifact id: '8772ef18d5b024120e35f4ba0742ff15') in 0.009554 seconds
Number of updated asset objects reloaded before import = 0Number of asset objects unloaded after import = 3

========================================================================
Received Import Request.
  Time since last request: 0.074428 seconds.
  path: Assets/Plugins/AllIn13DShader/Demo/Textures/ColorRamps/RampTexture1.png
  artifactKey: Guid(a8322ffd38147134aafb198e734f0ccd) Importer(815301076,1909f56bfc062723c751e8b465ee728b)
Start importing Assets/Plugins/AllIn13DShader/Demo/Textures/ColorRamps/RampTexture1.png using Guid(a8322ffd38147134aafb198e734f0ccd) Importer(815301076,1909f56bfc062723c751e8b465ee728b) (PreviewImporter) -> (artifact id: '4e0cbc182ba8922e9cfb00d1503a31e9') in 0.0090052 seconds
Number of updated asset objects reloaded before import = 0Number of asset objects unloaded after import = 2

========================================================================
Received Import Request.
  Time since last request: 0.000030 seconds.
  path: Assets/Modern UI Pack/Textures/Icon/Navigation/Refresh.png
  artifactKey: Guid(16a091c7f8ad05b4da2be8ff9b929650) Importer(815301076,1909f56bfc062723c751e8b465ee728b)
Start importing Assets/Modern UI Pack/Textures/Icon/Navigation/Refresh.png using Guid(16a091c7f8ad05b4da2be8ff9b929650) Importer(815301076,1909f56bfc062723c751e8b465ee728b) (PreviewImporter) -> (artifact id: 'aeb6731ac658a505b249a0aa4828a645') in 0.0111367 seconds
Number of updated asset objects reloaded before import = 0Number of asset objects unloaded after import = 3

========================================================================
Received Import Request.
  Time since last request: 0.061702 seconds.
  path: Assets/Modern UI Pack/Editor/Icons/ResourcesActive.png
  artifactKey: Guid(36de84e0dad7a2e41859e006f6815a6a) Importer(815301076,1909f56bfc062723c751e8b465ee728b)
Start importing Assets/Modern UI Pack/Editor/Icons/ResourcesActive.png using Guid(36de84e0dad7a2e41859e006f6815a6a) Importer(815301076,1909f56bfc062723c751e8b465ee728b) (PreviewImporter) -> (artifact id: '03ca7d07d610dbda51df49a011e13baf') in 0.0062517 seconds
Number of updated asset objects reloaded before import = 0Number of asset objects unloaded after import = 2

========================================================================
Received Import Request.
  Time since last request: 0.000022 seconds.
  path: Assets/Modern UI Pack/Textures/Border/Rounded/64px/Rounded Filled 64px.png
  artifactKey: Guid(9109d18ad586e1f49b31eaea40662492) Importer(815301076,1909f56bfc062723c751e8b465ee728b)
Start importing Assets/Modern UI Pack/Textures/Border/Rounded/64px/Rounded Filled 64px.png using Guid(9109d18ad586e1f49b31eaea40662492) Importer(815301076,1909f56bfc062723c751e8b465ee728b) (PreviewImporter) -> (artifact id: '5f3bd1e6a74b22ad2d81974c864826f3') in 0.0105144 seconds
Number of updated asset objects reloaded before import = 0Number of asset objects unloaded after import = 3

========================================================================
Received Import Request.
  Time since last request: 0.000020 seconds.
  path: Assets/Modern UI Pack/Textures/Border/Rounded/32px/Rounded Outline 32px - 1x.png
  artifactKey: Guid(c8a47b132ee4eff48bfeb344ad857e12) Importer(815301076,1909f56bfc062723c751e8b465ee728b)
Start importing Assets/Modern UI Pack/Textures/Border/Rounded/32px/Rounded Outline 32px - 1x.png using Guid(c8a47b132ee4eff48bfeb344ad857e12) Importer(815301076,1909f56bfc062723c751e8b465ee728b) (PreviewImporter) -> (artifact id: '661a2c9eeb74bcf58cb2d9e6bf4cf7d8') in 0.0126569 seconds
Number of updated asset objects reloaded before import = 0Number of asset objects unloaded after import = 3

========================================================================
Received Import Request.
  Time since last request: 0.003617 seconds.
  path: Assets/Modern UI Pack/Textures/Border/Rounded/32px/Rounded Outline 32px - 3x.png
  artifactKey: Guid(5c49ef3a1a4460b4ca3a969124efb7fa) Importer(815301076,1909f56bfc062723c751e8b465ee728b)
Start importing Assets/Modern UI Pack/Textures/Border/Rounded/32px/Rounded Outline 32px - 3x.png using Guid(5c49ef3a1a4460b4ca3a969124efb7fa) Importer(815301076,1909f56bfc062723c751e8b465ee728b) (PreviewImporter) -> (artifact id: '0dc6b8e2c7eb8e05c46837106529a138') in 0.0097927 seconds
Number of updated asset objects reloaded before import = 0Number of asset objects unloaded after import = 3

========================================================================
Received Import Request.
  Time since last request: 0.000025 seconds.
  path: Assets/Modern UI Pack/Textures/Border/Rounded/32px/Rounded Outline 32px - 8x.png
  artifactKey: Guid(cc399a618123056498d011bef46ef430) Importer(815301076,1909f56bfc062723c751e8b465ee728b)
Start importing Assets/Modern UI Pack/Textures/Border/Rounded/32px/Rounded Outline 32px - 8x.png using Guid(cc399a618123056498d011bef46ef430) Importer(815301076,1909f56bfc062723c751e8b465ee728b) (PreviewImporter) -> (artifact id: 'de79b01150ff299fc8f978b3c2f8e26a') in 0.0095525 seconds
Number of updated asset objects reloaded before import = 0Number of asset objects unloaded after import = 3

========================================================================
Received Import Request.
  Time since last request: 0.420937 seconds.
  path: Assets/Modern UI Pack/Textures/Border/Rounded/64px/Rounded Outline 64px - 8x.png
  artifactKey: Guid(34584f4cba06190408f14ff6cd96f891) Importer(815301076,1909f56bfc062723c751e8b465ee728b)
Start importing Assets/Modern UI Pack/Textures/Border/Rounded/64px/Rounded Outline 64px - 8x.png using Guid(34584f4cba06190408f14ff6cd96f891) Importer(815301076,1909f56bfc062723c751e8b465ee728b) (PreviewImporter) -> (artifact id: 'c7688d39341190279619546273c0fd73') in 0.0089959 seconds
Number of updated asset objects reloaded before import = 0Number of asset objects unloaded after import = 3

========================================================================
Received Import Request.
  Time since last request: 0.000029 seconds.
  path: Assets/Modern UI Pack/Textures/Border/Rounded/128px/Rounded Outline 128px - 3x.png
  artifactKey: Guid(27536c42af1eafc40bef676b3fb7422b) Importer(815301076,1909f56bfc062723c751e8b465ee728b)
Start importing Assets/Modern UI Pack/Textures/Border/Rounded/128px/Rounded Outline 128px - 3x.png using Guid(27536c42af1eafc40bef676b3fb7422b) Importer(815301076,1909f56bfc062723c751e8b465ee728b) (PreviewImporter) -> (artifact id: '9d3de109e5fc7de9ceb588a250c772bc') in 0.0107452 seconds
Number of updated asset objects reloaded before import = 0Number of asset objects unloaded after import = 3

========================================================================
Received Import Request.
  Time since last request: 0.122129 seconds.
  path: Assets/Modern UI Pack/Textures/Border/Rounded/128px/Rounded Outline 128px - 8x.png
  artifactKey: Guid(9250896c562fdb54093ca29f1494d52c) Importer(815301076,1909f56bfc062723c751e8b465ee728b)
Start importing Assets/Modern UI Pack/Textures/Border/Rounded/128px/Rounded Outline 128px - 8x.png using Guid(9250896c562fdb54093ca29f1494d52c) Importer(815301076,1909f56bfc062723c751e8b465ee728b) (PreviewImporter) -> (artifact id: 'fd63014b7dcaf21c91144ec7697aaf2e') in 0.0118501 seconds
Number of updated asset objects reloaded before import = 0Number of asset objects unloaded after import = 3

========================================================================
Received Import Request.
  Time since last request: 0.000029 seconds.
  path: Assets/Modern UI Pack/Textures/Border/Rounded/256px/Rounded Outline 256px - 7x.png
  artifactKey: Guid(bf37077950706f74da3a4bb317f54d05) Importer(815301076,1909f56bfc062723c751e8b465ee728b)
Start importing Assets/Modern UI Pack/Textures/Border/Rounded/256px/Rounded Outline 256px - 7x.png using Guid(bf37077950706f74da3a4bb317f54d05) Importer(815301076,1909f56bfc062723c751e8b465ee728b) (PreviewImporter) -> (artifact id: '2f684167a3d1e3f5c423fd7b2f5f7dcd') in 0.0104163 seconds
Number of updated asset objects reloaded before import = 0Number of asset objects unloaded after import = 3

========================================================================
Received Import Request.
  Time since last request: 0.060591 seconds.
  path: Assets/Modern UI Pack/Textures/Border/Rounded/512px/Rounded Outline 512px - 3x.png
  artifactKey: Guid(7d5c7b2cbd4500c4d8a24af1c2879767) Importer(815301076,1909f56bfc062723c751e8b465ee728b)
Start importing Assets/Modern UI Pack/Textures/Border/Rounded/512px/Rounded Outline 512px - 3x.png using Guid(7d5c7b2cbd4500c4d8a24af1c2879767) Importer(815301076,1909f56bfc062723c751e8b465ee728b) (PreviewImporter) -> (artifact id: 'd04436f0242a0bc9ab457b099fc9c73a') in 0.0107592 seconds
Number of updated asset objects reloaded before import = 0Number of asset objects unloaded after import = 3

========================================================================
Received Import Request.
  Time since last request: 0.000026 seconds.
  path: Assets/Modern UI Pack/Textures/Border/Rounded/512px/Rounded Outline 512px - 8x.png
  artifactKey: Guid(16bf965717fca95428341c7f5af630b6) Importer(815301076,1909f56bfc062723c751e8b465ee728b)
Start importing Assets/Modern UI Pack/Textures/Border/Rounded/512px/Rounded Outline 512px - 8x.png using Guid(16bf965717fca95428341c7f5af630b6) Importer(815301076,1909f56bfc062723c751e8b465ee728b) (PreviewImporter) -> (artifact id: '0c96595d096ca3529d0328b6971c9450') in 0.0112701 seconds
Number of updated asset objects reloaded before import = 0Number of asset objects unloaded after import = 3

========================================================================
Received Import Request.
  Time since last request: 0.805727 seconds.
  path: Assets/Modern UI Pack/Textures/Border/Rounded/1024px/Rounded Outline 1024px - 3x.png
  artifactKey: Guid(9f59acaa662cd914b90c445b845103c5) Importer(815301076,1909f56bfc062723c751e8b465ee728b)
Start importing Assets/Modern UI Pack/Textures/Border/Rounded/1024px/Rounded Outline 1024px - 3x.png using Guid(9f59acaa662cd914b90c445b845103c5) Importer(815301076,1909f56bfc062723c751e8b465ee728b) (PreviewImporter) -> (artifact id: 'd314284bd1d27721f65a761a499258fa') in 0.0085091 seconds
Number of updated asset objects reloaded before import = 0Number of asset objects unloaded after import = 3

========================================================================
Received Import Request.
  Time since last request: 0.000028 seconds.
  path: Assets/Modern UI Pack/Editor/Icons/SettingsActive.png
  artifactKey: Guid(8d2f94ec7a4000d41b3187c2226e3bd6) Importer(815301076,1909f56bfc062723c751e8b465ee728b)
Start importing Assets/Modern UI Pack/Editor/Icons/SettingsActive.png using Guid(8d2f94ec7a4000d41b3187c2226e3bd6) Importer(815301076,1909f56bfc062723c751e8b465ee728b) (PreviewImporter) -> (artifact id: '92f063281a58dbb54019b63ace3cedc4') in 0.0060219 seconds
Number of updated asset objects reloaded before import = 0Number of asset objects unloaded after import = 2

========================================================================
Received Import Request.
  Time since last request: 0.000031 seconds.
  path: Assets/Resource/PackageResource/JC_LP_MegaCity/Textures/T_MegaCity_02_Opacity.png
  artifactKey: Guid(2465eb51d5d887144a6c0183887bf239) Importer(815301076,1909f56bfc062723c751e8b465ee728b)
Start importing Assets/Resource/PackageResource/JC_LP_MegaCity/Textures/T_MegaCity_02_Opacity.png using Guid(2465eb51d5d887144a6c0183887bf239) Importer(815301076,1909f56bfc062723c751e8b465ee728b) (PreviewImporter) -> (artifact id: '9f7527c0244f558c382997163fb04adb') in 0.0101851 seconds
Number of updated asset objects reloaded before import = 0Number of asset objects unloaded after import = 2

========================================================================
Received Import Request.
  Time since last request: 0.000028 seconds.
  path: Assets/Resource/Character/Charamodel/Wise (Zenless Zone Zero)/Textures/Wise_Body_Map1_M.png
  artifactKey: Guid(f7859b19f84aba34b86af0faad630240) Importer(815301076,1909f56bfc062723c751e8b465ee728b)
Start importing Assets/Resource/Character/Charamodel/Wise (Zenless Zone Zero)/Textures/Wise_Body_Map1_M.png using Guid(f7859b19f84aba34b86af0faad630240) Importer(815301076,1909f56bfc062723c751e8b465ee728b) (PreviewImporter) -> (artifact id: '420743710382a5add139677dcb66bd56') in 0.0113444 seconds
Number of updated asset objects reloaded before import = 0Number of asset objects unloaded after import = 2

========================================================================
Received Import Request.
  Time since last request: 0.000027 seconds.
  path: Assets/Modern UI Pack/Textures/Border/Rounded/1024px/Rounded Outline 1024px - 10x.png
  artifactKey: Guid(9badee22ad3256e44856c9d74e7b0b5f) Importer(815301076,1909f56bfc062723c751e8b465ee728b)
Start importing Assets/Modern UI Pack/Textures/Border/Rounded/1024px/Rounded Outline 1024px - 10x.png using Guid(9badee22ad3256e44856c9d74e7b0b5f) Importer(815301076,1909f56bfc062723c751e8b465ee728b) (PreviewImporter) -> (artifact id: '194076ed7d53d626b7ac72fc0d8a4753') in 0.0126749 seconds
Number of updated asset objects reloaded before import = 0Number of asset objects unloaded after import = 3

========================================================================
Received Import Request.
  Time since last request: 0.000033 seconds.
  path: Assets/ExplosiveLLC/RPG Character Mecanim Animation Pack/Demo Elements/Textures/Stage/Tree.psd
  artifactKey: Guid(65c23fe5593cff942bfd307bf25cdd3c) Importer(815301076,1909f56bfc062723c751e8b465ee728b)
Start importing Assets/ExplosiveLLC/RPG Character Mecanim Animation Pack/Demo Elements/Textures/Stage/Tree.psd using Guid(65c23fe5593cff942bfd307bf25cdd3c) Importer(815301076,1909f56bfc062723c751e8b465ee728b) (PreviewImporter) -> (artifact id: '53afeeb9b1dadb24898453e161357b4f') in 0.0095238 seconds
Number of updated asset objects reloaded before import = 0Number of asset objects unloaded after import = 2

========================================================================
Received Import Request.
  Time since last request: 0.000021 seconds.
  path: Assets/Plugins/AllIn13DShader/Demo/Textures/ColorRamps/SunsetSkyRamp.png
  artifactKey: Guid(279a2cc045fe97c44a567d112f837331) Importer(815301076,1909f56bfc062723c751e8b465ee728b)
Start importing Assets/Plugins/AllIn13DShader/Demo/Textures/ColorRamps/SunsetSkyRamp.png using Guid(279a2cc045fe97c44a567d112f837331) Importer(815301076,1909f56bfc062723c751e8b465ee728b) (PreviewImporter) -> (artifact id: '8cead6fcf54f31fe80c126c56a153ecf') in 0.0081333 seconds
Number of updated asset objects reloaded before import = 0Number of asset objects unloaded after import = 2

========================================================================
Received Import Request.
  Time since last request: 0.000035 seconds.
  path: Assets/ExplosiveLLC/RPG Character Mecanim Animation Pack/Textures/RPG-Character.psd
  artifactKey: Guid(8d6091f14c0c6604595a64a4e031e7e5) Importer(815301076,1909f56bfc062723c751e8b465ee728b)
Start importing Assets/ExplosiveLLC/RPG Character Mecanim Animation Pack/Textures/RPG-Character.psd using Guid(8d6091f14c0c6604595a64a4e031e7e5) Importer(815301076,1909f56bfc062723c751e8b465ee728b) (PreviewImporter) -> (artifact id: '4755fce96ec842a0e471676c3be96ba0') in 0.0075129 seconds
Number of updated asset objects reloaded before import = 0Number of asset objects unloaded after import = 2

========================================================================
Received Import Request.
  Time since last request: 0.000044 seconds.
  path: Assets/ExplosiveLLC/RPG Character Mecanim Animation Pack/Demo Elements/Textures/Target.psd
  artifactKey: Guid(ff52602033753744aa65216dcf0a9b50) Importer(815301076,1909f56bfc062723c751e8b465ee728b)
Start importing Assets/ExplosiveLLC/RPG Character Mecanim Animation Pack/Demo Elements/Textures/Target.psd using Guid(ff52602033753744aa65216dcf0a9b50) Importer(815301076,1909f56bfc062723c751e8b465ee728b) (PreviewImporter) -> (artifact id: '6ff1246c176a0c14cbc52c789764aaa9') in 0.0071052 seconds
Number of updated asset objects reloaded before import = 0Number of asset objects unloaded after import = 2

========================================================================
Received Import Request.
  Time since last request: 0.000021 seconds.
  path: Assets/Plugins/AllIn13DShader/DefaultTextures/ToonRampDefault.png
  artifactKey: Guid(339398f75cfa2714d93579662d08ec9a) Importer(815301076,1909f56bfc062723c751e8b465ee728b)
Start importing Assets/Plugins/AllIn13DShader/DefaultTextures/ToonRampDefault.png using Guid(339398f75cfa2714d93579662d08ec9a) Importer(815301076,1909f56bfc062723c751e8b465ee728b) (PreviewImporter) -> (artifact id: 'c12929153f3dc3ea160e88530610c357') in 0.007241 seconds
Number of updated asset objects reloaded before import = 0Number of asset objects unloaded after import = 2

========================================================================
Received Import Request.
  Time since last request: 0.000021 seconds.
  path: Assets/Modern UI Pack/Textures/Icon/System/Shield Filled.png
  artifactKey: Guid(ee89da2a565758d4595b8420fed74506) Importer(815301076,1909f56bfc062723c751e8b465ee728b)
Start importing Assets/Modern UI Pack/Textures/Icon/System/Shield Filled.png using Guid(ee89da2a565758d4595b8420fed74506) Importer(815301076,1909f56bfc062723c751e8b465ee728b) (PreviewImporter) -> (artifact id: 'f2037fa8a1efdfeaae671e523b8d2c6c') in 0.0092492 seconds
Number of updated asset objects reloaded before import = 0Number of asset objects unloaded after import = 3

========================================================================
Received Import Request.
  Time since last request: 0.043425 seconds.
  path: Assets/Plugins/AllIn13DShader/Demo/Textures/ModelsTextures/StoneBoxAlbedo.tif
  artifactKey: Guid(8fb2af1ffbbf2424ab2948e8c886cae8) Importer(815301076,1909f56bfc062723c751e8b465ee728b)
Start importing Assets/Plugins/AllIn13DShader/Demo/Textures/ModelsTextures/StoneBoxAlbedo.tif using Guid(8fb2af1ffbbf2424ab2948e8c886cae8) Importer(815301076,1909f56bfc062723c751e8b465ee728b) (PreviewImporter) -> (artifact id: 'edb2a218618731c34308cd656f162beb') in 0.0083678 seconds
Number of updated asset objects reloaded before import = 0Number of asset objects unloaded after import = 2

========================================================================
Received Import Request.
  Time since last request: 0.000018 seconds.
  path: Assets/Modern UI Pack/Editor/Icons/SubHeaderSettings.png
  artifactKey: Guid(31cac0e0a14cd784aa8600ceacedd595) Importer(815301076,1909f56bfc062723c751e8b465ee728b)
Start importing Assets/Modern UI Pack/Editor/Icons/SubHeaderSettings.png using Guid(31cac0e0a14cd784aa8600ceacedd595) Importer(815301076,1909f56bfc062723c751e8b465ee728b) (PreviewImporter) -> (artifact id: 'a192c57f75f613cb879ac6e3c288e7f4') in 0.0069133 seconds
Number of updated asset objects reloaded before import = 0Number of asset objects unloaded after import = 2

========================================================================
Received Import Request.
  Time since last request: 0.000032 seconds.
  path: Assets/Modern UI Pack/Fonts/OpenSans-Bold SDF.asset
  artifactKey: Guid(fa328c1ae3ffb6b4583cf371153b0be6) Importer(815301076,1909f56bfc062723c751e8b465ee728b)
Start importing Assets/Modern UI Pack/Fonts/OpenSans-Bold SDF.asset using Guid(fa328c1ae3ffb6b4583cf371153b0be6) Importer(815301076,1909f56bfc062723c751e8b465ee728b) (PreviewImporter) -> (artifact id: 'd47f58abfb168c4597ec8479293c4c8f') in 0.0267911 seconds
Number of updated asset objects reloaded before import = 0Number of asset objects unloaded after import = 13

========================================================================
Received Import Request.
  Time since last request: 0.000043 seconds.
  path: Assets/Modern UI Pack/Editor/Icons/SubHeaderResources.png
  artifactKey: Guid(85659a6ec2abccb4d8b6b7ed2678e6f8) Importer(815301076,1909f56bfc062723c751e8b465ee728b)
Start importing Assets/Modern UI Pack/Editor/Icons/SubHeaderResources.png using Guid(85659a6ec2abccb4d8b6b7ed2678e6f8) Importer(815301076,1909f56bfc062723c751e8b465ee728b) (PreviewImporter) -> (artifact id: 'ee5ba04ffe4e1036a34a50ee295b24b2') in 0.0057178 seconds
Number of updated asset objects reloaded before import = 0Number of asset objects unloaded after import = 2

========================================================================
Received Import Request.
  Time since last request: 0.000029 seconds.
  path: Assets/Plugins/AllIn13DShader/Demo/Textures/ModelsTextures/MossNormal.tif
  artifactKey: Guid(59bfabcb50ebb2144ba13c59cc13aa8b) Importer(815301076,1909f56bfc062723c751e8b465ee728b)
Start importing Assets/Plugins/AllIn13DShader/Demo/Textures/ModelsTextures/MossNormal.tif using Guid(59bfabcb50ebb2144ba13c59cc13aa8b) Importer(815301076,1909f56bfc062723c751e8b465ee728b) (PreviewImporter) -> (artifact id: '7a139c4b4e4b2c6214adf53933c1f2e2') in 0.0108194 seconds
Number of updated asset objects reloaded before import = 0Number of asset objects unloaded after import = 2

Editor requested this worker to shutdown with reason: Scaling down because of idle timeout
AssetImportWorker is now disconnected from the server
Process exiting
Exiting without the bug reporter. Application will terminate with return code 0