[Licensing::Module] Trying to connect to existing licensing client channel...
Built from '6000.3/staging' branch; Version is '6000.3.9f1 (7a9955a4f2fa) revision 8034645'; Using compiler version '194234433'; Build Type 'Release'
[Licensing::IpcConnector] Successfully connected to: "LicenseClient-USER" at "2026-02-28T14:11:47.5563893Z"
OS: 'Windows 11  (10.0.26200) Core' Language: 'ko' Physical Memory: 32386 MB
BatchMode: 1, IsHumanControllingUs: 0, StartBugReporterOnCrash: 0, Is64bit: 1
System  architecture: x64
Process architecture: x64
Date: 2026-02-28T14:11:47Z

COMMAND LINE ARGUMENTS:
C:\Program Files\Unity\Hub\Editor\6000.3.9f1\Editor\Unity.exe
-adb2
-batchMode
-noUpm
-name
AssetImportWorker6
-projectPath
C:/Users/USER/Documents/GitHub/AR-ReversiProject
-logFile
Logs/AssetImportWorker6.log
-srvPort
54386
-job-worker-count
15
-background-job-worker-count
8
-gc-helper-count
1
-name
AssetImport
Successfully changed project path to: C:/Users/USER/Documents/GitHub/AR-ReversiProject
C:/Users/USER/Documents/GitHub/AR-ReversiProject
[UnityMemory] Configuration Parameters - Can be set up in boot.config
    "memorysetup-temp-allocator-size-nav-mesh-worker=65536"
    "memorysetup-temp-allocator-size-audio-worker=65536"
    "memorysetup-temp-allocator-size-gfx=262144"
    "memorysetup-allocator-temp-initial-block-size-main=262144"
    "memorysetup-allocator-temp-initial-block-size-worker=262144"
    "memorysetup-temp-allocator-size-background-worker=32768"
    "memorysetup-temp-allocator-size-job-worker=262144"
    "memorysetup-temp-allocator-size-preload-manager=33554432"
    "memorysetup-temp-allocator-size-gi-baking-worker=262144"
    "memorysetup-temp-allocator-size-gi-baking-worker=262144"
    "memorysetup-temp-allocator-size-gi-baking-worker=262144"
    "memorysetup-temp-allocator-size-gi-baking-worker=262144"
    "memorysetup-temp-allocator-size-gi-baking-worker=262144"
    "memorysetup-bucket-allocator-granularity=16"
    "memorysetup-bucket-allocator-bucket-count=8"
    "memorysetup-bucket-allocator-block-size=33554432"
    "memorysetup-bucket-allocator-block-count=8"
    "memorysetup-main-allocator-block-size=16777216"
    "memorysetup-thread-allocator-block-size=16777216"
    "memorysetup-gfx-main-allocator-block-size=16777216"
    "memorysetup-gfx-thread-allocator-block-size=16777216"
    "memorysetup-cache-allocator-block-size=4194304"
    "memorysetup-typetree-allocator-block-size=2097152"
    "memorysetup-profiler-bucket-allocator-granularity=16"
    "memorysetup-profiler-bucket-allocator-bucket-count=8"
    "memorysetup-profiler-bucket-allocator-block-size=33554432"
    "memorysetup-profiler-bucket-allocator-block-count=8"
    "memorysetup-profiler-allocator-block-size=16777216"
    "memorysetup-profiler-editor-allocator-block-size=1048576"
    "memorysetup-temp-allocator-size-main=16777216"
    "memorysetup-job-temp-allocator-block-size=2097152"
    "memorysetup-job-temp-allocator-block-size-background=1048576"
    "memorysetup-job-temp-allocator-reduction-small-platforms=262144"
    "memorysetup-temp-allocator-size-cloud-worker=32768"
Player connection [9660]  Target information:

Player connection [9660]  * "[IP] 172.30.1.55 [Port] 0 [Flags] 2 [Guid] 2183075811 [EditorId] 2183075811 [Version] 1048832 [Id] WindowsEditor(7,DESKTOP-BTF4SNP) [Debug] 1 [PackageName] WindowsEditor [ProjectName] Editor" 

Player connection [9660] Host joined multi-casting on [225.0.0.222:54997]...
Player connection [9660] Host joined alternative multi-casting on [225.0.0.222:34997]...
JobSystem: Creating JobQueue using job-worker-count value 15
Input System module state changed to: Initialized.
[Physics::Module] Initialized fallback backend.
[Physics::Module] Id: 0xdecafbad
Library Redirect Path: Library/
[Physics::Module] Selected backend.
[Physics::Module] Name: PhysX
[Physics::Module] Id: 0xf2b8ea05
[Physics::Module] SDK Version: 4.1.2
[Physics::Module] Integration Version: 1.0.0
[Physics::Module] Threading Mode: Multi-Threaded
Refreshing native plugins compatible for Editor in 42.48 ms, found 9 plugins.
Preloading 0 native plugins for Editor in 0.00 ms.
Initialize engine version: 6000.3.9f1 (7a9955a4f2fa)
[Subsystems] Discovering subsystems at path C:/Program Files/Unity/Hub/Editor/6000.3.9f1/Editor/Data/Resources/UnitySubsystems
[Subsystems] Discovering subsystems at path C:/Users/USER/Documents/GitHub/AR-ReversiProject/Assets
GfxDevice: creating device client; kGfxThreadingModeNonThreaded
Direct3D:
    Version:  Direct3D 11.0 [level 11.1]
    Renderer: NVIDIA GeForce RTX 4060 Laptop GPU (ID=0x28e0)
    Vendor:   NVIDIA
    VRAM:     7957 MB
    Driver:   32.0.15.6081
Initialize mono
Mono path[0] = 'C:/Program Files/Unity/Hub/Editor/6000.3.9f1/Editor/Data/Managed'
Mono path[1] = 'C:/Program Files/Unity/Hub/Editor/6000.3.9f1/Editor/Data/MonoBleedingEdge/lib/mono/unityjit-win32'
Mono config path = 'C:/Program Files/Unity/Hub/Editor/6000.3.9f1/Editor/Data/MonoBleedingEdge/etc'
Using monoOptions --debugger-agent=transport=dt_socket,embedding=1,server=y,suspend=n,address=127.0.0.1:56916
Begin MonoManager ReloadAssembly
[Licensing::Client] Handshaking with LicensingClient:
  Version:                 1.17.4+4293ba1
  Session Id:              884f928886544055ab696d7439b6e220
  Correlation Id:          2e1677b044b26191d80a4bb1d64b199d
  External correlation Id: 4477119062931904852
  Machine Id:              dJ8Tfn01EciPmnYvmSiKPSjQkro=
[Licensing::Module] Successfully connected to LicensingClient on channel: "LicenseClient-USER" (connect: 0.00s, validation: 0.01s, handshake: 1.92s)
[Licensing::IpcConnector] Successfully connected to: "LicenseClient-USER-notifications" at "2026-02-28T14:11:49.4885791Z"
[Licensing::Module] Licensing Background thread has ended after 1.93s
Registering precompiled unity dll's ...
Register platform support module: C:/Program Files/Unity/Hub/Editor/6000.3.9f1/Editor/Data/PlaybackEngines/WebGLSupport/UnityEditor.WebGL.Extensions.dll
Register platform support module: C:/Program Files/Unity/Hub/Editor/6000.3.9f1/Editor/Data/PlaybackEngines/WindowsStandaloneSupport/UnityEditor.WindowsStandalone.Extensions.dll
Registered in 0.006336 seconds.
- Loaded All Assemblies, in  0.565 seconds
Native extension for WindowsStandalone target not found
Native extension for WebGL target not found
ScheduleIndexationOnStartup MainProcess:False IndexOnStartup:True
Mono: successfully reloaded assembly
- Finished resetting the current domain, in  0.457 seconds
Domain Reload Profiling: 1015ms
	BeginReloadAssembly (209ms)
		ExecutionOrderSort (0ms)
		DisableScriptedObjects (0ms)
		BackupInstance (0ms)
		ReleaseScriptingObjects (0ms)
		CreateAndSetChildDomain (1ms)
	RebuildCommonClasses (52ms)
	RebuildNativeTypeToScriptingClass (12ms)
	initialDomainReloadingComplete (64ms)
	LoadAllAssembliesAndSetupDomain (220ms)
		LoadAssemblies (200ms)
		RebuildTransferFunctionScriptingTraits (0ms)
		AnalyzeDomain (216ms)
			TypeCache.Refresh (214ms)
				TypeCache.ScanAssembly (197ms)
			BuildScriptInfoCaches (0ms)
			ResolveRequiredComponents (0ms)
	FinalizeReload (457ms)
		ReleaseScriptCaches (0ms)
		RebuildScriptCaches (0ms)
		SetupLoadedEditorAssemblies (406ms)
			LogAssemblyErrors (0ms)
			InitializePlatformSupportModulesInManaged (56ms)
			SetLoadedEditorAssemblies (4ms)
			BeforeProcessingInitializeOnLoad (95ms)
			ProcessInitializeOnLoadAttributes (176ms)
			ProcessInitializeOnLoadMethodAttributes (74ms)
			AfterProcessingInitializeOnLoad (0ms)
			EditorAssembliesLoaded (0ms)
		ExecutionOrderSort2 (0ms)
		AwakeInstancesAfterBackupRestoration (0ms)
========================================================================
Worker process is ready to serve import requests
Import Worker Mode flag is 0x00
Begin MonoManager ReloadAssembly
[Licensing::Client] Successfully resolved entitlement details
[Licensing::Module] License group:
  Id: 14568654860447-UnityPersXXXX
  Product: Unity Personal
  Type: Assigned
  Expiration: Unlimited
- Loaded All Assemblies, in  1.345 seconds
'Assets/Photon/Fusion/Runtime/Fusion.Unity.cs' contains partial class of Unity.Object, exactly 1 of the partial classes needs to be in a file with the same filename. This is to know the one that can be referenced from ie. GameObjects
'Assets/Photon/Fusion/Runtime/Fusion.Unity.cs' contains partial class of Unity.Object, exactly 1 of the partial classes needs to be in a file with the same filename. This is to know the one that can be referenced from ie. GameObjects
Refreshing native plugins compatible for Editor in 12.27 ms, found 9 plugins.
Native extension for WindowsStandalone target not found
Native extension for WebGL target not found
Package Manager log level set to [2]
[Package Manager] Failed to launch server process. Reason: Unity was launched with the -noUpm command-line argument
[Package Manager] Unable to send message (not connected to server process).
[Package Manager] Cannot connect to Unity Package Manager local server
System.Exception: Error! Visual Scripting: couldn't find visual scripting package
  at Unity.VisualScripting.PackageVersionUtility.get_version () [0x00043] in .\Library\PackageCache\com.unity.visualscripting@191c0d7e3b69\Editor\VisualScripting.Core\Utilities\PackageVersionUtility.cs:31 
  at Unity.VisualScripting.BoltCoreManifest.get_version () [0x00000] in .\Library\PackageCache\com.unity.visualscripting@191c0d7e3b69\Editor\VisualScripting.Core\Plugin\BoltCoreManifest.cs:11 
  at Unity.VisualScripting.PluginManifest.get_currentVersion () [0x00000] in .\Library\PackageCache\com.unity.visualscripting@191c0d7e3b69\Editor\VisualScripting.Core\Plugins\PluginManifest.cs:33 
  at Unity.VisualScripting.PluginManifest.get_versionMismatch () [0x00000] in .\Library\PackageCache\com.unity.visualscripting@191c0d7e3b69\Editor\VisualScripting.Core\Plugins\PluginManifest.cs:48 
  at Unity.VisualScripting.PluginContainer.Initialize () [0x00525] in .\Library\PackageCache\com.unity.visualscripting@191c0d7e3b69\Editor\VisualScripting.Core\Plugins\PluginContainer.cs:208 
  at Unity.VisualScripting.PluginContainer.InitializeOnLoad () [0x00009] in .\Library\PackageCache\com.unity.visualscripting@191c0d7e3b69\Editor\VisualScripting.Core\Plugins\PluginContainer.cs:32 
  at Unity.VisualScripting.VSUsageUtility.DoInitializeOnLoadCalls () [0x00034] in .\Library\PackageCache\com.unity.visualscripting@191c0d7e3b69\Editor\VisualScripting.Core\Utilities\VSUsageUtility.cs:76 
  at Unity.VisualScripting.VSUsageUtility.set_isVisualScriptingUsed (System.Boolean value) [0x0002c] in .\Library\PackageCache\com.unity.visualscripting@191c0d7e3b69\Editor\VisualScripting.Core\Utilities\VSUsageUtility.cs:114 
  at Unity.VisualScripting.VSUsageUtility.CheckAndSetIsVisualScriptingUsed () [0x00032] in .\Library\PackageCache\com.unity.visualscripting@191c0d7e3b69\Editor\VisualScripting.Core\Utilities\VSUsageUtility.cs:48 
  at Unity.VisualScripting.VSUsageUtility..cctor () [0x00000] in .\Library\PackageCache\com.unity.visualscripting@191c0d7e3b69\Editor\VisualScripting.Core\Utilities\VSUsageUtility.cs:22 
UnityEngine.Debug:ExtractStackTraceNoAlloc (byte*,int,string)
UnityEngine.StackTraceUtility:ExtractStackTrace ()
UnityEngine.DebugLogHandler:Internal_Log (UnityEngine.LogType,UnityEngine.LogOption,string,UnityEngine.Object)
UnityEngine.DebugLogHandler:LogFormat (UnityEngine.LogType,UnityEngine.Object,string,object[])
UnityEngine.Logger:Log (UnityEngine.LogType,object)
UnityEngine.Debug:LogError (object)
UnityEditor.EditorAssemblies:ProcessInitializeOnLoadAttributes (System.Type[])

ScheduleIndexationOnStartup MainProcess:False IndexOnStartup:True
Mono: successfully reloaded assembly
- Finished resetting the current domain, in  1.803 seconds
Domain Reload Profiling: 3134ms
	BeginReloadAssembly (243ms)
		ExecutionOrderSort (0ms)
		DisableScriptedObjects (7ms)
		BackupInstance (0ms)
		ReleaseScriptingObjects (0ms)
		CreateAndSetChildDomain (35ms)
	RebuildCommonClasses (43ms)
	RebuildNativeTypeToScriptingClass (16ms)
	initialDomainReloadingComplete (64ms)
	LoadAllAssembliesAndSetupDomain (965ms)
		LoadAssemblies (770ms)
		RebuildTransferFunctionScriptingTraits (0ms)
		AnalyzeDomain (334ms)
			TypeCache.Refresh (240ms)
				TypeCache.ScanAssembly (217ms)
			BuildScriptInfoCaches (75ms)
			ResolveRequiredComponents (14ms)
	FinalizeReload (1803ms)
		ReleaseScriptCaches (0ms)
		RebuildScriptCaches (0ms)
		SetupLoadedEditorAssemblies (1505ms)
			LogAssemblyErrors (0ms)
			InitializePlatformSupportModulesInManaged (3ms)
			SetLoadedEditorAssemblies (3ms)
			BeforeProcessingInitializeOnLoad (207ms)
			ProcessInitializeOnLoadAttributes (1052ms)
			ProcessInitializeOnLoadMethodAttributes (227ms)
			AfterProcessingInitializeOnLoad (12ms)
			EditorAssembliesLoaded (0ms)
		ExecutionOrderSort2 (0ms)
		AwakeInstancesAfterBackupRestoration (6ms)
Launched and connected shader compiler UnityShaderCompiler.exe after 0.02 seconds
Refreshing native plugins compatible for Editor in 21.33 ms, found 9 plugins.
Preloading 0 native plugins for Editor in 0.00 ms.
Unloading 16 Unused Serialized files (Serialized files now loaded: 0)
Unloading 7032 unused Assets / (4.5 MB). Loaded Objects now: 7950.
Memory consumption went from 306.8 MB to 302.2 MB.
Total: 45.212300 ms (FindLiveObjects: 2.322100 ms CreateObjectMapping: 0.764600 ms MarkObjects: 37.958900 ms  DeleteObjects: 4.164700 ms)

========================================================================
Received Import Request.
  Time since last request: 1398721.349149 seconds.
  path: Assets/ExplosiveLLC/RPG Character Mecanim Animation Pack/Animations/Armed-Shield/RPG-Character@Armed-Shield-Strafe-Left.FBX
  artifactKey: Guid(2f4b2d0ffa9ca8a44a4da9d934f9bba2) Importer(2089858483,b0f066a214c2f5e87bad3c948f4d605d)
Start importing Assets/ExplosiveLLC/RPG Character Mecanim Animation Pack/Animations/Armed-Shield/RPG-Character@Armed-Shield-Strafe-Left.FBX using Guid(2f4b2d0ffa9ca8a44a4da9d934f9bba2) Importer(2089858483,b0f066a214c2f5e87bad3c948f4d605d) (ScriptedImporter) -> (artifact id: '7471747ca2e9f0785e8fb31c48041e3b') in 0.2124771 seconds
Number of updated asset objects reloaded before import = 0Number of asset objects unloaded after import = 114

========================================================================
Received Import Request.
  Time since last request: 0.000027 seconds.
  path: Assets/Plugins/AllIn13DShader/Demo/Materials/Presets/MAT_Knight.mat
  artifactKey: Guid(027ad177692fbee4b814cf51e38424d2) Importer(2089858483,b0f066a214c2f5e87bad3c948f4d605d)
Start importing Assets/Plugins/AllIn13DShader/Demo/Materials/Presets/MAT_Knight.mat using Guid(027ad177692fbee4b814cf51e38424d2) Importer(2089858483,b0f066a214c2f5e87bad3c948f4d605d) (ScriptedImporter) -> (artifact id: 'a5421d75d9bb3cf3f33331ca454bd104') in 0.193923 seconds
Internal: There are remaining Allocations on the JobTempAlloc. This is a leak, and will impact performance
To Debug, run app with -diag-job-temp-memory-leak-validation cmd line argument. This will output the callstacks of the leaked allocations.
Number of updated asset objects reloaded before import = 0Number of asset objects unloaded after import = 6

========================================================================
Received Import Request.
  Time since last request: 0.000035 seconds.
  path: Assets/Modern UI Pack/Textures/Icon/Navigation/Swap (Filled).png
  artifactKey: Guid(51e690e7e995815488f6e7e784481447) Importer(2089858483,b0f066a214c2f5e87bad3c948f4d605d)
Start importing Assets/Modern UI Pack/Textures/Icon/Navigation/Swap (Filled).png using Guid(51e690e7e995815488f6e7e784481447) Importer(2089858483,b0f066a214c2f5e87bad3c948f4d605d) (ScriptedImporter) -> (artifact id: 'e4d038b2e8cbdf83b5fc2381b12977e6') in 0.0932583 seconds
Internal: There are remaining Allocations on the JobTempAlloc. This is a leak, and will impact performance
To Debug, run app with -diag-job-temp-memory-leak-validation cmd line argument. This will output the callstacks of the leaked allocations.
Number of updated asset objects reloaded before import = 0Number of asset objects unloaded after import = 3

========================================================================
Received Import Request.
  Time since last request: 0.000028 seconds.
  path: Assets/Resource/PackageResource/JC_LP_MegaCity/Models/Props/SM_Props_Garbage_08.fbx
  artifactKey: Guid(274080cec6057f14dbab384b72564ad7) Importer(2089858483,b0f066a214c2f5e87bad3c948f4d605d)
Start importing Assets/Resource/PackageResource/JC_LP_MegaCity/Models/Props/SM_Props_Garbage_08.fbx using Guid(274080cec6057f14dbab384b72564ad7) Importer(2089858483,b0f066a214c2f5e87bad3c948f4d605d) (ScriptedImporter) -> (artifact id: 'f0acc1104b8880465ff8876bb486c507') in 0.0415806 seconds
Number of updated asset objects reloaded before import = 0Number of asset objects unloaded after import = 7

========================================================================
Received Import Request.
  Time since last request: 0.000053 seconds.
  path: Assets/Plugins/AllIn13DShader/Demo/Baked Shaders Demo/Materials/DemoMaterials/MAT_Baked_Outline2.mat
  artifactKey: Guid(4953bd5d88d6ee64aa1dc5af1d4ff608) Importer(2089858483,b0f066a214c2f5e87bad3c948f4d605d)
Start importing Assets/Plugins/AllIn13DShader/Demo/Baked Shaders Demo/Materials/DemoMaterials/MAT_Baked_Outline2.mat using Guid(4953bd5d88d6ee64aa1dc5af1d4ff608) Importer(2089858483,b0f066a214c2f5e87bad3c948f4d605d) (ScriptedImporter) -> (artifact id: '75a18a9b67a5ff7ed99d48340ef7c767') in 0.0790705 seconds
Internal: There are remaining Allocations on the JobTempAlloc. This is a leak, and will impact performance
To Debug, run app with -diag-job-temp-memory-leak-validation cmd line argument. This will output the callstacks of the leaked allocations.
Number of updated asset objects reloaded before import = 0Number of asset objects unloaded after import = 11

========================================================================
Received Import Request.
  Time since last request: 0.000030 seconds.
  path: Assets/Plugins/AllIn13DShader/Demo/Models/TestShape.fbx
  artifactKey: Guid(bf30db64a51f6074085bc3ddf7c1b301) Importer(2089858483,b0f066a214c2f5e87bad3c948f4d605d)
Start importing Assets/Plugins/AllIn13DShader/Demo/Models/TestShape.fbx using Guid(bf30db64a51f6074085bc3ddf7c1b301) Importer(2089858483,b0f066a214c2f5e87bad3c948f4d605d) (ScriptedImporter) -> (artifact id: 'cf3af65e0fa71e17c33a158b48f7d878') in 0.0290307 seconds
Number of updated asset objects reloaded before import = 0Number of asset objects unloaded after import = 8

========================================================================
Received Import Request.
  Time since last request: 0.000034 seconds.
  path: Assets/Plugins/AllIn13DShader/Demo/Baked Shaders Demo/Shaders/AllIn13D_BakedEffects_MAT_Baked_Outline2.shader
  artifactKey: Guid(c7b4bb8d613e9b24ea791b3c96c4a64c) Importer(2089858483,b0f066a214c2f5e87bad3c948f4d605d)
Start importing Assets/Plugins/AllIn13DShader/Demo/Baked Shaders Demo/Shaders/AllIn13D_BakedEffects_MAT_Baked_Outline2.shader using Guid(c7b4bb8d613e9b24ea791b3c96c4a64c) Importer(2089858483,b0f066a214c2f5e87bad3c948f4d605d) (ScriptedImporter) -> (artifact id: '4318a11dd4cda89dce84b011e5a82dde') in 0.0504081 seconds
Number of updated asset objects reloaded before import = 0Number of asset objects unloaded after import = 1

========================================================================
Received Import Request.
  Time since last request: 0.000018 seconds.
  path: Assets/ExplosiveLLC/RPG Character Mecanim Animation Pack/Code/Actions/Movement/Roll.cs
  artifactKey: Guid(347b3894f24c74edc9abc910478b3950) Importer(2089858483,b0f066a214c2f5e87bad3c948f4d605d)
Start importing Assets/ExplosiveLLC/RPG Character Mecanim Animation Pack/Code/Actions/Movement/Roll.cs using Guid(347b3894f24c74edc9abc910478b3950) Importer(2089858483,b0f066a214c2f5e87bad3c948f4d605d) (ScriptedImporter) -> (artifact id: '6d5ab87ef320050ff6230aef0a7c8211') in 0.0146758 seconds
Number of updated asset objects reloaded before import = 0Number of asset objects unloaded after import = 0

========================================================================
Received Import Request.
  Time since last request: 0.000028 seconds.
  path: Assets/Resource/PackageResource/JC_LP_MegaCity/Models/Food/SM_Food_Cabbage_01.fbx
  artifactKey: Guid(a5e59d61f6e1f994a9de8df2443cd3f2) Importer(2089858483,b0f066a214c2f5e87bad3c948f4d605d)
Start importing Assets/Resource/PackageResource/JC_LP_MegaCity/Models/Food/SM_Food_Cabbage_01.fbx using Guid(a5e59d61f6e1f994a9de8df2443cd3f2) Importer(2089858483,b0f066a214c2f5e87bad3c948f4d605d) (ScriptedImporter) -> (artifact id: '0cd163167d74222fe8573547855d8291') in 0.0142853 seconds
Number of updated asset objects reloaded before import = 0Number of asset objects unloaded after import = 7

========================================================================
Received Import Request.
  Time since last request: 0.000041 seconds.
  path: Assets/Plugins/AllIn13DShader/Demo/Models/Tomato.fbx
  artifactKey: Guid(42c8e06ffcbcc55449c3a8c800da3535) Importer(2089858483,b0f066a214c2f5e87bad3c948f4d605d)
Start importing Assets/Plugins/AllIn13DShader/Demo/Models/Tomato.fbx using Guid(42c8e06ffcbcc55449c3a8c800da3535) Importer(2089858483,b0f066a214c2f5e87bad3c948f4d605d) (ScriptedImporter) -> (artifact id: '0f6ea8f3c64650656ee08e2aaaad4d29') in 0.0303004 seconds
Number of updated asset objects reloaded before import = 0Number of asset objects unloaded after import = 8

========================================================================
Received Import Request.
  Time since last request: 0.000017 seconds.
  path: Assets/Resource/PackageResource/JC_LP_MegaCity/Models/Props/SM_Props_DeskLamp_01.fbx
  artifactKey: Guid(6d46314e51c6afb4a945ae4d37f9ef57) Importer(2089858483,b0f066a214c2f5e87bad3c948f4d605d)
Start importing Assets/Resource/PackageResource/JC_LP_MegaCity/Models/Props/SM_Props_DeskLamp_01.fbx using Guid(6d46314e51c6afb4a945ae4d37f9ef57) Importer(2089858483,b0f066a214c2f5e87bad3c948f4d605d) (ScriptedImporter) -> (artifact id: '227f4e75722dc9be376deea2a1a1a6d8') in 0.0185804 seconds
Number of updated asset objects reloaded before import = 0Number of asset objects unloaded after import = 7

========================================================================
Received Import Request.
  Time since last request: 0.000029 seconds.
  path: Assets/Modern UI Pack/Textures/Border/Rounded/128px/Rounded Outline 128px - 2x.png
  artifactKey: Guid(06dec0b1685f62c4d85c8ecce2b95366) Importer(2089858483,b0f066a214c2f5e87bad3c948f4d605d)
Start importing Assets/Modern UI Pack/Textures/Border/Rounded/128px/Rounded Outline 128px - 2x.png using Guid(06dec0b1685f62c4d85c8ecce2b95366) Importer(2089858483,b0f066a214c2f5e87bad3c948f4d605d) (ScriptedImporter) -> (artifact id: '494f1ccad8dba8ceef89fa5d307728c8') in 0.0203794 seconds
Number of updated asset objects reloaded before import = 0Number of asset objects unloaded after import = 3

========================================================================
Received Import Request.
  Time since last request: 0.241306 seconds.
  path: Assets/Modern UI Pack/Textures/Icon/UI Elements/Slider (Filled).png
  artifactKey: Guid(f1b2ff8d303f8ed47abd425770dbc2f5) Importer(2089858483,b0f066a214c2f5e87bad3c948f4d605d)
Start importing Assets/Modern UI Pack/Textures/Icon/UI Elements/Slider (Filled).png using Guid(f1b2ff8d303f8ed47abd425770dbc2f5) Importer(2089858483,b0f066a214c2f5e87bad3c948f4d605d) (ScriptedImporter) -> (artifact id: 'cb6264052306b3dfaafb4f9d1381c2a7') in 0.0163572 seconds
Number of updated asset objects reloaded before import = 0Number of asset objects unloaded after import = 3

========================================================================
Received Import Request.
  Time since last request: 0.000014 seconds.
  path: Assets/ExplosiveLLC/RPG Character Mecanim Animation Pack/Animations/2Hand-Axe
  artifactKey: Guid(606a9fdac5dbe5c45b9e14dd582b0ae1) Importer(2089858483,b0f066a214c2f5e87bad3c948f4d605d)
Start importing Assets/ExplosiveLLC/RPG Character Mecanim Animation Pack/Animations/2Hand-Axe using Guid(606a9fdac5dbe5c45b9e14dd582b0ae1) Importer(2089858483,b0f066a214c2f5e87bad3c948f4d605d) (ScriptedImporter) -> (artifact id: 'bee2f4543d4c0213c8731fd7c1395545') in 0.0078052 seconds
Number of updated asset objects reloaded before import = 0Number of asset objects unloaded after import = 1

========================================================================
Received Import Request.
  Time since last request: 0.000019 seconds.
  path: Assets/Modern UI Pack/Textures/Icon/Date & Time
  artifactKey: Guid(81aebdbc5cc19354fb9eabbcb306a1dd) Importer(2089858483,b0f066a214c2f5e87bad3c948f4d605d)
Start importing Assets/Modern UI Pack/Textures/Icon/Date & Time using Guid(81aebdbc5cc19354fb9eabbcb306a1dd) Importer(2089858483,b0f066a214c2f5e87bad3c948f4d605d) (ScriptedImporter) -> (artifact id: 'f29db2903ee1d10da9a1f5323d899a97') in 0.0088194 seconds
Number of updated asset objects reloaded before import = 0Number of asset objects unloaded after import = 1

========================================================================
Received Import Request.
  Time since last request: 0.000034 seconds.
  path: Assets/Plugins/AllIn13DShader/Demo/Materials/Presets/MAT_EllenEye.mat
  artifactKey: Guid(fcffbde305a256a44931d6168584704c) Importer(2089858483,b0f066a214c2f5e87bad3c948f4d605d)
Start importing Assets/Plugins/AllIn13DShader/Demo/Materials/Presets/MAT_EllenEye.mat using Guid(fcffbde305a256a44931d6168584704c) Importer(2089858483,b0f066a214c2f5e87bad3c948f4d605d) (ScriptedImporter) -> (artifact id: '883a79d78865fb542a63feb5202d42aa') in 0.0346562 seconds
Number of updated asset objects reloaded before import = 0Number of asset objects unloaded after import = 7

========================================================================
Received Import Request.
  Time since last request: 0.000019 seconds.
  path: Assets/Plugins/AllIn13DShader/Demo/Textures/Wind_NoiseDemo.tif
  artifactKey: Guid(b68dbedad03a3a44b85bcfb4f3544433) Importer(2089858483,b0f066a214c2f5e87bad3c948f4d605d)
Start importing Assets/Plugins/AllIn13DShader/Demo/Textures/Wind_NoiseDemo.tif using Guid(b68dbedad03a3a44b85bcfb4f3544433) Importer(2089858483,b0f066a214c2f5e87bad3c948f4d605d) (ScriptedImporter) -> (artifact id: 'deae675ada60676be3cb037a5fc6a249') in 0.0138296 seconds
Number of updated asset objects reloaded before import = 0Number of asset objects unloaded after import = 1

========================================================================
Received Import Request.
  Time since last request: 0.000024 seconds.
  path: Assets/Resource/PackageResource/BeautifulSkyPack02/Panoramic/Textures/SKY_A7.png
  artifactKey: Guid(3e63f7c27389ed841b29bcf2b24c8758) Importer(2089858483,b0f066a214c2f5e87bad3c948f4d605d)
Start importing Assets/Resource/PackageResource/BeautifulSkyPack02/Panoramic/Textures/SKY_A7.png using Guid(3e63f7c27389ed841b29bcf2b24c8758) Importer(2089858483,b0f066a214c2f5e87bad3c948f4d605d) (ScriptedImporter) -> (artifact id: '98c02a44bd3721845007fcdbc7bff9db') in 0.3010624 seconds
Number of updated asset objects reloaded before import = 0Number of asset objects unloaded after import = 1

========================================================================
Received Import Request.
  Time since last request: 0.000033 seconds.
  path: Assets/Resource/PackageResource/JC_LP_MegaCity/Prefabs/Props/SM_Props_Cafe_04.prefab
  artifactKey: Guid(db55f750602fa6043ba6623a77add9d4) Importer(2089858483,b0f066a214c2f5e87bad3c948f4d605d)
Start importing Assets/Resource/PackageResource/JC_LP_MegaCity/Prefabs/Props/SM_Props_Cafe_04.prefab using Guid(db55f750602fa6043ba6623a77add9d4) Importer(2089858483,b0f066a214c2f5e87bad3c948f4d605d) (ScriptedImporter) -> (artifact id: 'aba7f7312e1714e642f274187f728c35') in 0.0192857 seconds
Number of updated asset objects reloaded before import = 0Number of asset objects unloaded after import = 9

========================================================================
Received Import Request.
  Time since last request: 0.000024 seconds.
  path: Assets/ExplosiveLLC/RPG Character Mecanim Animation Pack/Animations/2Hand-Spear/RPG-Character@2Hand-Spear-Strafe-Forward.FBX
  artifactKey: Guid(23802dd57e1bda444b6304e9941bae62) Importer(2089858483,b0f066a214c2f5e87bad3c948f4d605d)
Start importing Assets/ExplosiveLLC/RPG Character Mecanim Animation Pack/Animations/2Hand-Spear/RPG-Character@2Hand-Spear-Strafe-Forward.FBX using Guid(23802dd57e1bda444b6304e9941bae62) Importer(2089858483,b0f066a214c2f5e87bad3c948f4d605d) (ScriptedImporter) -> (artifact id: 'b21c076a457b9ef2b60609a13abf157a') in 0.0114303 seconds
Number of updated asset objects reloaded before import = 0Number of asset objects unloaded after import = 114

========================================================================
Received Import Request.
  Time since last request: 0.000017 seconds.
  path: Assets/ExplosiveLLC/RPG Character Mecanim Animation Pack/Animations/Armed/RPG-Character@Armed-Crouch-Walk-Backward-Left.FBX
  artifactKey: Guid(99b6c5dea1315a94890d581203c10bb1) Importer(2089858483,b0f066a214c2f5e87bad3c948f4d605d)
Start importing Assets/ExplosiveLLC/RPG Character Mecanim Animation Pack/Animations/Armed/RPG-Character@Armed-Crouch-Walk-Backward-Left.FBX using Guid(99b6c5dea1315a94890d581203c10bb1) Importer(2089858483,b0f066a214c2f5e87bad3c948f4d605d) (ScriptedImporter) -> (artifact id: 'a77b64e730db9fb21b9e7065bbc54c07') in 0.0131864 seconds
Number of updated asset objects reloaded before import = 0Number of asset objects unloaded after import = 114

========================================================================
Received Import Request.
  Time since last request: 0.000024 seconds.
  path: Assets/ExplosiveLLC/RPG Character Mecanim Animation Pack/Animations/Unarmed/RPG-Character@Unarmed-Cast-R-Attack3.FBX
  artifactKey: Guid(21871d38deea5de4d892e013fc2c03ca) Importer(2089858483,b0f066a214c2f5e87bad3c948f4d605d)
Start importing Assets/ExplosiveLLC/RPG Character Mecanim Animation Pack/Animations/Unarmed/RPG-Character@Unarmed-Cast-R-Attack3.FBX using Guid(21871d38deea5de4d892e013fc2c03ca) Importer(2089858483,b0f066a214c2f5e87bad3c948f4d605d) (ScriptedImporter) -> (artifact id: '5a8038b8cc6e69927bf67d40281d6af9') in 0.0192066 seconds
Number of updated asset objects reloaded before import = 0Number of asset objects unloaded after import = 116

========================================================================
Received Import Request.
  Time since last request: 0.000015 seconds.
  path: Assets/ExplosiveLLC/RPG Character Mecanim Animation Pack/Animations/2Hand-Shooting/RPG-Character@2Hand-Shooting-Pain1.FBX
  artifactKey: Guid(6e0b5462bdc45b749a851f1a51bd6e6a) Importer(2089858483,b0f066a214c2f5e87bad3c948f4d605d)
Start importing Assets/ExplosiveLLC/RPG Character Mecanim Animation Pack/Animations/2Hand-Shooting/RPG-Character@2Hand-Shooting-Pain1.FBX using Guid(6e0b5462bdc45b749a851f1a51bd6e6a) Importer(2089858483,b0f066a214c2f5e87bad3c948f4d605d) (ScriptedImporter) -> (artifact id: 'cd117fc5de8c076c9affbb5e36e207a9') in 0.0126806 seconds
Number of updated asset objects reloaded before import = 0Number of asset objects unloaded after import = 114

========================================================================
Received Import Request.
  Time since last request: 1.512779 seconds.
  path: Assets/Plugins/AllIn13DShader/Demo/Materials/DemoMaterials/MAT_LightAniso.mat
  artifactKey: Guid(18017398303e9d843bfb50d6772e2e7d) Importer(2089858483,b0f066a214c2f5e87bad3c948f4d605d)
Start importing Assets/Plugins/AllIn13DShader/Demo/Materials/DemoMaterials/MAT_LightAniso.mat using Guid(18017398303e9d843bfb50d6772e2e7d) Importer(2089858483,b0f066a214c2f5e87bad3c948f4d605d) (ScriptedImporter) -> (artifact id: 'f7be7419f9fd25a0c37017c87b48ce42') in 0.0229724 seconds
Number of updated asset objects reloaded before import = 0Number of asset objects unloaded after import = 5

========================================================================
Received Import Request.
  Time since last request: 0.000022 seconds.
  path: Assets/Resource/PackageResource/JC_LP_MegaCity/Prefabs/FloorProps/SM_FloorProps_TrafficLight_02.prefab
  artifactKey: Guid(4a3f430ce6197914fbedaac446edf8af) Importer(2089858483,b0f066a214c2f5e87bad3c948f4d605d)
Start importing Assets/Resource/PackageResource/JC_LP_MegaCity/Prefabs/FloorProps/SM_FloorProps_TrafficLight_02.prefab using Guid(4a3f430ce6197914fbedaac446edf8af) Importer(2089858483,b0f066a214c2f5e87bad3c948f4d605d) (ScriptedImporter) -> (artifact id: '00d04a0f04d94c1901f35d479359a78b') in 0.0897629 seconds
Number of updated asset objects reloaded before import = 0Number of asset objects unloaded after import = 12

========================================================================
Received Import Request.
  Time since last request: 0.000013 seconds.
  path: Assets/ExplosiveLLC/RPG Character Mecanim Animation Pack/Animations/2Hand-Spear/RPG-Character@2Hand-Spear-Knockback-Back2.FBX
  artifactKey: Guid(55dcf9cffd171c741b92c39e783221df) Importer(2089858483,b0f066a214c2f5e87bad3c948f4d605d)
Start importing Assets/ExplosiveLLC/RPG Character Mecanim Animation Pack/Animations/2Hand-Spear/RPG-Character@2Hand-Spear-Knockback-Back2.FBX using Guid(55dcf9cffd171c741b92c39e783221df) Importer(2089858483,b0f066a214c2f5e87bad3c948f4d605d) (ScriptedImporter) -> (artifact id: 'a74ebc4ad17109db35d68fdc0f581432') in 0.056416 seconds
Number of updated asset objects reloaded before import = 0Number of asset objects unloaded after import = 114

========================================================================
Received Import Request.
  Time since last request: 0.000021 seconds.
  path: Assets/Resource/PackageResource/JC_LP_MegaCity/Models/Props/SM_Props_VendingMachine_01.fbx
  artifactKey: Guid(67bf3b86374f0544cbe0803ea7c25db0) Importer(2089858483,b0f066a214c2f5e87bad3c948f4d605d)
Start importing Assets/Resource/PackageResource/JC_LP_MegaCity/Models/Props/SM_Props_VendingMachine_01.fbx using Guid(67bf3b86374f0544cbe0803ea7c25db0) Importer(2089858483,b0f066a214c2f5e87bad3c948f4d605d) (ScriptedImporter) -> (artifact id: '0fdc625b1df95f34c26a77bfb67acb2b') in 0.0101948 seconds
Number of updated asset objects reloaded before import = 0Number of asset objects unloaded after import = 7

========================================================================
Received Import Request.
  Time since last request: 0.000014 seconds.
  path: Assets/Resource/PackageResource/BeautifulSkyPack02/Panoramic/Materials/SKY_A6_high contrast.mat
  artifactKey: Guid(f0baf9b4ad9f24e4a89808b7e65fd460) Importer(2089858483,b0f066a214c2f5e87bad3c948f4d605d)
Start importing Assets/Resource/PackageResource/BeautifulSkyPack02/Panoramic/Materials/SKY_A6_high contrast.mat using Guid(f0baf9b4ad9f24e4a89808b7e65fd460) Importer(2089858483,b0f066a214c2f5e87bad3c948f4d605d) (ScriptedImporter) -> (artifact id: 'a0a9fc088132489f0cfb6a2b8e27d323') in 0.1204234 seconds
Number of updated asset objects reloaded before import = 0Number of asset objects unloaded after import = 2

========================================================================
Received Import Request.
  Time since last request: 0.000018 seconds.
  path: Assets/Plugins/AllIn13DShader/Editor/CustomEditors/AllIn13DShaderMaterialInspector.cs
  artifactKey: Guid(57331ffe54816494c92e6b25562e4ed5) Importer(2089858483,b0f066a214c2f5e87bad3c948f4d605d)
Start importing Assets/Plugins/AllIn13DShader/Editor/CustomEditors/AllIn13DShaderMaterialInspector.cs using Guid(57331ffe54816494c92e6b25562e4ed5) Importer(2089858483,b0f066a214c2f5e87bad3c948f4d605d) (ScriptedImporter) -> (artifact id: '0224b3e50a2add95816f88eec23cd8d8') in 0.0108281 seconds
Number of updated asset objects reloaded before import = 0Number of asset objects unloaded after import = 0

========================================================================
Received Import Request.
  Time since last request: 0.000029 seconds.
  path: Assets/ExplosiveLLC/RPG Character Mecanim Animation Pack/Animations/Relax/RPG-Character@Relax-Walk-Slow-Female.FBX
  artifactKey: Guid(a39489f42d0605645a90e4dd7e5f6356) Importer(2089858483,b0f066a214c2f5e87bad3c948f4d605d)
Start importing Assets/ExplosiveLLC/RPG Character Mecanim Animation Pack/Animations/Relax/RPG-Character@Relax-Walk-Slow-Female.FBX using Guid(a39489f42d0605645a90e4dd7e5f6356) Importer(2089858483,b0f066a214c2f5e87bad3c948f4d605d) (ScriptedImporter) -> (artifact id: 'a3169eb70a7df66322078808bdeefa9c') in 0.0155947 seconds
Number of updated asset objects reloaded before import = 0Number of asset objects unloaded after import = 114

========================================================================
Received Import Request.
  Time since last request: 0.000021 seconds.
  path: Assets/Resource/PackageResource/BeautifulSkyPack02/Panoramic/Textures/SKY_A2_Move.png
  artifactKey: Guid(d086b6a4cf5e02944aeb2199e271580d) Importer(2089858483,b0f066a214c2f5e87bad3c948f4d605d)
Start importing Assets/Resource/PackageResource/BeautifulSkyPack02/Panoramic/Textures/SKY_A2_Move.png using Guid(d086b6a4cf5e02944aeb2199e271580d) Importer(2089858483,b0f066a214c2f5e87bad3c948f4d605d) (ScriptedImporter) -> (artifact id: 'd64921398c063fc0718dc4ffb413b6b3') in 0.190643 seconds
Number of updated asset objects reloaded before import = 0Number of asset objects unloaded after import = 1

========================================================================
Received Import Request.
  Time since last request: 0.000016 seconds.
  path: Assets/ExplosiveLLC/RPG Character Mecanim Animation Pack/Demo Elements/Models
  artifactKey: Guid(19b8b0169b82b9044b2e6214a7a3ba0b) Importer(2089858483,b0f066a214c2f5e87bad3c948f4d605d)
Start importing Assets/ExplosiveLLC/RPG Character Mecanim Animation Pack/Demo Elements/Models using Guid(19b8b0169b82b9044b2e6214a7a3ba0b) Importer(2089858483,b0f066a214c2f5e87bad3c948f4d605d) (ScriptedImporter) -> (artifact id: 'e55431b48f2452761f32770bfb454b29') in 0.0066082 seconds
Number of updated asset objects reloaded before import = 0Number of asset objects unloaded after import = 1

========================================================================
Received Import Request.
  Time since last request: 0.000025 seconds.
  path: Assets/Plugins/AllIn13DShader/Demo/Prefabs/DemoElements/P_Demo_KnightAndSkeleton.prefab
  artifactKey: Guid(bdff9fe1f2f8c1340b6a99d0e4d710d7) Importer(2089858483,b0f066a214c2f5e87bad3c948f4d605d)
Start importing Assets/Plugins/AllIn13DShader/Demo/Prefabs/DemoElements/P_Demo_KnightAndSkeleton.prefab using Guid(bdff9fe1f2f8c1340b6a99d0e4d710d7) Importer(2089858483,b0f066a214c2f5e87bad3c948f4d605d) (ScriptedImporter) -> (artifact id: 'a876858b56a4d4a31fdd3a9e89c75941') in 0.0977954 seconds
Number of updated asset objects reloaded before import = 0Number of asset objects unloaded after import = 553

========================================================================
Received Import Request.
  Time since last request: 0.000021 seconds.
  path: Assets/Resource/PackageResource/JC_LP_MegaCity/Models/Props/SM_Props_VendingMachine_02.fbx
  artifactKey: Guid(6b48ce30a68861c46987b3f8201810b8) Importer(2089858483,b0f066a214c2f5e87bad3c948f4d605d)
Start importing Assets/Resource/PackageResource/JC_LP_MegaCity/Models/Props/SM_Props_VendingMachine_02.fbx using Guid(6b48ce30a68861c46987b3f8201810b8) Importer(2089858483,b0f066a214c2f5e87bad3c948f4d605d) (ScriptedImporter) -> (artifact id: 'bbd8b61ab828e04a1f27b2cf18cd2fce') in 0.0123144 seconds
Number of updated asset objects reloaded before import = 0Number of asset objects unloaded after import = 7

========================================================================
Received Import Request.
  Time since last request: 0.000025 seconds.
  path: Assets/ExplosiveLLC/RPG Character Mecanim Animation Pack/Animations/Armed/RPG-Character@Armed-Crouch-Walk-Forward.FBX
  artifactKey: Guid(27ff8184e6dad1243b298942a221ec57) Importer(2089858483,b0f066a214c2f5e87bad3c948f4d605d)
Start importing Assets/ExplosiveLLC/RPG Character Mecanim Animation Pack/Animations/Armed/RPG-Character@Armed-Crouch-Walk-Forward.FBX using Guid(27ff8184e6dad1243b298942a221ec57) Importer(2089858483,b0f066a214c2f5e87bad3c948f4d605d) (ScriptedImporter) -> (artifact id: 'a78c7a8488fc17d9fc19e576ea1a36a3') in 0.0147276 seconds
Number of updated asset objects reloaded before import = 0Number of asset objects unloaded after import = 114

========================================================================
Received Import Request.
  Time since last request: 0.000035 seconds.
  path: Assets/Modern UI Pack/Prefabs/Context Menu/Context Menu.prefab
  artifactKey: Guid(4007afa0c6d7d34479420814328729a7) Importer(2089858483,b0f066a214c2f5e87bad3c948f4d605d)
Start importing Assets/Modern UI Pack/Prefabs/Context Menu/Context Menu.prefab using Guid(4007afa0c6d7d34479420814328729a7) Importer(2089858483,b0f066a214c2f5e87bad3c948f4d605d) (ScriptedImporter) -> (artifact id: '24b634c8e5b643b536cae59bbfe74c50') in 0.0905569 seconds
Number of updated asset objects reloaded before import = 0Number of asset objects unloaded after import = 140

========================================================================
Received Import Request.
  Time since last request: 0.000021 seconds.
  path: Assets/Modern UI Pack/Resources/MUIP Manager.asset
  artifactKey: Guid(2a619a9609984be49b53b928dd94e61b) Importer(2089858483,b0f066a214c2f5e87bad3c948f4d605d)
Start importing Assets/Modern UI Pack/Resources/MUIP Manager.asset using Guid(2a619a9609984be49b53b928dd94e61b) Importer(2089858483,b0f066a214c2f5e87bad3c948f4d605d) (ScriptedImporter) -> (artifact id: 'cb3337a6daed74bb01ba3fd75ea5943a') in 0.0518422 seconds
Number of updated asset objects reloaded before import = 0Number of asset objects unloaded after import = 31

========================================================================
Received Import Request.
  Time since last request: 0.000030 seconds.
  path: Assets/Resource/PackageResource/JC_LP_MegaCity/Prefabs/Floor/SM_Floor_Road_02.prefab
  artifactKey: Guid(5e4598d451d72f84bbb1ec84ce3f526a) Importer(2089858483,b0f066a214c2f5e87bad3c948f4d605d)
Start importing Assets/Resource/PackageResource/JC_LP_MegaCity/Prefabs/Floor/SM_Floor_Road_02.prefab using Guid(5e4598d451d72f84bbb1ec84ce3f526a) Importer(2089858483,b0f066a214c2f5e87bad3c948f4d605d) (ScriptedImporter) -> (artifact id: '05fe2a2c5a81bc9451fd7d3ad7bfdb50') in 0.017711 seconds
Number of updated asset objects reloaded before import = 0Number of asset objects unloaded after import = 9

========================================================================
Received Prepare
Begin MonoManager ReloadAssembly
- Loaded All Assemblies, in  1.283 seconds
'Assets/Photon/Fusion/Runtime/Fusion.Unity.cs' contains partial class of Unity.Object, exactly 1 of the partial classes needs to be in a file with the same filename. This is to know the one that can be referenced from ie. GameObjects
'Assets/Photon/Fusion/Runtime/Fusion.Unity.cs' contains partial class of Unity.Object, exactly 1 of the partial classes needs to be in a file with the same filename. This is to know the one that can be referenced from ie. GameObjects
Refreshing native plugins compatible for Editor in 14.56 ms, found 9 plugins.
Native extension for WindowsStandalone target not found
Native extension for WebGL target not found
[Package Manager] Failed to launch server process. Reason: Unity was launched with the -noUpm command-line argument
[Package Manager] Unable to send message (not connected to server process).
[Package Manager] Cannot connect to Unity Package Manager local server
System.Exception: Error! Visual Scripting: couldn't find visual scripting package
  at Unity.VisualScripting.PackageVersionUtility.get_version () [0x00043] in .\Library\PackageCache\com.unity.visualscripting@191c0d7e3b69\Editor\VisualScripting.Core\Utilities\PackageVersionUtility.cs:31 
  at Unity.VisualScripting.BoltCoreManifest.get_version () [0x00000] in .\Library\PackageCache\com.unity.visualscripting@191c0d7e3b69\Editor\VisualScripting.Core\Plugin\BoltCoreManifest.cs:11 
  at Unity.VisualScripting.PluginManifest.get_currentVersion () [0x00000] in .\Library\PackageCache\com.unity.visualscripting@191c0d7e3b69\Editor\VisualScripting.Core\Plugins\PluginManifest.cs:33 
  at Unity.VisualScripting.PluginManifest.get_versionMismatch () [0x00000] in .\Library\PackageCache\com.unity.visualscripting@191c0d7e3b69\Editor\VisualScripting.Core\Plugins\PluginManifest.cs:48 
  at Unity.VisualScripting.PluginContainer.Initialize () [0x00525] in .\Library\PackageCache\com.unity.visualscripting@191c0d7e3b69\Editor\VisualScripting.Core\Plugins\PluginContainer.cs:208 
  at Unity.VisualScripting.PluginContainer.InitializeOnLoad () [0x00009] in .\Library\PackageCache\com.unity.visualscripting@191c0d7e3b69\Editor\VisualScripting.Core\Plugins\PluginContainer.cs:32 
  at Unity.VisualScripting.VSUsageUtility.DoInitializeOnLoadCalls () [0x00034] in .\Library\PackageCache\com.unity.visualscripting@191c0d7e3b69\Editor\VisualScripting.Core\Utilities\VSUsageUtility.cs:76 
  at Unity.VisualScripting.VSUsageUtility.set_isVisualScriptingUsed (System.Boolean value) [0x0002c] in .\Library\PackageCache\com.unity.visualscripting@191c0d7e3b69\Editor\VisualScripting.Core\Utilities\VSUsageUtility.cs:114 
  at Unity.VisualScripting.VSUsageUtility.CheckAndSetIsVisualScriptingUsed () [0x0000d] in .\Library\PackageCache\com.unity.visualscripting@191c0d7e3b69\Editor\VisualScripting.Core\Utilities\VSUsageUtility.cs:33 
  at Unity.VisualScripting.VSUsageUtility..cctor () [0x00000] in .\Library\PackageCache\com.unity.visualscripting@191c0d7e3b69\Editor\VisualScripting.Core\Utilities\VSUsageUtility.cs:22 
UnityEngine.Debug:ExtractStackTraceNoAlloc (byte*,int,string)
UnityEngine.StackTraceUtility:ExtractStackTrace ()
UnityEngine.DebugLogHandler:Internal_Log (UnityEngine.LogType,UnityEngine.LogOption,string,UnityEngine.Object)
UnityEngine.DebugLogHandler:LogFormat (UnityEngine.LogType,UnityEngine.Object,string,object[])
UnityEngine.Logger:Log (UnityEngine.LogType,object)
UnityEngine.Debug:LogError (object)
UnityEditor.EditorAssemblies:ProcessInitializeOnLoadAttributes (System.Type[])

ScheduleIndexationOnStartup MainProcess:False IndexOnStartup:True
Mono: successfully reloaded assembly
- Finished resetting the current domain, in  1.777 seconds
Domain Reload Profiling: 3045ms
	BeginReloadAssembly (305ms)
		ExecutionOrderSort (0ms)
		DisableScriptedObjects (5ms)
		BackupInstance (0ms)
		ReleaseScriptingObjects (0ms)
		CreateAndSetChildDomain (79ms)
	RebuildCommonClasses (49ms)
	RebuildNativeTypeToScriptingClass (19ms)
	initialDomainReloadingComplete (58ms)
	LoadAllAssembliesAndSetupDomain (837ms)
		LoadAssemblies (748ms)
		RebuildTransferFunctionScriptingTraits (0ms)
		AnalyzeDomain (234ms)
			TypeCache.Refresh (8ms)
				TypeCache.ScanAssembly (0ms)
			BuildScriptInfoCaches (208ms)
			ResolveRequiredComponents (13ms)
	FinalizeReload (1778ms)
		ReleaseScriptCaches (0ms)
		RebuildScriptCaches (0ms)
		SetupLoadedEditorAssemblies (1283ms)
			LogAssemblyErrors (0ms)
			InitializePlatformSupportModulesInManaged (3ms)
			SetLoadedEditorAssemblies (3ms)
			BeforeProcessingInitializeOnLoad (205ms)
			ProcessInitializeOnLoadAttributes (852ms)
			ProcessInitializeOnLoadMethodAttributes (208ms)
			AfterProcessingInitializeOnLoad (11ms)
			EditorAssembliesLoaded (0ms)
		ExecutionOrderSort2 (0ms)
		AwakeInstancesAfterBackupRestoration (13ms)
Refreshing native plugins compatible for Editor in 22.80 ms, found 9 plugins.
Preloading 0 native plugins for Editor in 0.00 ms.
Unloading 16 Unused Serialized files (Serialized files now loaded: 0)
Unloading 7030 unused Assets / (4.4 MB). Loaded Objects now: 7969.
Memory consumption went from 314.2 MB to 309.9 MB.
Total: 34.087900 ms (FindLiveObjects: 0.758300 ms CreateObjectMapping: 1.277900 ms MarkObjects: 27.783800 ms  DeleteObjects: 4.265900 ms)

Prepare: number of updated asset objects reloaded= 0
========================================================================
Received Prepare
Begin MonoManager ReloadAssembly
- Loaded All Assemblies, in  3.742 seconds
'Assets/Photon/Fusion/Runtime/Fusion.Unity.cs' contains partial class of Unity.Object, exactly 1 of the partial classes needs to be in a file with the same filename. This is to know the one that can be referenced from ie. GameObjects
'Assets/Photon/Fusion/Runtime/Fusion.Unity.cs' contains partial class of Unity.Object, exactly 1 of the partial classes needs to be in a file with the same filename. This is to know the one that can be referenced from ie. GameObjects
Refreshing native plugins compatible for Editor in 14.41 ms, found 9 plugins.
Native extension for WindowsStandalone target not found
Native extension for WebGL target not found
[Package Manager] Failed to launch server process. Reason: Unity was launched with the -noUpm command-line argument
[Package Manager] Unable to send message (not connected to server process).
[Package Manager] Cannot connect to Unity Package Manager local server
System.Exception: Error! Visual Scripting: couldn't find visual scripting package
  at Unity.VisualScripting.PackageVersionUtility.get_version () [0x00043] in .\Library\PackageCache\com.unity.visualscripting@191c0d7e3b69\Editor\VisualScripting.Core\Utilities\PackageVersionUtility.cs:31 
  at Unity.VisualScripting.BoltCoreManifest.get_version () [0x00000] in .\Library\PackageCache\com.unity.visualscripting@191c0d7e3b69\Editor\VisualScripting.Core\Plugin\BoltCoreManifest.cs:11 
  at Unity.VisualScripting.PluginManifest.get_currentVersion () [0x00000] in .\Library\PackageCache\com.unity.visualscripting@191c0d7e3b69\Editor\VisualScripting.Core\Plugins\PluginManifest.cs:33 
  at Unity.VisualScripting.PluginManifest.get_versionMismatch () [0x00000] in .\Library\PackageCache\com.unity.visualscripting@191c0d7e3b69\Editor\VisualScripting.Core\Plugins\PluginManifest.cs:48 
  at Unity.VisualScripting.PluginContainer.Initialize () [0x00525] in .\Library\PackageCache\com.unity.visualscripting@191c0d7e3b69\Editor\VisualScripting.Core\Plugins\PluginContainer.cs:208 
  at Unity.VisualScripting.PluginContainer.InitializeOnLoad () [0x00009] in .\Library\PackageCache\com.unity.visualscripting@191c0d7e3b69\Editor\VisualScripting.Core\Plugins\PluginContainer.cs:32 
  at Unity.VisualScripting.VSUsageUtility.DoInitializeOnLoadCalls () [0x00034] in .\Library\PackageCache\com.unity.visualscripting@191c0d7e3b69\Editor\VisualScripting.Core\Utilities\VSUsageUtility.cs:76 
  at Unity.VisualScripting.VSUsageUtility.set_isVisualScriptingUsed (System.Boolean value) [0x0002c] in .\Library\PackageCache\com.unity.visualscripting@191c0d7e3b69\Editor\VisualScripting.Core\Utilities\VSUsageUtility.cs:114 
  at Unity.VisualScripting.VSUsageUtility.CheckAndSetIsVisualScriptingUsed () [0x0000d] in .\Library\PackageCache\com.unity.visualscripting@191c0d7e3b69\Editor\VisualScripting.Core\Utilities\VSUsageUtility.cs:33 
  at Unity.VisualScripting.VSUsageUtility..cctor () [0x00000] in .\Library\PackageCache\com.unity.visualscripting@191c0d7e3b69\Editor\VisualScripting.Core\Utilities\VSUsageUtility.cs:22 
UnityEngine.Debug:ExtractStackTraceNoAlloc (byte*,int,string)
UnityEngine.StackTraceUtility:ExtractStackTrace ()
UnityEngine.DebugLogHandler:Internal_Log (UnityEngine.LogType,UnityEngine.LogOption,string,UnityEngine.Object)
UnityEngine.DebugLogHandler:LogFormat (UnityEngine.LogType,UnityEngine.Object,string,object[])
UnityEngine.Logger:Log (UnityEngine.LogType,object)
UnityEngine.Debug:LogError (object)
UnityEditor.EditorAssemblies:ProcessInitializeOnLoadAttributes (System.Type[])

ScheduleIndexationOnStartup MainProcess:False IndexOnStartup:True
Mono: successfully reloaded assembly
- Finished resetting the current domain, in  1.554 seconds
Domain Reload Profiling: 5224ms
	BeginReloadAssembly (1090ms)
		ExecutionOrderSort (0ms)
		DisableScriptedObjects (22ms)
		BackupInstance (0ms)
		ReleaseScriptingObjects (0ms)
		CreateAndSetChildDomain (183ms)
	RebuildCommonClasses (152ms)
	RebuildNativeTypeToScriptingClass (61ms)
	initialDomainReloadingComplete (234ms)
	LoadAllAssembliesAndSetupDomain (2132ms)
		LoadAssemblies (2523ms)
		RebuildTransferFunctionScriptingTraits (0ms)
		AnalyzeDomain (242ms)
			TypeCache.Refresh (10ms)
				TypeCache.ScanAssembly (0ms)
			BuildScriptInfoCaches (211ms)
			ResolveRequiredComponents (16ms)
	FinalizeReload (1555ms)
		ReleaseScriptCaches (0ms)
		RebuildScriptCaches (0ms)
		SetupLoadedEditorAssemblies (1059ms)
			LogAssemblyErrors (0ms)
			InitializePlatformSupportModulesInManaged (2ms)
			SetLoadedEditorAssemblies (4ms)
			BeforeProcessingInitializeOnLoad (194ms)
			ProcessInitializeOnLoadAttributes (633ms)
			ProcessInitializeOnLoadMethodAttributes (211ms)
			AfterProcessingInitializeOnLoad (14ms)
			EditorAssembliesLoaded (0ms)
		ExecutionOrderSort2 (0ms)
		AwakeInstancesAfterBackupRestoration (14ms)
Refreshing native plugins compatible for Editor in 19.60 ms, found 9 plugins.
Preloading 0 native plugins for Editor in 0.00 ms.
Unloading 16 Unused Serialized files (Serialized files now loaded: 0)
Unloading 7030 unused Assets / (4.5 MB). Loaded Objects now: 7973.
Memory consumption went from 314.1 MB to 309.6 MB.
Total: 26.550400 ms (FindLiveObjects: 1.074200 ms CreateObjectMapping: 0.517300 ms MarkObjects: 21.632900 ms  DeleteObjects: 3.323900 ms)

Prepare: number of updated asset objects reloaded= 0
Editor requested this worker to shutdown with reason: Scaling down because of idle timeout
AssetImportWorker is now disconnected from the server
Process exiting
Exiting without the bug reporter. Application will terminate with return code 0