[Licensing::Module] Trying to connect to existing licensing client channel...
[Licensing::IpcConnector] Successfully connected to: "LicenseClient-USER" at "2026-02-28T14:11:47.4985243Z"
Built from '6000.3/staging' branch; Version is '6000.3.9f1 (7a9955a4f2fa) revision 8034645'; Using compiler version '194234433'; Build Type 'Release'
OS: 'Windows 11  (10.0.26200) Core' Language: 'ko' Physical Memory: 32386 MB
BatchMode: 1, IsHumanControllingUs: 0, StartBugReporterOnCrash: 0, Is64bit: 1
System  architecture: x64
Process architecture: x64
Date: 2026-02-28T14:11:47Z

COMMAND LINE ARGUMENTS:
C:\Program Files\Unity\Hub\Editor\6000.3.9f1\Editor\Unity.exe
-adb2
-batchMode
-noUpm
-name
AssetImportWorker1
-projectPath
C:/Users/USER/Documents/GitHub/AR-ReversiProject
-logFile
Logs/AssetImportWorker1.log
-srvPort
54386
-job-worker-count
15
-background-job-worker-count
8
-gc-helper-count
1
-name
AssetImport
Successfully changed project path to: C:/Users/USER/Documents/GitHub/AR-ReversiProject
C:/Users/USER/Documents/GitHub/AR-ReversiProject
[UnityMemory] Configuration Parameters - Can be set up in boot.config
    "memorysetup-temp-allocator-size-nav-mesh-worker=65536"
    "memorysetup-temp-allocator-size-audio-worker=65536"
    "memorysetup-temp-allocator-size-gfx=262144"
    "memorysetup-allocator-temp-initial-block-size-main=262144"
    "memorysetup-allocator-temp-initial-block-size-worker=262144"
    "memorysetup-temp-allocator-size-background-worker=32768"
    "memorysetup-temp-allocator-size-job-worker=262144"
    "memorysetup-temp-allocator-size-preload-manager=33554432"
    "memorysetup-temp-allocator-size-gi-baking-worker=262144"
    "memorysetup-temp-allocator-size-gi-baking-worker=262144"
    "memorysetup-temp-allocator-size-gi-baking-worker=262144"
    "memorysetup-temp-allocator-size-gi-baking-worker=262144"
    "memorysetup-temp-allocator-size-gi-baking-worker=262144"
    "memorysetup-bucket-allocator-granularity=16"
    "memorysetup-bucket-allocator-bucket-count=8"
    "memorysetup-bucket-allocator-block-size=33554432"
    "memorysetup-bucket-allocator-block-count=8"
    "memorysetup-main-allocator-block-size=16777216"
    "memorysetup-thread-allocator-block-size=16777216"
    "memorysetup-gfx-main-allocator-block-size=16777216"
    "memorysetup-gfx-thread-allocator-block-size=16777216"
    "memorysetup-cache-allocator-block-size=4194304"
    "memorysetup-typetree-allocator-block-size=2097152"
    "memorysetup-profiler-bucket-allocator-granularity=16"
    "memorysetup-profiler-bucket-allocator-bucket-count=8"
    "memorysetup-profiler-bucket-allocator-block-size=33554432"
    "memorysetup-profiler-bucket-allocator-block-count=8"
    "memorysetup-profiler-allocator-block-size=16777216"
    "memorysetup-profiler-editor-allocator-block-size=1048576"
    "memorysetup-temp-allocator-size-main=16777216"
    "memorysetup-job-temp-allocator-block-size=2097152"
    "memorysetup-job-temp-allocator-block-size-background=1048576"
    "memorysetup-job-temp-allocator-reduction-small-platforms=262144"
    "memorysetup-temp-allocator-size-cloud-worker=32768"
Player connection [6036]  Target information:

Player connection [6036]  * "[IP] 172.30.1.55 [Port] 0 [Flags] 2 [Guid] 189350536 [EditorId] 189350536 [Version] 1048832 [Id] WindowsEditor(7,DESKTOP-BTF4SNP) [Debug] 1 [PackageName] WindowsEditor [ProjectName] Editor" 

Player connection [6036] Host joined multi-casting on [225.0.0.222:54997]...
Player connection [6036] Host joined alternative multi-casting on [225.0.0.222:34997]...
JobSystem: Creating JobQueue using job-worker-count value 15
Input System module state changed to: Initialized.
[Physics::Module] Initialized fallback backend.
[Physics::Module] Id: 0xdecafbad
Library Redirect Path: Library/
[Physics::Module] Selected backend.
[Physics::Module] Name: PhysX
[Physics::Module] Id: 0xf2b8ea05
[Physics::Module] SDK Version: 4.1.2
[Physics::Module] Integration Version: 1.0.0
[Physics::Module] Threading Mode: Multi-Threaded
Refreshing native plugins compatible for Editor in 65.51 ms, found 9 plugins.
Preloading 0 native plugins for Editor in 0.00 ms.
Initialize engine version: 6000.3.9f1 (7a9955a4f2fa)
[Subsystems] Discovering subsystems at path C:/Program Files/Unity/Hub/Editor/6000.3.9f1/Editor/Data/Resources/UnitySubsystems
[Subsystems] Discovering subsystems at path C:/Users/USER/Documents/GitHub/AR-ReversiProject/Assets
GfxDevice: creating device client; kGfxThreadingModeNonThreaded
Direct3D:
    Version:  Direct3D 11.0 [level 11.1]
    Renderer: NVIDIA GeForce RTX 4060 Laptop GPU (ID=0x28e0)
    Vendor:   NVIDIA
    VRAM:     7957 MB
    Driver:   32.0.15.6081
Initialize mono
Mono path[0] = 'C:/Program Files/Unity/Hub/Editor/6000.3.9f1/Editor/Data/Managed'
Mono path[1] = 'C:/Program Files/Unity/Hub/Editor/6000.3.9f1/Editor/Data/MonoBleedingEdge/lib/mono/unityjit-win32'
Mono config path = 'C:/Program Files/Unity/Hub/Editor/6000.3.9f1/Editor/Data/MonoBleedingEdge/etc'
Using monoOptions --debugger-agent=transport=dt_socket,embedding=1,server=y,suspend=n,address=127.0.0.1:56232
Begin MonoManager ReloadAssembly
[Licensing::Client] Handshaking with LicensingClient:
  Version:                 1.17.4+4293ba1
  Session Id:              b6e08888ad8e4804ad65a31ff7f062b3
  Correlation Id:          2e1677b044b26191d80a4bb1d64b199d
  External correlation Id: 4486376873092807808
  Machine Id:              dJ8Tfn01EciPmnYvmSiKPSjQkro=
[Licensing::Module] Successfully connected to LicensingClient on channel: "LicenseClient-USER" (connect: 0.00s, validation: 0.01s, handshake: 1.98s)
[Licensing::IpcConnector] Successfully connected to: "LicenseClient-USER-notifications" at "2026-02-28T14:11:49.4987215Z"
[Licensing::Module] Licensing Background thread has ended after 2.00s
Registering precompiled unity dll's ...
Register platform support module: C:/Program Files/Unity/Hub/Editor/6000.3.9f1/Editor/Data/PlaybackEngines/WebGLSupport/UnityEditor.WebGL.Extensions.dll
Register platform support module: C:/Program Files/Unity/Hub/Editor/6000.3.9f1/Editor/Data/PlaybackEngines/WindowsStandaloneSupport/UnityEditor.WindowsStandalone.Extensions.dll
Registered in 0.007978 seconds.
- Loaded All Assemblies, in  0.555 seconds
Native extension for WindowsStandalone target not found
Native extension for WebGL target not found
ScheduleIndexationOnStartup MainProcess:False IndexOnStartup:True
Mono: successfully reloaded assembly
- Finished resetting the current domain, in  0.463 seconds
Domain Reload Profiling: 1012ms
	BeginReloadAssembly (206ms)
		ExecutionOrderSort (0ms)
		DisableScriptedObjects (0ms)
		BackupInstance (0ms)
		ReleaseScriptingObjects (0ms)
		CreateAndSetChildDomain (1ms)
	RebuildCommonClasses (47ms)
	RebuildNativeTypeToScriptingClass (11ms)
	initialDomainReloadingComplete (69ms)
	LoadAllAssembliesAndSetupDomain (216ms)
		LoadAssemblies (195ms)
		RebuildTransferFunctionScriptingTraits (0ms)
		AnalyzeDomain (212ms)
			TypeCache.Refresh (210ms)
				TypeCache.ScanAssembly (194ms)
			BuildScriptInfoCaches (0ms)
			ResolveRequiredComponents (0ms)
	FinalizeReload (463ms)
		ReleaseScriptCaches (0ms)
		RebuildScriptCaches (0ms)
		SetupLoadedEditorAssemblies (416ms)
			LogAssemblyErrors (0ms)
			InitializePlatformSupportModulesInManaged (66ms)
			SetLoadedEditorAssemblies (3ms)
			BeforeProcessingInitializeOnLoad (91ms)
			ProcessInitializeOnLoadAttributes (180ms)
			ProcessInitializeOnLoadMethodAttributes (76ms)
			AfterProcessingInitializeOnLoad (0ms)
			EditorAssembliesLoaded (0ms)
		ExecutionOrderSort2 (0ms)
		AwakeInstancesAfterBackupRestoration (0ms)
========================================================================
Worker process is ready to serve import requests
Import Worker Mode flag is 0x00
Begin MonoManager ReloadAssembly
[Licensing::Client] Successfully resolved entitlement details
[Licensing::Module] License group:
  Id: 14568654860447-UnityPersXXXX
  Product: Unity Personal
  Type: Assigned
  Expiration: Unlimited
- Loaded All Assemblies, in  1.373 seconds
'Assets/Photon/Fusion/Runtime/Fusion.Unity.cs' contains partial class of Unity.Object, exactly 1 of the partial classes needs to be in a file with the same filename. This is to know the one that can be referenced from ie. GameObjects
'Assets/Photon/Fusion/Runtime/Fusion.Unity.cs' contains partial class of Unity.Object, exactly 1 of the partial classes needs to be in a file with the same filename. This is to know the one that can be referenced from ie. GameObjects
Refreshing native plugins compatible for Editor in 12.53 ms, found 9 plugins.
Native extension for WindowsStandalone target not found
Native extension for WebGL target not found
Package Manager log level set to [2]
[Package Manager] Failed to launch server process. Reason: Unity was launched with the -noUpm command-line argument
[Package Manager] Unable to send message (not connected to server process).
[Package Manager] Cannot connect to Unity Package Manager local server
System.Exception: Error! Visual Scripting: couldn't find visual scripting package
  at Unity.VisualScripting.PackageVersionUtility.get_version () [0x00043] in .\Library\PackageCache\com.unity.visualscripting@191c0d7e3b69\Editor\VisualScripting.Core\Utilities\PackageVersionUtility.cs:31 
  at Unity.VisualScripting.BoltCoreManifest.get_version () [0x00000] in .\Library\PackageCache\com.unity.visualscripting@191c0d7e3b69\Editor\VisualScripting.Core\Plugin\BoltCoreManifest.cs:11 
  at Unity.VisualScripting.PluginManifest.get_currentVersion () [0x00000] in .\Library\PackageCache\com.unity.visualscripting@191c0d7e3b69\Editor\VisualScripting.Core\Plugins\PluginManifest.cs:33 
  at Unity.VisualScripting.PluginManifest.get_versionMismatch () [0x00000] in .\Library\PackageCache\com.unity.visualscripting@191c0d7e3b69\Editor\VisualScripting.Core\Plugins\PluginManifest.cs:48 
  at Unity.VisualScripting.PluginContainer.Initialize () [0x00525] in .\Library\PackageCache\com.unity.visualscripting@191c0d7e3b69\Editor\VisualScripting.Core\Plugins\PluginContainer.cs:208 
  at Unity.VisualScripting.PluginContainer.InitializeOnLoad () [0x00009] in .\Library\PackageCache\com.unity.visualscripting@191c0d7e3b69\Editor\VisualScripting.Core\Plugins\PluginContainer.cs:32 
  at Unity.VisualScripting.VSUsageUtility.DoInitializeOnLoadCalls () [0x00034] in .\Library\PackageCache\com.unity.visualscripting@191c0d7e3b69\Editor\VisualScripting.Core\Utilities\VSUsageUtility.cs:76 
  at Unity.VisualScripting.VSUsageUtility.set_isVisualScriptingUsed (System.Boolean value) [0x0002c] in .\Library\PackageCache\com.unity.visualscripting@191c0d7e3b69\Editor\VisualScripting.Core\Utilities\VSUsageUtility.cs:114 
  at Unity.VisualScripting.VSUsageUtility.CheckAndSetIsVisualScriptingUsed () [0x00032] in .\Library\PackageCache\com.unity.visualscripting@191c0d7e3b69\Editor\VisualScripting.Core\Utilities\VSUsageUtility.cs:48 
  at Unity.VisualScripting.VSUsageUtility..cctor () [0x00000] in .\Library\PackageCache\com.unity.visualscripting@191c0d7e3b69\Editor\VisualScripting.Core\Utilities\VSUsageUtility.cs:22 
UnityEngine.Debug:ExtractStackTraceNoAlloc (byte*,int,string)
UnityEngine.StackTraceUtility:ExtractStackTrace ()
UnityEngine.DebugLogHandler:Internal_Log (UnityEngine.LogType,UnityEngine.LogOption,string,UnityEngine.Object)
UnityEngine.DebugLogHandler:LogFormat (UnityEngine.LogType,UnityEngine.Object,string,object[])
UnityEngine.Logger:Log (UnityEngine.LogType,object)
UnityEngine.Debug:LogError (object)
UnityEditor.EditorAssemblies:ProcessInitializeOnLoadAttributes (System.Type[])

ScheduleIndexationOnStartup MainProcess:False IndexOnStartup:True
Mono: successfully reloaded assembly
- Finished resetting the current domain, in  1.768 seconds
Domain Reload Profiling: 3127ms
	BeginReloadAssembly (244ms)
		ExecutionOrderSort (0ms)
		DisableScriptedObjects (6ms)
		BackupInstance (0ms)
		ReleaseScriptingObjects (0ms)
		CreateAndSetChildDomain (39ms)
	RebuildCommonClasses (43ms)
	RebuildNativeTypeToScriptingClass (11ms)
	initialDomainReloadingComplete (68ms)
	LoadAllAssembliesAndSetupDomain (994ms)
		LoadAssemblies (779ms)
		RebuildTransferFunctionScriptingTraits (0ms)
		AnalyzeDomain (359ms)
			TypeCache.Refresh (251ms)
				TypeCache.ScanAssembly (230ms)
			BuildScriptInfoCaches (84ms)
			ResolveRequiredComponents (17ms)
	FinalizeReload (1768ms)
		ReleaseScriptCaches (0ms)
		RebuildScriptCaches (0ms)
		SetupLoadedEditorAssemblies (1504ms)
			LogAssemblyErrors (0ms)
			InitializePlatformSupportModulesInManaged (2ms)
			SetLoadedEditorAssemblies (4ms)
			BeforeProcessingInitializeOnLoad (208ms)
			ProcessInitializeOnLoadAttributes (1051ms)
			ProcessInitializeOnLoadMethodAttributes (228ms)
			AfterProcessingInitializeOnLoad (11ms)
			EditorAssembliesLoaded (0ms)
		ExecutionOrderSort2 (0ms)
		AwakeInstancesAfterBackupRestoration (6ms)
Launched and connected shader compiler UnityShaderCompiler.exe after 0.02 seconds
Refreshing native plugins compatible for Editor in 25.50 ms, found 9 plugins.
Preloading 0 native plugins for Editor in 0.00 ms.
Unloading 16 Unused Serialized files (Serialized files now loaded: 0)
Unloading 7032 unused Assets / (4.7 MB). Loaded Objects now: 7950.
Memory consumption went from 308.5 MB to 303.8 MB.
Total: 34.239900 ms (FindLiveObjects: 2.530800 ms CreateObjectMapping: 0.841100 ms MarkObjects: 27.670300 ms  DeleteObjects: 3.195000 ms)

========================================================================
Received Import Request.
  Time since last request: 1398721.378638 seconds.
  path: Assets/Resource/PackageResource/JC_LP_MegaCity/Models/FloorProps/SM_FloorProps_RoadSign_25.fbx
  artifactKey: Guid(b0b4a8eec45b8df438b3cce5174af301) Importer(2089858483,b0f066a214c2f5e87bad3c948f4d605d)
Start importing Assets/Resource/PackageResource/JC_LP_MegaCity/Models/FloorProps/SM_FloorProps_RoadSign_25.fbx using Guid(b0b4a8eec45b8df438b3cce5174af301) Importer(2089858483,b0f066a214c2f5e87bad3c948f4d605d) (ScriptedImporter) -> (artifact id: '596d43e735e0d4d8ad9209896e9789d0') in 0.2643332 seconds
Number of updated asset objects reloaded before import = 0Number of asset objects unloaded after import = 7

========================================================================
Received Import Request.
  Time since last request: 0.000030 seconds.
  path: Assets/Plugins/AllIn13DShader/DefaultTextures/GrassDefault.png
  artifactKey: Guid(2af6ba1567607124eb61349fa044375b) Importer(2089858483,b0f066a214c2f5e87bad3c948f4d605d)
Start importing Assets/Plugins/AllIn13DShader/DefaultTextures/GrassDefault.png using Guid(2af6ba1567607124eb61349fa044375b) Importer(2089858483,b0f066a214c2f5e87bad3c948f4d605d) (ScriptedImporter) -> (artifact id: '30489a10f19d043ea24736bdfa8599d9') in 0.0774957 seconds
Number of updated asset objects reloaded before import = 0Number of asset objects unloaded after import = 1

========================================================================
Received Import Request.
  Time since last request: 0.000038 seconds.
  path: Assets/Plugins/AllIn13DShader/Demo/Baked Shaders Demo/Prefabs/Environment_Baked_Empty.prefab
  artifactKey: Guid(c30d3583e3184ef4cb1250780d0db27a) Importer(2089858483,b0f066a214c2f5e87bad3c948f4d605d)
Start importing Assets/Plugins/AllIn13DShader/Demo/Baked Shaders Demo/Prefabs/Environment_Baked_Empty.prefab using Guid(c30d3583e3184ef4cb1250780d0db27a) Importer(2089858483,b0f066a214c2f5e87bad3c948f4d605d) (ScriptedImporter) -> (artifact id: 'bf9e92ff0cc2f91965ccf800e79f7bd8') in 0.0409782 seconds
Number of updated asset objects reloaded before import = 0Number of asset objects unloaded after import = 7

========================================================================
Received Import Request.
  Time since last request: 0.000023 seconds.
  path: Assets/ExplosiveLLC/RPG Character Mecanim Animation Pack/Animations/2Hand-Sword/RPG-Character@2Hand-Sword-Attack1.FBX
  artifactKey: Guid(dce280ced5e006c4cb0eb0fab2f51b75) Importer(2089858483,b0f066a214c2f5e87bad3c948f4d605d)
Start importing Assets/ExplosiveLLC/RPG Character Mecanim Animation Pack/Animations/2Hand-Sword/RPG-Character@2Hand-Sword-Attack1.FBX using Guid(dce280ced5e006c4cb0eb0fab2f51b75) Importer(2089858483,b0f066a214c2f5e87bad3c948f4d605d) (ScriptedImporter) -> (artifact id: 'f287628963d87c6b5170da4f501ce550') in 0.0261835 seconds
Number of updated asset objects reloaded before import = 0Number of asset objects unloaded after import = 114

========================================================================
Received Import Request.
  Time since last request: 0.000023 seconds.
  path: Assets/Resource/PackageResource/JC_LP_MegaCity/Prefabs/IndustrialProps/SM_IndustrialProps_Fence_02.prefab
  artifactKey: Guid(8bcecb89683e5764597a30e0ffa79ec3) Importer(2089858483,b0f066a214c2f5e87bad3c948f4d605d)
Start importing Assets/Resource/PackageResource/JC_LP_MegaCity/Prefabs/IndustrialProps/SM_IndustrialProps_Fence_02.prefab using Guid(8bcecb89683e5764597a30e0ffa79ec3) Importer(2089858483,b0f066a214c2f5e87bad3c948f4d605d) (ScriptedImporter) -> (artifact id: '8a0ef3cbd688af483bd7b1df5a7f013a') in 0.0237249 seconds
Number of updated asset objects reloaded before import = 0Number of asset objects unloaded after import = 9

========================================================================
Received Import Request.
  Time since last request: 0.000035 seconds.
  path: Assets/Plugins/AllIn13DShader/Demo/Baked Shaders Demo/Materials/DemoMaterials/MAT_Baked_SpitterHue.mat
  artifactKey: Guid(070e171ffad2a484598d547e701665e0) Importer(2089858483,b0f066a214c2f5e87bad3c948f4d605d)
Start importing Assets/Plugins/AllIn13DShader/Demo/Baked Shaders Demo/Materials/DemoMaterials/MAT_Baked_SpitterHue.mat using Guid(070e171ffad2a484598d547e701665e0) Importer(2089858483,b0f066a214c2f5e87bad3c948f4d605d) (ScriptedImporter) -> (artifact id: 'a8833eacfd6e734618e733034325e22d') in 0.160065 seconds
Number of updated asset objects reloaded before import = 0Number of asset objects unloaded after import = 14

========================================================================
Received Import Request.
  Time since last request: 0.000029 seconds.
  path: Assets/Resource/PackageResource/JC_LP_MegaCity/Prefabs/Floor/SM_Floor_Tile_03.prefab
  artifactKey: Guid(473a3558a9bd02a458dc8c0bc857f964) Importer(2089858483,b0f066a214c2f5e87bad3c948f4d605d)
Start importing Assets/Resource/PackageResource/JC_LP_MegaCity/Prefabs/Floor/SM_Floor_Tile_03.prefab using Guid(473a3558a9bd02a458dc8c0bc857f964) Importer(2089858483,b0f066a214c2f5e87bad3c948f4d605d) (ScriptedImporter) -> (artifact id: '6c085695a9c0be9ff209a2af80d2a65a') in 0.0906145 seconds
Number of updated asset objects reloaded before import = 0Number of asset objects unloaded after import = 9

========================================================================
Received Import Request.
  Time since last request: 0.000056 seconds.
  path: Assets/Plugins/AllIn13DShader/Demo/Prefabs/Models/SpaceshipHover.prefab
  artifactKey: Guid(921dffc198875c54396c275d791f0950) Importer(2089858483,b0f066a214c2f5e87bad3c948f4d605d)
Start importing Assets/Plugins/AllIn13DShader/Demo/Prefabs/Models/SpaceshipHover.prefab using Guid(921dffc198875c54396c275d791f0950) Importer(2089858483,b0f066a214c2f5e87bad3c948f4d605d) (ScriptedImporter) -> (artifact id: '70f177f23ac74823dd0179a3d68adb4b') in 0.0195531 seconds
Number of updated asset objects reloaded before import = 0Number of asset objects unloaded after import = 29

========================================================================
Received Import Request.
  Time since last request: 0.000022 seconds.
  path: Assets/Resource/PackageResource/JC_LP_MegaCity/Models/Props/SM_Props_Rack_04.fbx
  artifactKey: Guid(90a53f5f0e1c07142a0be9d750f670c1) Importer(2089858483,b0f066a214c2f5e87bad3c948f4d605d)
Start importing Assets/Resource/PackageResource/JC_LP_MegaCity/Models/Props/SM_Props_Rack_04.fbx using Guid(90a53f5f0e1c07142a0be9d750f670c1) Importer(2089858483,b0f066a214c2f5e87bad3c948f4d605d) (ScriptedImporter) -> (artifact id: '4bde78837ef0b2547d8fd02ccec3122f') in 0.0176479 seconds
Number of updated asset objects reloaded before import = 0Number of asset objects unloaded after import = 7

========================================================================
Received Import Request.
  Time since last request: 0.000026 seconds.
  path: Assets/Resource/PackageResource/JC_LP_MegaCity/Models/Floor/SM_Floor_Road_18.fbx
  artifactKey: Guid(364cfd6e0745e864994b6a8f7854cb5f) Importer(2089858483,b0f066a214c2f5e87bad3c948f4d605d)
Start importing Assets/Resource/PackageResource/JC_LP_MegaCity/Models/Floor/SM_Floor_Road_18.fbx using Guid(364cfd6e0745e864994b6a8f7854cb5f) Importer(2089858483,b0f066a214c2f5e87bad3c948f4d605d) (ScriptedImporter) -> (artifact id: '2bd71512b6704e793f070912738d95d7') in 0.0160188 seconds
Number of updated asset objects reloaded before import = 0Number of asset objects unloaded after import = 7

========================================================================
Received Import Request.
  Time since last request: 0.000096 seconds.
  path: Assets/Resource/PackageResource/JC_LP_MegaCity/Prefabs/Floor/SM_Floor_Parking_02.prefab
  artifactKey: Guid(b648d8c6f2fc9be4eb0888bb3253f768) Importer(2089858483,b0f066a214c2f5e87bad3c948f4d605d)
Start importing Assets/Resource/PackageResource/JC_LP_MegaCity/Prefabs/Floor/SM_Floor_Parking_02.prefab using Guid(b648d8c6f2fc9be4eb0888bb3253f768) Importer(2089858483,b0f066a214c2f5e87bad3c948f4d605d) (ScriptedImporter) -> (artifact id: 'e1937f4c5404f3fae6ed0fa2437d1cb4') in 0.0169514 seconds
Number of updated asset objects reloaded before import = 0Number of asset objects unloaded after import = 9

========================================================================
Received Import Request.
  Time since last request: 0.000025 seconds.
  path: Assets/Resource/PackageResource/JC_LP_MegaCity/Models/Buildings/SM_Buildings_Office_03_Door_L.fbx
  artifactKey: Guid(4e73259f6ca5e894b97d52d53eabe532) Importer(2089858483,b0f066a214c2f5e87bad3c948f4d605d)
Start importing Assets/Resource/PackageResource/JC_LP_MegaCity/Models/Buildings/SM_Buildings_Office_03_Door_L.fbx using Guid(4e73259f6ca5e894b97d52d53eabe532) Importer(2089858483,b0f066a214c2f5e87bad3c948f4d605d) (ScriptedImporter) -> (artifact id: '71c24d3fc7663fd49d8d42bc24d3edb5') in 0.0154112 seconds
Number of updated asset objects reloaded before import = 0Number of asset objects unloaded after import = 7

========================================================================
Received Import Request.
  Time since last request: 0.174940 seconds.
  path: Assets/ExplosiveLLC/RPG Character Mecanim Animation Pack/Animations/2Hand-Shooting/RPG-Character@2Hand-Shooting-DiveRoll-Forward1.FBX
  artifactKey: Guid(819995924ef06c542ab6d506bc41fd04) Importer(2089858483,b0f066a214c2f5e87bad3c948f4d605d)
Start importing Assets/ExplosiveLLC/RPG Character Mecanim Animation Pack/Animations/2Hand-Shooting/RPG-Character@2Hand-Shooting-DiveRoll-Forward1.FBX using Guid(819995924ef06c542ab6d506bc41fd04) Importer(2089858483,b0f066a214c2f5e87bad3c948f4d605d) (ScriptedImporter) -> (artifact id: 'f573ebb42058511040eef58c202a5b5f') in 0.0184796 seconds
Number of updated asset objects reloaded before import = 0Number of asset objects unloaded after import = 114

========================================================================
Received Import Request.
  Time since last request: 0.000018 seconds.
  path: Assets/ExplosiveLLC/RPG Character Mecanim Animation Pack/Animations/1Hand-Pistol/RPG-Character@Pistol-Reload-L1.FBX
  artifactKey: Guid(b1737d5693fbd034d8360f8abc1974de) Importer(2089858483,b0f066a214c2f5e87bad3c948f4d605d)
Start importing Assets/ExplosiveLLC/RPG Character Mecanim Animation Pack/Animations/1Hand-Pistol/RPG-Character@Pistol-Reload-L1.FBX using Guid(b1737d5693fbd034d8360f8abc1974de) Importer(2089858483,b0f066a214c2f5e87bad3c948f4d605d) (ScriptedImporter) -> (artifact id: '9e7fe16d48552b8ad7070a91dff409c9') in 0.0223079 seconds
Number of updated asset objects reloaded before import = 0Number of asset objects unloaded after import = 124

========================================================================
Received Import Request.
  Time since last request: 0.000028 seconds.
  path: Assets/Resource/PackageResource/JC_LP_MegaCity/Prefabs/Buildings/SM_Buildings_House_13_V1.prefab
  artifactKey: Guid(e4e5350325eda45448f594dd9400a08e) Importer(2089858483,b0f066a214c2f5e87bad3c948f4d605d)
Start importing Assets/Resource/PackageResource/JC_LP_MegaCity/Prefabs/Buildings/SM_Buildings_House_13_V1.prefab using Guid(e4e5350325eda45448f594dd9400a08e) Importer(2089858483,b0f066a214c2f5e87bad3c948f4d605d) (ScriptedImporter) -> (artifact id: '2251991fba8e96ce1c26a33b2589d950') in 0.0167114 seconds
Number of updated asset objects reloaded before import = 0Number of asset objects unloaded after import = 16

========================================================================
Received Import Request.
  Time since last request: 0.000024 seconds.
  path: Assets/Resource/PackageResource/JC_LP_MegaCity/Models/Buildings/SM_Buildings_Skyscraper_03_Door_R.fbx
  artifactKey: Guid(7fd8070a5a6e80d479b116a203c315fd) Importer(2089858483,b0f066a214c2f5e87bad3c948f4d605d)
Start importing Assets/Resource/PackageResource/JC_LP_MegaCity/Models/Buildings/SM_Buildings_Skyscraper_03_Door_R.fbx using Guid(7fd8070a5a6e80d479b116a203c315fd) Importer(2089858483,b0f066a214c2f5e87bad3c948f4d605d) (ScriptedImporter) -> (artifact id: '3c89180843bb3d07d3d29b3e85e1333d') in 0.0147688 seconds
Number of updated asset objects reloaded before import = 0Number of asset objects unloaded after import = 7

========================================================================
Received Import Request.
  Time since last request: 0.000019 seconds.
  path: Assets/Plugins/AllIn13DShader/Editor/Effects Profiles/Templates
  artifactKey: Guid(fc0645fb7502dce48abc80e20c4acaa1) Importer(2089858483,b0f066a214c2f5e87bad3c948f4d605d)
Start importing Assets/Plugins/AllIn13DShader/Editor/Effects Profiles/Templates using Guid(fc0645fb7502dce48abc80e20c4acaa1) Importer(2089858483,b0f066a214c2f5e87bad3c948f4d605d) (ScriptedImporter) -> (artifact id: '1526af0004aac15d76123b6af9c85466') in 0.0062142 seconds
Number of updated asset objects reloaded before import = 0Number of asset objects unloaded after import = 1

========================================================================
Received Import Request.
  Time since last request: 0.000037 seconds.
  path: Assets/ExplosiveLLC/RPG Character Mecanim Animation Pack/Animations/Unarmed/RPG-Character@Unarmed-Strafe-Backward.FBX
  artifactKey: Guid(e3ce9218d72c10841bbd95cd901792d4) Importer(2089858483,b0f066a214c2f5e87bad3c948f4d605d)
Start importing Assets/ExplosiveLLC/RPG Character Mecanim Animation Pack/Animations/Unarmed/RPG-Character@Unarmed-Strafe-Backward.FBX using Guid(e3ce9218d72c10841bbd95cd901792d4) Importer(2089858483,b0f066a214c2f5e87bad3c948f4d605d) (ScriptedImporter) -> (artifact id: 'c52c8d3e0ea9cc97a486b0e921adf50b') in 0.0127696 seconds
Number of updated asset objects reloaded before import = 0Number of asset objects unloaded after import = 114

========================================================================
Received Import Request.
  Time since last request: 0.000015 seconds.
  path: Assets/Plugins/AllIn13DShader/Demo/Baked Shaders Demo/Materials/DemoMaterials/MAT_Baked_ChomperFresnelRemapped.mat
  artifactKey: Guid(a94ef425c03c89045a20ac200c795dcd) Importer(2089858483,b0f066a214c2f5e87bad3c948f4d605d)
Start importing Assets/Plugins/AllIn13DShader/Demo/Baked Shaders Demo/Materials/DemoMaterials/MAT_Baked_ChomperFresnelRemapped.mat using Guid(a94ef425c03c89045a20ac200c795dcd) Importer(2089858483,b0f066a214c2f5e87bad3c948f4d605d) (ScriptedImporter) -> (artifact id: 'a379d8e42843a32d7b4779f734f544f8') in 0.0793993 seconds
Number of updated asset objects reloaded before import = 0Number of asset objects unloaded after import = 14

========================================================================
Received Import Request.
  Time since last request: 0.000031 seconds.
  path: Assets/Resource/PackageResource/JC_LP_MegaCity/Models/Props/SM_Props_Plant_01.fbx
  artifactKey: Guid(fbe00d8609e494e44ba1688a47071bcb) Importer(2089858483,b0f066a214c2f5e87bad3c948f4d605d)
Start importing Assets/Resource/PackageResource/JC_LP_MegaCity/Models/Props/SM_Props_Plant_01.fbx using Guid(fbe00d8609e494e44ba1688a47071bcb) Importer(2089858483,b0f066a214c2f5e87bad3c948f4d605d) (ScriptedImporter) -> (artifact id: '68f552e3dcd342b6be0ec65e785ca5be') in 0.0162828 seconds
Number of updated asset objects reloaded before import = 0Number of asset objects unloaded after import = 7

========================================================================
Received Import Request.
  Time since last request: 0.000031 seconds.
  path: Assets/ExplosiveLLC/RPG Character Mecanim Animation Pack/Animations/2Hand-Shooting/RPG-Character@2Hand-Shooting-Turn-Left-180.FBX
  artifactKey: Guid(8bf510104e1f59342b28808a6c49ff61) Importer(2089858483,b0f066a214c2f5e87bad3c948f4d605d)
Start importing Assets/ExplosiveLLC/RPG Character Mecanim Animation Pack/Animations/2Hand-Shooting/RPG-Character@2Hand-Shooting-Turn-Left-180.FBX using Guid(8bf510104e1f59342b28808a6c49ff61) Importer(2089858483,b0f066a214c2f5e87bad3c948f4d605d) (ScriptedImporter) -> (artifact id: '964e9f7208cfcc4840717627a287a576') in 0.0152228 seconds
Number of updated asset objects reloaded before import = 0Number of asset objects unloaded after import = 114

========================================================================
Received Import Request.
  Time since last request: 0.000017 seconds.
  path: Assets/ExplosiveLLC/RPG Character Mecanim Animation Pack/Demo Elements/Prefabs/Target.prefab
  artifactKey: Guid(3a555105d974c19488b7be673891a5d4) Importer(2089858483,b0f066a214c2f5e87bad3c948f4d605d)
Start importing Assets/ExplosiveLLC/RPG Character Mecanim Animation Pack/Demo Elements/Prefabs/Target.prefab using Guid(3a555105d974c19488b7be673891a5d4) Importer(2089858483,b0f066a214c2f5e87bad3c948f4d605d) (ScriptedImporter) -> (artifact id: '526d534011e51f583ad9b4c2fe8809d1') in 0.0110479 seconds
Number of updated asset objects reloaded before import = 0Number of asset objects unloaded after import = 11

========================================================================
Received Import Request.
  Time since last request: 0.000016 seconds.
  path: Assets/ExplosiveLLC/RPG Character Mecanim Animation Pack/Animations/2Hand-Crossbow/RPG-Character@2Hand-Crossbow-Getup1.FBX
  artifactKey: Guid(5aff88e9e7b1a63429fb2e3ca4f94737) Importer(2089858483,b0f066a214c2f5e87bad3c948f4d605d)
Start importing Assets/ExplosiveLLC/RPG Character Mecanim Animation Pack/Animations/2Hand-Crossbow/RPG-Character@2Hand-Crossbow-Getup1.FBX using Guid(5aff88e9e7b1a63429fb2e3ca4f94737) Importer(2089858483,b0f066a214c2f5e87bad3c948f4d605d) (ScriptedImporter) -> (artifact id: 'f14c64644da72ffaae8e1b5ba696fab6') in 0.0129232 seconds
Number of updated asset objects reloaded before import = 0Number of asset objects unloaded after import = 114

========================================================================
Received Import Request.
  Time since last request: 0.000019 seconds.
  path: Assets/ExplosiveLLC/RPG Character Mecanim Animation Pack/Demo Elements/Code/CameraController.cs
  artifactKey: Guid(13ba4849f4c890f44947978c76596fb2) Importer(2089858483,b0f066a214c2f5e87bad3c948f4d605d)
Start importing Assets/ExplosiveLLC/RPG Character Mecanim Animation Pack/Demo Elements/Code/CameraController.cs using Guid(13ba4849f4c890f44947978c76596fb2) Importer(2089858483,b0f066a214c2f5e87bad3c948f4d605d) (ScriptedImporter) -> (artifact id: 'b27de9ac3d53a5903f2a8f61467afe69') in 0.006705 seconds
Number of updated asset objects reloaded before import = 0Number of asset objects unloaded after import = 0

========================================================================
Received Import Request.
  Time since last request: 0.000021 seconds.
  path: Assets/Resource/PackageResource/JC_LP_MegaCity/Models/Vehicles/SM_Vehicles_13_V1.fbx
  artifactKey: Guid(c917166412ae6ef43839f19adf330746) Importer(2089858483,b0f066a214c2f5e87bad3c948f4d605d)
Start importing Assets/Resource/PackageResource/JC_LP_MegaCity/Models/Vehicles/SM_Vehicles_13_V1.fbx using Guid(c917166412ae6ef43839f19adf330746) Importer(2089858483,b0f066a214c2f5e87bad3c948f4d605d) (ScriptedImporter) -> (artifact id: '9d13060d31bea49c48e7f3a66f4abc8b') in 0.0203424 seconds
Number of updated asset objects reloaded before import = 0Number of asset objects unloaded after import = 34

========================================================================
Received Import Request.
  Time since last request: 1.517259 seconds.
  path: Assets/Resource/PackageResource/JC_LP_MegaCity/Prefabs/Buildings/SM_Buildings_Hotel_02.prefab
  artifactKey: Guid(595835e6dad6fe0489d59c6454777783) Importer(2089858483,b0f066a214c2f5e87bad3c948f4d605d)
Start importing Assets/Resource/PackageResource/JC_LP_MegaCity/Prefabs/Buildings/SM_Buildings_Hotel_02.prefab using Guid(595835e6dad6fe0489d59c6454777783) Importer(2089858483,b0f066a214c2f5e87bad3c948f4d605d) (ScriptedImporter) -> (artifact id: '2997122cb7fceaa4603744d2add84fb8') in 0.0229208 seconds
Number of updated asset objects reloaded before import = 0Number of asset objects unloaded after import = 55

========================================================================
Received Import Request.
  Time since last request: 0.000015 seconds.
  path: Assets/Plugins/AllIn13DShader/Demo/Materials/Presets/MAT_Spitter_Node.mat
  artifactKey: Guid(2692cd0abf639fa4499db7b8ba0d1ea2) Importer(2089858483,b0f066a214c2f5e87bad3c948f4d605d)
Start importing Assets/Plugins/AllIn13DShader/Demo/Materials/Presets/MAT_Spitter_Node.mat using Guid(2692cd0abf639fa4499db7b8ba0d1ea2) Importer(2089858483,b0f066a214c2f5e87bad3c948f4d605d) (ScriptedImporter) -> (artifact id: 'f1eda3025e8e72c8779b440e1dda8a3c') in 0.0815791 seconds
Number of updated asset objects reloaded before import = 0Number of asset objects unloaded after import = 1

========================================================================
Received Import Request.
  Time since last request: 0.000014 seconds.
  path: Assets/Plugins/AllIn13DShader/Editor/AllIn13DEffectConfig.cs
  artifactKey: Guid(9e56d697165908f4a802d77da51b7913) Importer(2089858483,b0f066a214c2f5e87bad3c948f4d605d)
Start importing Assets/Plugins/AllIn13DShader/Editor/AllIn13DEffectConfig.cs using Guid(9e56d697165908f4a802d77da51b7913) Importer(2089858483,b0f066a214c2f5e87bad3c948f4d605d) (ScriptedImporter) -> (artifact id: '7d147154d2d8fbc9f2d82b9428e08ff4') in 0.0059923 seconds
Number of updated asset objects reloaded before import = 0Number of asset objects unloaded after import = 0

========================================================================
Received Import Request.
  Time since last request: 0.000024 seconds.
  path: Assets/Modern UI Pack/Scripts/Progress Bar/PBFilled.cs
  artifactKey: Guid(7b3d601986abab74cb6b3901c4bb2508) Importer(2089858483,b0f066a214c2f5e87bad3c948f4d605d)
Start importing Assets/Modern UI Pack/Scripts/Progress Bar/PBFilled.cs using Guid(7b3d601986abab74cb6b3901c4bb2508) Importer(2089858483,b0f066a214c2f5e87bad3c948f4d605d) (ScriptedImporter) -> (artifact id: '14b08866a44a2e524c1876aa65fb7a6b') in 0.0077536 seconds
Number of updated asset objects reloaded before import = 0Number of asset objects unloaded after import = 1

========================================================================
Received Import Request.
  Time since last request: 0.000019 seconds.
  path: Assets/Resource/PackageResource/JC_LP_MegaCity/Models/Props/SM_Props_Market_02.fbx
  artifactKey: Guid(ff8fd4cc30985d84baf7cf35db007463) Importer(2089858483,b0f066a214c2f5e87bad3c948f4d605d)
Start importing Assets/Resource/PackageResource/JC_LP_MegaCity/Models/Props/SM_Props_Market_02.fbx using Guid(ff8fd4cc30985d84baf7cf35db007463) Importer(2089858483,b0f066a214c2f5e87bad3c948f4d605d) (ScriptedImporter) -> (artifact id: '745019fe61e0db77af23a53e47cb6e9f') in 0.0118487 seconds
Number of updated asset objects reloaded before import = 0Number of asset objects unloaded after import = 7

========================================================================
Received Import Request.
  Time since last request: 0.000015 seconds.
  path: Assets/Modern UI Pack/Animations/Animated Icon/Notification Bell In.anim
  artifactKey: Guid(46c2f1f967bf926438cca244bc4e34d2) Importer(2089858483,b0f066a214c2f5e87bad3c948f4d605d)
Start importing Assets/Modern UI Pack/Animations/Animated Icon/Notification Bell In.anim using Guid(46c2f1f967bf926438cca244bc4e34d2) Importer(2089858483,b0f066a214c2f5e87bad3c948f4d605d) (ScriptedImporter) -> (artifact id: '1c6ddc0350244b806d81b05e97b3a71a') in 0.0145809 seconds
Number of updated asset objects reloaded before import = 0Number of asset objects unloaded after import = 1

========================================================================
Received Import Request.
  Time since last request: 0.000017 seconds.
  path: Assets/Modern UI Pack/Animations/Context Menu/Context Menu In.anim
  artifactKey: Guid(c1282c0d971db7a41ae97e25898a692b) Importer(2089858483,b0f066a214c2f5e87bad3c948f4d605d)
Start importing Assets/Modern UI Pack/Animations/Context Menu/Context Menu In.anim using Guid(c1282c0d971db7a41ae97e25898a692b) Importer(2089858483,b0f066a214c2f5e87bad3c948f4d605d) (ScriptedImporter) -> (artifact id: '9b3102ac924edbe52f5502f613f229d4') in 0.0109731 seconds
Number of updated asset objects reloaded before import = 0Number of asset objects unloaded after import = 1

========================================================================
Received Import Request.
  Time since last request: 0.000023 seconds.
  path: Assets/Plugins/AllIn13DShader/Demo/Animation/FadeAnim.anim
  artifactKey: Guid(9dc5e8dc9a4f8b644b9db3e45b416eff) Importer(2089858483,b0f066a214c2f5e87bad3c948f4d605d)
Start importing Assets/Plugins/AllIn13DShader/Demo/Animation/FadeAnim.anim using Guid(9dc5e8dc9a4f8b644b9db3e45b416eff) Importer(2089858483,b0f066a214c2f5e87bad3c948f4d605d) (ScriptedImporter) -> (artifact id: 'a499968b4023375114c44cd6ce46893f') in 0.0120307 seconds
Number of updated asset objects reloaded before import = 0Number of asset objects unloaded after import = 1

========================================================================
Received Import Request.
  Time since last request: 0.000016 seconds.
  path: Assets/Modern UI Pack/Animations/Progress Bar/Radial FB Filled.anim
  artifactKey: Guid(21dd6eb180628814ea00d9690d234eb9) Importer(2089858483,b0f066a214c2f5e87bad3c948f4d605d)
Start importing Assets/Modern UI Pack/Animations/Progress Bar/Radial FB Filled.anim using Guid(21dd6eb180628814ea00d9690d234eb9) Importer(2089858483,b0f066a214c2f5e87bad3c948f4d605d) (ScriptedImporter) -> (artifact id: '84d58b55b300fb76cc8c2c7e91ff13ed') in 0.0118129 seconds
Number of updated asset objects reloaded before import = 0Number of asset objects unloaded after import = 1

========================================================================
Received Import Request.
  Time since last request: 0.000017 seconds.
  path: Assets/Resource/PackageResource/JC_LP_MegaCity/Models/Buildings/SM_Buildings_Office_06.fbx
  artifactKey: Guid(1d4292a7f6f99e942a87d0596a019b2f) Importer(2089858483,b0f066a214c2f5e87bad3c948f4d605d)
Start importing Assets/Resource/PackageResource/JC_LP_MegaCity/Models/Buildings/SM_Buildings_Office_06.fbx using Guid(1d4292a7f6f99e942a87d0596a019b2f) Importer(2089858483,b0f066a214c2f5e87bad3c948f4d605d) (ScriptedImporter) -> (artifact id: 'adfb077d91601bd46f9e4584104bd488') in 0.0209864 seconds
Number of updated asset objects reloaded before import = 0Number of asset objects unloaded after import = 7

========================================================================
Received Import Request.
  Time since last request: 0.000031 seconds.
  path: Assets/ExplosiveLLC/RPG Character Mecanim Animation Pack/Code/Actions/Movement/Idle.cs
  artifactKey: Guid(91eac92e2ce314b4fbbb75efbf8be12b) Importer(2089858483,b0f066a214c2f5e87bad3c948f4d605d)
Start importing Assets/ExplosiveLLC/RPG Character Mecanim Animation Pack/Code/Actions/Movement/Idle.cs using Guid(91eac92e2ce314b4fbbb75efbf8be12b) Importer(2089858483,b0f066a214c2f5e87bad3c948f4d605d) (ScriptedImporter) -> (artifact id: '711ee10d99a22d4f1624c1878355f9f9') in 0.0098052 seconds
Number of updated asset objects reloaded before import = 0Number of asset objects unloaded after import = 0

========================================================================
Received Import Request.
  Time since last request: 0.000016 seconds.
  path: Assets/Resource/PackageResource/JC_LP_MegaCity/Models/BuildingsDecor/SM_BuildingsDecor_35.fbx
  artifactKey: Guid(df096e1a034145844a4c97565d05055a) Importer(2089858483,b0f066a214c2f5e87bad3c948f4d605d)
Start importing Assets/Resource/PackageResource/JC_LP_MegaCity/Models/BuildingsDecor/SM_BuildingsDecor_35.fbx using Guid(df096e1a034145844a4c97565d05055a) Importer(2089858483,b0f066a214c2f5e87bad3c948f4d605d) (ScriptedImporter) -> (artifact id: 'e433808c9349a7cc9fbadbe3ee1aab71') in 0.013113 seconds
Number of updated asset objects reloaded before import = 0Number of asset objects unloaded after import = 7

========================================================================
Received Import Request.
  Time since last request: 0.000080 seconds.
  path: Assets/Plugins/AllIn13DShader/Editor/Data/EffectsExtraData.asset
  artifactKey: Guid(ab04b85ae78a31642964fa2facafc08b) Importer(2089858483,b0f066a214c2f5e87bad3c948f4d605d)
Start importing Assets/Plugins/AllIn13DShader/Editor/Data/EffectsExtraData.asset using Guid(ab04b85ae78a31642964fa2facafc08b) Importer(2089858483,b0f066a214c2f5e87bad3c948f4d605d) (ScriptedImporter) -> (artifact id: 'ba9c3a9d668b3387dc31d02e238ceef7') in 0.0086013 seconds
Number of updated asset objects reloaded before import = 0Number of asset objects unloaded after import = 1

========================================================================
Received Import Request.
  Time since last request: 0.000036 seconds.
  path: Assets/Resource/PackageResource/JC_LP_MegaCity/Models/IndustrialProps/SM_IndustrialProps_ShippingContainer_03_Door_02.fbx
  artifactKey: Guid(cfdc869a3a206d348b4769d707a93b8d) Importer(2089858483,b0f066a214c2f5e87bad3c948f4d605d)
Start importing Assets/Resource/PackageResource/JC_LP_MegaCity/Models/IndustrialProps/SM_IndustrialProps_ShippingContainer_03_Door_02.fbx using Guid(cfdc869a3a206d348b4769d707a93b8d) Importer(2089858483,b0f066a214c2f5e87bad3c948f4d605d) (ScriptedImporter) -> (artifact id: '65789ea82947eea5ea69a0ee3f26d776') in 0.0146895 seconds
Number of updated asset objects reloaded before import = 0Number of asset objects unloaded after import = 7

========================================================================
Received Import Request.
  Time since last request: 0.000034 seconds.
  path: Assets/ExplosiveLLC/RPG Character Mecanim Animation Pack/Animations/Armed/RPG-Character@Armed-Attack-Kick-L2.FBX
  artifactKey: Guid(c48199f0305d51e449b7bf02340b713f) Importer(2089858483,b0f066a214c2f5e87bad3c948f4d605d)
Start importing Assets/ExplosiveLLC/RPG Character Mecanim Animation Pack/Animations/Armed/RPG-Character@Armed-Attack-Kick-L2.FBX using Guid(c48199f0305d51e449b7bf02340b713f) Importer(2089858483,b0f066a214c2f5e87bad3c948f4d605d) (ScriptedImporter) -> (artifact id: '42bb06c8732b827d3a6307b7b4e34438') in 0.0176776 seconds
Number of updated asset objects reloaded before import = 0Number of asset objects unloaded after import = 114

========================================================================
Received Import Request.
  Time since last request: 0.000020 seconds.
  path: Assets/ExplosiveLLC/RPG Character Mecanim Animation Pack/Animations/Armed/RPG-Character@Armed-Idle.FBX
  artifactKey: Guid(5c0b1be3522a16f4c8519b02a90a980d) Importer(2089858483,b0f066a214c2f5e87bad3c948f4d605d)
Start importing Assets/ExplosiveLLC/RPG Character Mecanim Animation Pack/Animations/Armed/RPG-Character@Armed-Idle.FBX using Guid(5c0b1be3522a16f4c8519b02a90a980d) Importer(2089858483,b0f066a214c2f5e87bad3c948f4d605d) (ScriptedImporter) -> (artifact id: '00a07f3b88f4827fda1d5978b75d8e62') in 0.0141065 seconds
Number of updated asset objects reloaded before import = 0Number of asset objects unloaded after import = 114

========================================================================
Received Import Request.
  Time since last request: 0.000022 seconds.
  path: Assets/ExplosiveLLC/RPG Character Mecanim Animation Pack/Animations/2Hand-Sword/RPG-Character@2Hand-Sword-Strafe-Left.FBX
  artifactKey: Guid(5138183205551c5448d78f2f2e6aaa56) Importer(2089858483,b0f066a214c2f5e87bad3c948f4d605d)
Start importing Assets/ExplosiveLLC/RPG Character Mecanim Animation Pack/Animations/2Hand-Sword/RPG-Character@2Hand-Sword-Strafe-Left.FBX using Guid(5138183205551c5448d78f2f2e6aaa56) Importer(2089858483,b0f066a214c2f5e87bad3c948f4d605d) (ScriptedImporter) -> (artifact id: '0baa50511b4b4fda1b5456f2392920bc') in 0.0159345 seconds
Number of updated asset objects reloaded before import = 0Number of asset objects unloaded after import = 114

========================================================================
Received Import Request.
  Time since last request: 0.000032 seconds.
  path: Assets/Plugins/AllIn13DShader/Demo/Textures/ColorRamps/RedRampInflate.png
  artifactKey: Guid(7f42bf73cc8280c468af923917aa8589) Importer(2089858483,b0f066a214c2f5e87bad3c948f4d605d)
Start importing Assets/Plugins/AllIn13DShader/Demo/Textures/ColorRamps/RedRampInflate.png using Guid(7f42bf73cc8280c468af923917aa8589) Importer(2089858483,b0f066a214c2f5e87bad3c948f4d605d) (ScriptedImporter) -> (artifact id: '830afcc794c69700b5a88dda57480ba5') in 0.0184821 seconds
Number of updated asset objects reloaded before import = 0Number of asset objects unloaded after import = 1

========================================================================
Received Import Request.
  Time since last request: 0.000015 seconds.
  path: Assets/Modern UI Pack/Textures/Icon/Navigation/Add.png
  artifactKey: Guid(66995b6b61aed864daa956ae255d7fee) Importer(2089858483,b0f066a214c2f5e87bad3c948f4d605d)
Start importing Assets/Modern UI Pack/Textures/Icon/Navigation/Add.png using Guid(66995b6b61aed864daa956ae255d7fee) Importer(2089858483,b0f066a214c2f5e87bad3c948f4d605d) (ScriptedImporter) -> (artifact id: '00fce97e666189ce163ad9b723c19002') in 0.0209875 seconds
Number of updated asset objects reloaded before import = 0Number of asset objects unloaded after import = 3

========================================================================
Received Import Request.
  Time since last request: 0.000034 seconds.
  path: Assets/Plugins/AllIn13DShader/Demo/Baked Shaders Demo/Data/DemoElements
  artifactKey: Guid(a0ae4337229cead479bb7a38197a80d2) Importer(2089858483,b0f066a214c2f5e87bad3c948f4d605d)
Start importing Assets/Plugins/AllIn13DShader/Demo/Baked Shaders Demo/Data/DemoElements using Guid(a0ae4337229cead479bb7a38197a80d2) Importer(2089858483,b0f066a214c2f5e87bad3c948f4d605d) (ScriptedImporter) -> (artifact id: '3cc98f8f2fd0d42d12d79b6e63d897ac') in 0.0063114 seconds
Number of updated asset objects reloaded before import = 0Number of asset objects unloaded after import = 1

========================================================================
Received Prepare
Begin MonoManager ReloadAssembly
- Loaded All Assemblies, in  1.269 seconds
'Assets/Photon/Fusion/Runtime/Fusion.Unity.cs' contains partial class of Unity.Object, exactly 1 of the partial classes needs to be in a file with the same filename. This is to know the one that can be referenced from ie. GameObjects
'Assets/Photon/Fusion/Runtime/Fusion.Unity.cs' contains partial class of Unity.Object, exactly 1 of the partial classes needs to be in a file with the same filename. This is to know the one that can be referenced from ie. GameObjects
Refreshing native plugins compatible for Editor in 14.72 ms, found 9 plugins.
Native extension for WindowsStandalone target not found
Native extension for WebGL target not found
[Package Manager] Failed to launch server process. Reason: Unity was launched with the -noUpm command-line argument
[Package Manager] Unable to send message (not connected to server process).
[Package Manager] Cannot connect to Unity Package Manager local server
System.Exception: Error! Visual Scripting: couldn't find visual scripting package
  at Unity.VisualScripting.PackageVersionUtility.get_version () [0x00043] in .\Library\PackageCache\com.unity.visualscripting@191c0d7e3b69\Editor\VisualScripting.Core\Utilities\PackageVersionUtility.cs:31 
  at Unity.VisualScripting.BoltCoreManifest.get_version () [0x00000] in .\Library\PackageCache\com.unity.visualscripting@191c0d7e3b69\Editor\VisualScripting.Core\Plugin\BoltCoreManifest.cs:11 
  at Unity.VisualScripting.PluginManifest.get_currentVersion () [0x00000] in .\Library\PackageCache\com.unity.visualscripting@191c0d7e3b69\Editor\VisualScripting.Core\Plugins\PluginManifest.cs:33 
  at Unity.VisualScripting.PluginManifest.get_versionMismatch () [0x00000] in .\Library\PackageCache\com.unity.visualscripting@191c0d7e3b69\Editor\VisualScripting.Core\Plugins\PluginManifest.cs:48 
  at Unity.VisualScripting.PluginContainer.Initialize () [0x00525] in .\Library\PackageCache\com.unity.visualscripting@191c0d7e3b69\Editor\VisualScripting.Core\Plugins\PluginContainer.cs:208 
  at Unity.VisualScripting.PluginContainer.InitializeOnLoad () [0x00009] in .\Library\PackageCache\com.unity.visualscripting@191c0d7e3b69\Editor\VisualScripting.Core\Plugins\PluginContainer.cs:32 
  at Unity.VisualScripting.VSUsageUtility.DoInitializeOnLoadCalls () [0x00034] in .\Library\PackageCache\com.unity.visualscripting@191c0d7e3b69\Editor\VisualScripting.Core\Utilities\VSUsageUtility.cs:76 
  at Unity.VisualScripting.VSUsageUtility.set_isVisualScriptingUsed (System.Boolean value) [0x0002c] in .\Library\PackageCache\com.unity.visualscripting@191c0d7e3b69\Editor\VisualScripting.Core\Utilities\VSUsageUtility.cs:114 
  at Unity.VisualScripting.VSUsageUtility.CheckAndSetIsVisualScriptingUsed () [0x0000d] in .\Library\PackageCache\com.unity.visualscripting@191c0d7e3b69\Editor\VisualScripting.Core\Utilities\VSUsageUtility.cs:33 
  at Unity.VisualScripting.VSUsageUtility..cctor () [0x00000] in .\Library\PackageCache\com.unity.visualscripting@191c0d7e3b69\Editor\VisualScripting.Core\Utilities\VSUsageUtility.cs:22 
UnityEngine.Debug:ExtractStackTraceNoAlloc (byte*,int,string)
UnityEngine.StackTraceUtility:ExtractStackTrace ()
UnityEngine.DebugLogHandler:Internal_Log (UnityEngine.LogType,UnityEngine.LogOption,string,UnityEngine.Object)
UnityEngine.DebugLogHandler:LogFormat (UnityEngine.LogType,UnityEngine.Object,string,object[])
UnityEngine.Logger:Log (UnityEngine.LogType,object)
UnityEngine.Debug:LogError (object)
UnityEditor.EditorAssemblies:ProcessInitializeOnLoadAttributes (System.Type[])

ScheduleIndexationOnStartup MainProcess:False IndexOnStartup:True
Mono: successfully reloaded assembly
- Finished resetting the current domain, in  1.799 seconds
Domain Reload Profiling: 3051ms
	BeginReloadAssembly (287ms)
		ExecutionOrderSort (0ms)
		DisableScriptedObjects (5ms)
		BackupInstance (0ms)
		ReleaseScriptingObjects (0ms)
		CreateAndSetChildDomain (67ms)
	RebuildCommonClasses (35ms)
	RebuildNativeTypeToScriptingClass (18ms)
	initialDomainReloadingComplete (59ms)
	LoadAllAssembliesAndSetupDomain (852ms)
		LoadAssemblies (755ms)
		RebuildTransferFunctionScriptingTraits (0ms)
		AnalyzeDomain (236ms)
			TypeCache.Refresh (9ms)
				TypeCache.ScanAssembly (0ms)
			BuildScriptInfoCaches (207ms)
			ResolveRequiredComponents (15ms)
	FinalizeReload (1799ms)
		ReleaseScriptCaches (0ms)
		RebuildScriptCaches (0ms)
		SetupLoadedEditorAssemblies (1292ms)
			LogAssemblyErrors (0ms)
			InitializePlatformSupportModulesInManaged (4ms)
			SetLoadedEditorAssemblies (5ms)
			BeforeProcessingInitializeOnLoad (203ms)
			ProcessInitializeOnLoadAttributes (855ms)
			ProcessInitializeOnLoadMethodAttributes (215ms)
			AfterProcessingInitializeOnLoad (9ms)
			EditorAssembliesLoaded (0ms)
		ExecutionOrderSort2 (0ms)
		AwakeInstancesAfterBackupRestoration (14ms)
Refreshing native plugins compatible for Editor in 24.24 ms, found 9 plugins.
Preloading 0 native plugins for Editor in 0.00 ms.
Unloading 16 Unused Serialized files (Serialized files now loaded: 0)
Unloading 7030 unused Assets / (4.4 MB). Loaded Objects now: 7969.
Memory consumption went from 315.9 MB to 311.4 MB.
Total: 39.034000 ms (FindLiveObjects: 1.020400 ms CreateObjectMapping: 0.563700 ms MarkObjects: 34.503100 ms  DeleteObjects: 2.945200 ms)

Prepare: number of updated asset objects reloaded= 0
========================================================================
Received Prepare
Begin MonoManager ReloadAssembly
- Loaded All Assemblies, in  3.781 seconds
'Assets/Photon/Fusion/Runtime/Fusion.Unity.cs' contains partial class of Unity.Object, exactly 1 of the partial classes needs to be in a file with the same filename. This is to know the one that can be referenced from ie. GameObjects
'Assets/Photon/Fusion/Runtime/Fusion.Unity.cs' contains partial class of Unity.Object, exactly 1 of the partial classes needs to be in a file with the same filename. This is to know the one that can be referenced from ie. GameObjects
Refreshing native plugins compatible for Editor in 16.63 ms, found 9 plugins.
Native extension for WindowsStandalone target not found
Native extension for WebGL target not found
[Package Manager] Failed to launch server process. Reason: Unity was launched with the -noUpm command-line argument
[Package Manager] Unable to send message (not connected to server process).
[Package Manager] Cannot connect to Unity Package Manager local server
System.Exception: Error! Visual Scripting: couldn't find visual scripting package
  at Unity.VisualScripting.PackageVersionUtility.get_version () [0x00043] in .\Library\PackageCache\com.unity.visualscripting@191c0d7e3b69\Editor\VisualScripting.Core\Utilities\PackageVersionUtility.cs:31 
  at Unity.VisualScripting.BoltCoreManifest.get_version () [0x00000] in .\Library\PackageCache\com.unity.visualscripting@191c0d7e3b69\Editor\VisualScripting.Core\Plugin\BoltCoreManifest.cs:11 
  at Unity.VisualScripting.PluginManifest.get_currentVersion () [0x00000] in .\Library\PackageCache\com.unity.visualscripting@191c0d7e3b69\Editor\VisualScripting.Core\Plugins\PluginManifest.cs:33 
  at Unity.VisualScripting.PluginManifest.get_versionMismatch () [0x00000] in .\Library\PackageCache\com.unity.visualscripting@191c0d7e3b69\Editor\VisualScripting.Core\Plugins\PluginManifest.cs:48 
  at Unity.VisualScripting.PluginContainer.Initialize () [0x00525] in .\Library\PackageCache\com.unity.visualscripting@191c0d7e3b69\Editor\VisualScripting.Core\Plugins\PluginContainer.cs:208 
  at Unity.VisualScripting.PluginContainer.InitializeOnLoad () [0x00009] in .\Library\PackageCache\com.unity.visualscripting@191c0d7e3b69\Editor\VisualScripting.Core\Plugins\PluginContainer.cs:32 
  at Unity.VisualScripting.VSUsageUtility.DoInitializeOnLoadCalls () [0x00034] in .\Library\PackageCache\com.unity.visualscripting@191c0d7e3b69\Editor\VisualScripting.Core\Utilities\VSUsageUtility.cs:76 
  at Unity.VisualScripting.VSUsageUtility.set_isVisualScriptingUsed (System.Boolean value) [0x0002c] in .\Library\PackageCache\com.unity.visualscripting@191c0d7e3b69\Editor\VisualScripting.Core\Utilities\VSUsageUtility.cs:114 
  at Unity.VisualScripting.VSUsageUtility.CheckAndSetIsVisualScriptingUsed () [0x0000d] in .\Library\PackageCache\com.unity.visualscripting@191c0d7e3b69\Editor\VisualScripting.Core\Utilities\VSUsageUtility.cs:33 
  at Unity.VisualScripting.VSUsageUtility..cctor () [0x00000] in .\Library\PackageCache\com.unity.visualscripting@191c0d7e3b69\Editor\VisualScripting.Core\Utilities\VSUsageUtility.cs:22 
UnityEngine.Debug:ExtractStackTraceNoAlloc (byte*,int,string)
UnityEngine.StackTraceUtility:ExtractStackTrace ()
UnityEngine.DebugLogHandler:Internal_Log (UnityEngine.LogType,UnityEngine.LogOption,string,UnityEngine.Object)
UnityEngine.DebugLogHandler:LogFormat (UnityEngine.LogType,UnityEngine.Object,string,object[])
UnityEngine.Logger:Log (UnityEngine.LogType,object)
UnityEngine.Debug:LogError (object)
UnityEditor.EditorAssemblies:ProcessInitializeOnLoadAttributes (System.Type[])

ScheduleIndexationOnStartup MainProcess:False IndexOnStartup:True
Mono: successfully reloaded assembly
- Finished resetting the current domain, in  1.512 seconds
Domain Reload Profiling: 5214ms
	BeginReloadAssembly (1089ms)
		ExecutionOrderSort (0ms)
		DisableScriptedObjects (23ms)
		BackupInstance (0ms)
		ReleaseScriptingObjects (0ms)
		CreateAndSetChildDomain (186ms)
	RebuildCommonClasses (148ms)
	RebuildNativeTypeToScriptingClass (62ms)
	initialDomainReloadingComplete (229ms)
	LoadAllAssembliesAndSetupDomain (2172ms)
		LoadAssemblies (2518ms)
		RebuildTransferFunctionScriptingTraits (0ms)
		AnalyzeDomain (274ms)
			TypeCache.Refresh (14ms)
				TypeCache.ScanAssembly (0ms)
			BuildScriptInfoCaches (244ms)
			ResolveRequiredComponents (12ms)
	FinalizeReload (1513ms)
		ReleaseScriptCaches (0ms)
		RebuildScriptCaches (0ms)
		SetupLoadedEditorAssemblies (1059ms)
			LogAssemblyErrors (0ms)
			InitializePlatformSupportModulesInManaged (2ms)
			SetLoadedEditorAssemblies (5ms)
			BeforeProcessingInitializeOnLoad (180ms)
			ProcessInitializeOnLoadAttributes (651ms)
			ProcessInitializeOnLoadMethodAttributes (210ms)
			AfterProcessingInitializeOnLoad (10ms)
			EditorAssembliesLoaded (0ms)
		ExecutionOrderSort2 (0ms)
		AwakeInstancesAfterBackupRestoration (17ms)
Refreshing native plugins compatible for Editor in 17.64 ms, found 9 plugins.
Preloading 0 native plugins for Editor in 0.00 ms.
Unloading 16 Unused Serialized files (Serialized files now loaded: 0)
Unloading 7030 unused Assets / (4.3 MB). Loaded Objects now: 7973.
Memory consumption went from 315.7 MB to 311.4 MB.
Total: 26.034400 ms (FindLiveObjects: 1.249800 ms CreateObjectMapping: 0.511200 ms MarkObjects: 21.452600 ms  DeleteObjects: 2.819300 ms)

Prepare: number of updated asset objects reloaded= 0
Editor requested this worker to shutdown with reason: Scaling down because of idle timeout
AssetImportWorker is now disconnected from the server
Process exiting
Exiting without the bug reporter. Application will terminate with return code 0