[Licensing::Module] Trying to connect to existing licensing client channel...
Built from '6000.3/staging' branch; Version is '6000.3.9f1 (7a9955a4f2fa) revision 8034645'; Using compiler version '194234433'; Build Type 'Release'
[Licensing::IpcConnector] Successfully connected to: "LicenseClient-USER" at "2026-02-28T11:32:34.8915668Z"
OS: 'Windows 11  (10.0.26200) Core' Language: 'ko' Physical Memory: 32386 MB
BatchMode: 1, IsHumanControllingUs: 0, StartBugReporterOnCrash: 0, Is64bit: 1
System  architecture: x64
Process architecture: x64
Date: 2026-02-28T11:32:34Z

COMMAND LINE ARGUMENTS:
C:\Program Files\Unity\Hub\Editor\6000.3.9f1\Editor\Unity.exe
-adb2
-batchMode
-noUpm
-name
AssetImportWorker79
-projectPath
C:/Users/USER/Documents/GitHub/AR-ReversiProject
-logFile
Logs/AssetImportWorker79.log
-srvPort
58049
-job-worker-count
15
-background-job-worker-count
8
-gc-helper-count
1
-name
AssetImport
Successfully changed project path to: C:/Users/USER/Documents/GitHub/AR-ReversiProject
C:/Users/USER/Documents/GitHub/AR-ReversiProject
[UnityMemory] Configuration Parameters - Can be set up in boot.config
    "memorysetup-temp-allocator-size-nav-mesh-worker=65536"
    "memorysetup-temp-allocator-size-audio-worker=65536"
    "memorysetup-temp-allocator-size-gfx=262144"
    "memorysetup-allocator-temp-initial-block-size-main=262144"
    "memorysetup-allocator-temp-initial-block-size-worker=262144"
    "memorysetup-temp-allocator-size-background-worker=32768"
    "memorysetup-temp-allocator-size-job-worker=262144"
    "memorysetup-temp-allocator-size-preload-manager=33554432"
    "memorysetup-temp-allocator-size-gi-baking-worker=262144"
    "memorysetup-temp-allocator-size-gi-baking-worker=262144"
    "memorysetup-temp-allocator-size-gi-baking-worker=262144"
    "memorysetup-temp-allocator-size-gi-baking-worker=262144"
    "memorysetup-temp-allocator-size-gi-baking-worker=262144"
    "memorysetup-bucket-allocator-granularity=16"
    "memorysetup-bucket-allocator-bucket-count=8"
    "memorysetup-bucket-allocator-block-size=33554432"
    "memorysetup-bucket-allocator-block-count=8"
    "memorysetup-main-allocator-block-size=16777216"
    "memorysetup-thread-allocator-block-size=16777216"
    "memorysetup-gfx-main-allocator-block-size=16777216"
    "memorysetup-gfx-thread-allocator-block-size=16777216"
    "memorysetup-cache-allocator-block-size=4194304"
    "memorysetup-typetree-allocator-block-size=2097152"
    "memorysetup-profiler-bucket-allocator-granularity=16"
    "memorysetup-profiler-bucket-allocator-bucket-count=8"
    "memorysetup-profiler-bucket-allocator-block-size=33554432"
    "memorysetup-profiler-bucket-allocator-block-count=8"
    "memorysetup-profiler-allocator-block-size=16777216"
    "memorysetup-profiler-editor-allocator-block-size=1048576"
    "memorysetup-temp-allocator-size-main=16777216"
    "memorysetup-job-temp-allocator-block-size=2097152"
    "memorysetup-job-temp-allocator-block-size-background=1048576"
    "memorysetup-job-temp-allocator-reduction-small-platforms=262144"
    "memorysetup-temp-allocator-size-cloud-worker=32768"
Player connection [47432]  Target information:

Player connection [47432]  * "[IP] 172.30.1.55 [Port] 0 [Flags] 2 [Guid] 3978695759 [EditorId] 3978695759 [Version] 1048832 [Id] WindowsEditor(7,DESKTOP-BTF4SNP) [Debug] 1 [PackageName] WindowsEditor [ProjectName] Editor" 

Player connection [47432] Host joined multi-casting on [225.0.0.222:54997]...
Player connection [47432] Host joined alternative multi-casting on [225.0.0.222:34997]...
JobSystem: Creating JobQueue using job-worker-count value 15
Input System module state changed to: Initialized.
[Physics::Module] Initialized fallback backend.
[Physics::Module] Id: 0xdecafbad
Library Redirect Path: Library/
[Physics::Module] Selected backend.
[Physics::Module] Name: PhysX
[Physics::Module] Id: 0xf2b8ea05
[Physics::Module] SDK Version: 4.1.2
[Physics::Module] Integration Version: 1.0.0
[Physics::Module] Threading Mode: Multi-Threaded
Refreshing native plugins compatible for Editor in 25.59 ms, found 9 plugins.
Preloading 0 native plugins for Editor in 0.00 ms.
Initialize engine version: 6000.3.9f1 (7a9955a4f2fa)
[Subsystems] Discovering subsystems at path C:/Program Files/Unity/Hub/Editor/6000.3.9f1/Editor/Data/Resources/UnitySubsystems
[Subsystems] Discovering subsystems at path C:/Users/USER/Documents/GitHub/AR-ReversiProject/Assets
GfxDevice: creating device client; kGfxThreadingModeNonThreaded
Direct3D:
    Version:  Direct3D 11.0 [level 11.1]
    Renderer: NVIDIA GeForce RTX 4060 Laptop GPU (ID=0x28e0)
    Vendor:   NVIDIA
    VRAM:     7957 MB
    Driver:   32.0.15.6081
Initialize mono
Mono path[0] = 'C:/Program Files/Unity/Hub/Editor/6000.3.9f1/Editor/Data/Managed'
Mono path[1] = 'C:/Program Files/Unity/Hub/Editor/6000.3.9f1/Editor/Data/MonoBleedingEdge/lib/mono/unityjit-win32'
Mono config path = 'C:/Program Files/Unity/Hub/Editor/6000.3.9f1/Editor/Data/MonoBleedingEdge/etc'
Using monoOptions --debugger-agent=transport=dt_socket,embedding=1,server=y,suspend=n,address=127.0.0.1:56388
Begin MonoManager ReloadAssembly
[Licensing::Client] Handshaking with LicensingClient:
  Version:                 1.17.4+4293ba1
  Session Id:              a5c443367a8240148c5fe7726e5e7de5
  Correlation Id:          2e1677b044b26191d80a4bb1d64b199d
  External correlation Id: 1313560679240208264
  Machine Id:              dJ8Tfn01EciPmnYvmSiKPSjQkro=
[Licensing::Module] Successfully connected to LicensingClient on channel: "LicenseClient-USER" (connect: 0.00s, validation: 0.00s, handshake: 1.51s)
[Licensing::IpcConnector] Successfully connected to: "LicenseClient-USER-notifications" at "2026-02-28T11:32:36.4065384Z"
[Licensing::Module] Licensing Background thread has ended after 1.52s
Registering precompiled unity dll's ...
Register platform support module: C:/Program Files/Unity/Hub/Editor/6000.3.9f1/Editor/Data/PlaybackEngines/WebGLSupport/UnityEditor.WebGL.Extensions.dll
Register platform support module: C:/Program Files/Unity/Hub/Editor/6000.3.9f1/Editor/Data/PlaybackEngines/WindowsStandaloneSupport/UnityEditor.WindowsStandalone.Extensions.dll
Registered in 0.005079 seconds.
- Loaded All Assemblies, in  0.503 seconds
Native extension for WindowsStandalone target not found
Native extension for WebGL target not found
ScheduleIndexationOnStartup MainProcess:False IndexOnStartup:True
Mono: successfully reloaded assembly
- Finished resetting the current domain, in  0.407 seconds
Domain Reload Profiling: 905ms
	BeginReloadAssembly (176ms)
		ExecutionOrderSort (0ms)
		DisableScriptedObjects (0ms)
		BackupInstance (0ms)
		ReleaseScriptingObjects (0ms)
		CreateAndSetChildDomain (1ms)
	RebuildCommonClasses (43ms)
	RebuildNativeTypeToScriptingClass (13ms)
	initialDomainReloadingComplete (61ms)
	LoadAllAssembliesAndSetupDomain (205ms)
		LoadAssemblies (170ms)
		RebuildTransferFunctionScriptingTraits (0ms)
		AnalyzeDomain (202ms)
			TypeCache.Refresh (200ms)
				TypeCache.ScanAssembly (183ms)
			BuildScriptInfoCaches (0ms)
			ResolveRequiredComponents (0ms)
	FinalizeReload (407ms)
		ReleaseScriptCaches (0ms)
		RebuildScriptCaches (0ms)
		SetupLoadedEditorAssemblies (352ms)
			LogAssemblyErrors (0ms)
			InitializePlatformSupportModulesInManaged (46ms)
			SetLoadedEditorAssemblies (4ms)
			BeforeProcessingInitializeOnLoad (81ms)
			ProcessInitializeOnLoadAttributes (152ms)
			ProcessInitializeOnLoadMethodAttributes (70ms)
			AfterProcessingInitializeOnLoad (0ms)
			EditorAssembliesLoaded (0ms)
		ExecutionOrderSort2 (0ms)
		AwakeInstancesAfterBackupRestoration (0ms)
========================================================================
Worker process is ready to serve import requests
Import Worker Mode flag is 0x00
Begin MonoManager ReloadAssembly
[Licensing::Client] Successfully resolved entitlement details
[Licensing::Module] License group:
  Id: 14568654860447-UnityPersXXXX
  Product: Unity Personal
  Type: Assigned
  Expiration: Unlimited
- Loaded All Assemblies, in  1.262 seconds
'Assets/Photon/Fusion/Runtime/Fusion.Unity.cs' contains partial class of Unity.Object, exactly 1 of the partial classes needs to be in a file with the same filename. This is to know the one that can be referenced from ie. GameObjects
'Assets/Photon/Fusion/Runtime/Fusion.Unity.cs' contains partial class of Unity.Object, exactly 1 of the partial classes needs to be in a file with the same filename. This is to know the one that can be referenced from ie. GameObjects
Refreshing native plugins compatible for Editor in 12.82 ms, found 9 plugins.
Native extension for WindowsStandalone target not found
Native extension for WebGL target not found
Package Manager log level set to [2]
[Package Manager] Failed to launch server process. Reason: Unity was launched with the -noUpm command-line argument
[Package Manager] Unable to send message (not connected to server process).
[Package Manager] Cannot connect to Unity Package Manager local server
System.Exception: Error! Visual Scripting: couldn't find visual scripting package
  at Unity.VisualScripting.PackageVersionUtility.get_version () [0x00043] in .\Library\PackageCache\com.unity.visualscripting@191c0d7e3b69\Editor\VisualScripting.Core\Utilities\PackageVersionUtility.cs:31 
  at Unity.VisualScripting.BoltCoreManifest.get_version () [0x00000] in .\Library\PackageCache\com.unity.visualscripting@191c0d7e3b69\Editor\VisualScripting.Core\Plugin\BoltCoreManifest.cs:11 
  at Unity.VisualScripting.PluginManifest.get_currentVersion () [0x00000] in .\Library\PackageCache\com.unity.visualscripting@191c0d7e3b69\Editor\VisualScripting.Core\Plugins\PluginManifest.cs:33 
  at Unity.VisualScripting.PluginManifest.get_versionMismatch () [0x00000] in .\Library\PackageCache\com.unity.visualscripting@191c0d7e3b69\Editor\VisualScripting.Core\Plugins\PluginManifest.cs:48 
  at Unity.VisualScripting.PluginContainer.Initialize () [0x00525] in .\Library\PackageCache\com.unity.visualscripting@191c0d7e3b69\Editor\VisualScripting.Core\Plugins\PluginContainer.cs:208 
  at Unity.VisualScripting.PluginContainer.InitializeOnLoad () [0x00009] in .\Library\PackageCache\com.unity.visualscripting@191c0d7e3b69\Editor\VisualScripting.Core\Plugins\PluginContainer.cs:32 
  at Unity.VisualScripting.VSUsageUtility.DoInitializeOnLoadCalls () [0x00034] in .\Library\PackageCache\com.unity.visualscripting@191c0d7e3b69\Editor\VisualScripting.Core\Utilities\VSUsageUtility.cs:76 
  at Unity.VisualScripting.VSUsageUtility.set_isVisualScriptingUsed (System.Boolean value) [0x0002c] in .\Library\PackageCache\com.unity.visualscripting@191c0d7e3b69\Editor\VisualScripting.Core\Utilities\VSUsageUtility.cs:114 
  at Unity.VisualScripting.VSUsageUtility.CheckAndSetIsVisualScriptingUsed () [0x00032] in .\Library\PackageCache\com.unity.visualscripting@191c0d7e3b69\Editor\VisualScripting.Core\Utilities\VSUsageUtility.cs:48 
  at Unity.VisualScripting.VSUsageUtility..cctor () [0x00000] in .\Library\PackageCache\com.unity.visualscripting@191c0d7e3b69\Editor\VisualScripting.Core\Utilities\VSUsageUtility.cs:22 
UnityEngine.Debug:ExtractStackTraceNoAlloc (byte*,int,string)
UnityEngine.StackTraceUtility:ExtractStackTrace ()
UnityEngine.DebugLogHandler:Internal_Log (UnityEngine.LogType,UnityEngine.LogOption,string,UnityEngine.Object)
UnityEngine.DebugLogHandler:LogFormat (UnityEngine.LogType,UnityEngine.Object,string,object[])
UnityEngine.Logger:Log (UnityEngine.LogType,object)
UnityEngine.Debug:LogError (object)
UnityEditor.EditorAssemblies:ProcessInitializeOnLoadAttributes (System.Type[])

ScheduleIndexationOnStartup MainProcess:False IndexOnStartup:True
Mono: successfully reloaded assembly
- Finished resetting the current domain, in  1.627 seconds
Domain Reload Profiling: 2877ms
	BeginReloadAssembly (236ms)
		ExecutionOrderSort (0ms)
		DisableScriptedObjects (4ms)
		BackupInstance (0ms)
		ReleaseScriptingObjects (0ms)
		CreateAndSetChildDomain (34ms)
	RebuildCommonClasses (41ms)
	RebuildNativeTypeToScriptingClass (16ms)
	initialDomainReloadingComplete (67ms)
	LoadAllAssembliesAndSetupDomain (888ms)
		LoadAssemblies (710ms)
		RebuildTransferFunctionScriptingTraits (0ms)
		AnalyzeDomain (321ms)
			TypeCache.Refresh (233ms)
				TypeCache.ScanAssembly (216ms)
			BuildScriptInfoCaches (71ms)
			ResolveRequiredComponents (12ms)
	FinalizeReload (1628ms)
		ReleaseScriptCaches (0ms)
		RebuildScriptCaches (0ms)
		SetupLoadedEditorAssemblies (1407ms)
			LogAssemblyErrors (0ms)
			InitializePlatformSupportModulesInManaged (3ms)
			SetLoadedEditorAssemblies (4ms)
			BeforeProcessingInitializeOnLoad (160ms)
			ProcessInitializeOnLoadAttributes (1047ms)
			ProcessInitializeOnLoadMethodAttributes (184ms)
			AfterProcessingInitializeOnLoad (8ms)
			EditorAssembliesLoaded (0ms)
		ExecutionOrderSort2 (0ms)
		AwakeInstancesAfterBackupRestoration (5ms)
Launched and connected shader compiler UnityShaderCompiler.exe after 0.01 seconds
Refreshing native plugins compatible for Editor in 18.85 ms, found 9 plugins.
Preloading 0 native plugins for Editor in 0.00 ms.
Unloading 16 Unused Serialized files (Serialized files now loaded: 0)
Unloading 7030 unused Assets / (4.5 MB). Loaded Objects now: 7948.
Memory consumption went from 315.3 MB to 310.9 MB.
Total: 30.751200 ms (FindLiveObjects: 0.761200 ms CreateObjectMapping: 0.701000 ms MarkObjects: 26.452200 ms  DeleteObjects: 2.834900 ms)

========================================================================
Received Import Request.
  Time since last request: 1389167.192379 seconds.
  path: Assets/Plugins/AllIn13DShader/Demo/Materials/Presets/MAT_Spaceship.mat
  artifactKey: Guid(5f158c139fec43e4281945d5e6bf9dc3) Importer(815301076,1909f56bfc062723c751e8b465ee728b)
Start importing Assets/Plugins/AllIn13DShader/Demo/Materials/Presets/MAT_Spaceship.mat using Guid(5f158c139fec43e4281945d5e6bf9dc3) Importer(815301076,1909f56bfc062723c751e8b465ee728b) (PreviewImporter) -> (artifact id: '9b5798e6f027dba011c0075d41810b46') in 0.9083841 seconds
Number of updated asset objects reloaded before import = 0Number of asset objects unloaded after import = 7

========================================================================
Received Import Request.
  Time since last request: 0.000058 seconds.
  path: Assets/Plugins/AllIn13DShader/Demo/Materials/DemoMaterials/MAT_LightAniso.mat
  artifactKey: Guid(18017398303e9d843bfb50d6772e2e7d) Importer(815301076,1909f56bfc062723c751e8b465ee728b)
Start importing Assets/Plugins/AllIn13DShader/Demo/Materials/DemoMaterials/MAT_LightAniso.mat using Guid(18017398303e9d843bfb50d6772e2e7d) Importer(815301076,1909f56bfc062723c751e8b465ee728b) (PreviewImporter) -> (artifact id: 'c9db30c0ec2fddc7102081bf5d6fb00f') in 3.568759 seconds
Number of updated asset objects reloaded before import = 0Number of asset objects unloaded after import = 6

========================================================================
Received Import Request.
  Time since last request: 0.000077 seconds.
  path: Assets/Plugins/AllIn13DShader/Demo/Baked Shaders Demo/Materials/Presets/MAT_Baked_CarPaint.mat
  artifactKey: Guid(722fd8887d0be4143a587ce389d3bede) Importer(815301076,1909f56bfc062723c751e8b465ee728b)
Start importing Assets/Plugins/AllIn13DShader/Demo/Baked Shaders Demo/Materials/Presets/MAT_Baked_CarPaint.mat using Guid(722fd8887d0be4143a587ce389d3bede) Importer(815301076,1909f56bfc062723c751e8b465ee728b) (PreviewImporter) -> (artifact id: '990f69feea047506888227f0cb2846c8') in 3.8241887 seconds
Number of updated asset objects reloaded before import = 0Number of asset objects unloaded after import = 12

========================================================================
Received Import Request.
  Time since last request: 0.000054 seconds.
  path: Assets/Plugins/AllIn13DShader/Demo/Materials/DemoMaterials/MAT_TestObj2SSS.mat
  artifactKey: Guid(f77092820bcf4004e92f0af5ce6e190e) Importer(815301076,1909f56bfc062723c751e8b465ee728b)
Start importing Assets/Plugins/AllIn13DShader/Demo/Materials/DemoMaterials/MAT_TestObj2SSS.mat using Guid(f77092820bcf4004e92f0af5ce6e190e) Importer(815301076,1909f56bfc062723c751e8b465ee728b) (PreviewImporter) -> (artifact id: '679ff21ebd83c647fcbede052e447f4e') in 3.8829466 seconds
Number of updated asset objects reloaded before import = 0Number of asset objects unloaded after import = 12

========================================================================
Received Import Request.
  Time since last request: 0.000052 seconds.
  path: Assets/Plugins/AllIn13DShader/Demo/Materials/DemoMaterials/MAT_GlowBlue.mat
  artifactKey: Guid(5b350126306d09e459c36fd7b3f82520) Importer(815301076,1909f56bfc062723c751e8b465ee728b)
Start importing Assets/Plugins/AllIn13DShader/Demo/Materials/DemoMaterials/MAT_GlowBlue.mat using Guid(5b350126306d09e459c36fd7b3f82520) Importer(815301076,1909f56bfc062723c751e8b465ee728b) (PreviewImporter) -> (artifact id: '47e574316a3da9c6786538e9bd80013d') in 0.6125144 seconds
Number of updated asset objects reloaded before import = 0Number of asset objects unloaded after import = 6

========================================================================
Received Import Request.
  Time since last request: 0.000045 seconds.
  path: Assets/Plugins/AllIn13DShader/Demo/Baked Shaders Demo/Materials/Environment/MAT_SkyDayAllIn13DShader.mat
  artifactKey: Guid(e3f622b574f59ba4f9f7e8fed9c6599c) Importer(815301076,1909f56bfc062723c751e8b465ee728b)
Start importing Assets/Plugins/AllIn13DShader/Demo/Baked Shaders Demo/Materials/Environment/MAT_SkyDayAllIn13DShader.mat using Guid(e3f622b574f59ba4f9f7e8fed9c6599c) Importer(815301076,1909f56bfc062723c751e8b465ee728b) (PreviewImporter) -> (artifact id: '4b0c0eeb4b05dd6b69a8df66d81417d3') in 0.4812845 seconds
Number of updated asset objects reloaded before import = 0Number of asset objects unloaded after import = 2

========================================================================
Received Import Request.
  Time since last request: 0.000048 seconds.
  path: Assets/Plugins/AllIn13DShader/Demo/Materials/DemoMaterials/MAT_ScreenspaceMapping.mat
  artifactKey: Guid(ff30dc73b15459c47b6fdcb51e653ba8) Importer(815301076,1909f56bfc062723c751e8b465ee728b)
Start importing Assets/Plugins/AllIn13DShader/Demo/Materials/DemoMaterials/MAT_ScreenspaceMapping.mat using Guid(ff30dc73b15459c47b6fdcb51e653ba8) Importer(815301076,1909f56bfc062723c751e8b465ee728b) (PreviewImporter) -> (artifact id: '8afdf1e64cc3d814b942c043fe7bb802') in 3.2418964 seconds
Number of updated asset objects reloaded before import = 0Number of asset objects unloaded after import = 6

========================================================================
Received Import Request.
  Time since last request: 0.000053 seconds.
  path: Assets/Plugins/AllIn13DShader/Demo/Baked Shaders Demo/Materials/DemoMaterials/MAT_Baked_Outline.mat
  artifactKey: Guid(1f1ee49199dc6e7479dfc79b2be47206) Importer(815301076,1909f56bfc062723c751e8b465ee728b)
Start importing Assets/Plugins/AllIn13DShader/Demo/Baked Shaders Demo/Materials/DemoMaterials/MAT_Baked_Outline.mat using Guid(1f1ee49199dc6e7479dfc79b2be47206) Importer(815301076,1909f56bfc062723c751e8b465ee728b) (PreviewImporter) -> (artifact id: '134e7f5ce93b92d49cf0d182346cbea5') in 3.5116192 seconds
Number of updated asset objects reloaded before import = 0Number of asset objects unloaded after import = 12

========================================================================
Received Import Request.
  Time since last request: 0.000056 seconds.
  path: Assets/Plugins/AllIn13DShader/Demo/Materials/Presets/MAT_Platform.mat
  artifactKey: Guid(90d6524769d0c804d814bcc1a9ea3ab9) Importer(815301076,1909f56bfc062723c751e8b465ee728b)
Start importing Assets/Plugins/AllIn13DShader/Demo/Materials/Presets/MAT_Platform.mat using Guid(90d6524769d0c804d814bcc1a9ea3ab9) Importer(815301076,1909f56bfc062723c751e8b465ee728b) (PreviewImporter) -> (artifact id: '21a81ee873ac0a8bb4ce5312f934db92') in 0.0686273 seconds
Number of updated asset objects reloaded before import = 0Number of asset objects unloaded after import = 7

========================================================================
Received Import Request.
  Time since last request: 0.000051 seconds.
  path: Assets/Resource/PackageResource/BeautifulSkyPack02/Panoramic/Materials/SKY_A3.mat
  artifactKey: Guid(8e62ba374c0f4444ab51b2240669a2b5) Importer(815301076,1909f56bfc062723c751e8b465ee728b)
Start importing Assets/Resource/PackageResource/BeautifulSkyPack02/Panoramic/Materials/SKY_A3.mat using Guid(8e62ba374c0f4444ab51b2240669a2b5) Importer(815301076,1909f56bfc062723c751e8b465ee728b) (PreviewImporter) -> (artifact id: '2d2baef0f6beabfe72d70eb55224017e') in 0.2268552 seconds
Number of updated asset objects reloaded before import = 0Number of asset objects unloaded after import = 2

========================================================================
Received Import Request.
  Time since last request: 0.000043 seconds.
  path: Assets/Plugins/AllIn13DShader/Demo/Materials/DemoMaterials/MAT_SpitterDither.mat
  artifactKey: Guid(47a4fc1716f443247a8de23ce9548bb7) Importer(815301076,1909f56bfc062723c751e8b465ee728b)
Start importing Assets/Plugins/AllIn13DShader/Demo/Materials/DemoMaterials/MAT_SpitterDither.mat using Guid(47a4fc1716f443247a8de23ce9548bb7) Importer(815301076,1909f56bfc062723c751e8b465ee728b) (PreviewImporter) -> (artifact id: 'fb1c7686d0fe80edeb911d58d0ed870a') in 4.1729095 seconds
Number of updated asset objects reloaded before import = 0Number of asset objects unloaded after import = 8

========================================================================
Received Import Request.
  Time since last request: 0.000054 seconds.
  path: Assets/TextMesh Pro/Shaders/TMP_SDF-URP Lit.shadergraph
  artifactKey: Guid(a3d800b099a06e0478fb790c5e79057a) Importer(815301076,1909f56bfc062723c751e8b465ee728b)
Start importing Assets/TextMesh Pro/Shaders/TMP_SDF-URP Lit.shadergraph using Guid(a3d800b099a06e0478fb790c5e79057a) Importer(815301076,1909f56bfc062723c751e8b465ee728b) (PreviewImporter) -> (artifact id: 'c529169d9a421bd20c3011c9b548cdbe') in 3.3447518 seconds
Number of updated asset objects reloaded before import = 0Number of asset objects unloaded after import = 3

========================================================================
Received Import Request.
  Time since last request: 0.000053 seconds.
  path: Assets/Plugins/AllIn13DShader/Demo/Baked Shaders Demo/Materials/Presets/MAT_Baked_EllenEye.mat
  artifactKey: Guid(657d870aae215664488fbc6e62c6c68f) Importer(815301076,1909f56bfc062723c751e8b465ee728b)
Start importing Assets/Plugins/AllIn13DShader/Demo/Baked Shaders Demo/Materials/Presets/MAT_Baked_EllenEye.mat using Guid(657d870aae215664488fbc6e62c6c68f) Importer(815301076,1909f56bfc062723c751e8b465ee728b) (PreviewImporter) -> (artifact id: '21eb6afcfa93a2fbe37160dbb771706d') in 2.3553236 seconds
Number of updated asset objects reloaded before import = 0Number of asset objects unloaded after import = 12

========================================================================
Received Import Request.
  Time since last request: 0.000091 seconds.
  path: Assets/Resource/PackageResource/BeautifulSkyPack02/CubeMap/Materials/SKY_A10_high contrast.mat
  artifactKey: Guid(b3788d3d4d7c3d947a47855a7df524ea) Importer(815301076,1909f56bfc062723c751e8b465ee728b)
Start importing Assets/Resource/PackageResource/BeautifulSkyPack02/CubeMap/Materials/SKY_A10_high contrast.mat using Guid(b3788d3d4d7c3d947a47855a7df524ea) Importer(815301076,1909f56bfc062723c751e8b465ee728b) (PreviewImporter) -> (artifact id: 'b8a8fe7c05f61978a4c555c0fd82cfa8') in 0.2412343 seconds
Number of updated asset objects reloaded before import = 0Number of asset objects unloaded after import = 3

========================================================================
Received Import Request.
  Time since last request: 0.000048 seconds.
  path: Assets/Plugins/AllIn13DShader/Demo/Baked Shaders Demo/Materials/DemoMaterials/MAT_Baked_ChomperGold.mat
  artifactKey: Guid(63f989bcb65b0944a905ad09ca9a0981) Importer(815301076,1909f56bfc062723c751e8b465ee728b)
Start importing Assets/Plugins/AllIn13DShader/Demo/Baked Shaders Demo/Materials/DemoMaterials/MAT_Baked_ChomperGold.mat using Guid(63f989bcb65b0944a905ad09ca9a0981) Importer(815301076,1909f56bfc062723c751e8b465ee728b) (PreviewImporter) -> (artifact id: '9eb7a61cfdeb5b9d134f1a83e9e3b16c') in 3.8324153 seconds
Number of updated asset objects reloaded before import = 0Number of asset objects unloaded after import = 15

========================================================================
Received Import Request.
  Time since last request: 0.000046 seconds.
  path: Assets/Plugins/AllIn13DShader/Demo/Baked Shaders Demo/Materials/DemoMaterials/MAT_Baked_BuildingsRamp1.mat
  artifactKey: Guid(1d78d2531ff39b24b8f5dfd4c8b04695) Importer(815301076,1909f56bfc062723c751e8b465ee728b)
Start importing Assets/Plugins/AllIn13DShader/Demo/Baked Shaders Demo/Materials/DemoMaterials/MAT_Baked_BuildingsRamp1.mat using Guid(1d78d2531ff39b24b8f5dfd4c8b04695) Importer(815301076,1909f56bfc062723c751e8b465ee728b) (PreviewImporter) -> (artifact id: 'ec0a6eccc6a63d2b8b6d5c07511230aa') in 2.4038806 seconds
Number of updated asset objects reloaded before import = 0Number of asset objects unloaded after import = 13

========================================================================
Received Import Request.
  Time since last request: 0.000050 seconds.
  path: Assets/Resource/PackageResource/BeautifulSkyPack02/CubeMap/Materials/SKY_A5.mat
  artifactKey: Guid(6cec7c341353217429c9467e0fc15250) Importer(815301076,1909f56bfc062723c751e8b465ee728b)
Start importing Assets/Resource/PackageResource/BeautifulSkyPack02/CubeMap/Materials/SKY_A5.mat using Guid(6cec7c341353217429c9467e0fc15250) Importer(815301076,1909f56bfc062723c751e8b465ee728b) (PreviewImporter) -> (artifact id: '7097a005179aa0f03ac654d85c6d8784') in 0.1759058 seconds
Number of updated asset objects reloaded before import = 0Number of asset objects unloaded after import = 3

========================================================================
Received Import Request.
  Time since last request: 0.000082 seconds.
  path: Assets/ExplosiveLLC/SuperCharacterController/Materials/ReflectiveOrange.mat
  artifactKey: Guid(fe50042dadfcbe14b89863b4d8ad9028) Importer(815301076,1909f56bfc062723c751e8b465ee728b)
Start importing Assets/ExplosiveLLC/SuperCharacterController/Materials/ReflectiveOrange.mat using Guid(fe50042dadfcbe14b89863b4d8ad9028) Importer(815301076,1909f56bfc062723c751e8b465ee728b) (PreviewImporter) -> (artifact id: '65623e619e7be6ad8efe940ac08ff17e') in 0.0150535 seconds
Number of updated asset objects reloaded before import = 0Number of asset objects unloaded after import = 1

========================================================================
Received Import Request.
  Time since last request: 0.000035 seconds.
  path: Assets/Plugins/AllIn13DShader/Demo/Materials/Presets/MAT_LeafsPine.mat
  artifactKey: Guid(0aee08d444c3a9d4bb6abeb2a830b9b2) Importer(815301076,1909f56bfc062723c751e8b465ee728b)
Start importing Assets/Plugins/AllIn13DShader/Demo/Materials/Presets/MAT_LeafsPine.mat using Guid(0aee08d444c3a9d4bb6abeb2a830b9b2) Importer(815301076,1909f56bfc062723c751e8b465ee728b) (PreviewImporter) -> (artifact id: '78f55476eb5da5ab4c99648525eb7872') in 0.0411186 seconds
Number of updated asset objects reloaded before import = 0Number of asset objects unloaded after import = 7

========================================================================
Received Import Request.
  Time since last request: 0.000053 seconds.
  path: Assets/Plugins/AllIn13DShader/Demo/Baked Shaders Demo/Materials/DemoMaterials/MAT_Baked_ChomperToon.mat
  artifactKey: Guid(58e6b1777ccd0604a96c13b5c75b44e5) Importer(815301076,1909f56bfc062723c751e8b465ee728b)
Start importing Assets/Plugins/AllIn13DShader/Demo/Baked Shaders Demo/Materials/DemoMaterials/MAT_Baked_ChomperToon.mat using Guid(58e6b1777ccd0604a96c13b5c75b44e5) Importer(815301076,1909f56bfc062723c751e8b465ee728b) (PreviewImporter) -> (artifact id: '78abe53c20545d508ca094eac79d060b') in 2.7318432 seconds
Number of updated asset objects reloaded before import = 0Number of asset objects unloaded after import = 15

========================================================================
Received Import Request.
  Time since last request: 0.000057 seconds.
  path: Assets/Plugins/AllIn13DShader/Demo/Materials/DemoMaterials/MAT_Outline.mat
  artifactKey: Guid(e067e3cc4a9527a459a4d3f20c2e589d) Importer(815301076,1909f56bfc062723c751e8b465ee728b)
Start importing Assets/Plugins/AllIn13DShader/Demo/Materials/DemoMaterials/MAT_Outline.mat using Guid(e067e3cc4a9527a459a4d3f20c2e589d) Importer(815301076,1909f56bfc062723c751e8b465ee728b) (PreviewImporter) -> (artifact id: '5765fe226adcb0731d17589512dd2ed5') in 0.0212951 seconds
Number of updated asset objects reloaded before import = 0Number of asset objects unloaded after import = 12

========================================================================
Received Import Request.
  Time since last request: 0.000039 seconds.
  path: Assets/Plugins/AllIn13DShader/Demo/Materials/Presets/MAT_EllenTear.mat
  artifactKey: Guid(04910fb468c3f2840b184be73105accc) Importer(815301076,1909f56bfc062723c751e8b465ee728b)
Start importing Assets/Plugins/AllIn13DShader/Demo/Materials/Presets/MAT_EllenTear.mat using Guid(04910fb468c3f2840b184be73105accc) Importer(815301076,1909f56bfc062723c751e8b465ee728b) (PreviewImporter) -> (artifact id: '6989cdc9e6798a0ac1c8a43e871fd664') in 0.0491222 seconds
Number of updated asset objects reloaded before import = 0Number of asset objects unloaded after import = 12

========================================================================
Received Import Request.
  Time since last request: 0.000049 seconds.
  path: Assets/Plugins/AllIn13DShader/Demo/Baked Shaders Demo/Materials/Presets/MAT_Baked_CarWindow.mat
  artifactKey: Guid(b36c8e2f3ae8cfc4993ab47554c5312a) Importer(815301076,1909f56bfc062723c751e8b465ee728b)
Start importing Assets/Plugins/AllIn13DShader/Demo/Baked Shaders Demo/Materials/Presets/MAT_Baked_CarWindow.mat using Guid(b36c8e2f3ae8cfc4993ab47554c5312a) Importer(815301076,1909f56bfc062723c751e8b465ee728b) (PreviewImporter) -> (artifact id: '0d208f39f6409fa28fefec7852412002') in 3.3477716 seconds
Number of updated asset objects reloaded before import = 0Number of asset objects unloaded after import = 13

========================================================================
Received Import Request.
  Time since last request: 0.000059 seconds.
  path: Assets/Plugins/AllIn13DShader/Demo/Materials/DemoMaterials/MAT_GlowRed.mat
  artifactKey: Guid(b9f088e0aa21e9145b78511ace500b18) Importer(815301076,1909f56bfc062723c751e8b465ee728b)
Start importing Assets/Plugins/AllIn13DShader/Demo/Materials/DemoMaterials/MAT_GlowRed.mat using Guid(b9f088e0aa21e9145b78511ace500b18) Importer(815301076,1909f56bfc062723c751e8b465ee728b) (PreviewImporter) -> (artifact id: 'da1d4af4e17446b3b2b0af1f5c7fee71') in 0.021616 seconds
Number of updated asset objects reloaded before import = 0Number of asset objects unloaded after import = 6

========================================================================
Received Import Request.
  Time since last request: 0.000058 seconds.
  path: Assets/Plugins/AllIn13DShader/Demo/Baked Shaders Demo/Materials/DemoMaterials/MAT_Baked_Pixel.mat
  artifactKey: Guid(cd0c11f620d53854d8f96459850c372b) Importer(815301076,1909f56bfc062723c751e8b465ee728b)
Start importing Assets/Plugins/AllIn13DShader/Demo/Baked Shaders Demo/Materials/DemoMaterials/MAT_Baked_Pixel.mat using Guid(cd0c11f620d53854d8f96459850c372b) Importer(815301076,1909f56bfc062723c751e8b465ee728b) (PreviewImporter) -> (artifact id: 'bf5ace9c376ceef00b231cd5926818ef') in 0.3406134 seconds
Number of updated asset objects reloaded before import = 0Number of asset objects unloaded after import = 15

========================================================================
Received Import Request.
  Time since last request: 0.000034 seconds.
  path: Assets/Plugins/AllIn13DShader/Demo/Baked Shaders Demo/Materials/DemoMaterials/MAT_Baked_LightToonRamp.mat
  artifactKey: Guid(5fae6998d93c09644a5fb4c01793a8f9) Importer(815301076,1909f56bfc062723c751e8b465ee728b)
Start importing Assets/Plugins/AllIn13DShader/Demo/Baked Shaders Demo/Materials/DemoMaterials/MAT_Baked_LightToonRamp.mat using Guid(5fae6998d93c09644a5fb4c01793a8f9) Importer(815301076,1909f56bfc062723c751e8b465ee728b) (PreviewImporter) -> (artifact id: '0adad2f02038eab81ec9cf89ceb77606') in 2.8786659 seconds
Number of updated asset objects reloaded before import = 0Number of asset objects unloaded after import = 12

========================================================================
Received Import Request.
  Time since last request: 0.000069 seconds.
  path: Assets/Plugins/AllIn13DShader/Demo/Baked Shaders Demo/Materials/DemoMaterials/MAT_Baked_AlienStatueHologram.mat
  artifactKey: Guid(a2885f1f8d730684a9c98f04b20256a2) Importer(815301076,1909f56bfc062723c751e8b465ee728b)
Start importing Assets/Plugins/AllIn13DShader/Demo/Baked Shaders Demo/Materials/DemoMaterials/MAT_Baked_AlienStatueHologram.mat using Guid(a2885f1f8d730684a9c98f04b20256a2) Importer(815301076,1909f56bfc062723c751e8b465ee728b) (PreviewImporter) -> (artifact id: '1c8323576c786cb65d609b28ede22873') in 4.2431632 seconds
Number of updated asset objects reloaded before import = 0Number of asset objects unloaded after import = 15

========================================================================
Received Import Request.
  Time since last request: 0.000057 seconds.
  path: Assets/Plugins/AllIn13DShader/Demo/Baked Shaders Demo/Materials/DemoMaterials/MAT_Baked_LightAniso.mat
  artifactKey: Guid(e72e2530831a71a4ab2572de116cf323) Importer(815301076,1909f56bfc062723c751e8b465ee728b)
Start importing Assets/Plugins/AllIn13DShader/Demo/Baked Shaders Demo/Materials/DemoMaterials/MAT_Baked_LightAniso.mat using Guid(e72e2530831a71a4ab2572de116cf323) Importer(815301076,1909f56bfc062723c751e8b465ee728b) (PreviewImporter) -> (artifact id: '39d41ab990c216f7c9faa27c9c46ea42') in 3.107054 seconds
Number of updated asset objects reloaded before import = 0Number of asset objects unloaded after import = 12

========================================================================
Received Import Request.
  Time since last request: 0.000064 seconds.
  path: Assets/Plugins/AllIn13DShader/Demo/Baked Shaders Demo/Materials/DemoMaterials/MAT_Baked_ScrollTex.mat
  artifactKey: Guid(887e7b96ee242354b8900c3eac71e5df) Importer(815301076,1909f56bfc062723c751e8b465ee728b)
Start importing Assets/Plugins/AllIn13DShader/Demo/Baked Shaders Demo/Materials/DemoMaterials/MAT_Baked_ScrollTex.mat using Guid(887e7b96ee242354b8900c3eac71e5df) Importer(815301076,1909f56bfc062723c751e8b465ee728b) (PreviewImporter) -> (artifact id: '493c10f6a03f78a4590acbe25535f370') in 0.3447356 seconds
Number of updated asset objects reloaded before import = 0Number of asset objects unloaded after import = 15

========================================================================
Received Import Request.
  Time since last request: 0.000050 seconds.
  path: Assets/Plugins/AllIn13DShader/Demo/Baked Shaders Demo/Materials/StandardExamples/MAT_Ellen_Tear_MatStandard.mat
  artifactKey: Guid(7cdf1aa47d1e7e44ea8cb4db58c28cdf) Importer(815301076,1909f56bfc062723c751e8b465ee728b)
Start importing Assets/Plugins/AllIn13DShader/Demo/Baked Shaders Demo/Materials/StandardExamples/MAT_Ellen_Tear_MatStandard.mat using Guid(7cdf1aa47d1e7e44ea8cb4db58c28cdf) Importer(815301076,1909f56bfc062723c751e8b465ee728b) (PreviewImporter) -> (artifact id: 'ddd7411b0545fa948ceeaadd52bba65e') in 0.0171453 seconds
Number of updated asset objects reloaded before import = 0Number of asset objects unloaded after import = 1

========================================================================
Received Import Request.
  Time since last request: 0.779118 seconds.
  path: Assets/Plugins/AllIn13DShader/Demo/Materials/Presets/MAT_BlackScreenMat.mat
  artifactKey: Guid(948f2a1477cec2d48b9fc4e0b80663ab) Importer(815301076,1909f56bfc062723c751e8b465ee728b)
Start importing Assets/Plugins/AllIn13DShader/Demo/Materials/Presets/MAT_BlackScreenMat.mat using Guid(948f2a1477cec2d48b9fc4e0b80663ab) Importer(815301076,1909f56bfc062723c751e8b465ee728b) (PreviewImporter) -> (artifact id: 'cd9f068a813abc3a74c2190655064f80') in 0.044104 seconds
Number of updated asset objects reloaded before import = 0Number of asset objects unloaded after import = 6

========================================================================
Received Import Request.
  Time since last request: 0.000038 seconds.
  path: Assets/Plugins/AllIn13DShader/Demo/Materials/Presets/MAT_CarLights.mat
  artifactKey: Guid(e93839ff152cb2847991767e6aacc707) Importer(815301076,1909f56bfc062723c751e8b465ee728b)
Start importing Assets/Plugins/AllIn13DShader/Demo/Materials/Presets/MAT_CarLights.mat using Guid(e93839ff152cb2847991767e6aacc707) Importer(815301076,1909f56bfc062723c751e8b465ee728b) (PreviewImporter) -> (artifact id: '125fd052afd46adcb60bc9e6a8cf0229') in 0.0575307 seconds
Number of updated asset objects reloaded before import = 0Number of asset objects unloaded after import = 6

========================================================================
Received Import Request.
  Time since last request: 0.000252 seconds.
  path: Assets/Plugins/AllIn13DShader/Demo/Materials/DemoMaterials/MAT_BuildingsRamp2.mat
  artifactKey: Guid(1529bff9ad36e784a8b3ed044c58fac9) Importer(815301076,1909f56bfc062723c751e8b465ee728b)
Start importing Assets/Plugins/AllIn13DShader/Demo/Materials/DemoMaterials/MAT_BuildingsRamp2.mat using Guid(1529bff9ad36e784a8b3ed044c58fac9) Importer(815301076,1909f56bfc062723c751e8b465ee728b) (PreviewImporter) -> (artifact id: 'd05b1f2d61043917f91970385318ad85') in 2.8125329 seconds
Number of updated asset objects reloaded before import = 0Number of asset objects unloaded after import = 8

========================================================================
Received Import Request.
  Time since last request: 0.000039 seconds.
  path: Assets/Plugins/AllIn13DShader/Demo/Materials/DemoMaterials/MAT_ChomperFresnelRemapped.mat
  artifactKey: Guid(8c1954ca221399f4cb2bea968fb85d10) Importer(815301076,1909f56bfc062723c751e8b465ee728b)
Start importing Assets/Plugins/AllIn13DShader/Demo/Materials/DemoMaterials/MAT_ChomperFresnelRemapped.mat using Guid(8c1954ca221399f4cb2bea968fb85d10) Importer(815301076,1909f56bfc062723c751e8b465ee728b) (PreviewImporter) -> (artifact id: '66981fc1fd19b101ea6f19ed83e7a2d9') in 4.5132693 seconds
Number of updated asset objects reloaded before import = 0Number of asset objects unloaded after import = 8

========================================================================
Received Import Request.
  Time since last request: 0.000047 seconds.
  path: Assets/Resource/PackageResource/BeautifulSkyPack02/CubeMap/Materials/SKY_A7.mat
  artifactKey: Guid(cd34e02a6c4b61442adbf033e4b76435) Importer(815301076,1909f56bfc062723c751e8b465ee728b)
Start importing Assets/Resource/PackageResource/BeautifulSkyPack02/CubeMap/Materials/SKY_A7.mat using Guid(cd34e02a6c4b61442adbf033e4b76435) Importer(815301076,1909f56bfc062723c751e8b465ee728b) (PreviewImporter) -> (artifact id: 'bb8f32841fa1b2dbe1d5cfc39138461b') in 0.4315001 seconds
Number of updated asset objects reloaded before import = 0Number of asset objects unloaded after import = 3

========================================================================
Received Import Request.
  Time since last request: 0.000062 seconds.
  path: Assets/Resource/PackageResource/BeautifulSkyPack02/Panoramic/Materials/SKY_A8.mat
  artifactKey: Guid(d13480d4340b29245a987f4304614699) Importer(815301076,1909f56bfc062723c751e8b465ee728b)
Start importing Assets/Resource/PackageResource/BeautifulSkyPack02/Panoramic/Materials/SKY_A8.mat using Guid(d13480d4340b29245a987f4304614699) Importer(815301076,1909f56bfc062723c751e8b465ee728b) (PreviewImporter) -> (artifact id: 'f2273c39662222092d034d198c550d05') in 0.1622599 seconds
Number of updated asset objects reloaded before import = 0Number of asset objects unloaded after import = 2

Editor requested this worker to shutdown with reason: Scaling down because of idle timeout
AssetImportWorker is now disconnected from the server
Process exiting
Exiting without the bug reporter. Application will terminate with return code 0