[Licensing::Module] Trying to connect to existing licensing client channel...
Built from '6000.3/staging' branch; Version is '6000.3.9f1 (7a9955a4f2fa) revision 8034645'; Using compiler version '194234433'; Build Type 'Release'
[Licensing::IpcConnector] Successfully connected to: "LicenseClient-USER" at "2026-02-28T09:59:24.762863Z"
OS: 'Windows 11  (10.0.26200) Core' Language: 'ko' Physical Memory: 32386 MB
BatchMode: 1, IsHumanControllingUs: 0, StartBugReporterOnCrash: 0, Is64bit: 1
System  architecture: x64
Process architecture: x64
Date: 2026-02-28T09:59:24Z

COMMAND LINE ARGUMENTS:
C:\Program Files\Unity\Hub\Editor\6000.3.9f1\Editor\Unity.exe
-adb2
-batchMode
-noUpm
-name
AssetImportWorker28
-projectPath
C:/Users/USER/Documents/GitHub/AR-ReversiProject
-logFile
Logs/AssetImportWorker28.log
-srvPort
58049
-job-worker-count
15
-background-job-worker-count
8
-gc-helper-count
1
-name
AssetImport
Successfully changed project path to: C:/Users/USER/Documents/GitHub/AR-ReversiProject
C:/Users/USER/Documents/GitHub/AR-ReversiProject
[UnityMemory] Configuration Parameters - Can be set up in boot.config
    "memorysetup-temp-allocator-size-nav-mesh-worker=65536"
    "memorysetup-temp-allocator-size-audio-worker=65536"
    "memorysetup-temp-allocator-size-gfx=262144"
    "memorysetup-allocator-temp-initial-block-size-main=262144"
    "memorysetup-allocator-temp-initial-block-size-worker=262144"
    "memorysetup-temp-allocator-size-background-worker=32768"
    "memorysetup-temp-allocator-size-job-worker=262144"
    "memorysetup-temp-allocator-size-preload-manager=33554432"
    "memorysetup-temp-allocator-size-gi-baking-worker=262144"
    "memorysetup-temp-allocator-size-gi-baking-worker=262144"
    "memorysetup-temp-allocator-size-gi-baking-worker=262144"
    "memorysetup-temp-allocator-size-gi-baking-worker=262144"
    "memorysetup-temp-allocator-size-gi-baking-worker=262144"
    "memorysetup-bucket-allocator-granularity=16"
    "memorysetup-bucket-allocator-bucket-count=8"
    "memorysetup-bucket-allocator-block-size=33554432"
    "memorysetup-bucket-allocator-block-count=8"
    "memorysetup-main-allocator-block-size=16777216"
    "memorysetup-thread-allocator-block-size=16777216"
    "memorysetup-gfx-main-allocator-block-size=16777216"
    "memorysetup-gfx-thread-allocator-block-size=16777216"
    "memorysetup-cache-allocator-block-size=4194304"
    "memorysetup-typetree-allocator-block-size=2097152"
    "memorysetup-profiler-bucket-allocator-granularity=16"
    "memorysetup-profiler-bucket-allocator-bucket-count=8"
    "memorysetup-profiler-bucket-allocator-block-size=33554432"
    "memorysetup-profiler-bucket-allocator-block-count=8"
    "memorysetup-profiler-allocator-block-size=16777216"
    "memorysetup-profiler-editor-allocator-block-size=1048576"
    "memorysetup-temp-allocator-size-main=16777216"
    "memorysetup-job-temp-allocator-block-size=2097152"
    "memorysetup-job-temp-allocator-block-size-background=1048576"
    "memorysetup-job-temp-allocator-reduction-small-platforms=262144"
    "memorysetup-temp-allocator-size-cloud-worker=32768"
Player connection [31068]  Target information:

Player connection [31068]  * "[IP] 172.30.1.55 [Port] 0 [Flags] 2 [Guid] 657942847 [EditorId] 657942847 [Version] 1048832 [Id] WindowsEditor(7,DESKTOP-BTF4SNP) [Debug] 1 [PackageName] WindowsEditor [ProjectName] Editor" 

Player connection [31068] Host joined multi-casting on [225.0.0.222:54997]...
Player connection [31068] Host joined alternative multi-casting on [225.0.0.222:34997]...
JobSystem: Creating JobQueue using job-worker-count value 15
Input System module state changed to: Initialized.
[Physics::Module] Initialized fallback backend.
[Physics::Module] Id: 0xdecafbad
Library Redirect Path: Library/
[Physics::Module] Selected backend.
[Physics::Module] Name: PhysX
[Physics::Module] Id: 0xf2b8ea05
[Physics::Module] SDK Version: 4.1.2
[Physics::Module] Integration Version: 1.0.0
[Physics::Module] Threading Mode: Multi-Threaded
Refreshing native plugins compatible for Editor in 32.81 ms, found 9 plugins.
Preloading 0 native plugins for Editor in 0.00 ms.
Initialize engine version: 6000.3.9f1 (7a9955a4f2fa)
[Subsystems] Discovering subsystems at path C:/Program Files/Unity/Hub/Editor/6000.3.9f1/Editor/Data/Resources/UnitySubsystems
[Subsystems] Discovering subsystems at path C:/Users/USER/Documents/GitHub/AR-ReversiProject/Assets
GfxDevice: creating device client; kGfxThreadingModeNonThreaded
Direct3D:
    Version:  Direct3D 11.0 [level 11.1]
    Renderer: NVIDIA GeForce RTX 4060 Laptop GPU (ID=0x28e0)
    Vendor:   NVIDIA
    VRAM:     7957 MB
    Driver:   32.0.15.6081
Initialize mono
Mono path[0] = 'C:/Program Files/Unity/Hub/Editor/6000.3.9f1/Editor/Data/Managed'
Mono path[1] = 'C:/Program Files/Unity/Hub/Editor/6000.3.9f1/Editor/Data/MonoBleedingEdge/lib/mono/unityjit-win32'
Mono config path = 'C:/Program Files/Unity/Hub/Editor/6000.3.9f1/Editor/Data/MonoBleedingEdge/etc'
Using monoOptions --debugger-agent=transport=dt_socket,embedding=1,server=y,suspend=n,address=127.0.0.1:56324
Begin MonoManager ReloadAssembly
[Licensing::Client] Handshaking with LicensingClient:
  Version:                 1.17.4+4293ba1
  Session Id:              b3003f56ed464b6391c5d3fe7fc65b29
  Correlation Id:          2e1677b044b26191d80a4bb1d64b199d
  External correlation Id: 3560357246148339318
  Machine Id:              dJ8Tfn01EciPmnYvmSiKPSjQkro=
[Licensing::Module] Successfully connected to LicensingClient on channel: "LicenseClient-USER" (connect: 0.00s, validation: 0.01s, handshake: 1.49s)
[Licensing::IpcConnector] Successfully connected to: "LicenseClient-USER-notifications" at "2026-02-28T09:59:26.2607108Z"
[Licensing::Module] Licensing Background thread has ended after 1.50s
Registering precompiled unity dll's ...
Register platform support module: C:/Program Files/Unity/Hub/Editor/6000.3.9f1/Editor/Data/PlaybackEngines/WebGLSupport/UnityEditor.WebGL.Extensions.dll
Register platform support module: C:/Program Files/Unity/Hub/Editor/6000.3.9f1/Editor/Data/PlaybackEngines/WindowsStandaloneSupport/UnityEditor.WindowsStandalone.Extensions.dll
Registered in 0.004733 seconds.
- Loaded All Assemblies, in  0.478 seconds
Native extension for WindowsStandalone target not found
Native extension for WebGL target not found
ScheduleIndexationOnStartup MainProcess:False IndexOnStartup:True
Mono: successfully reloaded assembly
- Finished resetting the current domain, in  0.401 seconds
Domain Reload Profiling: 874ms
	BeginReloadAssembly (192ms)
		ExecutionOrderSort (0ms)
		DisableScriptedObjects (0ms)
		BackupInstance (0ms)
		ReleaseScriptingObjects (0ms)
		CreateAndSetChildDomain (1ms)
	RebuildCommonClasses (32ms)
	RebuildNativeTypeToScriptingClass (12ms)
	initialDomainReloadingComplete (55ms)
	LoadAllAssembliesAndSetupDomain (182ms)
		LoadAssemblies (185ms)
		RebuildTransferFunctionScriptingTraits (0ms)
		AnalyzeDomain (179ms)
			TypeCache.Refresh (177ms)
				TypeCache.ScanAssembly (163ms)
			BuildScriptInfoCaches (0ms)
			ResolveRequiredComponents (0ms)
	FinalizeReload (401ms)
		ReleaseScriptCaches (0ms)
		RebuildScriptCaches (0ms)
		SetupLoadedEditorAssemblies (356ms)
			LogAssemblyErrors (0ms)
			InitializePlatformSupportModulesInManaged (49ms)
			SetLoadedEditorAssemblies (3ms)
			BeforeProcessingInitializeOnLoad (86ms)
			ProcessInitializeOnLoadAttributes (147ms)
			ProcessInitializeOnLoadMethodAttributes (71ms)
			AfterProcessingInitializeOnLoad (0ms)
			EditorAssembliesLoaded (0ms)
		ExecutionOrderSort2 (0ms)
		AwakeInstancesAfterBackupRestoration (0ms)
========================================================================
Worker process is ready to serve import requests
Import Worker Mode flag is 0x00
Begin MonoManager ReloadAssembly
[Licensing::Client] Successfully resolved entitlement details
[Licensing::Module] License group:
  Id: 14568654860447-UnityPersXXXX
  Product: Unity Personal
  Type: Assigned
  Expiration: Unlimited
- Loaded All Assemblies, in  1.203 seconds
'Assets/Photon/Fusion/Runtime/Fusion.Unity.cs' contains partial class of Unity.Object, exactly 1 of the partial classes needs to be in a file with the same filename. This is to know the one that can be referenced from ie. GameObjects
'Assets/Photon/Fusion/Runtime/Fusion.Unity.cs' contains partial class of Unity.Object, exactly 1 of the partial classes needs to be in a file with the same filename. This is to know the one that can be referenced from ie. GameObjects
Refreshing native plugins compatible for Editor in 9.77 ms, found 9 plugins.
Native extension for WindowsStandalone target not found
Native extension for WebGL target not found
Package Manager log level set to [2]
[Package Manager] Failed to launch server process. Reason: Unity was launched with the -noUpm command-line argument
[Package Manager] Unable to send message (not connected to server process).
[Package Manager] Cannot connect to Unity Package Manager local server
System.Exception: Error! Visual Scripting: couldn't find visual scripting package
  at Unity.VisualScripting.PackageVersionUtility.get_version () [0x00043] in .\Library\PackageCache\com.unity.visualscripting@191c0d7e3b69\Editor\VisualScripting.Core\Utilities\PackageVersionUtility.cs:31 
  at Unity.VisualScripting.BoltCoreManifest.get_version () [0x00000] in .\Library\PackageCache\com.unity.visualscripting@191c0d7e3b69\Editor\VisualScripting.Core\Plugin\BoltCoreManifest.cs:11 
  at Unity.VisualScripting.PluginManifest.get_currentVersion () [0x00000] in .\Library\PackageCache\com.unity.visualscripting@191c0d7e3b69\Editor\VisualScripting.Core\Plugins\PluginManifest.cs:33 
  at Unity.VisualScripting.PluginManifest.get_versionMismatch () [0x00000] in .\Library\PackageCache\com.unity.visualscripting@191c0d7e3b69\Editor\VisualScripting.Core\Plugins\PluginManifest.cs:48 
  at Unity.VisualScripting.PluginContainer.Initialize () [0x00525] in .\Library\PackageCache\com.unity.visualscripting@191c0d7e3b69\Editor\VisualScripting.Core\Plugins\PluginContainer.cs:208 
  at Unity.VisualScripting.PluginContainer.InitializeOnLoad () [0x00009] in .\Library\PackageCache\com.unity.visualscripting@191c0d7e3b69\Editor\VisualScripting.Core\Plugins\PluginContainer.cs:32 
  at Unity.VisualScripting.VSUsageUtility.DoInitializeOnLoadCalls () [0x00034] in .\Library\PackageCache\com.unity.visualscripting@191c0d7e3b69\Editor\VisualScripting.Core\Utilities\VSUsageUtility.cs:76 
  at Unity.VisualScripting.VSUsageUtility.set_isVisualScriptingUsed (System.Boolean value) [0x0002c] in .\Library\PackageCache\com.unity.visualscripting@191c0d7e3b69\Editor\VisualScripting.Core\Utilities\VSUsageUtility.cs:114 
  at Unity.VisualScripting.VSUsageUtility.CheckAndSetIsVisualScriptingUsed () [0x00032] in .\Library\PackageCache\com.unity.visualscripting@191c0d7e3b69\Editor\VisualScripting.Core\Utilities\VSUsageUtility.cs:48 
  at Unity.VisualScripting.VSUsageUtility..cctor () [0x00000] in .\Library\PackageCache\com.unity.visualscripting@191c0d7e3b69\Editor\VisualScripting.Core\Utilities\VSUsageUtility.cs:22 
UnityEngine.Debug:ExtractStackTraceNoAlloc (byte*,int,string)
UnityEngine.StackTraceUtility:ExtractStackTrace ()
UnityEngine.DebugLogHandler:Internal_Log (UnityEngine.LogType,UnityEngine.LogOption,string,UnityEngine.Object)
UnityEngine.DebugLogHandler:LogFormat (UnityEngine.LogType,UnityEngine.Object,string,object[])
UnityEngine.Logger:Log (UnityEngine.LogType,object)
UnityEngine.Debug:LogError (object)
UnityEditor.EditorAssemblies:ProcessInitializeOnLoadAttributes (System.Type[])

ScheduleIndexationOnStartup MainProcess:False IndexOnStartup:True
Mono: successfully reloaded assembly
- Finished resetting the current domain, in  1.392 seconds
Domain Reload Profiling: 2582ms
	BeginReloadAssembly (221ms)
		ExecutionOrderSort (0ms)
		DisableScriptedObjects (4ms)
		BackupInstance (0ms)
		ReleaseScriptingObjects (0ms)
		CreateAndSetChildDomain (31ms)
	RebuildCommonClasses (37ms)
	RebuildNativeTypeToScriptingClass (11ms)
	initialDomainReloadingComplete (66ms)
	LoadAllAssembliesAndSetupDomain (854ms)
		LoadAssemblies (725ms)
		RebuildTransferFunctionScriptingTraits (0ms)
		AnalyzeDomain (274ms)
			TypeCache.Refresh (202ms)
				TypeCache.ScanAssembly (185ms)
			BuildScriptInfoCaches (57ms)
			ResolveRequiredComponents (11ms)
	FinalizeReload (1393ms)
		ReleaseScriptCaches (0ms)
		RebuildScriptCaches (0ms)
		SetupLoadedEditorAssemblies (1201ms)
			LogAssemblyErrors (0ms)
			InitializePlatformSupportModulesInManaged (2ms)
			SetLoadedEditorAssemblies (4ms)
			BeforeProcessingInitializeOnLoad (166ms)
			ProcessInitializeOnLoadAttributes (852ms)
			ProcessInitializeOnLoadMethodAttributes (168ms)
			AfterProcessingInitializeOnLoad (8ms)
			EditorAssembliesLoaded (0ms)
		ExecutionOrderSort2 (0ms)
		AwakeInstancesAfterBackupRestoration (5ms)
Launched and connected shader compiler UnityShaderCompiler.exe after 0.02 seconds
Refreshing native plugins compatible for Editor in 16.58 ms, found 9 plugins.
Preloading 0 native plugins for Editor in 0.00 ms.
Unloading 16 Unused Serialized files (Serialized files now loaded: 0)
Unloading 6906 unused Assets / (4.6 MB). Loaded Objects now: 7809.
Memory consumption went from 228.0 MB to 223.4 MB.
Total: 27.259900 ms (FindLiveObjects: 0.808800 ms CreateObjectMapping: 0.719800 ms MarkObjects: 22.722700 ms  DeleteObjects: 3.006700 ms)

========================================================================
Received Import Request.
  Time since last request: 1383577.092164 seconds.
  path: Assets/Modern UI Pack/Textures/Border/Rounded/128px/Rounded Outline 128px - 10x.png
  artifactKey: Guid(31b0aae046fa7f442b3157da64d7a460) Importer(2089858483,b0f066a214c2f5e87bad3c948f4d605d)
Start importing Assets/Modern UI Pack/Textures/Border/Rounded/128px/Rounded Outline 128px - 10x.png using Guid(31b0aae046fa7f442b3157da64d7a460) Importer(2089858483,b0f066a214c2f5e87bad3c948f4d605d) (ScriptedImporter) -> (artifact id: 'bdc4197a4fa4c74c16cc12e22140bfab') in 0.1735173 seconds
Number of updated asset objects reloaded before import = 0Number of asset objects unloaded after import = 3

========================================================================
Received Import Request.
  Time since last request: 0.534052 seconds.
  path: Assets/Modern UI Pack/Animations/Window Manager/WM Window In.anim
  artifactKey: Guid(f27a29dc69d84534597960631de403cd) Importer(2089858483,b0f066a214c2f5e87bad3c948f4d605d)
Start importing Assets/Modern UI Pack/Animations/Window Manager/WM Window In.anim using Guid(f27a29dc69d84534597960631de403cd) Importer(2089858483,b0f066a214c2f5e87bad3c948f4d605d) (ScriptedImporter) -> (artifact id: '698bb8e6276ec27b42fc0ec51a9569aa') in 0.0122455 seconds
Number of updated asset objects reloaded before import = 0Number of asset objects unloaded after import = 1

========================================================================
Received Import Request.
  Time since last request: 0.715562 seconds.
  path: Assets/Modern UI Pack/Fonts/OpenSans-Regular.ttf
  artifactKey: Guid(5997fe0be3eb5fd40810e50d6cabb652) Importer(2089858483,b0f066a214c2f5e87bad3c948f4d605d)
Start importing Assets/Modern UI Pack/Fonts/OpenSans-Regular.ttf using Guid(5997fe0be3eb5fd40810e50d6cabb652) Importer(2089858483,b0f066a214c2f5e87bad3c948f4d605d) (ScriptedImporter) -> (artifact id: '8055109765a3a065c23febdde294b0e5') in 0.0243843 seconds
Number of updated asset objects reloaded before import = 0Number of asset objects unloaded after import = 3

========================================================================
Received Import Request.
  Time since last request: 0.677052 seconds.
  path: Assets/Modern UI Pack/Prefabs/Button/Basic - Outline/Gray.prefab
  artifactKey: Guid(8f569e837df7b6b4eb1a443ba50fff62) Importer(2089858483,b0f066a214c2f5e87bad3c948f4d605d)
Start importing Assets/Modern UI Pack/Prefabs/Button/Basic - Outline/Gray.prefab using Guid(8f569e837df7b6b4eb1a443ba50fff62) Importer(2089858483,b0f066a214c2f5e87bad3c948f4d605d) (ScriptedImporter) -> (artifact id: '660c17492badbfe14e44c82c159c58cd') in 0.1002918 seconds
Number of updated asset objects reloaded before import = 0Number of asset objects unloaded after import = 112

========================================================================
Received Import Request.
  Time since last request: 0.000025 seconds.
  path: Assets/Modern UI Pack/Textures/Icon/UI Elements/Input Filed.png
  artifactKey: Guid(a9def7ccd614337498e41418178be8ed) Importer(2089858483,b0f066a214c2f5e87bad3c948f4d605d)
Start importing Assets/Modern UI Pack/Textures/Icon/UI Elements/Input Filed.png using Guid(a9def7ccd614337498e41418178be8ed) Importer(2089858483,b0f066a214c2f5e87bad3c948f4d605d) (ScriptedImporter) -> (artifact id: 'd3ed9b75c8ee28e5926a37bfd107b8d7') in 0.0095973 seconds
Number of updated asset objects reloaded before import = 0Number of asset objects unloaded after import = 3

========================================================================
Received Import Request.
  Time since last request: 0.000027 seconds.
  path: Assets/Modern UI Pack/Editor/Icons/ContentActive.png
  artifactKey: Guid(5cdeb515d6f83b34c9f441349d56525e) Importer(2089858483,b0f066a214c2f5e87bad3c948f4d605d)
Start importing Assets/Modern UI Pack/Editor/Icons/ContentActive.png using Guid(5cdeb515d6f83b34c9f441349d56525e) Importer(2089858483,b0f066a214c2f5e87bad3c948f4d605d) (ScriptedImporter) -> (artifact id: '1b617c02edb71f09bf1d57919c09f0b0') in 0.0087406 seconds
Number of updated asset objects reloaded before import = 0Number of asset objects unloaded after import = 1

========================================================================
Received Import Request.
  Time since last request: 0.000015 seconds.
  path: Assets/Modern UI Pack/Textures/Border/Rounded/512px/Rounded Outline 512px - 6x.png
  artifactKey: Guid(c6054da7de1f08e47817d98cf925b113) Importer(2089858483,b0f066a214c2f5e87bad3c948f4d605d)
Start importing Assets/Modern UI Pack/Textures/Border/Rounded/512px/Rounded Outline 512px - 6x.png using Guid(c6054da7de1f08e47817d98cf925b113) Importer(2089858483,b0f066a214c2f5e87bad3c948f4d605d) (ScriptedImporter) -> (artifact id: '8f40239a4ad06034146ae364e9ac9b98') in 0.0071241 seconds
Number of updated asset objects reloaded before import = 0Number of asset objects unloaded after import = 3

========================================================================
Received Import Request.
  Time since last request: 0.000016 seconds.
  path: Assets/Modern UI Pack/Scripts/Progress Bar/ProgressBarEditor.cs
  artifactKey: Guid(e24fda0b81feb8343abb048c3c912da3) Importer(2089858483,b0f066a214c2f5e87bad3c948f4d605d)
Start importing Assets/Modern UI Pack/Scripts/Progress Bar/ProgressBarEditor.cs using Guid(e24fda0b81feb8343abb048c3c912da3) Importer(2089858483,b0f066a214c2f5e87bad3c948f4d605d) (ScriptedImporter) -> (artifact id: '62d6f3632f53f7801f0dea39ab065c46') in 0.0069762 seconds
Number of updated asset objects reloaded before import = 0Number of asset objects unloaded after import = 0

========================================================================
Received Import Request.
  Time since last request: 0.979413 seconds.
  path: Assets/Modern UI Pack/Prefabs/Button/Rounded - Outline Gradient/Brown.prefab
  artifactKey: Guid(89340fe9e83ce114db84cf705fe93c20) Importer(2089858483,b0f066a214c2f5e87bad3c948f4d605d)
Start importing Assets/Modern UI Pack/Prefabs/Button/Rounded - Outline Gradient/Brown.prefab using Guid(89340fe9e83ce114db84cf705fe93c20) Importer(2089858483,b0f066a214c2f5e87bad3c948f4d605d) (ScriptedImporter) -> (artifact id: '23d96fa2b48bbe5b884d45652a09f189') in 0.0400277 seconds
Number of updated asset objects reloaded before import = 0Number of asset objects unloaded after import = 116

========================================================================
Received Import Request.
  Time since last request: 0.000111 seconds.
  path: Assets/Modern UI Pack/Prefabs/Animated Icon
  artifactKey: Guid(0a9379717e0b46a47ad4d5dde0a62c38) Importer(2089858483,b0f066a214c2f5e87bad3c948f4d605d)
Start importing Assets/Modern UI Pack/Prefabs/Animated Icon using Guid(0a9379717e0b46a47ad4d5dde0a62c38) Importer(2089858483,b0f066a214c2f5e87bad3c948f4d605d) (ScriptedImporter) -> (artifact id: '968ec0c005e7b96673121c11dba7293f') in 0.0067042 seconds
Number of updated asset objects reloaded before import = 0Number of asset objects unloaded after import = 1

========================================================================
Received Import Request.
  Time since last request: 0.000022 seconds.
  path: Assets/Modern UI Pack/Animations/Tooltip/Tooltip In.anim
  artifactKey: Guid(3671c71b91e2e0f4ca0c6ae9b1ea5e7a) Importer(2089858483,b0f066a214c2f5e87bad3c948f4d605d)
Start importing Assets/Modern UI Pack/Animations/Tooltip/Tooltip In.anim using Guid(3671c71b91e2e0f4ca0c6ae9b1ea5e7a) Importer(2089858483,b0f066a214c2f5e87bad3c948f4d605d) (ScriptedImporter) -> (artifact id: 'bc74cfe138028fb6a60b27185dd33e00') in 0.00744 seconds
Number of updated asset objects reloaded before import = 0Number of asset objects unloaded after import = 1

========================================================================
Received Import Request.
  Time since last request: 0.000020 seconds.
  path: Assets/Modern UI Pack/Animations/Horizontal Selector/HS Forward.anim
  artifactKey: Guid(b9ff576119693c349b4e76f87c155d6e) Importer(2089858483,b0f066a214c2f5e87bad3c948f4d605d)
Start importing Assets/Modern UI Pack/Animations/Horizontal Selector/HS Forward.anim using Guid(b9ff576119693c349b4e76f87c155d6e) Importer(2089858483,b0f066a214c2f5e87bad3c948f4d605d) (ScriptedImporter) -> (artifact id: '1b7d70b5532a36374172aad9f745778d') in 0.0116696 seconds
Number of updated asset objects reloaded before import = 0Number of asset objects unloaded after import = 1

========================================================================
Received Import Request.
  Time since last request: 0.000019 seconds.
  path: Assets/Modern UI Pack/Scripts/Dropdown/CustomDropdownEditor.cs
  artifactKey: Guid(227402b59bd462249a7f83d4fee619fd) Importer(2089858483,b0f066a214c2f5e87bad3c948f4d605d)
Start importing Assets/Modern UI Pack/Scripts/Dropdown/CustomDropdownEditor.cs using Guid(227402b59bd462249a7f83d4fee619fd) Importer(2089858483,b0f066a214c2f5e87bad3c948f4d605d) (ScriptedImporter) -> (artifact id: '9f3e32f2f55357ffaa11631c6fb82835') in 0.0056493 seconds
Number of updated asset objects reloaded before import = 0Number of asset objects unloaded after import = 0

========================================================================
Received Import Request.
  Time since last request: 0.000017 seconds.
  path: Assets/Modern UI Pack/Prefabs/Animated Icon/No to Yes.prefab
  artifactKey: Guid(0c53921cac76f2c4f94650f49c985018) Importer(2089858483,b0f066a214c2f5e87bad3c948f4d605d)
Start importing Assets/Modern UI Pack/Prefabs/Animated Icon/No to Yes.prefab using Guid(0c53921cac76f2c4f94650f49c985018) Importer(2089858483,b0f066a214c2f5e87bad3c948f4d605d) (ScriptedImporter) -> (artifact id: '9163f780440debc273a38aa31676442f') in 0.0762316 seconds
Number of updated asset objects reloaded before import = 0Number of asset objects unloaded after import = 62

========================================================================
Received Import Request.
  Time since last request: 0.000034 seconds.
  path: Assets/Modern UI Pack/Prefabs/Button/Rounded - Outline Gradient/Red.prefab
  artifactKey: Guid(5bb8184ff1265434b96d931239e59631) Importer(2089858483,b0f066a214c2f5e87bad3c948f4d605d)
Start importing Assets/Modern UI Pack/Prefabs/Button/Rounded - Outline Gradient/Red.prefab using Guid(5bb8184ff1265434b96d931239e59631) Importer(2089858483,b0f066a214c2f5e87bad3c948f4d605d) (ScriptedImporter) -> (artifact id: '6889dfc1046e0335f6602dc53e2da612') in 0.0491018 seconds
Number of updated asset objects reloaded before import = 0Number of asset objects unloaded after import = 116

========================================================================
Received Import Request.
  Time since last request: 0.000022 seconds.
  path: Assets/Modern UI Pack/Textures/Border/Radial/64px/Radial Outline 64px - 1x.png
  artifactKey: Guid(e963dcd72924ca1448e01147b483fb05) Importer(2089858483,b0f066a214c2f5e87bad3c948f4d605d)
Start importing Assets/Modern UI Pack/Textures/Border/Radial/64px/Radial Outline 64px - 1x.png using Guid(e963dcd72924ca1448e01147b483fb05) Importer(2089858483,b0f066a214c2f5e87bad3c948f4d605d) (ScriptedImporter) -> (artifact id: 'ed3590b2b2627e8c0f6c938ba99f8840') in 0.0134517 seconds
Number of updated asset objects reloaded before import = 0Number of asset objects unloaded after import = 3

========================================================================
Received Import Request.
  Time since last request: 0.000016 seconds.
  path: Assets/Modern UI Pack/Textures/Border/Rounded/256px/Rounded Outline 256px - 6x.png
  artifactKey: Guid(ea1cc171b17283d4abee9aed3c99c616) Importer(2089858483,b0f066a214c2f5e87bad3c948f4d605d)
Start importing Assets/Modern UI Pack/Textures/Border/Rounded/256px/Rounded Outline 256px - 6x.png using Guid(ea1cc171b17283d4abee9aed3c99c616) Importer(2089858483,b0f066a214c2f5e87bad3c948f4d605d) (ScriptedImporter) -> (artifact id: 'f93a92547baf6ef5892507be518d28c4') in 0.0084907 seconds
Number of updated asset objects reloaded before import = 0Number of asset objects unloaded after import = 3

========================================================================
Received Import Request.
  Time since last request: 0.000031 seconds.
  path: Assets/Modern UI Pack/Editor/Icons/Search.png
  artifactKey: Guid(fb98fbe62e3a3304584516ade7506fce) Importer(2089858483,b0f066a214c2f5e87bad3c948f4d605d)
Start importing Assets/Modern UI Pack/Editor/Icons/Search.png using Guid(fb98fbe62e3a3304584516ade7506fce) Importer(2089858483,b0f066a214c2f5e87bad3c948f4d605d) (ScriptedImporter) -> (artifact id: 'dfcbe575767e0e490624eccc007447a7') in 0.0126484 seconds
Number of updated asset objects reloaded before import = 0Number of asset objects unloaded after import = 1

========================================================================
Received Import Request.
  Time since last request: 0.000011 seconds.
  path: Assets/Modern UI Pack/Editor/Icons/ResourcesNormal.png
  artifactKey: Guid(e8a9624a10818bd4eb0b2cee5ad037dd) Importer(2089858483,b0f066a214c2f5e87bad3c948f4d605d)
Start importing Assets/Modern UI Pack/Editor/Icons/ResourcesNormal.png using Guid(e8a9624a10818bd4eb0b2cee5ad037dd) Importer(2089858483,b0f066a214c2f5e87bad3c948f4d605d) (ScriptedImporter) -> (artifact id: '2b89cb16f72dc5ddf53a0a03b51b531d') in 0.0110423 seconds
Number of updated asset objects reloaded before import = 0Number of asset objects unloaded after import = 1

========================================================================
Received Import Request.
  Time since last request: 0.000017 seconds.
  path: Assets/Modern UI Pack/Textures/Border/Rounded/512px
  artifactKey: Guid(f892bd2075732cc4da8eeb93e5d55611) Importer(2089858483,b0f066a214c2f5e87bad3c948f4d605d)
Start importing Assets/Modern UI Pack/Textures/Border/Rounded/512px using Guid(f892bd2075732cc4da8eeb93e5d55611) Importer(2089858483,b0f066a214c2f5e87bad3c948f4d605d) (ScriptedImporter) -> (artifact id: '2b7ba24f2ade9e0569cce18f39628954') in 0.0053762 seconds
Number of updated asset objects reloaded before import = 0Number of asset objects unloaded after import = 1

========================================================================
Received Import Request.
  Time since last request: 0.000028 seconds.
  path: Assets/Modern UI Pack/Prefabs/List View/List View Item.prefab
  artifactKey: Guid(1c840ec060bdb1e469c021d4aa3f7a39) Importer(2089858483,b0f066a214c2f5e87bad3c948f4d605d)
Start importing Assets/Modern UI Pack/Prefabs/List View/List View Item.prefab using Guid(1c840ec060bdb1e469c021d4aa3f7a39) Importer(2089858483,b0f066a214c2f5e87bad3c948f4d605d) (ScriptedImporter) -> (artifact id: 'abe0b3b02ed165afede3ce1b4b29523e') in 0.034365 seconds
Number of updated asset objects reloaded before import = 0Number of asset objects unloaded after import = 64

========================================================================
Received Import Request.
  Time since last request: 0.000013 seconds.
  path: Assets/Modern UI Pack/Editor/Icons/EditorUIManager.png
  artifactKey: Guid(f66c4aa44c09b6a42a2b5b9f9334d824) Importer(2089858483,b0f066a214c2f5e87bad3c948f4d605d)
Start importing Assets/Modern UI Pack/Editor/Icons/EditorUIManager.png using Guid(f66c4aa44c09b6a42a2b5b9f9334d824) Importer(2089858483,b0f066a214c2f5e87bad3c948f4d605d) (ScriptedImporter) -> (artifact id: '88a3f10408c4f5a5e9985b097abbe463') in 0.0107214 seconds
Number of updated asset objects reloaded before import = 0Number of asset objects unloaded after import = 1

========================================================================
Received Import Request.
  Time since last request: 0.000021 seconds.
  path: Assets/Modern UI Pack/Textures/Icon/Web & Cloud
  artifactKey: Guid(280e48d6ddcf6864988890112e70187d) Importer(2089858483,b0f066a214c2f5e87bad3c948f4d605d)
Start importing Assets/Modern UI Pack/Textures/Icon/Web & Cloud using Guid(280e48d6ddcf6864988890112e70187d) Importer(2089858483,b0f066a214c2f5e87bad3c948f4d605d) (ScriptedImporter) -> (artifact id: '23aa45251177485091a31be161e4c6d5') in 0.0052196 seconds
Number of updated asset objects reloaded before import = 0Number of asset objects unloaded after import = 1

========================================================================
Received Import Request.
  Time since last request: 0.000024 seconds.
  path: Assets/Modern UI Pack/Textures/Border/Rounded/256px/Rounded Outline 256px - 3x.png
  artifactKey: Guid(0c5916fd3b100fd4ca3fa1679ef6bda8) Importer(2089858483,b0f066a214c2f5e87bad3c948f4d605d)
Start importing Assets/Modern UI Pack/Textures/Border/Rounded/256px/Rounded Outline 256px - 3x.png using Guid(0c5916fd3b100fd4ca3fa1679ef6bda8) Importer(2089858483,b0f066a214c2f5e87bad3c948f4d605d) (ScriptedImporter) -> (artifact id: 'a6e4f045a136e266fdf8ca869a166ea3') in 0.0121512 seconds
Number of updated asset objects reloaded before import = 0Number of asset objects unloaded after import = 3

========================================================================
Received Import Request.
  Time since last request: 0.000017 seconds.
  path: Assets/Modern UI Pack/Scripts/Button
  artifactKey: Guid(93feaebba6181044899d22b5e0f2047e) Importer(2089858483,b0f066a214c2f5e87bad3c948f4d605d)
Start importing Assets/Modern UI Pack/Scripts/Button using Guid(93feaebba6181044899d22b5e0f2047e) Importer(2089858483,b0f066a214c2f5e87bad3c948f4d605d) (ScriptedImporter) -> (artifact id: '75e6d3a6207fc08caf1929f1b6fe4bab') in 0.0062313 seconds
Number of updated asset objects reloaded before import = 0Number of asset objects unloaded after import = 1

========================================================================
Received Import Request.
  Time since last request: 0.000025 seconds.
  path: Assets/Modern UI Pack/Fonts/OpenSans-SemiboldItalic SDF.asset
  artifactKey: Guid(e5fa6cba27f1b7a47838db200baa1556) Importer(2089858483,b0f066a214c2f5e87bad3c948f4d605d)
Start importing Assets/Modern UI Pack/Fonts/OpenSans-SemiboldItalic SDF.asset using Guid(e5fa6cba27f1b7a47838db200baa1556) Importer(2089858483,b0f066a214c2f5e87bad3c948f4d605d) (ScriptedImporter) -> (artifact id: '6affa64ac147536e90addf4a416f5a82') in 0.0343766 seconds
Number of updated asset objects reloaded before import = 0Number of asset objects unloaded after import = 9

========================================================================
Received Import Request.
  Time since last request: 0.000028 seconds.
  path: Assets/Modern UI Pack/Editor/Resources/MUIP-EditorDark.guiskin
  artifactKey: Guid(7ce3e20887f60d14d92e8672f8b0be93) Importer(2089858483,b0f066a214c2f5e87bad3c948f4d605d)
Start importing Assets/Modern UI Pack/Editor/Resources/MUIP-EditorDark.guiskin using Guid(7ce3e20887f60d14d92e8672f8b0be93) Importer(2089858483,b0f066a214c2f5e87bad3c948f4d605d) (ScriptedImporter) -> (artifact id: 'f32145ebdda87942039290cefd8c5e9d') in 0.0521688 seconds
Number of updated asset objects reloaded before import = 0Number of asset objects unloaded after import = 1

========================================================================
Received Import Request.
  Time since last request: 0.000015 seconds.
  path: Assets/Modern UI Pack/Textures/Border/Radial/512px/Radial Outline 512px - 3x.png
  artifactKey: Guid(eac0a486a6a1f9847861eaad7811db91) Importer(2089858483,b0f066a214c2f5e87bad3c948f4d605d)
Start importing Assets/Modern UI Pack/Textures/Border/Radial/512px/Radial Outline 512px - 3x.png using Guid(eac0a486a6a1f9847861eaad7811db91) Importer(2089858483,b0f066a214c2f5e87bad3c948f4d605d) (ScriptedImporter) -> (artifact id: '87f1ea1a87da437042d4b7aaed6b6377') in 0.0089535 seconds
Number of updated asset objects reloaded before import = 0Number of asset objects unloaded after import = 3

========================================================================
Received Import Request.
  Time since last request: 0.000021 seconds.
  path: Assets/Modern UI Pack/Textures/Icon/UI Elements/Context Menu.png
  artifactKey: Guid(527ad173083b3bf44b32cf1369f6a8aa) Importer(2089858483,b0f066a214c2f5e87bad3c948f4d605d)
Start importing Assets/Modern UI Pack/Textures/Icon/UI Elements/Context Menu.png using Guid(527ad173083b3bf44b32cf1369f6a8aa) Importer(2089858483,b0f066a214c2f5e87bad3c948f4d605d) (ScriptedImporter) -> (artifact id: 'a83c1aca2e58919adff27a0280cb07ae') in 0.0113103 seconds
Number of updated asset objects reloaded before import = 0Number of asset objects unloaded after import = 3

========================================================================
Received Import Request.
  Time since last request: 0.000026 seconds.
  path: Assets/Modern UI Pack/Animations/Animated Icon/HP Normal.anim
  artifactKey: Guid(60a00f0b70aee9143b4b442f97d1079a) Importer(2089858483,b0f066a214c2f5e87bad3c948f4d605d)
Start importing Assets/Modern UI Pack/Animations/Animated Icon/HP Normal.anim using Guid(60a00f0b70aee9143b4b442f97d1079a) Importer(2089858483,b0f066a214c2f5e87bad3c948f4d605d) (ScriptedImporter) -> (artifact id: 'ac8db0502e286dfbed091073bd41572c') in 0.0088921 seconds
Number of updated asset objects reloaded before import = 0Number of asset objects unloaded after import = 1

========================================================================
Received Import Request.
  Time since last request: 0.000022 seconds.
  path: Assets/Modern UI Pack/Animations/Horizontal Selector/HS Previous.anim
  artifactKey: Guid(afc0b4901ceff3f4c8fa062bc6fee0e5) Importer(2089858483,b0f066a214c2f5e87bad3c948f4d605d)
Start importing Assets/Modern UI Pack/Animations/Horizontal Selector/HS Previous.anim using Guid(afc0b4901ceff3f4c8fa062bc6fee0e5) Importer(2089858483,b0f066a214c2f5e87bad3c948f4d605d) (ScriptedImporter) -> (artifact id: '2a3e3528061189ce73029b1a1434fd91') in 0.0080824 seconds
Number of updated asset objects reloaded before import = 0Number of asset objects unloaded after import = 1

========================================================================
Received Import Request.
  Time since last request: 0.000016 seconds.
  path: Assets/Modern UI Pack/Textures/Shadow/Vertical Shadow.png
  artifactKey: Guid(4588d5e6aeea92d4b86bd1e976c99baf) Importer(2089858483,b0f066a214c2f5e87bad3c948f4d605d)
Start importing Assets/Modern UI Pack/Textures/Shadow/Vertical Shadow.png using Guid(4588d5e6aeea92d4b86bd1e976c99baf) Importer(2089858483,b0f066a214c2f5e87bad3c948f4d605d) (ScriptedImporter) -> (artifact id: 'e645be979690723444adf995a7a61023') in 0.0138473 seconds
Number of updated asset objects reloaded before import = 0Number of asset objects unloaded after import = 3

========================================================================
Received Import Request.
  Time since last request: 0.000029 seconds.
  path: Assets/Modern UI Pack/Animations/Animated Icon/Slider.controller
  artifactKey: Guid(172d9a267040e1c4f809b8a81e42f306) Importer(2089858483,b0f066a214c2f5e87bad3c948f4d605d)
Start importing Assets/Modern UI Pack/Animations/Animated Icon/Slider.controller using Guid(172d9a267040e1c4f809b8a81e42f306) Importer(2089858483,b0f066a214c2f5e87bad3c948f4d605d) (ScriptedImporter) -> (artifact id: 'f2dc7ccb4f06193bf0ff2c1a71875315') in 0.0071767 seconds
Number of updated asset objects reloaded before import = 0Number of asset objects unloaded after import = 6

========================================================================
Received Import Request.
  Time since last request: 0.000016 seconds.
  path: Assets/Modern UI Pack/Scripts/Tooltip
  artifactKey: Guid(08e30fb6f4c85fc4a91bd66d8da22a09) Importer(2089858483,b0f066a214c2f5e87bad3c948f4d605d)
Start importing Assets/Modern UI Pack/Scripts/Tooltip using Guid(08e30fb6f4c85fc4a91bd66d8da22a09) Importer(2089858483,b0f066a214c2f5e87bad3c948f4d605d) (ScriptedImporter) -> (artifact id: '4345e910ad3b2d077810bd1dd2b737ee') in 0.0047177 seconds
Number of updated asset objects reloaded before import = 0Number of asset objects unloaded after import = 1

========================================================================
Received Import Request.
  Time since last request: 0.000019 seconds.
  path: Assets/Modern UI Pack/Prefabs/Horizontal Selector/Indicator Item.prefab
  artifactKey: Guid(d761d163a9f3c244a97cdaa6e14fafc1) Importer(2089858483,b0f066a214c2f5e87bad3c948f4d605d)
Start importing Assets/Modern UI Pack/Prefabs/Horizontal Selector/Indicator Item.prefab using Guid(d761d163a9f3c244a97cdaa6e14fafc1) Importer(2089858483,b0f066a214c2f5e87bad3c948f4d605d) (ScriptedImporter) -> (artifact id: '6260cb7ab6ead4cd9303dd66703954e8') in 0.0086835 seconds
Number of updated asset objects reloaded before import = 0Number of asset objects unloaded after import = 13

========================================================================
Received Import Request.
  Time since last request: 1.211437 seconds.
  path: Assets/Modern UI Pack/Textures/Icon/Navigation/Arrow Up.png
  artifactKey: Guid(9e09e2a2dc8f2864190a125cba002b62) Importer(2089858483,b0f066a214c2f5e87bad3c948f4d605d)
Start importing Assets/Modern UI Pack/Textures/Icon/Navigation/Arrow Up.png using Guid(9e09e2a2dc8f2864190a125cba002b62) Importer(2089858483,b0f066a214c2f5e87bad3c948f4d605d) (ScriptedImporter) -> (artifact id: '87d44108131e6ed25ba53bbbd109081e') in 0.0135779 seconds
Number of updated asset objects reloaded before import = 0Number of asset objects unloaded after import = 3

========================================================================
Received Import Request.
  Time since last request: 0.000022 seconds.
  path: Assets/Modern UI Pack/Animations/Animated Icon/Hamburger to Exit.controller
  artifactKey: Guid(8fbd904fcef754c42a660cf62725045a) Importer(2089858483,b0f066a214c2f5e87bad3c948f4d605d)
Start importing Assets/Modern UI Pack/Animations/Animated Icon/Hamburger to Exit.controller using Guid(8fbd904fcef754c42a660cf62725045a) Importer(2089858483,b0f066a214c2f5e87bad3c948f4d605d) (ScriptedImporter) -> (artifact id: 'c0d9663589b7be9e297073625276ffe5') in 0.006972 seconds
Number of updated asset objects reloaded before import = 0Number of asset objects unloaded after import = 5

========================================================================
Received Import Request.
  Time since last request: 0.000034 seconds.
  path: Assets/Modern UI Pack/Textures/Border/Rounded/32px/Rounded Outline 32px - 5x.png
  artifactKey: Guid(de5e4751c3719944aa6704fc67511221) Importer(2089858483,b0f066a214c2f5e87bad3c948f4d605d)
Start importing Assets/Modern UI Pack/Textures/Border/Rounded/32px/Rounded Outline 32px - 5x.png using Guid(de5e4751c3719944aa6704fc67511221) Importer(2089858483,b0f066a214c2f5e87bad3c948f4d605d) (ScriptedImporter) -> (artifact id: '3bc223a27eb102b7b9fd34c63e55a8ff') in 0.0110951 seconds
Number of updated asset objects reloaded before import = 0Number of asset objects unloaded after import = 3

========================================================================
Received Import Request.
  Time since last request: 0.000016 seconds.
  path: Assets/Modern UI Pack/Fonts/OpenSans-Italic.ttf
  artifactKey: Guid(f534bfbf22b73aa478a30b001a4ff387) Importer(2089858483,b0f066a214c2f5e87bad3c948f4d605d)
Start importing Assets/Modern UI Pack/Fonts/OpenSans-Italic.ttf using Guid(f534bfbf22b73aa478a30b001a4ff387) Importer(2089858483,b0f066a214c2f5e87bad3c948f4d605d) (ScriptedImporter) -> (artifact id: '69692d90717051825fa7c6bf26222c85') in 0.0142986 seconds
Number of updated asset objects reloaded before import = 0Number of asset objects unloaded after import = 3

========================================================================
Received Import Request.
  Time since last request: 0.072342 seconds.
  path: Assets/Modern UI Pack/Prefabs/Scrollbar/Scrollbar.prefab
  artifactKey: Guid(046e1ceafe93c134f844e1be0cd81dc6) Importer(2089858483,b0f066a214c2f5e87bad3c948f4d605d)
Start importing Assets/Modern UI Pack/Prefabs/Scrollbar/Scrollbar.prefab using Guid(046e1ceafe93c134f844e1be0cd81dc6) Importer(2089858483,b0f066a214c2f5e87bad3c948f4d605d) (ScriptedImporter) -> (artifact id: '1fa41adbf9d87774af309db9ad9a0966') in 0.0499398 seconds
Number of updated asset objects reloaded before import = 0Number of asset objects unloaded after import = 49

========================================================================
Received Import Request.
  Time since last request: 0.000015 seconds.
  path: Assets/Modern UI Pack/Animations/Tooltip/Tooltip.controller
  artifactKey: Guid(06d31d7b522632e49af62700d10bcc6b) Importer(2089858483,b0f066a214c2f5e87bad3c948f4d605d)
Start importing Assets/Modern UI Pack/Animations/Tooltip/Tooltip.controller using Guid(06d31d7b522632e49af62700d10bcc6b) Importer(2089858483,b0f066a214c2f5e87bad3c948f4d605d) (ScriptedImporter) -> (artifact id: 'b7e575c31c3ea2cb83f1a09ed83ec2f2') in 0.0077101 seconds
Number of updated asset objects reloaded before import = 0Number of asset objects unloaded after import = 8

========================================================================
Received Import Request.
  Time since last request: 0.000028 seconds.
  path: Assets/Modern UI Pack/Textures/Icon/Web & Cloud/Cloud Download Filled.png
  artifactKey: Guid(6ef0d7c5de16ca14fb868b4cbd8f05c5) Importer(2089858483,b0f066a214c2f5e87bad3c948f4d605d)
Start importing Assets/Modern UI Pack/Textures/Icon/Web & Cloud/Cloud Download Filled.png using Guid(6ef0d7c5de16ca14fb868b4cbd8f05c5) Importer(2089858483,b0f066a214c2f5e87bad3c948f4d605d) (ScriptedImporter) -> (artifact id: '934191043892cffd65894f91f7a25555') in 0.0116657 seconds
Number of updated asset objects reloaded before import = 0Number of asset objects unloaded after import = 3

========================================================================
Received Import Request.
  Time since last request: 0.000018 seconds.
  path: Assets/Modern UI Pack/Textures/Icon/Common/Eye.png
  artifactKey: Guid(e07717fc47a510742ac0b11da205b050) Importer(2089858483,b0f066a214c2f5e87bad3c948f4d605d)
Start importing Assets/Modern UI Pack/Textures/Icon/Common/Eye.png using Guid(e07717fc47a510742ac0b11da205b050) Importer(2089858483,b0f066a214c2f5e87bad3c948f4d605d) (ScriptedImporter) -> (artifact id: '8346d1476eece4529ab085b6778aee55') in 0.0114625 seconds
Number of updated asset objects reloaded before import = 0Number of asset objects unloaded after import = 3

========================================================================
Received Import Request.
  Time since last request: 0.044461 seconds.
  path: Assets/Modern UI Pack/Scripts/UI Manager/UIManagerTooltip.cs
  artifactKey: Guid(38efc2a00eadebc409b20491d68ef527) Importer(2089858483,b0f066a214c2f5e87bad3c948f4d605d)
Start importing Assets/Modern UI Pack/Scripts/UI Manager/UIManagerTooltip.cs using Guid(38efc2a00eadebc409b20491d68ef527) Importer(2089858483,b0f066a214c2f5e87bad3c948f4d605d) (ScriptedImporter) -> (artifact id: '70f44420e4b4b23b46dff41f24788f4a') in 0.0064814 seconds
Number of updated asset objects reloaded before import = 0Number of asset objects unloaded after import = 1

========================================================================
Received Import Request.
  Time since last request: 0.000012 seconds.
  path: Assets/Modern UI Pack/Textures/Icon/Map/Map.png
  artifactKey: Guid(4b307c9f1eae5644a865e61b227b969e) Importer(2089858483,b0f066a214c2f5e87bad3c948f4d605d)
Start importing Assets/Modern UI Pack/Textures/Icon/Map/Map.png using Guid(4b307c9f1eae5644a865e61b227b969e) Importer(2089858483,b0f066a214c2f5e87bad3c948f4d605d) (ScriptedImporter) -> (artifact id: '5f88cb5ebaff62f5040db243cf63e7b5') in 0.01137 seconds
Number of updated asset objects reloaded before import = 0Number of asset objects unloaded after import = 3

========================================================================
Received Import Request.
  Time since last request: 0.000022 seconds.
  path: Assets/Modern UI Pack/Textures/Icon/Reward/Trophy.png
  artifactKey: Guid(65a1928224b8541439b433a52ea9c3d9) Importer(2089858483,b0f066a214c2f5e87bad3c948f4d605d)
Start importing Assets/Modern UI Pack/Textures/Icon/Reward/Trophy.png using Guid(65a1928224b8541439b433a52ea9c3d9) Importer(2089858483,b0f066a214c2f5e87bad3c948f4d605d) (ScriptedImporter) -> (artifact id: '3daeb9b05e68103703758a112913a20c') in 0.0090685 seconds
Number of updated asset objects reloaded before import = 0Number of asset objects unloaded after import = 3

========================================================================
Received Import Request.
  Time since last request: 0.000024 seconds.
  path: Assets/Modern UI Pack/Textures/Icon/Business & Commerce/Pie Chart.png
  artifactKey: Guid(50468c85a5e6a904d966861b80e1cda9) Importer(2089858483,b0f066a214c2f5e87bad3c948f4d605d)
Start importing Assets/Modern UI Pack/Textures/Icon/Business & Commerce/Pie Chart.png using Guid(50468c85a5e6a904d966861b80e1cda9) Importer(2089858483,b0f066a214c2f5e87bad3c948f4d605d) (ScriptedImporter) -> (artifact id: 'a37ca67543490135280833a967ef054b') in 0.013047 seconds
Number of updated asset objects reloaded before import = 0Number of asset objects unloaded after import = 3

========================================================================
Received Import Request.
  Time since last request: 0.082333 seconds.
  path: Assets/Modern UI Pack/Animations/Progress Bar/Material Spinner.anim
  artifactKey: Guid(54a8e79224dd1ed41bffbaa316ed272d) Importer(2089858483,b0f066a214c2f5e87bad3c948f4d605d)
Start importing Assets/Modern UI Pack/Animations/Progress Bar/Material Spinner.anim using Guid(54a8e79224dd1ed41bffbaa316ed272d) Importer(2089858483,b0f066a214c2f5e87bad3c948f4d605d) (ScriptedImporter) -> (artifact id: '189a5691b9836b40d489f521370892eb') in 0.008202 seconds
Number of updated asset objects reloaded before import = 0Number of asset objects unloaded after import = 1

========================================================================
Received Import Request.
  Time since last request: 0.000015 seconds.
  path: Assets/Modern UI Pack/Animations/Window Manager/Normal to Hover.anim
  artifactKey: Guid(7a1188b0af02686459b687591ed5c000) Importer(2089858483,b0f066a214c2f5e87bad3c948f4d605d)
Start importing Assets/Modern UI Pack/Animations/Window Manager/Normal to Hover.anim using Guid(7a1188b0af02686459b687591ed5c000) Importer(2089858483,b0f066a214c2f5e87bad3c948f4d605d) (ScriptedImporter) -> (artifact id: '2105ecb1e1d37f1fb897666591ea4472') in 0.0094756 seconds
Number of updated asset objects reloaded before import = 0Number of asset objects unloaded after import = 1

========================================================================
Received Import Request.
  Time since last request: 0.000025 seconds.
  path: Assets/Modern UI Pack/Editor/Icons/FoldoutClose.png
  artifactKey: Guid(460b6d3d2d8414a459525369ef47ae6b) Importer(2089858483,b0f066a214c2f5e87bad3c948f4d605d)
Start importing Assets/Modern UI Pack/Editor/Icons/FoldoutClose.png using Guid(460b6d3d2d8414a459525369ef47ae6b) Importer(2089858483,b0f066a214c2f5e87bad3c948f4d605d) (ScriptedImporter) -> (artifact id: 'be84a3c6ebd58aac104db8b9e2a2958e') in 0.0104836 seconds
Number of updated asset objects reloaded before import = 0Number of asset objects unloaded after import = 1

========================================================================
Received Import Request.
  Time since last request: 0.000011 seconds.
  path: Assets/Modern UI Pack/Prefabs/Button/Rounded - Outline Gradient/Gray.prefab
  artifactKey: Guid(71490e0609ae8554993ccd01c615d13c) Importer(2089858483,b0f066a214c2f5e87bad3c948f4d605d)
Start importing Assets/Modern UI Pack/Prefabs/Button/Rounded - Outline Gradient/Gray.prefab using Guid(71490e0609ae8554993ccd01c615d13c) Importer(2089858483,b0f066a214c2f5e87bad3c948f4d605d) (ScriptedImporter) -> (artifact id: '589783fe3b769399aa90547f92fa01d4') in 0.037266 seconds
Number of updated asset objects reloaded before import = 0Number of asset objects unloaded after import = 116

========================================================================
Received Import Request.
  Time since last request: 0.033561 seconds.
  path: Assets/Modern UI Pack/Animations/Animated Icon/Heart Pop.controller
  artifactKey: Guid(71330a5645a0c9c4e8ed687be8e6ad97) Importer(2089858483,b0f066a214c2f5e87bad3c948f4d605d)
Start importing Assets/Modern UI Pack/Animations/Animated Icon/Heart Pop.controller using Guid(71330a5645a0c9c4e8ed687be8e6ad97) Importer(2089858483,b0f066a214c2f5e87bad3c948f4d605d) (ScriptedImporter) -> (artifact id: '59b0c284dec3288f3753702c5ff7c0d3') in 0.0081999 seconds
Number of updated asset objects reloaded before import = 0Number of asset objects unloaded after import = 6

========================================================================
Received Import Request.
  Time since last request: 0.000016 seconds.
  path: Assets/Modern UI Pack/Textures/Icon/UI Elements/Modal Window.png
  artifactKey: Guid(68245c7c4b23d6a4982d0ef819222e4b) Importer(2089858483,b0f066a214c2f5e87bad3c948f4d605d)
Start importing Assets/Modern UI Pack/Textures/Icon/UI Elements/Modal Window.png using Guid(68245c7c4b23d6a4982d0ef819222e4b) Importer(2089858483,b0f066a214c2f5e87bad3c948f4d605d) (ScriptedImporter) -> (artifact id: 'c662e0198fe85d568ec318e8aac07be6') in 0.015708 seconds
Number of updated asset objects reloaded before import = 0Number of asset objects unloaded after import = 3

========================================================================
Received Import Request.
  Time since last request: 0.000018 seconds.
  path: Assets/Modern UI Pack/Prefabs/Button/Basic - Gradient
  artifactKey: Guid(d93060c2f71bad44e916d9a6c8813acf) Importer(2089858483,b0f066a214c2f5e87bad3c948f4d605d)
Start importing Assets/Modern UI Pack/Prefabs/Button/Basic - Gradient using Guid(d93060c2f71bad44e916d9a6c8813acf) Importer(2089858483,b0f066a214c2f5e87bad3c948f4d605d) (ScriptedImporter) -> (artifact id: '03e332d77604643d449fc4266ae09bee') in 0.0039549 seconds
Number of updated asset objects reloaded before import = 0Number of asset objects unloaded after import = 1

========================================================================
Received Import Request.
  Time since last request: 0.000025 seconds.
  path: Assets/Modern UI Pack/Textures/Icon/UI Elements/Progress Bar.png
  artifactKey: Guid(692a50acc1b51e747b22a0a765cf262d) Importer(2089858483,b0f066a214c2f5e87bad3c948f4d605d)
Start importing Assets/Modern UI Pack/Textures/Icon/UI Elements/Progress Bar.png using Guid(692a50acc1b51e747b22a0a765cf262d) Importer(2089858483,b0f066a214c2f5e87bad3c948f4d605d) (ScriptedImporter) -> (artifact id: '2e27fb32385343aecf8180d23a158bb7') in 0.0143296 seconds
Number of updated asset objects reloaded before import = 0Number of asset objects unloaded after import = 3

========================================================================
Received Import Request.
  Time since last request: 0.074749 seconds.
  path: Assets/Modern UI Pack/Animations/Window Manager/Window Manager Alt.controller
  artifactKey: Guid(fe7bea43436fe0b4caec369d99a23931) Importer(2089858483,b0f066a214c2f5e87bad3c948f4d605d)
Start importing Assets/Modern UI Pack/Animations/Window Manager/Window Manager Alt.controller using Guid(fe7bea43436fe0b4caec369d99a23931) Importer(2089858483,b0f066a214c2f5e87bad3c948f4d605d) (ScriptedImporter) -> (artifact id: '11f28ec0d54373a693d6bab0ef9b0943') in 0.0078829 seconds
Number of updated asset objects reloaded before import = 0Number of asset objects unloaded after import = 8

========================================================================
Received Import Request.
  Time since last request: 0.000021 seconds.
  path: Assets/Modern UI Pack/Animations/Window Manager/Normal to Pressed.anim
  artifactKey: Guid(fa4a11b67ebd39d478f293b892953214) Importer(2089858483,b0f066a214c2f5e87bad3c948f4d605d)
Start importing Assets/Modern UI Pack/Animations/Window Manager/Normal to Pressed.anim using Guid(fa4a11b67ebd39d478f293b892953214) Importer(2089858483,b0f066a214c2f5e87bad3c948f4d605d) (ScriptedImporter) -> (artifact id: '6fbc05b92a1f9c3f38aaa7858e0e5e6e') in 0.0077602 seconds
Number of updated asset objects reloaded before import = 0Number of asset objects unloaded after import = 1

========================================================================
Received Import Request.
  Time since last request: 0.000021 seconds.
  path: Assets/Modern UI Pack/Scripts/Horizontal Selector/HorizontalSelector.cs
  artifactKey: Guid(125c77e2c7bf16f4792824151a1d9249) Importer(2089858483,b0f066a214c2f5e87bad3c948f4d605d)
Start importing Assets/Modern UI Pack/Scripts/Horizontal Selector/HorizontalSelector.cs using Guid(125c77e2c7bf16f4792824151a1d9249) Importer(2089858483,b0f066a214c2f5e87bad3c948f4d605d) (ScriptedImporter) -> (artifact id: '0e112d0a2628c8bcf80ced61368adbd3') in 0.0055299 seconds
Number of updated asset objects reloaded before import = 0Number of asset objects unloaded after import = 1

========================================================================
Received Import Request.
  Time since last request: 0.000014 seconds.
  path: Assets/Modern UI Pack/Prefabs/Button/Basic - Gradient/Red.prefab
  artifactKey: Guid(b2a7c376ecaa0374ba8b5a0143a9178e) Importer(2089858483,b0f066a214c2f5e87bad3c948f4d605d)
Start importing Assets/Modern UI Pack/Prefabs/Button/Basic - Gradient/Red.prefab using Guid(b2a7c376ecaa0374ba8b5a0143a9178e) Importer(2089858483,b0f066a214c2f5e87bad3c948f4d605d) (ScriptedImporter) -> (artifact id: 'e686d2c47ebd2f82f82a78c619b85063') in 0.042477 seconds
Number of updated asset objects reloaded before import = 0Number of asset objects unloaded after import = 113

========================================================================
Received Import Request.
  Time since last request: 0.081553 seconds.
  path: Assets/Modern UI Pack/Prefabs/Button/Rounded - Outline/Purple.prefab
  artifactKey: Guid(86cb4e3642063504bbeb097c0e7d397b) Importer(2089858483,b0f066a214c2f5e87bad3c948f4d605d)
Start importing Assets/Modern UI Pack/Prefabs/Button/Rounded - Outline/Purple.prefab using Guid(86cb4e3642063504bbeb097c0e7d397b) Importer(2089858483,b0f066a214c2f5e87bad3c948f4d605d) (ScriptedImporter) -> (artifact id: 'c4ddb1ae0701ba4595d9261353227be7') in 0.0412558 seconds
Number of updated asset objects reloaded before import = 0Number of asset objects unloaded after import = 111

========================================================================
Received Import Request.
  Time since last request: 0.000017 seconds.
  path: Assets/Modern UI Pack/Prefabs/Button/Basic/Pink.prefab
  artifactKey: Guid(c6a73aa55ded287468b2cfe91a838a7b) Importer(2089858483,b0f066a214c2f5e87bad3c948f4d605d)
Start importing Assets/Modern UI Pack/Prefabs/Button/Basic/Pink.prefab using Guid(c6a73aa55ded287468b2cfe91a838a7b) Importer(2089858483,b0f066a214c2f5e87bad3c948f4d605d) (ScriptedImporter) -> (artifact id: '79b0b39ee86da6b2f9f1c1f4e28ca4d9') in 0.0375862 seconds
Number of updated asset objects reloaded before import = 0Number of asset objects unloaded after import = 110

========================================================================
Received Import Request.
  Time since last request: 0.000033 seconds.
  path: Assets/Modern UI Pack/Scripts/Notification
  artifactKey: Guid(c0db2f43179626c4c8c191409b03c43a) Importer(2089858483,b0f066a214c2f5e87bad3c948f4d605d)
Start importing Assets/Modern UI Pack/Scripts/Notification using Guid(c0db2f43179626c4c8c191409b03c43a) Importer(2089858483,b0f066a214c2f5e87bad3c948f4d605d) (ScriptedImporter) -> (artifact id: '8890f6a6338fff60985d476e4023feb5') in 0.005592 seconds
Number of updated asset objects reloaded before import = 0Number of asset objects unloaded after import = 1

========================================================================
Received Import Request.
  Time since last request: 0.000013 seconds.
  path: Assets/Modern UI Pack/Textures/Icon/Communication & Social/Reddit Filled.png
  artifactKey: Guid(c6818622dca7e704185912c9d9bafd97) Importer(2089858483,b0f066a214c2f5e87bad3c948f4d605d)
Start importing Assets/Modern UI Pack/Textures/Icon/Communication & Social/Reddit Filled.png using Guid(c6818622dca7e704185912c9d9bafd97) Importer(2089858483,b0f066a214c2f5e87bad3c948f4d605d) (ScriptedImporter) -> (artifact id: 'def90d6f63ce54bd6e7c68b542ead8f5') in 0.0113566 seconds
Number of updated asset objects reloaded before import = 0Number of asset objects unloaded after import = 3

========================================================================
Received Import Request.
  Time since last request: 0.042312 seconds.
  path: Assets/Modern UI Pack/Textures/Icon/Reward
  artifactKey: Guid(59c2830f60cd6434b95836ffb9d1f4b7) Importer(2089858483,b0f066a214c2f5e87bad3c948f4d605d)
Start importing Assets/Modern UI Pack/Textures/Icon/Reward using Guid(59c2830f60cd6434b95836ffb9d1f4b7) Importer(2089858483,b0f066a214c2f5e87bad3c948f4d605d) (ScriptedImporter) -> (artifact id: 'bea710c4a31b9cfb0862d7d5ffd81b8c') in 0.0053905 seconds
Number of updated asset objects reloaded before import = 0Number of asset objects unloaded after import = 1

========================================================================
Received Import Request.
  Time since last request: 0.000015 seconds.
  path: Assets/Modern UI Pack/Textures/Icon/Others/Expand.png
  artifactKey: Guid(8dcd5f373cd25944eb819fc6795f9dfa) Importer(2089858483,b0f066a214c2f5e87bad3c948f4d605d)
Start importing Assets/Modern UI Pack/Textures/Icon/Others/Expand.png using Guid(8dcd5f373cd25944eb819fc6795f9dfa) Importer(2089858483,b0f066a214c2f5e87bad3c948f4d605d) (ScriptedImporter) -> (artifact id: 'b9ecddff4939b0e91e8074519db13447') in 0.0125676 seconds
Number of updated asset objects reloaded before import = 0Number of asset objects unloaded after import = 3

========================================================================
Received Import Request.
  Time since last request: 0.000026 seconds.
  path: Assets/Modern UI Pack/Prefabs/Button/Basic - Outline
  artifactKey: Guid(f78e03d6874120f428d17225fc1e072c) Importer(2089858483,b0f066a214c2f5e87bad3c948f4d605d)
Start importing Assets/Modern UI Pack/Prefabs/Button/Basic - Outline using Guid(f78e03d6874120f428d17225fc1e072c) Importer(2089858483,b0f066a214c2f5e87bad3c948f4d605d) (ScriptedImporter) -> (artifact id: 'd3e0ad8d7bc62fb648777d6499c4e379') in 0.005408 seconds
Number of updated asset objects reloaded before import = 0Number of asset objects unloaded after import = 1

========================================================================
Received Import Request.
  Time since last request: 0.000030 seconds.
  path: Assets/Modern UI Pack/Textures/Icon/Business & Commerce/Shopping Bag.png
  artifactKey: Guid(e7f5d551fd1925040bd01a8ec66c0ae0) Importer(2089858483,b0f066a214c2f5e87bad3c948f4d605d)
Start importing Assets/Modern UI Pack/Textures/Icon/Business & Commerce/Shopping Bag.png using Guid(e7f5d551fd1925040bd01a8ec66c0ae0) Importer(2089858483,b0f066a214c2f5e87bad3c948f4d605d) (ScriptedImporter) -> (artifact id: '2d10a1f84bf254a9e3db8f7c5d9ce38a') in 0.0177438 seconds
Number of updated asset objects reloaded before import = 0Number of asset objects unloaded after import = 3

========================================================================
Received Import Request.
  Time since last request: 0.073981 seconds.
  path: Assets/Modern UI Pack/Scripts/Switch/SwitchManagerEditor.cs
  artifactKey: Guid(64c43837553166847bd23a630a8ca39d) Importer(2089858483,b0f066a214c2f5e87bad3c948f4d605d)
Start importing Assets/Modern UI Pack/Scripts/Switch/SwitchManagerEditor.cs using Guid(64c43837553166847bd23a630a8ca39d) Importer(2089858483,b0f066a214c2f5e87bad3c948f4d605d) (ScriptedImporter) -> (artifact id: '11ba2ce1d9c97d2cee9d8951e083d72e') in 0.0075388 seconds
Number of updated asset objects reloaded before import = 0Number of asset objects unloaded after import = 0

========================================================================
Received Import Request.
  Time since last request: 0.000022 seconds.
  path: Assets/Modern UI Pack/Scripts/Icon/IconManager.cs
  artifactKey: Guid(603d9687b95941549aee6d293dae7de4) Importer(2089858483,b0f066a214c2f5e87bad3c948f4d605d)
Start importing Assets/Modern UI Pack/Scripts/Icon/IconManager.cs using Guid(603d9687b95941549aee6d293dae7de4) Importer(2089858483,b0f066a214c2f5e87bad3c948f4d605d) (ScriptedImporter) -> (artifact id: '59e772183c919e0c7b49e6fe1f525006') in 0.0060552 seconds
Number of updated asset objects reloaded before import = 0Number of asset objects unloaded after import = 1

========================================================================
Received Import Request.
  Time since last request: 0.000030 seconds.
  path: Assets/Modern UI Pack/Prefabs/Button/Basic - Outline/Orange.prefab
  artifactKey: Guid(8aaf06c724cd6ca448c319c2137fa057) Importer(2089858483,b0f066a214c2f5e87bad3c948f4d605d)
Start importing Assets/Modern UI Pack/Prefabs/Button/Basic - Outline/Orange.prefab using Guid(8aaf06c724cd6ca448c319c2137fa057) Importer(2089858483,b0f066a214c2f5e87bad3c948f4d605d) (ScriptedImporter) -> (artifact id: '6b847def89bc44346c320d32f43aa498') in 0.0403621 seconds
Number of updated asset objects reloaded before import = 0Number of asset objects unloaded after import = 112

========================================================================
Received Import Request.
  Time since last request: 0.000023 seconds.
  path: Assets/Modern UI Pack/Prefabs/Notification/Fading Notification.prefab
  artifactKey: Guid(46c25b00d174c7e469f9ac0e0f8308cc) Importer(2089858483,b0f066a214c2f5e87bad3c948f4d605d)
Start importing Assets/Modern UI Pack/Prefabs/Notification/Fading Notification.prefab using Guid(46c25b00d174c7e469f9ac0e0f8308cc) Importer(2089858483,b0f066a214c2f5e87bad3c948f4d605d) (ScriptedImporter) -> (artifact id: '8b9610d0daa70540273d18b56d688da2') in 0.0609139 seconds
Number of updated asset objects reloaded before import = 0Number of asset objects unloaded after import = 79

========================================================================
Received Import Request.
  Time since last request: 0.032592 seconds.
  path: Assets/Modern UI Pack/Prefabs/Button/Basic - Outline Gradient/Blue.prefab
  artifactKey: Guid(c83b828b4cbce32478ca503b50614a87) Importer(2089858483,b0f066a214c2f5e87bad3c948f4d605d)
Start importing Assets/Modern UI Pack/Prefabs/Button/Basic - Outline Gradient/Blue.prefab using Guid(c83b828b4cbce32478ca503b50614a87) Importer(2089858483,b0f066a214c2f5e87bad3c948f4d605d) (ScriptedImporter) -> (artifact id: '17314a7835e1c14b842278e7daa30e4d') in 0.0358861 seconds
Number of updated asset objects reloaded before import = 0Number of asset objects unloaded after import = 117

========================================================================
Received Import Request.
  Time since last request: 0.000021 seconds.
  path: Assets/Modern UI Pack/Textures/Icon/Map/World Filled.png
  artifactKey: Guid(2bd23db3dacc44f4eac341588cd1891d) Importer(2089858483,b0f066a214c2f5e87bad3c948f4d605d)
Start importing Assets/Modern UI Pack/Textures/Icon/Map/World Filled.png using Guid(2bd23db3dacc44f4eac341588cd1891d) Importer(2089858483,b0f066a214c2f5e87bad3c948f4d605d) (ScriptedImporter) -> (artifact id: 'be86da93700367348ba7df70f9288606') in 0.0120593 seconds
Number of updated asset objects reloaded before import = 0Number of asset objects unloaded after import = 3

========================================================================
Received Import Request.
  Time since last request: 0.000022 seconds.
  path: Assets/Modern UI Pack/Textures/Icon/Device/Lightbulb Filled.png
  artifactKey: Guid(2f3cd6b896e7d9d4f82a99662da14c7d) Importer(2089858483,b0f066a214c2f5e87bad3c948f4d605d)
Start importing Assets/Modern UI Pack/Textures/Icon/Device/Lightbulb Filled.png using Guid(2f3cd6b896e7d9d4f82a99662da14c7d) Importer(2089858483,b0f066a214c2f5e87bad3c948f4d605d) (ScriptedImporter) -> (artifact id: 'af2dbe4c44c353ba021d620c9d8cf15c') in 0.0123773 seconds
Number of updated asset objects reloaded before import = 0Number of asset objects unloaded after import = 3

========================================================================
Received Import Request.
  Time since last request: 0.000020 seconds.
  path: Assets/Modern UI Pack/Prefabs/Button/Basic - Gradient/Blue.prefab
  artifactKey: Guid(fea3499422a914d40b0d94e01aae43f0) Importer(2089858483,b0f066a214c2f5e87bad3c948f4d605d)
Start importing Assets/Modern UI Pack/Prefabs/Button/Basic - Gradient/Blue.prefab using Guid(fea3499422a914d40b0d94e01aae43f0) Importer(2089858483,b0f066a214c2f5e87bad3c948f4d605d) (ScriptedImporter) -> (artifact id: '1542fdda6de2ca46934dd749180b9534') in 0.0380165 seconds
Number of updated asset objects reloaded before import = 0Number of asset objects unloaded after import = 113

========================================================================
Received Import Request.
  Time since last request: 0.000020 seconds.
  path: Assets/Modern UI Pack/Textures/Icon/Device/Lightbulb.png
  artifactKey: Guid(6ca804909faea644aa355ec5c5a9e1ba) Importer(2089858483,b0f066a214c2f5e87bad3c948f4d605d)
Start importing Assets/Modern UI Pack/Textures/Icon/Device/Lightbulb.png using Guid(6ca804909faea644aa355ec5c5a9e1ba) Importer(2089858483,b0f066a214c2f5e87bad3c948f4d605d) (ScriptedImporter) -> (artifact id: 'c1e12e69130fa15b49d0a7f82c669932') in 0.0103853 seconds
Number of updated asset objects reloaded before import = 0Number of asset objects unloaded after import = 3

========================================================================
Received Import Request.
  Time since last request: 0.000019 seconds.
  path: Assets/Modern UI Pack/Prefabs/Slider/Outline/Slider - Outline (Value).prefab
  artifactKey: Guid(f0c8072b353884d4b93bf35bcdeab4ec) Importer(2089858483,b0f066a214c2f5e87bad3c948f4d605d)
Start importing Assets/Modern UI Pack/Prefabs/Slider/Outline/Slider - Outline (Value).prefab using Guid(f0c8072b353884d4b93bf35bcdeab4ec) Importer(2089858483,b0f066a214c2f5e87bad3c948f4d605d) (ScriptedImporter) -> (artifact id: '0563a99a5da1632e7afa46c547fc2602') in 0.0515154 seconds
Number of updated asset objects reloaded before import = 0Number of asset objects unloaded after import = 66

========================================================================
Received Import Request.
  Time since last request: 0.000035 seconds.
  path: Assets/Modern UI Pack/Scripts/Charts
  artifactKey: Guid(e7e0b87066b687e449d3c6c7bef1a8fd) Importer(2089858483,b0f066a214c2f5e87bad3c948f4d605d)
Start importing Assets/Modern UI Pack/Scripts/Charts using Guid(e7e0b87066b687e449d3c6c7bef1a8fd) Importer(2089858483,b0f066a214c2f5e87bad3c948f4d605d) (ScriptedImporter) -> (artifact id: 'f6848c8970205dd5657c7e7c75359854') in 0.0055538 seconds
Number of updated asset objects reloaded before import = 0Number of asset objects unloaded after import = 1

========================================================================
Received Import Request.
  Time since last request: 0.000018 seconds.
  path: Assets/Modern UI Pack/Scripts/Toggle
  artifactKey: Guid(4a85b8d85f9ff72409c540e82047e6b5) Importer(2089858483,b0f066a214c2f5e87bad3c948f4d605d)
Start importing Assets/Modern UI Pack/Scripts/Toggle using Guid(4a85b8d85f9ff72409c540e82047e6b5) Importer(2089858483,b0f066a214c2f5e87bad3c948f4d605d) (ScriptedImporter) -> (artifact id: 'dd2bc904c4558916623957cb50c5d748') in 0.005904 seconds
Number of updated asset objects reloaded before import = 0Number of asset objects unloaded after import = 1

========================================================================
Received Import Request.
  Time since last request: 0.000017 seconds.
  path: Assets/Modern UI Pack/Textures/Icon/Device/Phone Filled.png
  artifactKey: Guid(ed974d63a59b4f34487e33345c2909e4) Importer(2089858483,b0f066a214c2f5e87bad3c948f4d605d)
Start importing Assets/Modern UI Pack/Textures/Icon/Device/Phone Filled.png using Guid(ed974d63a59b4f34487e33345c2909e4) Importer(2089858483,b0f066a214c2f5e87bad3c948f4d605d) (ScriptedImporter) -> (artifact id: '6a1d86e2e2f884a86df6d9d4e0777aa7') in 0.0102808 seconds
Number of updated asset objects reloaded before import = 0Number of asset objects unloaded after import = 3

========================================================================
Received Import Request.
  Time since last request: 0.000025 seconds.
  path: Assets/Modern UI Pack/Scripts/Slider
  artifactKey: Guid(c90085adf4d40a64a817e4b9d984aeab) Importer(2089858483,b0f066a214c2f5e87bad3c948f4d605d)
Start importing Assets/Modern UI Pack/Scripts/Slider using Guid(c90085adf4d40a64a817e4b9d984aeab) Importer(2089858483,b0f066a214c2f5e87bad3c948f4d605d) (ScriptedImporter) -> (artifact id: '0523acdcc6654591d85f3ed9f6d264b2') in 0.0069323 seconds
Number of updated asset objects reloaded before import = 0Number of asset objects unloaded after import = 1

========================================================================
Received Import Request.
  Time since last request: 0.000021 seconds.
  path: Assets/Modern UI Pack/Scripts/Rendering/UIGradient.cs
  artifactKey: Guid(a9d2f9067277ade4e9b47012ea4d9e17) Importer(2089858483,b0f066a214c2f5e87bad3c948f4d605d)
Start importing Assets/Modern UI Pack/Scripts/Rendering/UIGradient.cs using Guid(a9d2f9067277ade4e9b47012ea4d9e17) Importer(2089858483,b0f066a214c2f5e87bad3c948f4d605d) (ScriptedImporter) -> (artifact id: 'e7f0e5d7ddbf443f6b88078b25d45517') in 0.0076662 seconds
Number of updated asset objects reloaded before import = 0Number of asset objects unloaded after import = 1

========================================================================
Received Import Request.
  Time since last request: 0.000014 seconds.
  path: Assets/Modern UI Pack/Prefabs/Dropdown
  artifactKey: Guid(4570af4f5f89d2f4aa0028856fd54014) Importer(2089858483,b0f066a214c2f5e87bad3c948f4d605d)
Start importing Assets/Modern UI Pack/Prefabs/Dropdown using Guid(4570af4f5f89d2f4aa0028856fd54014) Importer(2089858483,b0f066a214c2f5e87bad3c948f4d605d) (ScriptedImporter) -> (artifact id: '2469b1b1a1c80eed3d29bce758997d69') in 0.0082178 seconds
Number of updated asset objects reloaded before import = 0Number of asset objects unloaded after import = 1

========================================================================
Received Import Request.
  Time since last request: 0.000017 seconds.
  path: Assets/Modern UI Pack/Prefabs/Button/Rounded - Outline/Pink.prefab
  artifactKey: Guid(bd88f73754290f249a3c05df8937c348) Importer(2089858483,b0f066a214c2f5e87bad3c948f4d605d)
Start importing Assets/Modern UI Pack/Prefabs/Button/Rounded - Outline/Pink.prefab using Guid(bd88f73754290f249a3c05df8937c348) Importer(2089858483,b0f066a214c2f5e87bad3c948f4d605d) (ScriptedImporter) -> (artifact id: '7c331a8cb5a910746450d13d1dc842da') in 0.0514975 seconds
Number of updated asset objects reloaded before import = 0Number of asset objects unloaded after import = 111

========================================================================
Received Import Request.
  Time since last request: 0.000018 seconds.
  path: Assets/Modern UI Pack/Textures/Icon/Weather
  artifactKey: Guid(6cb9f2dd6dd5a3a4c99a790fb5d53967) Importer(2089858483,b0f066a214c2f5e87bad3c948f4d605d)
Start importing Assets/Modern UI Pack/Textures/Icon/Weather using Guid(6cb9f2dd6dd5a3a4c99a790fb5d53967) Importer(2089858483,b0f066a214c2f5e87bad3c948f4d605d) (ScriptedImporter) -> (artifact id: 'a3a1ea5aa96f724e58a971b617e3a1a2') in 0.0044763 seconds
Number of updated asset objects reloaded before import = 0Number of asset objects unloaded after import = 1

========================================================================
Received Import Request.
  Time since last request: 0.000038 seconds.
  path: Assets/Modern UI Pack/Animations/Modal Window/Style 1/Fade-out.anim
  artifactKey: Guid(efd3a26461fe9ae40936af7b248af78f) Importer(2089858483,b0f066a214c2f5e87bad3c948f4d605d)
Start importing Assets/Modern UI Pack/Animations/Modal Window/Style 1/Fade-out.anim using Guid(efd3a26461fe9ae40936af7b248af78f) Importer(2089858483,b0f066a214c2f5e87bad3c948f4d605d) (ScriptedImporter) -> (artifact id: '56f8a4592179b97afa700eb0919db2ae') in 0.0085812 seconds
Number of updated asset objects reloaded before import = 0Number of asset objects unloaded after import = 1

========================================================================
Received Import Request.
  Time since last request: 0.000035 seconds.
  path: Assets/Modern UI Pack/Animations/Animated Icon/Window.controller
  artifactKey: Guid(0ce453cb2a736a14c9488ae42003fb56) Importer(2089858483,b0f066a214c2f5e87bad3c948f4d605d)
Start importing Assets/Modern UI Pack/Animations/Animated Icon/Window.controller using Guid(0ce453cb2a736a14c9488ae42003fb56) Importer(2089858483,b0f066a214c2f5e87bad3c948f4d605d) (ScriptedImporter) -> (artifact id: '1edc85e75ca0b2ae88d3c0fe095fea01') in 0.0085652 seconds
Number of updated asset objects reloaded before import = 0Number of asset objects unloaded after import = 6

========================================================================
Received Import Request.
  Time since last request: 0.000023 seconds.
  path: Assets/Modern UI Pack/Prefabs/Horizontal Selector
  artifactKey: Guid(f4a40065b2ae5ec499b53073a496fa59) Importer(2089858483,b0f066a214c2f5e87bad3c948f4d605d)
Start importing Assets/Modern UI Pack/Prefabs/Horizontal Selector using Guid(f4a40065b2ae5ec499b53073a496fa59) Importer(2089858483,b0f066a214c2f5e87bad3c948f4d605d) (ScriptedImporter) -> (artifact id: 'a57ad449a8742e91f57ff58221db25b1') in 0.0050869 seconds
Number of updated asset objects reloaded before import = 0Number of asset objects unloaded after import = 1

========================================================================
Received Import Request.
  Time since last request: 0.000039 seconds.
  path: Assets/Modern UI Pack/Animations/Window Manager/Button.controller
  artifactKey: Guid(98ad0e65c5b140d4aad191ac131b9ca4) Importer(2089858483,b0f066a214c2f5e87bad3c948f4d605d)
Start importing Assets/Modern UI Pack/Animations/Window Manager/Button.controller using Guid(98ad0e65c5b140d4aad191ac131b9ca4) Importer(2089858483,b0f066a214c2f5e87bad3c948f4d605d) (ScriptedImporter) -> (artifact id: 'e0e4a7b4a044273710ccfbb4fb82df88') in 0.0095534 seconds
Number of updated asset objects reloaded before import = 0Number of asset objects unloaded after import = 12

========================================================================
Received Import Request.
  Time since last request: 0.000019 seconds.
  path: Assets/Modern UI Pack/Textures/Border/Rounded/32px/Rounded Outline 32px - 4x.png
  artifactKey: Guid(4859a9b48155b404492c5e59833bdea8) Importer(2089858483,b0f066a214c2f5e87bad3c948f4d605d)
Start importing Assets/Modern UI Pack/Textures/Border/Rounded/32px/Rounded Outline 32px - 4x.png using Guid(4859a9b48155b404492c5e59833bdea8) Importer(2089858483,b0f066a214c2f5e87bad3c948f4d605d) (ScriptedImporter) -> (artifact id: 'cba7027a220beab7e365cd8693e6421d') in 0.0085836 seconds
Number of updated asset objects reloaded before import = 0Number of asset objects unloaded after import = 3

========================================================================
Received Import Request.
  Time since last request: 0.000028 seconds.
  path: Assets/Modern UI Pack/Animations/Context Menu/Sub Menu In.anim
  artifactKey: Guid(c59bad1dd326f4845ad565b482a28e9e) Importer(2089858483,b0f066a214c2f5e87bad3c948f4d605d)
Start importing Assets/Modern UI Pack/Animations/Context Menu/Sub Menu In.anim using Guid(c59bad1dd326f4845ad565b482a28e9e) Importer(2089858483,b0f066a214c2f5e87bad3c948f4d605d) (ScriptedImporter) -> (artifact id: 'ee2beabe423ffa9c8ea9ae093a0025e4') in 0.0107185 seconds
Number of updated asset objects reloaded before import = 0Number of asset objects unloaded after import = 1

========================================================================
Received Import Request.
  Time since last request: 0.000048 seconds.
  path: Assets/Modern UI Pack/Animations/Horizontal Selector/HS Idle.anim
  artifactKey: Guid(beb8aaba7a2f6fd43ac676777a381cb3) Importer(2089858483,b0f066a214c2f5e87bad3c948f4d605d)
Start importing Assets/Modern UI Pack/Animations/Horizontal Selector/HS Idle.anim using Guid(beb8aaba7a2f6fd43ac676777a381cb3) Importer(2089858483,b0f066a214c2f5e87bad3c948f4d605d) (ScriptedImporter) -> (artifact id: '2aed937317d3ef8e78620723a800344f') in 0.0095288 seconds
Number of updated asset objects reloaded before import = 0Number of asset objects unloaded after import = 1

========================================================================
Received Import Request.
  Time since last request: 0.000020 seconds.
  path: Assets/Modern UI Pack/Editor/Icons/SubHeaderButton.png
  artifactKey: Guid(e1d870045d1f38449987a3d36e42aea6) Importer(2089858483,b0f066a214c2f5e87bad3c948f4d605d)
Start importing Assets/Modern UI Pack/Editor/Icons/SubHeaderButton.png using Guid(e1d870045d1f38449987a3d36e42aea6) Importer(2089858483,b0f066a214c2f5e87bad3c948f4d605d) (ScriptedImporter) -> (artifact id: 'a3821bfa6eae8c5d5adb908ee1c93e59') in 0.0097321 seconds
Number of updated asset objects reloaded before import = 0Number of asset objects unloaded after import = 1

========================================================================
Received Import Request.
  Time since last request: 0.000021 seconds.
  path: Assets/Modern UI Pack/Textures/Icon/Reward/Trophy Filled.png
  artifactKey: Guid(e204a8e438cd52f48b1fdea1c46d4c3b) Importer(2089858483,b0f066a214c2f5e87bad3c948f4d605d)
Start importing Assets/Modern UI Pack/Textures/Icon/Reward/Trophy Filled.png using Guid(e204a8e438cd52f48b1fdea1c46d4c3b) Importer(2089858483,b0f066a214c2f5e87bad3c948f4d605d) (ScriptedImporter) -> (artifact id: 'd879948ed69aa7c43223e2f1b387b98d') in 0.0135529 seconds
Number of updated asset objects reloaded before import = 0Number of asset objects unloaded after import = 3

========================================================================
Received Import Request.
  Time since last request: 0.000023 seconds.
  path: Assets/Modern UI Pack/Textures/Icon/UI Elements/Switch.png
  artifactKey: Guid(c03773fe82dedfa4e815f2685050213e) Importer(2089858483,b0f066a214c2f5e87bad3c948f4d605d)
Start importing Assets/Modern UI Pack/Textures/Icon/UI Elements/Switch.png using Guid(c03773fe82dedfa4e815f2685050213e) Importer(2089858483,b0f066a214c2f5e87bad3c948f4d605d) (ScriptedImporter) -> (artifact id: 'efeed76c2ae09a687580852c20504669') in 0.0147538 seconds
Number of updated asset objects reloaded before import = 0Number of asset objects unloaded after import = 3

========================================================================
Received Import Request.
  Time since last request: 0.855697 seconds.
  path: Assets/Modern UI Pack/Animations/Demo/Scroll for more/SFM Arrow.controller
  artifactKey: Guid(43ea75621568f284296cde399560364d) Importer(2089858483,b0f066a214c2f5e87bad3c948f4d605d)
Start importing Assets/Modern UI Pack/Animations/Demo/Scroll for more/SFM Arrow.controller using Guid(43ea75621568f284296cde399560364d) Importer(2089858483,b0f066a214c2f5e87bad3c948f4d605d) (ScriptedImporter) -> (artifact id: '5bfa3009eac70c2e32208aa35f4558f8') in 0.0064665 seconds
Number of updated asset objects reloaded before import = 0Number of asset objects unloaded after import = 4

========================================================================
Received Import Request.
  Time since last request: 0.000017 seconds.
  path: Assets/Modern UI Pack/Prefabs/Animated Icon/Yes to No.prefab
  artifactKey: Guid(c1bb788926327284baa1a5c262c036ec) Importer(2089858483,b0f066a214c2f5e87bad3c948f4d605d)
Start importing Assets/Modern UI Pack/Prefabs/Animated Icon/Yes to No.prefab using Guid(c1bb788926327284baa1a5c262c036ec) Importer(2089858483,b0f066a214c2f5e87bad3c948f4d605d) (ScriptedImporter) -> (artifact id: 'bb30f3895eb7becb7e50a9e0179fa0d0') in 0.0434558 seconds
Number of updated asset objects reloaded before import = 0Number of asset objects unloaded after import = 62

========================================================================
Received Import Request.
  Time since last request: 0.246678 seconds.
  path: Assets/Modern UI Pack/Textures/Border/Radial/256px/Radial Outline 256px - 5x.png
  artifactKey: Guid(5a4ec0c9f6e1066409609dd9249fcba5) Importer(2089858483,b0f066a214c2f5e87bad3c948f4d605d)
Start importing Assets/Modern UI Pack/Textures/Border/Radial/256px/Radial Outline 256px - 5x.png using Guid(5a4ec0c9f6e1066409609dd9249fcba5) Importer(2089858483,b0f066a214c2f5e87bad3c948f4d605d) (ScriptedImporter) -> (artifact id: 'e47bbf7d176b4c2e7aab88dbe4aa1e87') in 0.0154077 seconds
Number of updated asset objects reloaded before import = 0Number of asset objects unloaded after import = 3

========================================================================
Received Import Request.
  Time since last request: 0.000018 seconds.
  path: Assets/Modern UI Pack/Animations/Animated Icon/Notification Bell.controller
  artifactKey: Guid(751d6a7149cceaa42bc982d62ad87e23) Importer(2089858483,b0f066a214c2f5e87bad3c948f4d605d)
Start importing Assets/Modern UI Pack/Animations/Animated Icon/Notification Bell.controller using Guid(751d6a7149cceaa42bc982d62ad87e23) Importer(2089858483,b0f066a214c2f5e87bad3c948f4d605d) (ScriptedImporter) -> (artifact id: 'd6335a43f8dee7af7ad2f445621ab61c') in 0.0078057 seconds
Number of updated asset objects reloaded before import = 0Number of asset objects unloaded after import = 6

========================================================================
Received Import Request.
  Time since last request: 1.810004 seconds.
  path: Assets/Resource/Character/Charamodel/Corin (Zenless Zone Zero)/Textures/Corin_Face_D.png
  artifactKey: Guid(59150e8d0ca3304408e05d57f5f96177) Importer(2089858483,b0f066a214c2f5e87bad3c948f4d605d)
Start importing Assets/Resource/Character/Charamodel/Corin (Zenless Zone Zero)/Textures/Corin_Face_D.png using Guid(59150e8d0ca3304408e05d57f5f96177) Importer(2089858483,b0f066a214c2f5e87bad3c948f4d605d) (ScriptedImporter) -> (artifact id: '85540c87a98e37283651767088d83a24') in 0.0157564 seconds
Number of updated asset objects reloaded before import = 0Number of asset objects unloaded after import = 1

========================================================================
Received Import Request.
  Time since last request: 0.000020 seconds.
  path: Assets/Resource/Character/Charamodel/Corin (Zenless Zone Zero)/Textures/Corin_Body_N.png
  artifactKey: Guid(6f67230af0bf39c46a426d4f73fb4a5e) Importer(2089858483,b0f066a214c2f5e87bad3c948f4d605d)
Start importing Assets/Resource/Character/Charamodel/Corin (Zenless Zone Zero)/Textures/Corin_Body_N.png using Guid(6f67230af0bf39c46a426d4f73fb4a5e) Importer(2089858483,b0f066a214c2f5e87bad3c948f4d605d) (ScriptedImporter) -> (artifact id: 'b996e6e930ed9e37c0cf26b71a260475') in 0.0232332 seconds
Number of updated asset objects reloaded before import = 0Number of asset objects unloaded after import = 1

========================================================================
Received Import Request.
  Time since last request: 0.300108 seconds.
  path: Assets/Resource/Character/Charamodel/Belle (Zenless Zone Zero)/Textures/Belle_Body_Map1_D.png
  artifactKey: Guid(141cd520c6ddc5a439478655c1d17d5e) Importer(2089858483,b0f066a214c2f5e87bad3c948f4d605d)
Start importing Assets/Resource/Character/Charamodel/Belle (Zenless Zone Zero)/Textures/Belle_Body_Map1_D.png using Guid(141cd520c6ddc5a439478655c1d17d5e) Importer(2089858483,b0f066a214c2f5e87bad3c948f4d605d) (ScriptedImporter) -> (artifact id: '8496acf2381ddc9dda2bbf1a37ee6561') in 0.0191343 seconds
Number of updated asset objects reloaded before import = 0Number of asset objects unloaded after import = 1

========================================================================
Received Import Request.
  Time since last request: 0.000015 seconds.
  path: Assets/Resource/Character/Charamodel/Belle (Zenless Zone Zero)/Textures
  artifactKey: Guid(b5eccebb40edbf64ba6e36d746b34900) Importer(2089858483,b0f066a214c2f5e87bad3c948f4d605d)
Start importing Assets/Resource/Character/Charamodel/Belle (Zenless Zone Zero)/Textures using Guid(b5eccebb40edbf64ba6e36d746b34900) Importer(2089858483,b0f066a214c2f5e87bad3c948f4d605d) (ScriptedImporter) -> (artifact id: '59899b3a3c5470c8744d757aff0a08f6') in 0.0058786 seconds
Number of updated asset objects reloaded before import = 0Number of asset objects unloaded after import = 1

========================================================================
Received Import Request.
  Time since last request: 43.539431 seconds.
  path: Assets/Resource/Character/Charamodel/Von Lycaon (Zenless Zone Zero)/Textures/Male_Face_03_lightmap.png
  artifactKey: Guid(339efdcc34fb84d45b135c5d257564b0) Importer(2089858483,b0f066a214c2f5e87bad3c948f4d605d)
Start importing Assets/Resource/Character/Charamodel/Von Lycaon (Zenless Zone Zero)/Textures/Male_Face_03_lightmap.png using Guid(339efdcc34fb84d45b135c5d257564b0) Importer(2089858483,b0f066a214c2f5e87bad3c948f4d605d) (ScriptedImporter) -> (artifact id: '60926d045b6e87776fc3abc913c48110') in 0.0121462 seconds
Number of updated asset objects reloaded before import = 0Number of asset objects unloaded after import = 1

========================================================================
Received Import Request.
  Time since last request: 0.000014 seconds.
  path: Assets/Resource/Character/Charamodel/Von Lycaon (Zenless Zone Zero)/Textures/Eff_MatCap_15.png
  artifactKey: Guid(8f8394b4238220345b8cbed0d270b456) Importer(2089858483,b0f066a214c2f5e87bad3c948f4d605d)
Start importing Assets/Resource/Character/Charamodel/Von Lycaon (Zenless Zone Zero)/Textures/Eff_MatCap_15.png using Guid(8f8394b4238220345b8cbed0d270b456) Importer(2089858483,b0f066a214c2f5e87bad3c948f4d605d) (ScriptedImporter) -> (artifact id: '81471e48b69430ea33cb2975513f1eec') in 0.0120351 seconds
Number of updated asset objects reloaded before import = 0Number of asset objects unloaded after import = 1

========================================================================
Received Import Request.
  Time since last request: 34.289040 seconds.
  path: Assets/Resource/Character/Charamodel/Nicole Demara (Zenless Zone Zero)/Texture/Nostradamus_Body_N.png
  artifactKey: Guid(09db7168a71475649bce368427208936) Importer(2089858483,b0f066a214c2f5e87bad3c948f4d605d)
Start importing Assets/Resource/Character/Charamodel/Nicole Demara (Zenless Zone Zero)/Texture/Nostradamus_Body_N.png using Guid(09db7168a71475649bce368427208936) Importer(2089858483,b0f066a214c2f5e87bad3c948f4d605d) (ScriptedImporter) -> (artifact id: '75f48d48558b97a403634a1830521f59') in 0.0190719 seconds
Number of updated asset objects reloaded before import = 0Number of asset objects unloaded after import = 1

========================================================================
Received Import Request.
  Time since last request: 0.000013 seconds.
  path: Assets/Resource/Character/Charamodel/Nicole Demara (Zenless Zone Zero)/Texture
  artifactKey: Guid(bc74602d39702cf4985750ddab98d4ed) Importer(2089858483,b0f066a214c2f5e87bad3c948f4d605d)
Start importing Assets/Resource/Character/Charamodel/Nicole Demara (Zenless Zone Zero)/Texture using Guid(bc74602d39702cf4985750ddab98d4ed) Importer(2089858483,b0f066a214c2f5e87bad3c948f4d605d) (ScriptedImporter) -> (artifact id: '91adb647a855c99410ca95241252c68a') in 0.0047419 seconds
Number of updated asset objects reloaded before import = 0Number of asset objects unloaded after import = 1

========================================================================
Received Import Request.
  Time since last request: 0.000028 seconds.
  path: Assets/Resource/Character/Charamodel/Nicole Demara (Zenless Zone Zero)/Texture/Nostradamus_Weapon2_D.png
  artifactKey: Guid(eaf206e2875172d4dbbf18567cdfc3df) Importer(2089858483,b0f066a214c2f5e87bad3c948f4d605d)
Start importing Assets/Resource/Character/Charamodel/Nicole Demara (Zenless Zone Zero)/Texture/Nostradamus_Weapon2_D.png using Guid(eaf206e2875172d4dbbf18567cdfc3df) Importer(2089858483,b0f066a214c2f5e87bad3c948f4d605d) (ScriptedImporter) -> (artifact id: 'ecd0d9920b996c987314e71202153083') in 0.0149798 seconds
Number of updated asset objects reloaded before import = 0Number of asset objects unloaded after import = 1

Editor requested this worker to shutdown with reason: Scaling down because of idle timeout
AssetImportWorker is now disconnected from the server
Process exiting
Exiting without the bug reporter. Application will terminate with return code 0