[Licensing::Module] Trying to connect to existing licensing client channel...
Built from '6000.3/staging' branch; Version is '6000.3.9f1 (7a9955a4f2fa) revision 8034645'; Using compiler version '194234433'; Build Type 'Release'
[Licensing::IpcConnector] Successfully connected to: "LicenseClient-USER" at "2026-02-28T11:32:34.6306605Z"
OS: 'Windows 11  (10.0.26200) Core' Language: 'ko' Physical Memory: 32386 MB
BatchMode: 1, IsHumanControllingUs: 0, StartBugReporterOnCrash: 0, Is64bit: 1
System  architecture: x64
Process architecture: x64
Date: 2026-02-28T11:32:34Z

COMMAND LINE ARGUMENTS:
C:\Program Files\Unity\Hub\Editor\6000.3.9f1\Editor\Unity.exe
-adb2
-batchMode
-noUpm
-name
AssetImportWorker75
-projectPath
C:/Users/USER/Documents/GitHub/AR-ReversiProject
-logFile
Logs/AssetImportWorker75.log
-srvPort
58049
-job-worker-count
15
-background-job-worker-count
8
-gc-helper-count
1
-name
AssetImport
Successfully changed project path to: C:/Users/USER/Documents/GitHub/AR-ReversiProject
C:/Users/USER/Documents/GitHub/AR-ReversiProject
[UnityMemory] Configuration Parameters - Can be set up in boot.config
    "memorysetup-temp-allocator-size-nav-mesh-worker=65536"
    "memorysetup-temp-allocator-size-audio-worker=65536"
    "memorysetup-temp-allocator-size-gfx=262144"
    "memorysetup-allocator-temp-initial-block-size-main=262144"
    "memorysetup-allocator-temp-initial-block-size-worker=262144"
    "memorysetup-temp-allocator-size-background-worker=32768"
    "memorysetup-temp-allocator-size-job-worker=262144"
    "memorysetup-temp-allocator-size-preload-manager=33554432"
    "memorysetup-temp-allocator-size-gi-baking-worker=262144"
    "memorysetup-temp-allocator-size-gi-baking-worker=262144"
    "memorysetup-temp-allocator-size-gi-baking-worker=262144"
    "memorysetup-temp-allocator-size-gi-baking-worker=262144"
    "memorysetup-temp-allocator-size-gi-baking-worker=262144"
    "memorysetup-bucket-allocator-granularity=16"
    "memorysetup-bucket-allocator-bucket-count=8"
    "memorysetup-bucket-allocator-block-size=33554432"
    "memorysetup-bucket-allocator-block-count=8"
    "memorysetup-main-allocator-block-size=16777216"
    "memorysetup-thread-allocator-block-size=16777216"
    "memorysetup-gfx-main-allocator-block-size=16777216"
    "memorysetup-gfx-thread-allocator-block-size=16777216"
    "memorysetup-cache-allocator-block-size=4194304"
    "memorysetup-typetree-allocator-block-size=2097152"
    "memorysetup-profiler-bucket-allocator-granularity=16"
    "memorysetup-profiler-bucket-allocator-bucket-count=8"
    "memorysetup-profiler-bucket-allocator-block-size=33554432"
    "memorysetup-profiler-bucket-allocator-block-count=8"
    "memorysetup-profiler-allocator-block-size=16777216"
    "memorysetup-profiler-editor-allocator-block-size=1048576"
    "memorysetup-temp-allocator-size-main=16777216"
    "memorysetup-job-temp-allocator-block-size=2097152"
    "memorysetup-job-temp-allocator-block-size-background=1048576"
    "memorysetup-job-temp-allocator-reduction-small-platforms=262144"
    "memorysetup-temp-allocator-size-cloud-worker=32768"
Player connection [32608]  Target information:

Player connection [32608]  * "[IP] 172.30.1.55 [Port] 0 [Flags] 2 [Guid] 2343041746 [EditorId] 2343041746 [Version] 1048832 [Id] WindowsEditor(7,DESKTOP-BTF4SNP) [Debug] 1 [PackageName] WindowsEditor [ProjectName] Editor" 

Player connection [32608] Host joined multi-casting on [225.0.0.222:54997]...
Player connection [32608] Host joined alternative multi-casting on [225.0.0.222:34997]...
JobSystem: Creating JobQueue using job-worker-count value 15
Input System module state changed to: Initialized.
[Physics::Module] Initialized fallback backend.
[Physics::Module] Id: 0xdecafbad
Library Redirect Path: Library/
[Physics::Module] Selected backend.
[Physics::Module] Name: PhysX
[Physics::Module] Id: 0xf2b8ea05
[Physics::Module] SDK Version: 4.1.2
[Physics::Module] Integration Version: 1.0.0
[Physics::Module] Threading Mode: Multi-Threaded
Refreshing native plugins compatible for Editor in 30.55 ms, found 9 plugins.
Preloading 0 native plugins for Editor in 0.00 ms.
Initialize engine version: 6000.3.9f1 (7a9955a4f2fa)
[Subsystems] Discovering subsystems at path C:/Program Files/Unity/Hub/Editor/6000.3.9f1/Editor/Data/Resources/UnitySubsystems
[Subsystems] Discovering subsystems at path C:/Users/USER/Documents/GitHub/AR-ReversiProject/Assets
GfxDevice: creating device client; kGfxThreadingModeNonThreaded
Direct3D:
    Version:  Direct3D 11.0 [level 11.1]
    Renderer: NVIDIA GeForce RTX 4060 Laptop GPU (ID=0x28e0)
    Vendor:   NVIDIA
    VRAM:     7957 MB
    Driver:   32.0.15.6081
Initialize mono
Mono path[0] = 'C:/Program Files/Unity/Hub/Editor/6000.3.9f1/Editor/Data/Managed'
Mono path[1] = 'C:/Program Files/Unity/Hub/Editor/6000.3.9f1/Editor/Data/MonoBleedingEdge/lib/mono/unityjit-win32'
Mono config path = 'C:/Program Files/Unity/Hub/Editor/6000.3.9f1/Editor/Data/MonoBleedingEdge/etc'
Using monoOptions --debugger-agent=transport=dt_socket,embedding=1,server=y,suspend=n,address=127.0.0.1:56000
Begin MonoManager ReloadAssembly
[Licensing::Client] Handshaking with LicensingClient:
  Version:                 1.17.4+4293ba1
  Session Id:              e21a2d961e364d8ba13fbaebdb86081b
  Correlation Id:          2e1677b044b26191d80a4bb1d64b199d
  External correlation Id: 6996548952794441208
  Machine Id:              dJ8Tfn01EciPmnYvmSiKPSjQkro=
[Licensing::Module] Successfully connected to LicensingClient on channel: "LicenseClient-USER" (connect: 0.00s, validation: 0.00s, handshake: 1.40s)
[Licensing::IpcConnector] Successfully connected to: "LicenseClient-USER-notifications" at "2026-02-28T11:32:36.0371507Z"
[Licensing::Module] Licensing Background thread has ended after 1.41s
Registering precompiled unity dll's ...
Register platform support module: C:/Program Files/Unity/Hub/Editor/6000.3.9f1/Editor/Data/PlaybackEngines/WebGLSupport/UnityEditor.WebGL.Extensions.dll
Register platform support module: C:/Program Files/Unity/Hub/Editor/6000.3.9f1/Editor/Data/PlaybackEngines/WindowsStandaloneSupport/UnityEditor.WindowsStandalone.Extensions.dll
Registered in 0.003493 seconds.
- Loaded All Assemblies, in  0.561 seconds
Native extension for WindowsStandalone target not found
Native extension for WebGL target not found
ScheduleIndexationOnStartup MainProcess:False IndexOnStartup:True
Mono: successfully reloaded assembly
- Finished resetting the current domain, in  0.447 seconds
Domain Reload Profiling: 1003ms
	BeginReloadAssembly (197ms)
		ExecutionOrderSort (0ms)
		DisableScriptedObjects (0ms)
		BackupInstance (0ms)
		ReleaseScriptingObjects (0ms)
		CreateAndSetChildDomain (1ms)
	RebuildCommonClasses (46ms)
	RebuildNativeTypeToScriptingClass (13ms)
	initialDomainReloadingComplete (70ms)
	LoadAllAssembliesAndSetupDomain (229ms)
		LoadAssemblies (190ms)
		RebuildTransferFunctionScriptingTraits (0ms)
		AnalyzeDomain (226ms)
			TypeCache.Refresh (224ms)
				TypeCache.ScanAssembly (207ms)
			BuildScriptInfoCaches (0ms)
			ResolveRequiredComponents (0ms)
	FinalizeReload (448ms)
		ReleaseScriptCaches (0ms)
		RebuildScriptCaches (0ms)
		SetupLoadedEditorAssemblies (389ms)
			LogAssemblyErrors (0ms)
			InitializePlatformSupportModulesInManaged (66ms)
			SetLoadedEditorAssemblies (4ms)
			BeforeProcessingInitializeOnLoad (82ms)
			ProcessInitializeOnLoadAttributes (165ms)
			ProcessInitializeOnLoadMethodAttributes (73ms)
			AfterProcessingInitializeOnLoad (0ms)
			EditorAssembliesLoaded (0ms)
		ExecutionOrderSort2 (0ms)
		AwakeInstancesAfterBackupRestoration (0ms)
========================================================================
Worker process is ready to serve import requests
Import Worker Mode flag is 0x00
Begin MonoManager ReloadAssembly
[Licensing::Client] Successfully resolved entitlement details
[Licensing::Module] License group:
  Id: 14568654860447-UnityPersXXXX
  Product: Unity Personal
  Type: Assigned
  Expiration: Unlimited
- Loaded All Assemblies, in  1.272 seconds
'Assets/Photon/Fusion/Runtime/Fusion.Unity.cs' contains partial class of Unity.Object, exactly 1 of the partial classes needs to be in a file with the same filename. This is to know the one that can be referenced from ie. GameObjects
'Assets/Photon/Fusion/Runtime/Fusion.Unity.cs' contains partial class of Unity.Object, exactly 1 of the partial classes needs to be in a file with the same filename. This is to know the one that can be referenced from ie. GameObjects
Refreshing native plugins compatible for Editor in 13.83 ms, found 9 plugins.
Native extension for WindowsStandalone target not found
Native extension for WebGL target not found
Package Manager log level set to [2]
[Package Manager] Failed to launch server process. Reason: Unity was launched with the -noUpm command-line argument
[Package Manager] Unable to send message (not connected to server process).
[Package Manager] Cannot connect to Unity Package Manager local server
System.Exception: Error! Visual Scripting: couldn't find visual scripting package
  at Unity.VisualScripting.PackageVersionUtility.get_version () [0x00043] in .\Library\PackageCache\com.unity.visualscripting@191c0d7e3b69\Editor\VisualScripting.Core\Utilities\PackageVersionUtility.cs:31 
  at Unity.VisualScripting.BoltCoreManifest.get_version () [0x00000] in .\Library\PackageCache\com.unity.visualscripting@191c0d7e3b69\Editor\VisualScripting.Core\Plugin\BoltCoreManifest.cs:11 
  at Unity.VisualScripting.PluginManifest.get_currentVersion () [0x00000] in .\Library\PackageCache\com.unity.visualscripting@191c0d7e3b69\Editor\VisualScripting.Core\Plugins\PluginManifest.cs:33 
  at Unity.VisualScripting.PluginManifest.get_versionMismatch () [0x00000] in .\Library\PackageCache\com.unity.visualscripting@191c0d7e3b69\Editor\VisualScripting.Core\Plugins\PluginManifest.cs:48 
  at Unity.VisualScripting.PluginContainer.Initialize () [0x00525] in .\Library\PackageCache\com.unity.visualscripting@191c0d7e3b69\Editor\VisualScripting.Core\Plugins\PluginContainer.cs:208 
  at Unity.VisualScripting.PluginContainer.InitializeOnLoad () [0x00009] in .\Library\PackageCache\com.unity.visualscripting@191c0d7e3b69\Editor\VisualScripting.Core\Plugins\PluginContainer.cs:32 
  at Unity.VisualScripting.VSUsageUtility.DoInitializeOnLoadCalls () [0x00034] in .\Library\PackageCache\com.unity.visualscripting@191c0d7e3b69\Editor\VisualScripting.Core\Utilities\VSUsageUtility.cs:76 
  at Unity.VisualScripting.VSUsageUtility.set_isVisualScriptingUsed (System.Boolean value) [0x0002c] in .\Library\PackageCache\com.unity.visualscripting@191c0d7e3b69\Editor\VisualScripting.Core\Utilities\VSUsageUtility.cs:114 
  at Unity.VisualScripting.VSUsageUtility.CheckAndSetIsVisualScriptingUsed () [0x00032] in .\Library\PackageCache\com.unity.visualscripting@191c0d7e3b69\Editor\VisualScripting.Core\Utilities\VSUsageUtility.cs:48 
  at Unity.VisualScripting.VSUsageUtility..cctor () [0x00000] in .\Library\PackageCache\com.unity.visualscripting@191c0d7e3b69\Editor\VisualScripting.Core\Utilities\VSUsageUtility.cs:22 
UnityEngine.Debug:ExtractStackTraceNoAlloc (byte*,int,string)
UnityEngine.StackTraceUtility:ExtractStackTrace ()
UnityEngine.DebugLogHandler:Internal_Log (UnityEngine.LogType,UnityEngine.LogOption,string,UnityEngine.Object)
UnityEngine.DebugLogHandler:LogFormat (UnityEngine.LogType,UnityEngine.Object,string,object[])
UnityEngine.Logger:Log (UnityEngine.LogType,object)
UnityEngine.Debug:LogError (object)
UnityEditor.EditorAssemblies:ProcessInitializeOnLoadAttributes (System.Type[])

ScheduleIndexationOnStartup MainProcess:False IndexOnStartup:True
Mono: successfully reloaded assembly
- Finished resetting the current domain, in  1.684 seconds
Domain Reload Profiling: 2943ms
	BeginReloadAssembly (222ms)
		ExecutionOrderSort (0ms)
		DisableScriptedObjects (5ms)
		BackupInstance (0ms)
		ReleaseScriptingObjects (0ms)
		CreateAndSetChildDomain (32ms)
	RebuildCommonClasses (45ms)
	RebuildNativeTypeToScriptingClass (13ms)
	initialDomainReloadingComplete (66ms)
	LoadAllAssembliesAndSetupDomain (913ms)
		LoadAssemblies (730ms)
		RebuildTransferFunctionScriptingTraits (0ms)
		AnalyzeDomain (322ms)
			TypeCache.Refresh (237ms)
				TypeCache.ScanAssembly (216ms)
			BuildScriptInfoCaches (70ms)
			ResolveRequiredComponents (11ms)
	FinalizeReload (1685ms)
		ReleaseScriptCaches (0ms)
		RebuildScriptCaches (0ms)
		SetupLoadedEditorAssemblies (1467ms)
			LogAssemblyErrors (0ms)
			InitializePlatformSupportModulesInManaged (2ms)
			SetLoadedEditorAssemblies (4ms)
			BeforeProcessingInitializeOnLoad (140ms)
			ProcessInitializeOnLoadAttributes (1087ms)
			ProcessInitializeOnLoadMethodAttributes (220ms)
			AfterProcessingInitializeOnLoad (12ms)
			EditorAssembliesLoaded (0ms)
		ExecutionOrderSort2 (0ms)
		AwakeInstancesAfterBackupRestoration (8ms)
Launched and connected shader compiler UnityShaderCompiler.exe after 0.02 seconds
Refreshing native plugins compatible for Editor in 19.56 ms, found 9 plugins.
Preloading 0 native plugins for Editor in 0.00 ms.
Unloading 16 Unused Serialized files (Serialized files now loaded: 0)
Unloading 7030 unused Assets / (4.4 MB). Loaded Objects now: 7948.
Memory consumption went from 311.3 MB to 306.9 MB.
Total: 30.529900 ms (FindLiveObjects: 1.604200 ms CreateObjectMapping: 0.696000 ms MarkObjects: 25.089200 ms  DeleteObjects: 3.138200 ms)

========================================================================
Received Import Request.
  Time since last request: 1389166.937666 seconds.
  path: Assets/Plugins/AllIn13DShader/Demo/Baked Shaders Demo/Materials/DemoMaterials/MAT_Baked_TextureBlend.mat
  artifactKey: Guid(f77250bfe13bda64eb53c2f6862bfb93) Importer(815301076,1909f56bfc062723c751e8b465ee728b)
Start importing Assets/Plugins/AllIn13DShader/Demo/Baked Shaders Demo/Materials/DemoMaterials/MAT_Baked_TextureBlend.mat using Guid(f77250bfe13bda64eb53c2f6862bfb93) Importer(815301076,1909f56bfc062723c751e8b465ee728b) (PreviewImporter) -> (artifact id: 'b77f31b314e7df0034ebfd54c655fb74') in 5.2486838 seconds
Number of updated asset objects reloaded before import = 0Number of asset objects unloaded after import = 14

========================================================================
Received Import Request.
  Time since last request: 0.000093 seconds.
  path: Assets/Plugins/AllIn13DShader/Demo/Baked Shaders Demo/Materials/DemoMaterials/MAT_Baked_GlowBlue.mat
  artifactKey: Guid(3256a31efd61b4e4fb507151f9e22ef1) Importer(815301076,1909f56bfc062723c751e8b465ee728b)
Start importing Assets/Plugins/AllIn13DShader/Demo/Baked Shaders Demo/Materials/DemoMaterials/MAT_Baked_GlowBlue.mat using Guid(3256a31efd61b4e4fb507151f9e22ef1) Importer(815301076,1909f56bfc062723c751e8b465ee728b) (PreviewImporter) -> (artifact id: '20a18a8ef684fc3dd2988dd260e7029b') in 0.3262598 seconds
Number of updated asset objects reloaded before import = 0Number of asset objects unloaded after import = 12

========================================================================
Received Import Request.
  Time since last request: 0.000139 seconds.
  path: Assets/Plugins/AllIn13DShader/Demo/Materials/Environment/MAT_SkyDayAllIn13DShader.mat
  artifactKey: Guid(4d3345ae65246d941b7f9e636ef78c06) Importer(815301076,1909f56bfc062723c751e8b465ee728b)
Start importing Assets/Plugins/AllIn13DShader/Demo/Materials/Environment/MAT_SkyDayAllIn13DShader.mat using Guid(4d3345ae65246d941b7f9e636ef78c06) Importer(815301076,1909f56bfc062723c751e8b465ee728b) (PreviewImporter) -> (artifact id: 'feee49db6f0023d013170e76b2b4d845') in 0.5138719 seconds
Number of updated asset objects reloaded before import = 0Number of asset objects unloaded after import = 2

========================================================================
Received Import Request.
  Time since last request: 0.000051 seconds.
  path: Assets/Plugins/AllIn13DShader/Demo/Baked Shaders Demo/Materials/DemoMaterials/MAT_Baked_StatueShake.mat
  artifactKey: Guid(7a64aa9bc7de7da43af7f487d8a7ad8c) Importer(815301076,1909f56bfc062723c751e8b465ee728b)
Start importing Assets/Plugins/AllIn13DShader/Demo/Baked Shaders Demo/Materials/DemoMaterials/MAT_Baked_StatueShake.mat using Guid(7a64aa9bc7de7da43af7f487d8a7ad8c) Importer(815301076,1909f56bfc062723c751e8b465ee728b) (PreviewImporter) -> (artifact id: '79893c076911decd00e3827274aba4a4') in 3.5939075 seconds
Number of updated asset objects reloaded before import = 0Number of asset objects unloaded after import = 14

========================================================================
Received Import Request.
  Time since last request: 0.000042 seconds.
  path: Assets/Plugins/AllIn13DShader/Demo/Materials/DemoMaterials/MAT_PuppetHologram.mat
  artifactKey: Guid(5dfac3ead4b607d499737fc737d8ca19) Importer(815301076,1909f56bfc062723c751e8b465ee728b)
Start importing Assets/Plugins/AllIn13DShader/Demo/Materials/DemoMaterials/MAT_PuppetHologram.mat using Guid(5dfac3ead4b607d499737fc737d8ca19) Importer(815301076,1909f56bfc062723c751e8b465ee728b) (PreviewImporter) -> (artifact id: '079768cc074406028244c03cffaac7cd') in 3.7406125 seconds
Number of updated asset objects reloaded before import = 0Number of asset objects unloaded after import = 8

========================================================================
Received Import Request.
  Time since last request: 0.000048 seconds.
  path: Assets/Plugins/AllIn13DShader/Demo/Materials/Presets/MAT_EllenHead.mat
  artifactKey: Guid(aada2e47f03b2464489023728f977188) Importer(815301076,1909f56bfc062723c751e8b465ee728b)
Start importing Assets/Plugins/AllIn13DShader/Demo/Materials/Presets/MAT_EllenHead.mat using Guid(aada2e47f03b2464489023728f977188) Importer(815301076,1909f56bfc062723c751e8b465ee728b) (PreviewImporter) -> (artifact id: '9092dc7eba28aefd4114f1b803450607') in 0.0713863 seconds
Number of updated asset objects reloaded before import = 0Number of asset objects unloaded after import = 9

========================================================================
Received Import Request.
  Time since last request: 0.000044 seconds.
  path: Assets/Plugins/AllIn13DShader/Demo/Materials/DemoMaterials/MAT_TreeBarkMaterial.mat
  artifactKey: Guid(48eb7b2f73d27b34fa711592cc3b617d) Importer(815301076,1909f56bfc062723c751e8b465ee728b)
Start importing Assets/Plugins/AllIn13DShader/Demo/Materials/DemoMaterials/MAT_TreeBarkMaterial.mat using Guid(48eb7b2f73d27b34fa711592cc3b617d) Importer(815301076,1909f56bfc062723c751e8b465ee728b) (PreviewImporter) -> (artifact id: '0362d8eb3ac2f688e31e6fecbc4248c1') in 2.3322603 seconds
Number of updated asset objects reloaded before import = 0Number of asset objects unloaded after import = 6

========================================================================
Received Import Request.
  Time since last request: 0.000046 seconds.
  path: Assets/Plugins/AllIn13DShader/Demo/Materials/Presets/MAT_DemoDefault.mat
  artifactKey: Guid(1f012968808652d458b836693082c597) Importer(815301076,1909f56bfc062723c751e8b465ee728b)
Start importing Assets/Plugins/AllIn13DShader/Demo/Materials/Presets/MAT_DemoDefault.mat using Guid(1f012968808652d458b836693082c597) Importer(815301076,1909f56bfc062723c751e8b465ee728b) (PreviewImporter) -> (artifact id: 'c41a5d8a4c29d610109ed104867b38b6') in 0.0308758 seconds
Number of updated asset objects reloaded before import = 0Number of asset objects unloaded after import = 6

========================================================================
Received Import Request.
  Time since last request: 0.000047 seconds.
  path: Assets/Plugins/AllIn13DShader/Demo/Materials/Presets/MAT_WhitePlasticMat.mat
  artifactKey: Guid(33cba5f631139f649bbf8618e93dbc25) Importer(815301076,1909f56bfc062723c751e8b465ee728b)
Start importing Assets/Plugins/AllIn13DShader/Demo/Materials/Presets/MAT_WhitePlasticMat.mat using Guid(33cba5f631139f649bbf8618e93dbc25) Importer(815301076,1909f56bfc062723c751e8b465ee728b) (PreviewImporter) -> (artifact id: 'a9703f4e37b03ebfd3803dbe310a2afe') in 0.0740153 seconds
Number of updated asset objects reloaded before import = 0Number of asset objects unloaded after import = 6

========================================================================
Received Import Request.
  Time since last request: 0.000027 seconds.
  path: Assets/Plugins/AllIn13DShader/Demo/Baked Shaders Demo/Materials/DemoMaterials/MAT_Baked_ChomperBase.mat
  artifactKey: Guid(f93d20e8dfed75748bc08130efafcc34) Importer(815301076,1909f56bfc062723c751e8b465ee728b)
Start importing Assets/Plugins/AllIn13DShader/Demo/Baked Shaders Demo/Materials/DemoMaterials/MAT_Baked_ChomperBase.mat using Guid(f93d20e8dfed75748bc08130efafcc34) Importer(815301076,1909f56bfc062723c751e8b465ee728b) (PreviewImporter) -> (artifact id: '79a2e088f9eea459d57f8b5b04d7434b') in 3.5577833 seconds
Number of updated asset objects reloaded before import = 0Number of asset objects unloaded after import = 15

========================================================================
Received Import Request.
  Time since last request: 0.000033 seconds.
  path: Assets/Plugins/AllIn13DShader/Demo/Materials/DemoMaterials/MAT_SpitterHue.mat
  artifactKey: Guid(0bb633a766df1524298bd19ae6ab9052) Importer(815301076,1909f56bfc062723c751e8b465ee728b)
Start importing Assets/Plugins/AllIn13DShader/Demo/Materials/DemoMaterials/MAT_SpitterHue.mat using Guid(0bb633a766df1524298bd19ae6ab9052) Importer(815301076,1909f56bfc062723c751e8b465ee728b) (PreviewImporter) -> (artifact id: 'a7fee2211bc6a8d3778622241d0486e0') in 3.8906639 seconds
Number of updated asset objects reloaded before import = 0Number of asset objects unloaded after import = 8

========================================================================
Received Import Request.
  Time since last request: 0.000054 seconds.
  path: Assets/Resource/PackageResource/JC_LP_MegaCity/Shaders/Shader_MegaCity_Water.shadergraph
  artifactKey: Guid(3a85cc08b9688614a96041185487e3f3) Importer(815301076,1909f56bfc062723c751e8b465ee728b)
Start importing Assets/Resource/PackageResource/JC_LP_MegaCity/Shaders/Shader_MegaCity_Water.shadergraph using Guid(3a85cc08b9688614a96041185487e3f3) Importer(815301076,1909f56bfc062723c751e8b465ee728b) (PreviewImporter) -> (artifact id: '62d6bd6e439cdd18ad9a050e349d109b') in 0.0224647 seconds
Number of updated asset objects reloaded before import = 0Number of asset objects unloaded after import = 5

========================================================================
Received Import Request.
  Time since last request: 0.000034 seconds.
  path: Assets/Plugins/AllIn13DShader/Demo/Materials/DemoMaterials/MAT_StatueGlitch.mat
  artifactKey: Guid(6832c6e6c0d79aa4b9a3135e11c67786) Importer(815301076,1909f56bfc062723c751e8b465ee728b)
Start importing Assets/Plugins/AllIn13DShader/Demo/Materials/DemoMaterials/MAT_StatueGlitch.mat using Guid(6832c6e6c0d79aa4b9a3135e11c67786) Importer(815301076,1909f56bfc062723c751e8b465ee728b) (PreviewImporter) -> (artifact id: '0e2a9f30a36a80621c74ed061add794a') in 3.5357208 seconds
Number of updated asset objects reloaded before import = 0Number of asset objects unloaded after import = 14

========================================================================
Received Import Request.
  Time since last request: 0.000058 seconds.
  path: Assets/Plugins/AllIn13DShader/Demo/Baked Shaders Demo/Materials/DemoMaterials/MAT_Baked_ChomperHologram.mat
  artifactKey: Guid(96e47409da04d554481b9b842d338dc5) Importer(815301076,1909f56bfc062723c751e8b465ee728b)
Start importing Assets/Plugins/AllIn13DShader/Demo/Baked Shaders Demo/Materials/DemoMaterials/MAT_Baked_ChomperHologram.mat using Guid(96e47409da04d554481b9b842d338dc5) Importer(815301076,1909f56bfc062723c751e8b465ee728b) (PreviewImporter) -> (artifact id: '0c5e266c43526fb26b241de4f5b18e75') in 3.8848799 seconds
Number of updated asset objects reloaded before import = 0Number of asset objects unloaded after import = 15

========================================================================
Received Import Request.
  Time since last request: 0.000054 seconds.
  path: Assets/Plugins/AllIn13DShader/Demo/Materials/Presets/MAT_EllenHair.mat
  artifactKey: Guid(8ee42dfc69c2b9740b5de5c673173f84) Importer(815301076,1909f56bfc062723c751e8b465ee728b)
Start importing Assets/Plugins/AllIn13DShader/Demo/Materials/Presets/MAT_EllenHair.mat using Guid(8ee42dfc69c2b9740b5de5c673173f84) Importer(815301076,1909f56bfc062723c751e8b465ee728b) (PreviewImporter) -> (artifact id: '47dbbbce7146035c404e2c8ff30cc38e') in 0.082648 seconds
Number of updated asset objects reloaded before import = 0Number of asset objects unloaded after import = 8

========================================================================
Received Import Request.
  Time since last request: 0.000047 seconds.
  path: Assets/Plugins/AllIn13DShader/Editor/MaterialPresets/MAT_Preset_AllIn13DShaderLook.mat
  artifactKey: Guid(c47ffb1264d98194ca46e4502b86c74f) Importer(815301076,1909f56bfc062723c751e8b465ee728b)
Start importing Assets/Plugins/AllIn13DShader/Editor/MaterialPresets/MAT_Preset_AllIn13DShaderLook.mat using Guid(c47ffb1264d98194ca46e4502b86c74f) Importer(815301076,1909f56bfc062723c751e8b465ee728b) (PreviewImporter) -> (artifact id: '359a10a2087208bf2db16afbbdc22b3c') in 4.0691981 seconds
Number of updated asset objects reloaded before import = 0Number of asset objects unloaded after import = 9

========================================================================
Received Import Request.
  Time since last request: 0.000042 seconds.
  path: Assets/Plugins/AllIn13DShader/Demo/Baked Shaders Demo/Materials/StandardExamples/MAT_KnightFaceStandard.mat
  artifactKey: Guid(1b75339d434e90b44a44c2c075df5e12) Importer(815301076,1909f56bfc062723c751e8b465ee728b)
Start importing Assets/Plugins/AllIn13DShader/Demo/Baked Shaders Demo/Materials/StandardExamples/MAT_KnightFaceStandard.mat using Guid(1b75339d434e90b44a44c2c075df5e12) Importer(815301076,1909f56bfc062723c751e8b465ee728b) (PreviewImporter) -> (artifact id: '15b2bced2c0406a04d8fe86ef3e05b90') in 0.0199826 seconds
Number of updated asset objects reloaded before import = 0Number of asset objects unloaded after import = 7

========================================================================
Received Import Request.
  Time since last request: 0.000056 seconds.
  path: Assets/Resource/PackageResource/BeautifulSkyPack02/Panoramic/Materials/SKY_A2_Move.mat
  artifactKey: Guid(3b13957fde28ecf46a3d417cd5ea6563) Importer(815301076,1909f56bfc062723c751e8b465ee728b)
Start importing Assets/Resource/PackageResource/BeautifulSkyPack02/Panoramic/Materials/SKY_A2_Move.mat using Guid(3b13957fde28ecf46a3d417cd5ea6563) Importer(815301076,1909f56bfc062723c751e8b465ee728b) (PreviewImporter) -> (artifact id: '8cd3cbeef7e6d619c454a9e337bcbca7') in 0.2800492 seconds
Number of updated asset objects reloaded before import = 0Number of asset objects unloaded after import = 2

========================================================================
Received Import Request.
  Time since last request: 0.000049 seconds.
  path: Assets/Plugins/AllIn13DShader/Demo/Materials/DemoMaterials/MAT_StatueVoxel.mat
  artifactKey: Guid(503e8d572b9f88d4aaf53a229919ad78) Importer(815301076,1909f56bfc062723c751e8b465ee728b)
Start importing Assets/Plugins/AllIn13DShader/Demo/Materials/DemoMaterials/MAT_StatueVoxel.mat using Guid(503e8d572b9f88d4aaf53a229919ad78) Importer(815301076,1909f56bfc062723c751e8b465ee728b) (PreviewImporter) -> (artifact id: '19e574e91219380d0bce1cedc950f533') in 3.5789164 seconds
Number of updated asset objects reloaded before import = 0Number of asset objects unloaded after import = 14

========================================================================
Received Import Request.
  Time since last request: 0.000087 seconds.
  path: Assets/Plugins/AllIn13DShader/Demo/Baked Shaders Demo/Materials/DemoMaterials/MAT_Baked_ChomperHit.mat
  artifactKey: Guid(3ba6274f9f4563349b25e5797058e924) Importer(815301076,1909f56bfc062723c751e8b465ee728b)
Start importing Assets/Plugins/AllIn13DShader/Demo/Baked Shaders Demo/Materials/DemoMaterials/MAT_Baked_ChomperHit.mat using Guid(3ba6274f9f4563349b25e5797058e924) Importer(815301076,1909f56bfc062723c751e8b465ee728b) (PreviewImporter) -> (artifact id: 'ae4efe67806a61415dbaaa15a0c66e57') in 3.5899861 seconds
Number of updated asset objects reloaded before import = 0Number of asset objects unloaded after import = 15

========================================================================
Received Import Request.
  Time since last request: 0.000053 seconds.
  path: Assets/Resource/PackageResource/BeautifulSkyPack02/CubeMap/Materials/SKY_A2_Move_high contrast.mat
  artifactKey: Guid(3e3da18b45f1f61428e523ecf7befa61) Importer(815301076,1909f56bfc062723c751e8b465ee728b)
Start importing Assets/Resource/PackageResource/BeautifulSkyPack02/CubeMap/Materials/SKY_A2_Move_high contrast.mat using Guid(3e3da18b45f1f61428e523ecf7befa61) Importer(815301076,1909f56bfc062723c751e8b465ee728b) (PreviewImporter) -> (artifact id: 'b77d34a0009f0d783cf7d621ca11a728') in 0.1945231 seconds
Number of updated asset objects reloaded before import = 0Number of asset objects unloaded after import = 3

========================================================================
Received Import Request.
  Time since last request: 0.000080 seconds.
  path: Assets/ExplosiveLLC/PerfectLookAt/Models/Robot Kyle/Materials/Robot_Color.mat
  artifactKey: Guid(0aa851515cd3747d6b3b3e461199a2ed) Importer(815301076,1909f56bfc062723c751e8b465ee728b)
Start importing Assets/ExplosiveLLC/PerfectLookAt/Models/Robot Kyle/Materials/Robot_Color.mat using Guid(0aa851515cd3747d6b3b3e461199a2ed) Importer(815301076,1909f56bfc062723c751e8b465ee728b) (PreviewImporter) -> (artifact id: '65818882651e0ea4d8e07cbef8e306ce') in 0.0212549 seconds
Number of updated asset objects reloaded before import = 0Number of asset objects unloaded after import = 3

========================================================================
Received Import Request.
  Time since last request: 0.000030 seconds.
  path: Assets/Plugins/AllIn13DShader/Demo/Baked Shaders Demo/Materials/StandardExamples/MAT_Ellen_Body_MatStandard.mat
  artifactKey: Guid(5bac4327b942dc746b705ad4cc22c202) Importer(815301076,1909f56bfc062723c751e8b465ee728b)
Start importing Assets/Plugins/AllIn13DShader/Demo/Baked Shaders Demo/Materials/StandardExamples/MAT_Ellen_Body_MatStandard.mat using Guid(5bac4327b942dc746b705ad4cc22c202) Importer(815301076,1909f56bfc062723c751e8b465ee728b) (PreviewImporter) -> (artifact id: 'df0d9ea76e631dfd11dee60118a8f4a1') in 0.0165547 seconds
Number of updated asset objects reloaded before import = 0Number of asset objects unloaded after import = 6

========================================================================
Received Import Request.
  Time since last request: 0.000031 seconds.
  path: Assets/Plugins/AllIn13DShader/Demo/Materials/DemoMaterials/MAT_TextureBlend.mat
  artifactKey: Guid(9570012b2f3b50841ae8d53fd65d7aa9) Importer(815301076,1909f56bfc062723c751e8b465ee728b)
Start importing Assets/Plugins/AllIn13DShader/Demo/Materials/DemoMaterials/MAT_TextureBlend.mat using Guid(9570012b2f3b50841ae8d53fd65d7aa9) Importer(815301076,1909f56bfc062723c751e8b465ee728b) (PreviewImporter) -> (artifact id: '5b7128374ddb1ee01d76d983f7c94be1') in 4.5441528 seconds
Number of updated asset objects reloaded before import = 0Number of asset objects unloaded after import = 14

========================================================================
Received Import Request.
  Time since last request: 0.000062 seconds.
  path: Assets/Plugins/AllIn13DShader/Demo/Baked Shaders Demo/Materials/Presets/MAT_Baked_Knight.mat
  artifactKey: Guid(cbecd2df5e4c1534da42f653eef7beb8) Importer(815301076,1909f56bfc062723c751e8b465ee728b)
Start importing Assets/Plugins/AllIn13DShader/Demo/Baked Shaders Demo/Materials/Presets/MAT_Baked_Knight.mat using Guid(cbecd2df5e4c1534da42f653eef7beb8) Importer(815301076,1909f56bfc062723c751e8b465ee728b) (PreviewImporter) -> (artifact id: 'caa4417a27b7b14c5f2b96cecbe3f359') in 4.2035705 seconds
Number of updated asset objects reloaded before import = 0Number of asset objects unloaded after import = 13

========================================================================
Received Import Request.
  Time since last request: 0.000053 seconds.
  path: Assets/Plugins/AllIn13DShader/Demo/Materials/DemoMaterials/MAT_HandDrawn.mat
  artifactKey: Guid(4d7601881f489ea4b9c4c3bd34f17cb4) Importer(815301076,1909f56bfc062723c751e8b465ee728b)
Start importing Assets/Plugins/AllIn13DShader/Demo/Materials/DemoMaterials/MAT_HandDrawn.mat using Guid(4d7601881f489ea4b9c4c3bd34f17cb4) Importer(815301076,1909f56bfc062723c751e8b465ee728b) (PreviewImporter) -> (artifact id: '756140a772adfc965d8ea39f7ab4a478') in 0.8470614 seconds
Number of updated asset objects reloaded before import = 0Number of asset objects unloaded after import = 10

========================================================================
Received Import Request.
  Time since last request: 0.000055 seconds.
  path: Assets/Plugins/AllIn13DShader/Demo/Baked Shaders Demo/Materials/Presets/MAT_Baked_EllenBody.mat
  artifactKey: Guid(726367ab14096ec40aa407f9bab78dab) Importer(815301076,1909f56bfc062723c751e8b465ee728b)
Start importing Assets/Plugins/AllIn13DShader/Demo/Baked Shaders Demo/Materials/Presets/MAT_Baked_EllenBody.mat using Guid(726367ab14096ec40aa407f9bab78dab) Importer(815301076,1909f56bfc062723c751e8b465ee728b) (PreviewImporter) -> (artifact id: '9f66848e866c3d4cca287f36a3cd5ac1') in 3.9287219 seconds
Number of updated asset objects reloaded before import = 0Number of asset objects unloaded after import = 15

========================================================================
Received Import Request.
  Time since last request: 0.000054 seconds.
  path: Assets/Plugins/AllIn13DShader/Demo/Materials/DemoMaterials/MAT_ChomperDistortion.mat
  artifactKey: Guid(fc044125b842601468eeb4933a49a87b) Importer(815301076,1909f56bfc062723c751e8b465ee728b)
Start importing Assets/Plugins/AllIn13DShader/Demo/Materials/DemoMaterials/MAT_ChomperDistortion.mat using Guid(fc044125b842601468eeb4933a49a87b) Importer(815301076,1909f56bfc062723c751e8b465ee728b) (PreviewImporter) -> (artifact id: '08dafc29545bf06d76a763dcc0133052') in 3.7648396 seconds
Number of updated asset objects reloaded before import = 0Number of asset objects unloaded after import = 10

========================================================================
Received Import Request.
  Time since last request: 0.000048 seconds.
  path: Assets/Plugins/AllIn13DShader/Demo/Materials/Presets/MAT_ColoringGradient.mat
  artifactKey: Guid(f1b5f5873497d2b409c33cc02a9a956c) Importer(815301076,1909f56bfc062723c751e8b465ee728b)
Start importing Assets/Plugins/AllIn13DShader/Demo/Materials/Presets/MAT_ColoringGradient.mat using Guid(f1b5f5873497d2b409c33cc02a9a956c) Importer(815301076,1909f56bfc062723c751e8b465ee728b) (PreviewImporter) -> (artifact id: '38913f3e4c473c40d8099473ad9c701e') in 3.9049489 seconds
Number of updated asset objects reloaded before import = 0Number of asset objects unloaded after import = 7

Editor requested this worker to shutdown with reason: Scaling down because of idle timeout
AssetImportWorker is now disconnected from the server
Process exiting
Exiting without the bug reporter. Application will terminate with return code 0