[Licensing::Module] Trying to connect to existing licensing client channel...
Built from '6000.3/staging' branch; Version is '6000.3.9f1 (7a9955a4f2fa) revision 8034645'; Using compiler version '194234433'; Build Type 'Release'
OS: 'Windows 11  (10.0.26200) Core' Language: 'ko' Physical Memory: 32386 MB
[Licensing::IpcConnector] Successfully connected to: "LicenseClient-USER" at "2026-02-28T10:40:42.7506578Z"
BatchMode: 1, IsHumanControllingUs: 0, StartBugReporterOnCrash: 0, Is64bit: 1
System  architecture: x64
Process architecture: x64
Date: 2026-02-28T10:40:42Z

COMMAND LINE ARGUMENTS:
C:\Program Files\Unity\Hub\Editor\6000.3.9f1\Editor\Unity.exe
-adb2
-batchMode
-noUpm
-name
AssetImportWorker49
-projectPath
C:/Users/USER/Documents/GitHub/AR-ReversiProject
-logFile
Logs/AssetImportWorker49.log
-srvPort
58049
-job-worker-count
15
-background-job-worker-count
8
-gc-helper-count
1
-name
AssetImport
Successfully changed project path to: C:/Users/USER/Documents/GitHub/AR-ReversiProject
C:/Users/USER/Documents/GitHub/AR-ReversiProject
[UnityMemory] Configuration Parameters - Can be set up in boot.config
    "memorysetup-temp-allocator-size-nav-mesh-worker=65536"
    "memorysetup-temp-allocator-size-audio-worker=65536"
    "memorysetup-temp-allocator-size-gfx=262144"
    "memorysetup-allocator-temp-initial-block-size-main=262144"
    "memorysetup-allocator-temp-initial-block-size-worker=262144"
    "memorysetup-temp-allocator-size-background-worker=32768"
    "memorysetup-temp-allocator-size-job-worker=262144"
    "memorysetup-temp-allocator-size-preload-manager=33554432"
    "memorysetup-temp-allocator-size-gi-baking-worker=262144"
    "memorysetup-temp-allocator-size-gi-baking-worker=262144"
    "memorysetup-temp-allocator-size-gi-baking-worker=262144"
    "memorysetup-temp-allocator-size-gi-baking-worker=262144"
    "memorysetup-temp-allocator-size-gi-baking-worker=262144"
    "memorysetup-bucket-allocator-granularity=16"
    "memorysetup-bucket-allocator-bucket-count=8"
    "memorysetup-bucket-allocator-block-size=33554432"
    "memorysetup-bucket-allocator-block-count=8"
    "memorysetup-main-allocator-block-size=16777216"
    "memorysetup-thread-allocator-block-size=16777216"
    "memorysetup-gfx-main-allocator-block-size=16777216"
    "memorysetup-gfx-thread-allocator-block-size=16777216"
    "memorysetup-cache-allocator-block-size=4194304"
    "memorysetup-typetree-allocator-block-size=2097152"
    "memorysetup-profiler-bucket-allocator-granularity=16"
    "memorysetup-profiler-bucket-allocator-bucket-count=8"
    "memorysetup-profiler-bucket-allocator-block-size=33554432"
    "memorysetup-profiler-bucket-allocator-block-count=8"
    "memorysetup-profiler-allocator-block-size=16777216"
    "memorysetup-profiler-editor-allocator-block-size=1048576"
    "memorysetup-temp-allocator-size-main=16777216"
    "memorysetup-job-temp-allocator-block-size=2097152"
    "memorysetup-job-temp-allocator-block-size-background=1048576"
    "memorysetup-job-temp-allocator-reduction-small-platforms=262144"
    "memorysetup-temp-allocator-size-cloud-worker=32768"
Player connection [33672]  Target information:

Player connection [33672]  * "[IP] 172.30.1.55 [Port] 0 [Flags] 2 [Guid] 4028082300 [EditorId] 4028082300 [Version] 1048832 [Id] WindowsEditor(7,DESKTOP-BTF4SNP) [Debug] 1 [PackageName] WindowsEditor [ProjectName] Editor" 

Player connection [33672] Host joined multi-casting on [225.0.0.222:54997]...
Player connection [33672] Host joined alternative multi-casting on [225.0.0.222:34997]...
JobSystem: Creating JobQueue using job-worker-count value 15
Input System module state changed to: Initialized.
[Physics::Module] Initialized fallback backend.
[Physics::Module] Id: 0xdecafbad
Library Redirect Path: Library/
[Physics::Module] Selected backend.
[Physics::Module] Name: PhysX
[Physics::Module] Id: 0xf2b8ea05
[Physics::Module] SDK Version: 4.1.2
[Physics::Module] Integration Version: 1.0.0
[Physics::Module] Threading Mode: Multi-Threaded
Refreshing native plugins compatible for Editor in 33.35 ms, found 9 plugins.
Preloading 0 native plugins for Editor in 0.00 ms.
Initialize engine version: 6000.3.9f1 (7a9955a4f2fa)
[Subsystems] Discovering subsystems at path C:/Program Files/Unity/Hub/Editor/6000.3.9f1/Editor/Data/Resources/UnitySubsystems
[Subsystems] Discovering subsystems at path C:/Users/USER/Documents/GitHub/AR-ReversiProject/Assets
GfxDevice: creating device client; kGfxThreadingModeNonThreaded
Direct3D:
    Version:  Direct3D 11.0 [level 11.1]
    Renderer: NVIDIA GeForce RTX 4060 Laptop GPU (ID=0x28e0)
    Vendor:   NVIDIA
    VRAM:     7957 MB
    Driver:   32.0.15.6081
Initialize mono
Mono path[0] = 'C:/Program Files/Unity/Hub/Editor/6000.3.9f1/Editor/Data/Managed'
Mono path[1] = 'C:/Program Files/Unity/Hub/Editor/6000.3.9f1/Editor/Data/MonoBleedingEdge/lib/mono/unityjit-win32'
Mono config path = 'C:/Program Files/Unity/Hub/Editor/6000.3.9f1/Editor/Data/MonoBleedingEdge/etc'
Using monoOptions --debugger-agent=transport=dt_socket,embedding=1,server=y,suspend=n,address=127.0.0.1:56172
Begin MonoManager ReloadAssembly
Registering precompiled unity dll's ...
Register platform support module: C:/Program Files/Unity/Hub/Editor/6000.3.9f1/Editor/Data/PlaybackEngines/WebGLSupport/UnityEditor.WebGL.Extensions.dll
Register platform support module: C:/Program Files/Unity/Hub/Editor/6000.3.9f1/Editor/Data/PlaybackEngines/WindowsStandaloneSupport/UnityEditor.WindowsStandalone.Extensions.dll
Registered in 0.003758 seconds.
[Licensing::Client] Handshaking with LicensingClient:
  Version:                 1.17.4+4293ba1
  Session Id:              74a4f8cb80c948c9b394513c227b75e0
  Correlation Id:          2e1677b044b26191d80a4bb1d64b199d
  External correlation Id: 8643560271891037589
  Machine Id:              dJ8Tfn01EciPmnYvmSiKPSjQkro=
[Licensing::Module] Successfully connected to LicensingClient on channel: "LicenseClient-USER" (connect: 0.00s, validation: 0.00s, handshake: 1.51s)
[Licensing::IpcConnector] Successfully connected to: "LicenseClient-USER-notifications" at "2026-02-28T10:40:44.2591077Z"
[Licensing::Module] Licensing Background thread has ended after 1.51s
- Loaded All Assemblies, in  0.437 seconds
Native extension for WindowsStandalone target not found
Native extension for WebGL target not found
ScheduleIndexationOnStartup MainProcess:False IndexOnStartup:True
Mono: successfully reloaded assembly
- Finished resetting the current domain, in  0.364 seconds
Domain Reload Profiling: 798ms
	BeginReloadAssembly (171ms)
		ExecutionOrderSort (0ms)
		DisableScriptedObjects (0ms)
		BackupInstance (0ms)
		ReleaseScriptingObjects (0ms)
		CreateAndSetChildDomain (1ms)
	RebuildCommonClasses (36ms)
	RebuildNativeTypeToScriptingClass (12ms)
	initialDomainReloadingComplete (49ms)
	LoadAllAssembliesAndSetupDomain (166ms)
		LoadAssemblies (169ms)
		RebuildTransferFunctionScriptingTraits (0ms)
		AnalyzeDomain (160ms)
			TypeCache.Refresh (158ms)
				TypeCache.ScanAssembly (145ms)
			BuildScriptInfoCaches (0ms)
			ResolveRequiredComponents (0ms)
	FinalizeReload (365ms)
		ReleaseScriptCaches (0ms)
		RebuildScriptCaches (0ms)
		SetupLoadedEditorAssemblies (326ms)
			LogAssemblyErrors (0ms)
			InitializePlatformSupportModulesInManaged (48ms)
			SetLoadedEditorAssemblies (4ms)
			BeforeProcessingInitializeOnLoad (81ms)
			ProcessInitializeOnLoadAttributes (133ms)
			ProcessInitializeOnLoadMethodAttributes (60ms)
			AfterProcessingInitializeOnLoad (0ms)
			EditorAssembliesLoaded (0ms)
		ExecutionOrderSort2 (0ms)
		AwakeInstancesAfterBackupRestoration (0ms)
========================================================================
Worker process is ready to serve import requests
Import Worker Mode flag is 0x00
Begin MonoManager ReloadAssembly
[Licensing::Client] Successfully resolved entitlement details
[Licensing::Module] License group:
  Id: 14568654860447-UnityPersXXXX
  Product: Unity Personal
  Type: Assigned
  Expiration: Unlimited
- Loaded All Assemblies, in  1.051 seconds
'Assets/Photon/Fusion/Runtime/Fusion.Unity.cs' contains partial class of Unity.Object, exactly 1 of the partial classes needs to be in a file with the same filename. This is to know the one that can be referenced from ie. GameObjects
'Assets/Photon/Fusion/Runtime/Fusion.Unity.cs' contains partial class of Unity.Object, exactly 1 of the partial classes needs to be in a file with the same filename. This is to know the one that can be referenced from ie. GameObjects
Refreshing native plugins compatible for Editor in 11.22 ms, found 9 plugins.
Native extension for WindowsStandalone target not found
Native extension for WebGL target not found
Package Manager log level set to [2]
[Package Manager] Failed to launch server process. Reason: Unity was launched with the -noUpm command-line argument
[Package Manager] Unable to send message (not connected to server process).
[Package Manager] Cannot connect to Unity Package Manager local server
System.Exception: Error! Visual Scripting: couldn't find visual scripting package
  at Unity.VisualScripting.PackageVersionUtility.get_version () [0x00043] in .\Library\PackageCache\com.unity.visualscripting@191c0d7e3b69\Editor\VisualScripting.Core\Utilities\PackageVersionUtility.cs:31 
  at Unity.VisualScripting.BoltCoreManifest.get_version () [0x00000] in .\Library\PackageCache\com.unity.visualscripting@191c0d7e3b69\Editor\VisualScripting.Core\Plugin\BoltCoreManifest.cs:11 
  at Unity.VisualScripting.PluginManifest.get_currentVersion () [0x00000] in .\Library\PackageCache\com.unity.visualscripting@191c0d7e3b69\Editor\VisualScripting.Core\Plugins\PluginManifest.cs:33 
  at Unity.VisualScripting.PluginManifest.get_versionMismatch () [0x00000] in .\Library\PackageCache\com.unity.visualscripting@191c0d7e3b69\Editor\VisualScripting.Core\Plugins\PluginManifest.cs:48 
  at Unity.VisualScripting.PluginContainer.Initialize () [0x00525] in .\Library\PackageCache\com.unity.visualscripting@191c0d7e3b69\Editor\VisualScripting.Core\Plugins\PluginContainer.cs:208 
  at Unity.VisualScripting.PluginContainer.InitializeOnLoad () [0x00009] in .\Library\PackageCache\com.unity.visualscripting@191c0d7e3b69\Editor\VisualScripting.Core\Plugins\PluginContainer.cs:32 
  at Unity.VisualScripting.VSUsageUtility.DoInitializeOnLoadCalls () [0x00034] in .\Library\PackageCache\com.unity.visualscripting@191c0d7e3b69\Editor\VisualScripting.Core\Utilities\VSUsageUtility.cs:76 
  at Unity.VisualScripting.VSUsageUtility.set_isVisualScriptingUsed (System.Boolean value) [0x0002c] in .\Library\PackageCache\com.unity.visualscripting@191c0d7e3b69\Editor\VisualScripting.Core\Utilities\VSUsageUtility.cs:114 
  at Unity.VisualScripting.VSUsageUtility.CheckAndSetIsVisualScriptingUsed () [0x00032] in .\Library\PackageCache\com.unity.visualscripting@191c0d7e3b69\Editor\VisualScripting.Core\Utilities\VSUsageUtility.cs:48 
  at Unity.VisualScripting.VSUsageUtility..cctor () [0x00000] in .\Library\PackageCache\com.unity.visualscripting@191c0d7e3b69\Editor\VisualScripting.Core\Utilities\VSUsageUtility.cs:22 
UnityEngine.Debug:ExtractStackTraceNoAlloc (byte*,int,string)
UnityEngine.StackTraceUtility:ExtractStackTrace ()
UnityEngine.DebugLogHandler:Internal_Log (UnityEngine.LogType,UnityEngine.LogOption,string,UnityEngine.Object)
UnityEngine.DebugLogHandler:LogFormat (UnityEngine.LogType,UnityEngine.Object,string,object[])
UnityEngine.Logger:Log (UnityEngine.LogType,object)
UnityEngine.Debug:LogError (object)
UnityEditor.EditorAssemblies:ProcessInitializeOnLoadAttributes (System.Type[])

ScheduleIndexationOnStartup MainProcess:False IndexOnStartup:True
Mono: successfully reloaded assembly
- Finished resetting the current domain, in  1.354 seconds
Domain Reload Profiling: 2395ms
	BeginReloadAssembly (188ms)
		ExecutionOrderSort (0ms)
		DisableScriptedObjects (4ms)
		BackupInstance (0ms)
		ReleaseScriptingObjects (0ms)
		CreateAndSetChildDomain (25ms)
	RebuildCommonClasses (33ms)
	RebuildNativeTypeToScriptingClass (12ms)
	initialDomainReloadingComplete (51ms)
	LoadAllAssembliesAndSetupDomain (757ms)
		LoadAssemblies (585ms)
		RebuildTransferFunctionScriptingTraits (0ms)
		AnalyzeDomain (288ms)
			TypeCache.Refresh (210ms)
				TypeCache.ScanAssembly (191ms)
			BuildScriptInfoCaches (63ms)
			ResolveRequiredComponents (10ms)
	FinalizeReload (1354ms)
		ReleaseScriptCaches (0ms)
		RebuildScriptCaches (0ms)
		SetupLoadedEditorAssemblies (1156ms)
			LogAssemblyErrors (0ms)
			InitializePlatformSupportModulesInManaged (2ms)
			SetLoadedEditorAssemblies (4ms)
			BeforeProcessingInitializeOnLoad (145ms)
			ProcessInitializeOnLoadAttributes (836ms)
			ProcessInitializeOnLoadMethodAttributes (159ms)
			AfterProcessingInitializeOnLoad (10ms)
			EditorAssembliesLoaded (0ms)
		ExecutionOrderSort2 (0ms)
		AwakeInstancesAfterBackupRestoration (6ms)
Launched and connected shader compiler UnityShaderCompiler.exe after 0.02 seconds
Refreshing native plugins compatible for Editor in 15.71 ms, found 9 plugins.
Preloading 0 native plugins for Editor in 0.00 ms.
Unloading 16 Unused Serialized files (Serialized files now loaded: 0)
Unloading 7028 unused Assets / (4.6 MB). Loaded Objects now: 7945.
Memory consumption went from 312.7 MB to 308.0 MB.
Total: 25.748900 ms (FindLiveObjects: 0.697600 ms CreateObjectMapping: 0.513100 ms MarkObjects: 21.683900 ms  DeleteObjects: 2.852500 ms)

========================================================================
Received Import Request.
  Time since last request: 1386094.806090 seconds.
  path: Assets/Modern UI Pack/Editor/Icons/EditorButton.png
  artifactKey: Guid(98d001ce6b3b53242911dcc3d1415f59) Importer(815301076,1909f56bfc062723c751e8b465ee728b)
Start importing Assets/Modern UI Pack/Editor/Icons/EditorButton.png using Guid(98d001ce6b3b53242911dcc3d1415f59) Importer(815301076,1909f56bfc062723c751e8b465ee728b) (PreviewImporter) -> (artifact id: '51574db387d9b829b7d418f3ce8eccf9') in 0.0593451 seconds
Number of updated asset objects reloaded before import = 0Number of asset objects unloaded after import = 2

========================================================================
Received Import Request.
  Time since last request: 0.000023 seconds.
  path: Assets/Modern UI Pack/Editor/Icons/EditorMovableWindow.png
  artifactKey: Guid(f87b5805002ec9649bcb1b96d8a16ba9) Importer(815301076,1909f56bfc062723c751e8b465ee728b)
Start importing Assets/Modern UI Pack/Editor/Icons/EditorMovableWindow.png using Guid(f87b5805002ec9649bcb1b96d8a16ba9) Importer(815301076,1909f56bfc062723c751e8b465ee728b) (PreviewImporter) -> (artifact id: 'dcbb6df293ef7972ff41a44fc0d67306') in 0.0087725 seconds
Number of updated asset objects reloaded before import = 0Number of asset objects unloaded after import = 2

========================================================================
Received Import Request.
  Time since last request: 0.853701 seconds.
  path: Assets/Resource/Character/Charamodel/Corin (Zenless Zone Zero)/Textures/Corin_Weapon_N.png
  artifactKey: Guid(6010d44fd2977ce43abdcd0b699bcc7b) Importer(815301076,1909f56bfc062723c751e8b465ee728b)
Start importing Assets/Resource/Character/Charamodel/Corin (Zenless Zone Zero)/Textures/Corin_Weapon_N.png using Guid(6010d44fd2977ce43abdcd0b699bcc7b) Importer(815301076,1909f56bfc062723c751e8b465ee728b) (PreviewImporter) -> (artifact id: 'b3e86710a523fc2fdb86ce87dca6f258') in 0.0131842 seconds
Number of updated asset objects reloaded before import = 0Number of asset objects unloaded after import = 2

========================================================================
Received Import Request.
  Time since last request: 0.260674 seconds.
  path: Assets/Resource/Character/Charamodel/Corin (Zenless Zone Zero)/Textures/Corin_Hair_D.png
  artifactKey: Guid(1e0515ea527db524a83a1497023a37cf) Importer(815301076,1909f56bfc062723c751e8b465ee728b)
Start importing Assets/Resource/Character/Charamodel/Corin (Zenless Zone Zero)/Textures/Corin_Hair_D.png using Guid(1e0515ea527db524a83a1497023a37cf) Importer(815301076,1909f56bfc062723c751e8b465ee728b) (PreviewImporter) -> (artifact id: 'ab70604e62916406d847891b087696e6') in 0.0136838 seconds
Number of updated asset objects reloaded before import = 0Number of asset objects unloaded after import = 2

========================================================================
Received Import Request.
  Time since last request: 0.000018 seconds.
  path: Assets/ExplosiveLLC/RPG Character Mecanim Animation Pack/Demo Elements/UI/ControlsCamera2.psd
  artifactKey: Guid(2f9af0cc411880a4dbdc1d39385d5652) Importer(815301076,1909f56bfc062723c751e8b465ee728b)
Start importing Assets/ExplosiveLLC/RPG Character Mecanim Animation Pack/Demo Elements/UI/ControlsCamera2.psd using Guid(2f9af0cc411880a4dbdc1d39385d5652) Importer(815301076,1909f56bfc062723c751e8b465ee728b) (PreviewImporter) -> (artifact id: 'd98fda8de01d8124c0292887e3753426') in 0.0278747 seconds
Number of updated asset objects reloaded before import = 0Number of asset objects unloaded after import = 3

========================================================================
Received Import Request.
  Time since last request: 12.009706 seconds.
  path: Assets/Modern UI Pack/Editor/Icons/EditorTooltip.png
  artifactKey: Guid(146ad7c4429fc764088d2a5139a2537d) Importer(815301076,1909f56bfc062723c751e8b465ee728b)
Start importing Assets/Modern UI Pack/Editor/Icons/EditorTooltip.png using Guid(146ad7c4429fc764088d2a5139a2537d) Importer(815301076,1909f56bfc062723c751e8b465ee728b) (PreviewImporter) -> (artifact id: '441dc4f5e51144ea2ecd3cf6313da25d') in 0.0152228 seconds
Number of updated asset objects reloaded before import = 0Number of asset objects unloaded after import = 2

========================================================================
Received Import Request.
  Time since last request: 0.000013 seconds.
  path: Assets/Resource/Character/Charamodel/Von Lycaon (Zenless Zone Zero)/Textures/Eff_MatCap_15.png
  artifactKey: Guid(8f8394b4238220345b8cbed0d270b456) Importer(815301076,1909f56bfc062723c751e8b465ee728b)
Start importing Assets/Resource/Character/Charamodel/Von Lycaon (Zenless Zone Zero)/Textures/Eff_MatCap_15.png using Guid(8f8394b4238220345b8cbed0d270b456) Importer(815301076,1909f56bfc062723c751e8b465ee728b) (PreviewImporter) -> (artifact id: 'f6c67475b7ba0d06b79816d88eee5897') in 0.0089051 seconds
Number of updated asset objects reloaded before import = 0Number of asset objects unloaded after import = 2

========================================================================
Received Import Request.
  Time since last request: 14.977465 seconds.
  path: Assets/Modern UI Pack/Textures/Border/Radial/512px/Radial Outline 512px - 1x.png
  artifactKey: Guid(2194d5d635e5bfb41ad25700190e5564) Importer(815301076,1909f56bfc062723c751e8b465ee728b)
Start importing Assets/Modern UI Pack/Textures/Border/Radial/512px/Radial Outline 512px - 1x.png using Guid(2194d5d635e5bfb41ad25700190e5564) Importer(815301076,1909f56bfc062723c751e8b465ee728b) (PreviewImporter) -> (artifact id: 'aaa2e51af7f9853d7d94bde4b4ab8c8e') in 0.0111941 seconds
Number of updated asset objects reloaded before import = 0Number of asset objects unloaded after import = 3

========================================================================
Received Import Request.
  Time since last request: 0.000027 seconds.
  path: Assets/Modern UI Pack/Textures/Border/Radial/512px/Radial Outline 512px - 10x.png
  artifactKey: Guid(459e46a077b8afa4d93425018fc7b3cc) Importer(815301076,1909f56bfc062723c751e8b465ee728b)
Start importing Assets/Modern UI Pack/Textures/Border/Radial/512px/Radial Outline 512px - 10x.png using Guid(459e46a077b8afa4d93425018fc7b3cc) Importer(815301076,1909f56bfc062723c751e8b465ee728b) (PreviewImporter) -> (artifact id: 'a4d8c16115fc05757ed4fa5c25aa5d1b') in 0.0102056 seconds
Number of updated asset objects reloaded before import = 0Number of asset objects unloaded after import = 3

========================================================================
Received Import Request.
  Time since last request: 0.055649 seconds.
  path: Assets/Modern UI Pack/Textures/Border/Radial/1024px/Radial Outline 1024px - 5x.png
  artifactKey: Guid(4ef5b6c06a53b5e46b65c8abec265a74) Importer(815301076,1909f56bfc062723c751e8b465ee728b)
Start importing Assets/Modern UI Pack/Textures/Border/Radial/1024px/Radial Outline 1024px - 5x.png using Guid(4ef5b6c06a53b5e46b65c8abec265a74) Importer(815301076,1909f56bfc062723c751e8b465ee728b) (PreviewImporter) -> (artifact id: '95ebf5b7260d472dd39fba0c9915738a') in 0.009854 seconds
Number of updated asset objects reloaded before import = 0Number of asset objects unloaded after import = 3

========================================================================
Received Import Request.
  Time since last request: 0.000012 seconds.
  path: Assets/Modern UI Pack/Textures/Border/Radial/1024px/Radial Outline 1024px - 10x.png
  artifactKey: Guid(0ecdb2af8ed8f904eacbb8cb7e83603b) Importer(815301076,1909f56bfc062723c751e8b465ee728b)
Start importing Assets/Modern UI Pack/Textures/Border/Radial/1024px/Radial Outline 1024px - 10x.png using Guid(0ecdb2af8ed8f904eacbb8cb7e83603b) Importer(815301076,1909f56bfc062723c751e8b465ee728b) (PreviewImporter) -> (artifact id: '45568b420951648732be0742f6af062c') in 0.0097339 seconds
Number of updated asset objects reloaded before import = 0Number of asset objects unloaded after import = 3

========================================================================
Received Import Request.
  Time since last request: 0.071694 seconds.
  path: Assets/Modern UI Pack/Textures/Icon/Communication & Social/Reddit.png
  artifactKey: Guid(bd5800a4eb1b3994cbf678c8eae0464a) Importer(815301076,1909f56bfc062723c751e8b465ee728b)
Start importing Assets/Modern UI Pack/Textures/Icon/Communication & Social/Reddit.png using Guid(bd5800a4eb1b3994cbf678c8eae0464a) Importer(815301076,1909f56bfc062723c751e8b465ee728b) (PreviewImporter) -> (artifact id: 'b20992ded1fb4572483cd7da9edcb2c9') in 0.0096773 seconds
Number of updated asset objects reloaded before import = 0Number of asset objects unloaded after import = 3

========================================================================
Received Import Request.
  Time since last request: 0.149678 seconds.
  path: Assets/ExplosiveLLC/PerfectLookAt/Models/Robot Kyle/Textures/Robot_Color.tga
  artifactKey: Guid(0a0e8af2869fa45f78e25460db578482) Importer(815301076,1909f56bfc062723c751e8b465ee728b)
Start importing Assets/ExplosiveLLC/PerfectLookAt/Models/Robot Kyle/Textures/Robot_Color.tga using Guid(0a0e8af2869fa45f78e25460db578482) Importer(815301076,1909f56bfc062723c751e8b465ee728b) (PreviewImporter) -> (artifact id: '89156587cc6cbcf497913f31e80cc516') in 0.0070084 seconds
Number of updated asset objects reloaded before import = 0Number of asset objects unloaded after import = 2

========================================================================
Received Import Request.
  Time since last request: 0.000019 seconds.
  path: Assets/Modern UI Pack/Textures/Border/Rounded/256px/Rounded Filled 256px.png
  artifactKey: Guid(5e16c7aea118d68498053518146c9cf9) Importer(815301076,1909f56bfc062723c751e8b465ee728b)
Start importing Assets/Modern UI Pack/Textures/Border/Rounded/256px/Rounded Filled 256px.png using Guid(5e16c7aea118d68498053518146c9cf9) Importer(815301076,1909f56bfc062723c751e8b465ee728b) (PreviewImporter) -> (artifact id: '160cf6627130bac50c4fd99aab9ab45c') in 0.0088379 seconds
Number of updated asset objects reloaded before import = 0Number of asset objects unloaded after import = 3

========================================================================
Received Import Request.
  Time since last request: 0.084466 seconds.
  path: Assets/Modern UI Pack/Textures/Border/Rounded/32px/Rounded Outline 32px - 6x.png
  artifactKey: Guid(19e0bce67751785438b5135a43190ad6) Importer(815301076,1909f56bfc062723c751e8b465ee728b)
Start importing Assets/Modern UI Pack/Textures/Border/Rounded/32px/Rounded Outline 32px - 6x.png using Guid(19e0bce67751785438b5135a43190ad6) Importer(815301076,1909f56bfc062723c751e8b465ee728b) (PreviewImporter) -> (artifact id: 'd0f2fd0b2ff7c41bf447b3c4dc85c9b5') in 0.0077238 seconds
Number of updated asset objects reloaded before import = 0Number of asset objects unloaded after import = 3

========================================================================
Received Import Request.
  Time since last request: 0.000015 seconds.
  path: Assets/Modern UI Pack/Textures/Border/Rounded/64px/Rounded Outline 64px - 2x.png
  artifactKey: Guid(04afe2bffe7002542ad7fb5dd55c6b9f) Importer(815301076,1909f56bfc062723c751e8b465ee728b)
Start importing Assets/Modern UI Pack/Textures/Border/Rounded/64px/Rounded Outline 64px - 2x.png using Guid(04afe2bffe7002542ad7fb5dd55c6b9f) Importer(815301076,1909f56bfc062723c751e8b465ee728b) (PreviewImporter) -> (artifact id: 'd9755a35b379b6be4d753f76a8d2ce54') in 0.00978 seconds
Number of updated asset objects reloaded before import = 0Number of asset objects unloaded after import = 3

========================================================================
Received Import Request.
  Time since last request: 0.422899 seconds.
  path: Assets/Modern UI Pack/Textures/Border/Rounded/128px/Rounded Outline 128px - 1x.png
  artifactKey: Guid(6f26b2434055f404d8d9c0b82e4de90f) Importer(815301076,1909f56bfc062723c751e8b465ee728b)
Start importing Assets/Modern UI Pack/Textures/Border/Rounded/128px/Rounded Outline 128px - 1x.png using Guid(6f26b2434055f404d8d9c0b82e4de90f) Importer(815301076,1909f56bfc062723c751e8b465ee728b) (PreviewImporter) -> (artifact id: 'd79bb88fd0164ba731b36695262c46d2') in 0.0129874 seconds
Number of updated asset objects reloaded before import = 0Number of asset objects unloaded after import = 3

========================================================================
Received Import Request.
  Time since last request: 0.000017 seconds.
  path: Assets/Modern UI Pack/Textures/Border/Rounded/128px/Rounded Outline 128px - 6x.png
  artifactKey: Guid(7b27b6bf2732b4f40838cac3e4dcecf8) Importer(815301076,1909f56bfc062723c751e8b465ee728b)
Start importing Assets/Modern UI Pack/Textures/Border/Rounded/128px/Rounded Outline 128px - 6x.png using Guid(7b27b6bf2732b4f40838cac3e4dcecf8) Importer(815301076,1909f56bfc062723c751e8b465ee728b) (PreviewImporter) -> (artifact id: '783d2d7de81d66ce8f577555857f603d') in 0.0108411 seconds
Number of updated asset objects reloaded before import = 0Number of asset objects unloaded after import = 3

========================================================================
Received Import Request.
  Time since last request: 0.124097 seconds.
  path: Assets/Modern UI Pack/Textures/Border/Rounded/256px/Rounded Outline 256px - 1x.png
  artifactKey: Guid(20a45802d90dcb24a926d7d233163e1a) Importer(815301076,1909f56bfc062723c751e8b465ee728b)
Start importing Assets/Modern UI Pack/Textures/Border/Rounded/256px/Rounded Outline 256px - 1x.png using Guid(20a45802d90dcb24a926d7d233163e1a) Importer(815301076,1909f56bfc062723c751e8b465ee728b) (PreviewImporter) -> (artifact id: 'c44b3b87e2ba0efc033ebddb67f652c9') in 0.0090938 seconds
Number of updated asset objects reloaded before import = 0Number of asset objects unloaded after import = 3

========================================================================
Received Import Request.
  Time since last request: 0.000021 seconds.
  path: Assets/Modern UI Pack/Textures/Border/Rounded/256px/Rounded Outline 256px - 9x.png
  artifactKey: Guid(fc7f96ee4f833fd4a94f39893c574012) Importer(815301076,1909f56bfc062723c751e8b465ee728b)
Start importing Assets/Modern UI Pack/Textures/Border/Rounded/256px/Rounded Outline 256px - 9x.png using Guid(fc7f96ee4f833fd4a94f39893c574012) Importer(815301076,1909f56bfc062723c751e8b465ee728b) (PreviewImporter) -> (artifact id: '2a46d67c665d3b99f4ca747287fef5ef') in 0.0094835 seconds
Number of updated asset objects reloaded before import = 0Number of asset objects unloaded after import = 3

========================================================================
Received Import Request.
  Time since last request: 0.061847 seconds.
  path: Assets/Modern UI Pack/Textures/Border/Rounded/512px/Rounded Outline 512px - 6x.png
  artifactKey: Guid(c6054da7de1f08e47817d98cf925b113) Importer(815301076,1909f56bfc062723c751e8b465ee728b)
Start importing Assets/Modern UI Pack/Textures/Border/Rounded/512px/Rounded Outline 512px - 6x.png using Guid(c6054da7de1f08e47817d98cf925b113) Importer(815301076,1909f56bfc062723c751e8b465ee728b) (PreviewImporter) -> (artifact id: '9323803054e6f7c3d66b4fd203d91e0a') in 0.0105293 seconds
Number of updated asset objects reloaded before import = 0Number of asset objects unloaded after import = 3

========================================================================
Received Import Request.
  Time since last request: 0.000013 seconds.
  path: Assets/Modern UI Pack/Textures/Border/Rounded/1024px/Rounded Outline 1024px - 1x.png
  artifactKey: Guid(beb4ef4d122fefb44bdd1442367a8777) Importer(815301076,1909f56bfc062723c751e8b465ee728b)
Start importing Assets/Modern UI Pack/Textures/Border/Rounded/1024px/Rounded Outline 1024px - 1x.png using Guid(beb4ef4d122fefb44bdd1442367a8777) Importer(815301076,1909f56bfc062723c751e8b465ee728b) (PreviewImporter) -> (artifact id: '561a9a2f1e9fa079626a97ab41eb1974') in 0.0110392 seconds
Number of updated asset objects reloaded before import = 0Number of asset objects unloaded after import = 3

========================================================================
Received Import Request.
  Time since last request: 0.831118 seconds.
  path: Assets/Modern UI Pack/Textures/Border/Rounded/1024px/Rounded Outline 1024px - 6x.png
  artifactKey: Guid(a445463992baee14b93cff4e9d669d27) Importer(815301076,1909f56bfc062723c751e8b465ee728b)
Start importing Assets/Modern UI Pack/Textures/Border/Rounded/1024px/Rounded Outline 1024px - 6x.png using Guid(a445463992baee14b93cff4e9d669d27) Importer(815301076,1909f56bfc062723c751e8b465ee728b) (PreviewImporter) -> (artifact id: 'bee151dbb0b09e74eae51eb9285871a6') in 0.0110915 seconds
Number of updated asset objects reloaded before import = 0Number of asset objects unloaded after import = 3

========================================================================
Received Import Request.
  Time since last request: 0.000022 seconds.
  path: Assets/Resource/PackageResource/BeautifulSkyPack02/Panoramic/Textures/SKY_A2_Move.png
  artifactKey: Guid(d086b6a4cf5e02944aeb2199e271580d) Importer(815301076,1909f56bfc062723c751e8b465ee728b)
Start importing Assets/Resource/PackageResource/BeautifulSkyPack02/Panoramic/Textures/SKY_A2_Move.png using Guid(d086b6a4cf5e02944aeb2199e271580d) Importer(815301076,1909f56bfc062723c751e8b465ee728b) (PreviewImporter) -> (artifact id: '9a435c69b2161e4b110b4ea1ef84d7d4') in 0.5024477 seconds
Number of updated asset objects reloaded before import = 0Number of asset objects unloaded after import = 2

========================================================================
Received Import Request.
  Time since last request: 0.000065 seconds.
  path: Assets/Resource/PackageResource/BeautifulSkyPack02/CubeMap/Textures/SKY_A3.png
  artifactKey: Guid(10247015aed658d4cac3bee253790cd5) Importer(815301076,1909f56bfc062723c751e8b465ee728b)
Start importing Assets/Resource/PackageResource/BeautifulSkyPack02/CubeMap/Textures/SKY_A3.png using Guid(10247015aed658d4cac3bee253790cd5) Importer(815301076,1909f56bfc062723c751e8b465ee728b) (PreviewImporter) -> (artifact id: '0faf1a3b74b7b2f55f85b14ed139167c') in 0.504707 seconds
Number of updated asset objects reloaded before import = 0Number of asset objects unloaded after import = 1

========================================================================
Received Import Request.
  Time since last request: 0.000027 seconds.
  path: Assets/Resource/Character/Charamodel/Nicole Demara (Zenless Zone Zero)/Texture/Nostradamus_Body_M.png
  artifactKey: Guid(a23a497bba2578e40868321c5132bca8) Importer(815301076,1909f56bfc062723c751e8b465ee728b)
Start importing Assets/Resource/Character/Charamodel/Nicole Demara (Zenless Zone Zero)/Texture/Nostradamus_Body_M.png using Guid(a23a497bba2578e40868321c5132bca8) Importer(815301076,1909f56bfc062723c751e8b465ee728b) (PreviewImporter) -> (artifact id: 'd1faf8ea7395a2ee2199a0182a285330') in 0.0114956 seconds
Number of updated asset objects reloaded before import = 0Number of asset objects unloaded after import = 2

========================================================================
Received Import Request.
  Time since last request: 0.000031 seconds.
  path: Assets/Resource/Character/Charamodel/Nicole Demara (Zenless Zone Zero)/Texture/Nostradamus_Hair_D.png
  artifactKey: Guid(e177181867abdfc499b7f475f59fcafe) Importer(815301076,1909f56bfc062723c751e8b465ee728b)
Start importing Assets/Resource/Character/Charamodel/Nicole Demara (Zenless Zone Zero)/Texture/Nostradamus_Hair_D.png using Guid(e177181867abdfc499b7f475f59fcafe) Importer(815301076,1909f56bfc062723c751e8b465ee728b) (PreviewImporter) -> (artifact id: '7603332ffdbf59756e871080f89af540') in 0.0115658 seconds
Number of updated asset objects reloaded before import = 0Number of asset objects unloaded after import = 2

========================================================================
Received Import Request.
  Time since last request: 0.000019 seconds.
  path: Assets/Plugins/AllIn13DShader/Demo/Textures/ModelsTextures/MossAlbedo.tif
  artifactKey: Guid(35941fce2e88a0743b47a79665443cba) Importer(815301076,1909f56bfc062723c751e8b465ee728b)
Start importing Assets/Plugins/AllIn13DShader/Demo/Textures/ModelsTextures/MossAlbedo.tif using Guid(35941fce2e88a0743b47a79665443cba) Importer(815301076,1909f56bfc062723c751e8b465ee728b) (PreviewImporter) -> (artifact id: '9ae27618b83cb82dfd0993965782d14d') in 0.0114884 seconds
Number of updated asset objects reloaded before import = 0Number of asset objects unloaded after import = 2

========================================================================
Received Import Request.
  Time since last request: 0.000023 seconds.
  path: Assets/Plugins/AllIn13DShader/Demo/Textures/ModelsTextures/MuddyMossNormal.tif
  artifactKey: Guid(38ffb2e6d40eefc40b937a8e4e224602) Importer(815301076,1909f56bfc062723c751e8b465ee728b)
Start importing Assets/Plugins/AllIn13DShader/Demo/Textures/ModelsTextures/MuddyMossNormal.tif using Guid(38ffb2e6d40eefc40b937a8e4e224602) Importer(815301076,1909f56bfc062723c751e8b465ee728b) (PreviewImporter) -> (artifact id: '2aba132cc8c5a7ba0c00bc0de3af4491') in 0.0180817 seconds
Number of updated asset objects reloaded before import = 0Number of asset objects unloaded after import = 2

Editor requested this worker to shutdown with reason: Scaling down because of idle timeout
AssetImportWorker is now disconnected from the server
Process exiting
Exiting without the bug reporter. Application will terminate with return code 0