[Licensing::Module] Trying to connect to existing licensing client channel...
[Licensing::IpcConnector] Successfully connected to: "LicenseClient-USER" at "2026-02-28T10:40:42.7575648Z"
Built from '6000.3/staging' branch; Version is '6000.3.9f1 (7a9955a4f2fa) revision 8034645'; Using compiler version '194234433'; Build Type 'Release'
OS: 'Windows 11  (10.0.26200) Core' Language: 'ko' Physical Memory: 32386 MB
BatchMode: 1, IsHumanControllingUs: 0, StartBugReporterOnCrash: 0, Is64bit: 1
System  architecture: x64
Process architecture: x64
Date: 2026-02-28T10:40:42Z

COMMAND LINE ARGUMENTS:
C:\Program Files\Unity\Hub\Editor\6000.3.9f1\Editor\Unity.exe
-adb2
-batchMode
-noUpm
-name
AssetImportWorker50
-projectPath
C:/Users/USER/Documents/GitHub/AR-ReversiProject
-logFile
Logs/AssetImportWorker50.log
-srvPort
58049
-job-worker-count
15
-background-job-worker-count
8
-gc-helper-count
1
-name
AssetImport
Successfully changed project path to: C:/Users/USER/Documents/GitHub/AR-ReversiProject
C:/Users/USER/Documents/GitHub/AR-ReversiProject
[UnityMemory] Configuration Parameters - Can be set up in boot.config
    "memorysetup-temp-allocator-size-nav-mesh-worker=65536"
    "memorysetup-temp-allocator-size-audio-worker=65536"
    "memorysetup-temp-allocator-size-gfx=262144"
    "memorysetup-allocator-temp-initial-block-size-main=262144"
    "memorysetup-allocator-temp-initial-block-size-worker=262144"
    "memorysetup-temp-allocator-size-background-worker=32768"
    "memorysetup-temp-allocator-size-job-worker=262144"
    "memorysetup-temp-allocator-size-preload-manager=33554432"
    "memorysetup-temp-allocator-size-gi-baking-worker=262144"
    "memorysetup-temp-allocator-size-gi-baking-worker=262144"
    "memorysetup-temp-allocator-size-gi-baking-worker=262144"
    "memorysetup-temp-allocator-size-gi-baking-worker=262144"
    "memorysetup-temp-allocator-size-gi-baking-worker=262144"
    "memorysetup-bucket-allocator-granularity=16"
    "memorysetup-bucket-allocator-bucket-count=8"
    "memorysetup-bucket-allocator-block-size=33554432"
    "memorysetup-bucket-allocator-block-count=8"
    "memorysetup-main-allocator-block-size=16777216"
    "memorysetup-thread-allocator-block-size=16777216"
    "memorysetup-gfx-main-allocator-block-size=16777216"
    "memorysetup-gfx-thread-allocator-block-size=16777216"
    "memorysetup-cache-allocator-block-size=4194304"
    "memorysetup-typetree-allocator-block-size=2097152"
    "memorysetup-profiler-bucket-allocator-granularity=16"
    "memorysetup-profiler-bucket-allocator-bucket-count=8"
    "memorysetup-profiler-bucket-allocator-block-size=33554432"
    "memorysetup-profiler-bucket-allocator-block-count=8"
    "memorysetup-profiler-allocator-block-size=16777216"
    "memorysetup-profiler-editor-allocator-block-size=1048576"
    "memorysetup-temp-allocator-size-main=16777216"
    "memorysetup-job-temp-allocator-block-size=2097152"
    "memorysetup-job-temp-allocator-block-size-background=1048576"
    "memorysetup-job-temp-allocator-reduction-small-platforms=262144"
    "memorysetup-temp-allocator-size-cloud-worker=32768"
Player connection [37196]  Target information:

Player connection [37196]  * "[IP] 172.30.1.55 [Port] 0 [Flags] 2 [Guid] 3379963844 [EditorId] 3379963844 [Version] 1048832 [Id] WindowsEditor(7,DESKTOP-BTF4SNP) [Debug] 1 [PackageName] WindowsEditor [ProjectName] Editor" 

Player connection [37196] Host joined multi-casting on [225.0.0.222:54997]...
Player connection [37196] Host joined alternative multi-casting on [225.0.0.222:34997]...
JobSystem: Creating JobQueue using job-worker-count value 15
Input System module state changed to: Initialized.
[Physics::Module] Initialized fallback backend.
[Physics::Module] Id: 0xdecafbad
Library Redirect Path: Library/
[Physics::Module] Selected backend.
[Physics::Module] Name: PhysX
[Physics::Module] Id: 0xf2b8ea05
[Physics::Module] SDK Version: 4.1.2
[Physics::Module] Integration Version: 1.0.0
[Physics::Module] Threading Mode: Multi-Threaded
Refreshing native plugins compatible for Editor in 38.45 ms, found 9 plugins.
Preloading 0 native plugins for Editor in 0.00 ms.
Initialize engine version: 6000.3.9f1 (7a9955a4f2fa)
[Subsystems] Discovering subsystems at path C:/Program Files/Unity/Hub/Editor/6000.3.9f1/Editor/Data/Resources/UnitySubsystems
[Subsystems] Discovering subsystems at path C:/Users/USER/Documents/GitHub/AR-ReversiProject/Assets
GfxDevice: creating device client; kGfxThreadingModeNonThreaded
Direct3D:
    Version:  Direct3D 11.0 [level 11.1]
    Renderer: NVIDIA GeForce RTX 4060 Laptop GPU (ID=0x28e0)
    Vendor:   NVIDIA
    VRAM:     7957 MB
    Driver:   32.0.15.6081
Initialize mono
Mono path[0] = 'C:/Program Files/Unity/Hub/Editor/6000.3.9f1/Editor/Data/Managed'
Mono path[1] = 'C:/Program Files/Unity/Hub/Editor/6000.3.9f1/Editor/Data/MonoBleedingEdge/lib/mono/unityjit-win32'
Mono config path = 'C:/Program Files/Unity/Hub/Editor/6000.3.9f1/Editor/Data/MonoBleedingEdge/etc'
Using monoOptions --debugger-agent=transport=dt_socket,embedding=1,server=y,suspend=n,address=127.0.0.1:56548
Begin MonoManager ReloadAssembly
Registering precompiled unity dll's ...
Register platform support module: C:/Program Files/Unity/Hub/Editor/6000.3.9f1/Editor/Data/PlaybackEngines/WebGLSupport/UnityEditor.WebGL.Extensions.dll
Register platform support module: C:/Program Files/Unity/Hub/Editor/6000.3.9f1/Editor/Data/PlaybackEngines/WindowsStandaloneSupport/UnityEditor.WindowsStandalone.Extensions.dll
Registered in 0.003972 seconds.
[Licensing::Client] Handshaking with LicensingClient:
  Version:                 1.17.4+4293ba1
  Session Id:              44da8dfbb4bb4220914767423c325887
  Correlation Id:          2e1677b044b26191d80a4bb1d64b199d
  External correlation Id: 2856852033293223240
  Machine Id:              dJ8Tfn01EciPmnYvmSiKPSjQkro=
[Licensing::Module] Successfully connected to LicensingClient on channel: "LicenseClient-USER" (connect: 0.00s, validation: 0.00s, handshake: 1.49s)
[Licensing::IpcConnector] Successfully connected to: "LicenseClient-USER-notifications" at "2026-02-28T10:40:44.2507014Z"
[Licensing::Module] Licensing Background thread has ended after 1.49s
- Loaded All Assemblies, in  0.449 seconds
Native extension for WindowsStandalone target not found
Native extension for WebGL target not found
ScheduleIndexationOnStartup MainProcess:False IndexOnStartup:True
Mono: successfully reloaded assembly
- Finished resetting the current domain, in  0.366 seconds
Domain Reload Profiling: 810ms
	BeginReloadAssembly (187ms)
		ExecutionOrderSort (0ms)
		DisableScriptedObjects (0ms)
		BackupInstance (0ms)
		ReleaseScriptingObjects (0ms)
		CreateAndSetChildDomain (1ms)
	RebuildCommonClasses (35ms)
	RebuildNativeTypeToScriptingClass (12ms)
	initialDomainReloadingComplete (48ms)
	LoadAllAssembliesAndSetupDomain (163ms)
		LoadAssemblies (183ms)
		RebuildTransferFunctionScriptingTraits (0ms)
		AnalyzeDomain (157ms)
			TypeCache.Refresh (155ms)
				TypeCache.ScanAssembly (143ms)
			BuildScriptInfoCaches (0ms)
			ResolveRequiredComponents (0ms)
	FinalizeReload (366ms)
		ReleaseScriptCaches (0ms)
		RebuildScriptCaches (0ms)
		SetupLoadedEditorAssemblies (327ms)
			LogAssemblyErrors (0ms)
			InitializePlatformSupportModulesInManaged (50ms)
			SetLoadedEditorAssemblies (3ms)
			BeforeProcessingInitializeOnLoad (76ms)
			ProcessInitializeOnLoadAttributes (135ms)
			ProcessInitializeOnLoadMethodAttributes (62ms)
			AfterProcessingInitializeOnLoad (0ms)
			EditorAssembliesLoaded (0ms)
		ExecutionOrderSort2 (0ms)
		AwakeInstancesAfterBackupRestoration (0ms)
========================================================================
Worker process is ready to serve import requests
Import Worker Mode flag is 0x00
Begin MonoManager ReloadAssembly
[Licensing::Client] Successfully resolved entitlement details
[Licensing::Module] License group:
  Id: 14568654860447-UnityPersXXXX
  Product: Unity Personal
  Type: Assigned
  Expiration: Unlimited
- Loaded All Assemblies, in  1.052 seconds
'Assets/Photon/Fusion/Runtime/Fusion.Unity.cs' contains partial class of Unity.Object, exactly 1 of the partial classes needs to be in a file with the same filename. This is to know the one that can be referenced from ie. GameObjects
'Assets/Photon/Fusion/Runtime/Fusion.Unity.cs' contains partial class of Unity.Object, exactly 1 of the partial classes needs to be in a file with the same filename. This is to know the one that can be referenced from ie. GameObjects
Refreshing native plugins compatible for Editor in 11.26 ms, found 9 plugins.
Native extension for WindowsStandalone target not found
Native extension for WebGL target not found
Package Manager log level set to [2]
[Package Manager] Failed to launch server process. Reason: Unity was launched with the -noUpm command-line argument
[Package Manager] Unable to send message (not connected to server process).
[Package Manager] Cannot connect to Unity Package Manager local server
System.Exception: Error! Visual Scripting: couldn't find visual scripting package
  at Unity.VisualScripting.PackageVersionUtility.get_version () [0x00043] in .\Library\PackageCache\com.unity.visualscripting@191c0d7e3b69\Editor\VisualScripting.Core\Utilities\PackageVersionUtility.cs:31 
  at Unity.VisualScripting.BoltCoreManifest.get_version () [0x00000] in .\Library\PackageCache\com.unity.visualscripting@191c0d7e3b69\Editor\VisualScripting.Core\Plugin\BoltCoreManifest.cs:11 
  at Unity.VisualScripting.PluginManifest.get_currentVersion () [0x00000] in .\Library\PackageCache\com.unity.visualscripting@191c0d7e3b69\Editor\VisualScripting.Core\Plugins\PluginManifest.cs:33 
  at Unity.VisualScripting.PluginManifest.get_versionMismatch () [0x00000] in .\Library\PackageCache\com.unity.visualscripting@191c0d7e3b69\Editor\VisualScripting.Core\Plugins\PluginManifest.cs:48 
  at Unity.VisualScripting.PluginContainer.Initialize () [0x00525] in .\Library\PackageCache\com.unity.visualscripting@191c0d7e3b69\Editor\VisualScripting.Core\Plugins\PluginContainer.cs:208 
  at Unity.VisualScripting.PluginContainer.InitializeOnLoad () [0x00009] in .\Library\PackageCache\com.unity.visualscripting@191c0d7e3b69\Editor\VisualScripting.Core\Plugins\PluginContainer.cs:32 
  at Unity.VisualScripting.VSUsageUtility.DoInitializeOnLoadCalls () [0x00034] in .\Library\PackageCache\com.unity.visualscripting@191c0d7e3b69\Editor\VisualScripting.Core\Utilities\VSUsageUtility.cs:76 
  at Unity.VisualScripting.VSUsageUtility.set_isVisualScriptingUsed (System.Boolean value) [0x0002c] in .\Library\PackageCache\com.unity.visualscripting@191c0d7e3b69\Editor\VisualScripting.Core\Utilities\VSUsageUtility.cs:114 
  at Unity.VisualScripting.VSUsageUtility.CheckAndSetIsVisualScriptingUsed () [0x00032] in .\Library\PackageCache\com.unity.visualscripting@191c0d7e3b69\Editor\VisualScripting.Core\Utilities\VSUsageUtility.cs:48 
  at Unity.VisualScripting.VSUsageUtility..cctor () [0x00000] in .\Library\PackageCache\com.unity.visualscripting@191c0d7e3b69\Editor\VisualScripting.Core\Utilities\VSUsageUtility.cs:22 
UnityEngine.Debug:ExtractStackTraceNoAlloc (byte*,int,string)
UnityEngine.StackTraceUtility:ExtractStackTrace ()
UnityEngine.DebugLogHandler:Internal_Log (UnityEngine.LogType,UnityEngine.LogOption,string,UnityEngine.Object)
UnityEngine.DebugLogHandler:LogFormat (UnityEngine.LogType,UnityEngine.Object,string,object[])
UnityEngine.Logger:Log (UnityEngine.LogType,object)
UnityEngine.Debug:LogError (object)
UnityEditor.EditorAssemblies:ProcessInitializeOnLoadAttributes (System.Type[])

ScheduleIndexationOnStartup MainProcess:False IndexOnStartup:True
Mono: successfully reloaded assembly
- Finished resetting the current domain, in  1.352 seconds
Domain Reload Profiling: 2395ms
	BeginReloadAssembly (190ms)
		ExecutionOrderSort (0ms)
		DisableScriptedObjects (4ms)
		BackupInstance (0ms)
		ReleaseScriptingObjects (0ms)
		CreateAndSetChildDomain (25ms)
	RebuildCommonClasses (34ms)
	RebuildNativeTypeToScriptingClass (11ms)
	initialDomainReloadingComplete (50ms)
	LoadAllAssembliesAndSetupDomain (756ms)
		LoadAssemblies (586ms)
		RebuildTransferFunctionScriptingTraits (0ms)
		AnalyzeDomain (288ms)
			TypeCache.Refresh (212ms)
				TypeCache.ScanAssembly (192ms)
			BuildScriptInfoCaches (62ms)
			ResolveRequiredComponents (10ms)
	FinalizeReload (1353ms)
		ReleaseScriptCaches (0ms)
		RebuildScriptCaches (0ms)
		SetupLoadedEditorAssemblies (1162ms)
			LogAssemblyErrors (0ms)
			InitializePlatformSupportModulesInManaged (2ms)
			SetLoadedEditorAssemblies (3ms)
			BeforeProcessingInitializeOnLoad (132ms)
			ProcessInitializeOnLoadAttributes (848ms)
			ProcessInitializeOnLoadMethodAttributes (166ms)
			AfterProcessingInitializeOnLoad (10ms)
			EditorAssembliesLoaded (0ms)
		ExecutionOrderSort2 (0ms)
		AwakeInstancesAfterBackupRestoration (5ms)
Launched and connected shader compiler UnityShaderCompiler.exe after 0.02 seconds
Refreshing native plugins compatible for Editor in 17.53 ms, found 9 plugins.
Preloading 0 native plugins for Editor in 0.00 ms.
Unloading 16 Unused Serialized files (Serialized files now loaded: 0)
Unloading 7028 unused Assets / (4.3 MB). Loaded Objects now: 7945.
Memory consumption went from 318.6 MB to 314.3 MB.
Total: 26.246600 ms (FindLiveObjects: 0.659600 ms CreateObjectMapping: 0.509800 ms MarkObjects: 22.473100 ms  DeleteObjects: 2.602500 ms)

========================================================================
Received Import Request.
  Time since last request: 1386094.807859 seconds.
  path: Assets/Modern UI Pack/Editor/Icons/EditorContextMenu.png
  artifactKey: Guid(cceded5b1d0834e48849fb152ac8e53d) Importer(815301076,1909f56bfc062723c751e8b465ee728b)
Start importing Assets/Modern UI Pack/Editor/Icons/EditorContextMenu.png using Guid(cceded5b1d0834e48849fb152ac8e53d) Importer(815301076,1909f56bfc062723c751e8b465ee728b) (PreviewImporter) -> (artifact id: 'c523a10edcc91da943381da442591e71') in 0.0625772 seconds
Number of updated asset objects reloaded before import = 0Number of asset objects unloaded after import = 2

========================================================================
Received Import Request.
  Time since last request: 0.000022 seconds.
  path: Assets/Modern UI Pack/Editor/Icons/EditorPieChart.png
  artifactKey: Guid(3ae7671fb73a5df4ebec7a6b32ae8e8c) Importer(815301076,1909f56bfc062723c751e8b465ee728b)
Start importing Assets/Modern UI Pack/Editor/Icons/EditorPieChart.png using Guid(3ae7671fb73a5df4ebec7a6b32ae8e8c) Importer(815301076,1909f56bfc062723c751e8b465ee728b) (PreviewImporter) -> (artifact id: '200e7f50cd8d0e4bae8b6410c22380e3') in 0.0115992 seconds
Number of updated asset objects reloaded before import = 0Number of asset objects unloaded after import = 2

========================================================================
Received Import Request.
  Time since last request: 13.415342 seconds.
  path: Assets/Resource/Character/Charamodel/Belle (Zenless Zone Zero)/Textures/Eff_Noise_01.png
  artifactKey: Guid(7290d16fe17300d45bfd975e0da6f0e9) Importer(815301076,1909f56bfc062723c751e8b465ee728b)
Start importing Assets/Resource/Character/Charamodel/Belle (Zenless Zone Zero)/Textures/Eff_Noise_01.png using Guid(7290d16fe17300d45bfd975e0da6f0e9) Importer(815301076,1909f56bfc062723c751e8b465ee728b) (PreviewImporter) -> (artifact id: '246edf3f8d916fdfde0f83e3411f993f') in 0.0088388 seconds
Number of updated asset objects reloaded before import = 0Number of asset objects unloaded after import = 2

========================================================================
Received Import Request.
  Time since last request: 15.021993 seconds.
  path: Assets/Modern UI Pack/Textures/Border/Radial/512px/Radial Outline 512px - 2x.png
  artifactKey: Guid(0ab11be59df835d4099df401d7420c44) Importer(815301076,1909f56bfc062723c751e8b465ee728b)
Start importing Assets/Modern UI Pack/Textures/Border/Radial/512px/Radial Outline 512px - 2x.png using Guid(0ab11be59df835d4099df401d7420c44) Importer(815301076,1909f56bfc062723c751e8b465ee728b) (PreviewImporter) -> (artifact id: 'bba4f9d5da6bd503ffbf4094bd8b278b') in 0.0262469 seconds
Number of updated asset objects reloaded before import = 0Number of asset objects unloaded after import = 3

========================================================================
Received Import Request.
  Time since last request: 0.149206 seconds.
  path: Assets/Modern UI Pack/Textures/Border/Radial/1024px/Radial Outline 1024px - 6x.png
  artifactKey: Guid(7abca72115e53cb4aae8bf1cea4027d8) Importer(815301076,1909f56bfc062723c751e8b465ee728b)
Start importing Assets/Modern UI Pack/Textures/Border/Radial/1024px/Radial Outline 1024px - 6x.png using Guid(7abca72115e53cb4aae8bf1cea4027d8) Importer(815301076,1909f56bfc062723c751e8b465ee728b) (PreviewImporter) -> (artifact id: 'ec6e480b0f18c17dd9c5986ca7080c32') in 0.0101234 seconds
Number of updated asset objects reloaded before import = 0Number of asset objects unloaded after import = 3

========================================================================
Received Import Request.
  Time since last request: 0.000023 seconds.
  path: Assets/Plugins/AllIn13DShader/Demo/Data/Gradients/RampTexture.png
  artifactKey: Guid(065e85d1f852ee34489e53a6aca48fd0) Importer(815301076,1909f56bfc062723c751e8b465ee728b)
Start importing Assets/Plugins/AllIn13DShader/Demo/Data/Gradients/RampTexture.png using Guid(065e85d1f852ee34489e53a6aca48fd0) Importer(815301076,1909f56bfc062723c751e8b465ee728b) (PreviewImporter) -> (artifact id: '93ade7c18239bbd0f4c8ca9527fdadfe') in 0.0068437 seconds
Number of updated asset objects reloaded before import = 0Number of asset objects unloaded after import = 2

========================================================================
Received Import Request.
  Time since last request: 0.075658 seconds.
  path: Assets/Modern UI Pack/Textures/Icon/Communication & Social/Reddit Filled.png
  artifactKey: Guid(c6818622dca7e704185912c9d9bafd97) Importer(815301076,1909f56bfc062723c751e8b465ee728b)
Start importing Assets/Modern UI Pack/Textures/Icon/Communication & Social/Reddit Filled.png using Guid(c6818622dca7e704185912c9d9bafd97) Importer(815301076,1909f56bfc062723c751e8b465ee728b) (PreviewImporter) -> (artifact id: '92e8415f708202c01b68ba3111fac0f7') in 0.0103876 seconds
Number of updated asset objects reloaded before import = 0Number of asset objects unloaded after import = 3

========================================================================
Received Import Request.
  Time since last request: 0.158412 seconds.
  path: Assets/ExplosiveLLC/PerfectLookAt/Models/Robot Kyle/Textures/Robot_Normal.tga
  artifactKey: Guid(94c473c9137744d7eabd829f1150da8d) Importer(815301076,1909f56bfc062723c751e8b465ee728b)
Start importing Assets/ExplosiveLLC/PerfectLookAt/Models/Robot Kyle/Textures/Robot_Normal.tga using Guid(94c473c9137744d7eabd829f1150da8d) Importer(815301076,1909f56bfc062723c751e8b465ee728b) (PreviewImporter) -> (artifact id: 'e3965801bff513ebfd2e285d4c561ae4') in 0.0127678 seconds
Number of updated asset objects reloaded before import = 0Number of asset objects unloaded after import = 2

========================================================================
Received Import Request.
  Time since last request: 0.000020 seconds.
  path: Assets/Modern UI Pack/Textures/Border/Rounded/1024px/Rounded Filled 1024px.png
  artifactKey: Guid(951352f31055aae46b6e9786313c632d) Importer(815301076,1909f56bfc062723c751e8b465ee728b)
Start importing Assets/Modern UI Pack/Textures/Border/Rounded/1024px/Rounded Filled 1024px.png using Guid(951352f31055aae46b6e9786313c632d) Importer(815301076,1909f56bfc062723c751e8b465ee728b) (PreviewImporter) -> (artifact id: '38999eec9e14dd68f2287ee97db20df4') in 0.008936 seconds
Number of updated asset objects reloaded before import = 0Number of asset objects unloaded after import = 3

========================================================================
Received Import Request.
  Time since last request: 0.097683 seconds.
  path: Assets/Modern UI Pack/Textures/Border/Rounded/32px/Rounded Outline 32px - 7x.png
  artifactKey: Guid(2ae02f309e37a7b468a607a66bbc4e6d) Importer(815301076,1909f56bfc062723c751e8b465ee728b)
Start importing Assets/Modern UI Pack/Textures/Border/Rounded/32px/Rounded Outline 32px - 7x.png using Guid(2ae02f309e37a7b468a607a66bbc4e6d) Importer(815301076,1909f56bfc062723c751e8b465ee728b) (PreviewImporter) -> (artifact id: '20dbaa590750256483766395177f97a9') in 0.0082893 seconds
Number of updated asset objects reloaded before import = 0Number of asset objects unloaded after import = 3

========================================================================
Received Import Request.
  Time since last request: 0.000022 seconds.
  path: Assets/Modern UI Pack/Textures/Border/Rounded/64px/Rounded Outline 64px - 4x.png
  artifactKey: Guid(a33db688e71d21649b0437503cff43e6) Importer(815301076,1909f56bfc062723c751e8b465ee728b)
Start importing Assets/Modern UI Pack/Textures/Border/Rounded/64px/Rounded Outline 64px - 4x.png using Guid(a33db688e71d21649b0437503cff43e6) Importer(815301076,1909f56bfc062723c751e8b465ee728b) (PreviewImporter) -> (artifact id: 'd138dbcf91484c5c56fbbbfb2f91989b') in 0.0075392 seconds
Number of updated asset objects reloaded before import = 0Number of asset objects unloaded after import = 3

========================================================================
Received Import Request.
  Time since last request: 0.733410 seconds.
  path: Assets/Modern UI Pack/Textures/Border/Rounded/256px/Rounded Outline 256px - 2x.png
  artifactKey: Guid(82efc156cd7ddc444933a146a27f0052) Importer(815301076,1909f56bfc062723c751e8b465ee728b)
Start importing Assets/Modern UI Pack/Textures/Border/Rounded/256px/Rounded Outline 256px - 2x.png using Guid(82efc156cd7ddc444933a146a27f0052) Importer(815301076,1909f56bfc062723c751e8b465ee728b) (PreviewImporter) -> (artifact id: 'b1c5696b7724265ff09b8f141ea152f0') in 0.0077371 seconds
Number of updated asset objects reloaded before import = 0Number of asset objects unloaded after import = 3

========================================================================
Received Import Request.
  Time since last request: 0.000014 seconds.
  path: Assets/Modern UI Pack/Textures/Border/Rounded/256px/Rounded Outline 256px - 10x.png
  artifactKey: Guid(9608a0ed55d16c540893ef0cf95628f5) Importer(815301076,1909f56bfc062723c751e8b465ee728b)
Start importing Assets/Modern UI Pack/Textures/Border/Rounded/256px/Rounded Outline 256px - 10x.png using Guid(9608a0ed55d16c540893ef0cf95628f5) Importer(815301076,1909f56bfc062723c751e8b465ee728b) (PreviewImporter) -> (artifact id: '014d73ba37b0a372400b8a350445b426') in 0.0099338 seconds
Number of updated asset objects reloaded before import = 0Number of asset objects unloaded after import = 3

========================================================================
Received Import Request.
  Time since last request: 1.038118 seconds.
  path: Assets/Modern UI Pack/Textures/Border/Rounded/1024px/Rounded Outline 1024px - 7x.png
  artifactKey: Guid(014e4350c5916b14ea6b235afebcaec9) Importer(815301076,1909f56bfc062723c751e8b465ee728b)
Start importing Assets/Modern UI Pack/Textures/Border/Rounded/1024px/Rounded Outline 1024px - 7x.png using Guid(014e4350c5916b14ea6b235afebcaec9) Importer(815301076,1909f56bfc062723c751e8b465ee728b) (PreviewImporter) -> (artifact id: '405a8a46a8d03b68d4f6f9b70799a967') in 0.0108232 seconds
Number of updated asset objects reloaded before import = 0Number of asset objects unloaded after import = 3

========================================================================
Received Import Request.
  Time since last request: 0.000013 seconds.
  path: Assets/Resource/PackageResource/BeautifulSkyPack02/Panoramic/Textures/SKY_A2.png
  artifactKey: Guid(e6b9a6271e9cd3f48bfbae861445a161) Importer(815301076,1909f56bfc062723c751e8b465ee728b)
Start importing Assets/Resource/PackageResource/BeautifulSkyPack02/Panoramic/Textures/SKY_A2.png using Guid(e6b9a6271e9cd3f48bfbae861445a161) Importer(815301076,1909f56bfc062723c751e8b465ee728b) (PreviewImporter) -> (artifact id: 'bc969f437bb7cbc728682e87b7916b1b') in 0.4664835 seconds
Number of updated asset objects reloaded before import = 0Number of asset objects unloaded after import = 2

========================================================================
Received Import Request.
  Time since last request: 0.000044 seconds.
  path: Assets/Modern UI Pack/Editor/Icons/SettingsNormal.png
  artifactKey: Guid(36444c258518c6e4789a631caa2add79) Importer(815301076,1909f56bfc062723c751e8b465ee728b)
Start importing Assets/Modern UI Pack/Editor/Icons/SettingsNormal.png using Guid(36444c258518c6e4789a631caa2add79) Importer(815301076,1909f56bfc062723c751e8b465ee728b) (PreviewImporter) -> (artifact id: 'adb477c317bd1fe6bc0d4f9273def7ae') in 0.0085339 seconds
Number of updated asset objects reloaded before import = 0Number of asset objects unloaded after import = 2

========================================================================
Received Import Request.
  Time since last request: 0.000107 seconds.
  path: Assets/Resource/Character/Charamodel/Wise (Zenless Zone Zero)/Textures/Wise_Face_D.png
  artifactKey: Guid(bf4b5e2b96b327e419a42253d6e41b6a) Importer(815301076,1909f56bfc062723c751e8b465ee728b)
Start importing Assets/Resource/Character/Charamodel/Wise (Zenless Zone Zero)/Textures/Wise_Face_D.png using Guid(bf4b5e2b96b327e419a42253d6e41b6a) Importer(815301076,1909f56bfc062723c751e8b465ee728b) (PreviewImporter) -> (artifact id: 'c73a632ff33df1919632f444b72ce099') in 0.0167711 seconds
Number of updated asset objects reloaded before import = 0Number of asset objects unloaded after import = 2

========================================================================
Received Import Request.
  Time since last request: 0.000020 seconds.
  path: Assets/Resource/Character/Charamodel/Wise (Zenless Zone Zero)/Textures/Wise_Body_Map2_N.png
  artifactKey: Guid(2ac320475e066b4408734a34449c71c0) Importer(815301076,1909f56bfc062723c751e8b465ee728b)
Start importing Assets/Resource/Character/Charamodel/Wise (Zenless Zone Zero)/Textures/Wise_Body_Map2_N.png using Guid(2ac320475e066b4408734a34449c71c0) Importer(815301076,1909f56bfc062723c751e8b465ee728b) (PreviewImporter) -> (artifact id: '726e277b707aa655fb96672094323065') in 0.0095132 seconds
Number of updated asset objects reloaded before import = 0Number of asset objects unloaded after import = 2

========================================================================
Received Import Request.
  Time since last request: 0.000025 seconds.
  path: Assets/Modern UI Pack/Editor/Icons/SwitchOff.png
  artifactKey: Guid(c72f1ae5731c1034887c0be3dfd557a7) Importer(815301076,1909f56bfc062723c751e8b465ee728b)
Start importing Assets/Modern UI Pack/Editor/Icons/SwitchOff.png using Guid(c72f1ae5731c1034887c0be3dfd557a7) Importer(815301076,1909f56bfc062723c751e8b465ee728b) (PreviewImporter) -> (artifact id: '19ead088ae8059b8dab1de2abe31bbef') in 0.0089033 seconds
Number of updated asset objects reloaded before import = 0Number of asset objects unloaded after import = 2

========================================================================
Received Import Request.
  Time since last request: 0.074093 seconds.
  path: Assets/Plugins/AllIn13DShader/Demo/Textures/ModelsTextures/StonesAlbedo.tif
  artifactKey: Guid(94e603a431b4f534c9eed1fb14fc5663) Importer(815301076,1909f56bfc062723c751e8b465ee728b)
Start importing Assets/Plugins/AllIn13DShader/Demo/Textures/ModelsTextures/StonesAlbedo.tif using Guid(94e603a431b4f534c9eed1fb14fc5663) Importer(815301076,1909f56bfc062723c751e8b465ee728b) (PreviewImporter) -> (artifact id: 'a998b576ae6494e077f36d9f4ee615a3') in 0.0076171 seconds
Number of updated asset objects reloaded before import = 0Number of asset objects unloaded after import = 2

========================================================================
Received Import Request.
  Time since last request: 0.000013 seconds.
  path: Assets/Modern UI Pack/Editor/Icons/SubHeaderContent.png
  artifactKey: Guid(57d45c8abb353984f9dd827c84ff73c7) Importer(815301076,1909f56bfc062723c751e8b465ee728b)
Start importing Assets/Modern UI Pack/Editor/Icons/SubHeaderContent.png using Guid(57d45c8abb353984f9dd827c84ff73c7) Importer(815301076,1909f56bfc062723c751e8b465ee728b) (PreviewImporter) -> (artifact id: '7ad33bfd9d96fdf198ebed83790b6f24') in 0.0112374 seconds
Number of updated asset objects reloaded before import = 0Number of asset objects unloaded after import = 2

========================================================================
Received Import Request.
  Time since last request: 0.000025 seconds.
  path: Assets/Resource/Character/Charamodel/Nicole Demara (Zenless Zone Zero)/Texture/Nostradamus_Body_N.png
  artifactKey: Guid(09db7168a71475649bce368427208936) Importer(815301076,1909f56bfc062723c751e8b465ee728b)
Start importing Assets/Resource/Character/Charamodel/Nicole Demara (Zenless Zone Zero)/Texture/Nostradamus_Body_N.png using Guid(09db7168a71475649bce368427208936) Importer(815301076,1909f56bfc062723c751e8b465ee728b) (PreviewImporter) -> (artifact id: '105eca8e9eaed4463f6eda1a083126db') in 0.0124948 seconds
Number of updated asset objects reloaded before import = 0Number of asset objects unloaded after import = 2

========================================================================
Received Import Request.
  Time since last request: 0.000027 seconds.
  path: Assets/Plugins/AllIn13DShader/Demo/Textures/ModelsTextures/MuddyMossAlbedo.tif
  artifactKey: Guid(60e1116174dc95f44b0dbe0c5f6acaaf) Importer(815301076,1909f56bfc062723c751e8b465ee728b)
Start importing Assets/Plugins/AllIn13DShader/Demo/Textures/ModelsTextures/MuddyMossAlbedo.tif using Guid(60e1116174dc95f44b0dbe0c5f6acaaf) Importer(815301076,1909f56bfc062723c751e8b465ee728b) (PreviewImporter) -> (artifact id: '7cbbe70981993ea9fbcded5fe6b3c951') in 0.0079573 seconds
Number of updated asset objects reloaded before import = 0Number of asset objects unloaded after import = 2

========================================================================
Received Import Request.
  Time since last request: 0.000016 seconds.
  path: Assets/Resource/Character/Charamodel/Nicole Demara (Zenless Zone Zero)/Texture/Nostradamus_Body_N_CN.png
  artifactKey: Guid(1dca1296d1c564f4e81c0939ca805b07) Importer(815301076,1909f56bfc062723c751e8b465ee728b)
Start importing Assets/Resource/Character/Charamodel/Nicole Demara (Zenless Zone Zero)/Texture/Nostradamus_Body_N_CN.png using Guid(1dca1296d1c564f4e81c0939ca805b07) Importer(815301076,1909f56bfc062723c751e8b465ee728b) (PreviewImporter) -> (artifact id: '9359c060369942e37936cddd0b36acf5') in 0.0114075 seconds
Number of updated asset objects reloaded before import = 0Number of asset objects unloaded after import = 2

========================================================================
Received Import Request.
  Time since last request: 0.000018 seconds.
  path: Assets/Modern UI Pack/Editor/Icons/SubHeaderContextMenu.png
  artifactKey: Guid(658627e6354c033459fc8f0892c59de9) Importer(815301076,1909f56bfc062723c751e8b465ee728b)
Start importing Assets/Modern UI Pack/Editor/Icons/SubHeaderContextMenu.png using Guid(658627e6354c033459fc8f0892c59de9) Importer(815301076,1909f56bfc062723c751e8b465ee728b) (PreviewImporter) -> (artifact id: '9d4b8b913a74c097a70b9a8796b818b4') in 0.0108719 seconds
Number of updated asset objects reloaded before import = 0Number of asset objects unloaded after import = 2

========================================================================
Received Import Request.
  Time since last request: 172.098476 seconds.
  path: Assets/ExplosiveLLC/RPG Character Mecanim Animation Pack/Demo Elements/Models/Target.FBX
  artifactKey: Guid(c82005efa6bc65e4c838bdcfb57759d7) Importer(815301076,1909f56bfc062723c751e8b465ee728b)
Start importing Assets/ExplosiveLLC/RPG Character Mecanim Animation Pack/Demo Elements/Models/Target.FBX using Guid(c82005efa6bc65e4c838bdcfb57759d7) Importer(815301076,1909f56bfc062723c751e8b465ee728b) (PreviewImporter) -> (artifact id: '0281836d6efe5dbb58b867f3c06319a3') in 0.4688161 seconds
Number of updated asset objects reloaded before import = 0Number of asset objects unloaded after import = 9

========================================================================
Received Import Request.
  Time since last request: 0.980462 seconds.
  path: Assets/ExplosiveLLC/RPG Character Mecanim Animation Pack/Models/Weapons/2Hand-Spear.FBX
  artifactKey: Guid(73fd48ea7e04e0d4d8235c26559872a6) Importer(815301076,1909f56bfc062723c751e8b465ee728b)
Start importing Assets/ExplosiveLLC/RPG Character Mecanim Animation Pack/Models/Weapons/2Hand-Spear.FBX using Guid(73fd48ea7e04e0d4d8235c26559872a6) Importer(815301076,1909f56bfc062723c751e8b465ee728b) (PreviewImporter) -> (artifact id: 'c93fe0a1e2e79ec646a4e70212fb497e') in 0.0159411 seconds
Number of updated asset objects reloaded before import = 0Number of asset objects unloaded after import = 7

========================================================================
Received Import Request.
  Time since last request: 0.000037 seconds.
  path: Assets/ExplosiveLLC/RPG Character Mecanim Animation Pack/Models/Weapons/2Hand-Staff.FBX
  artifactKey: Guid(fb92c5d21e8ad8046a6b40d839763a76) Importer(815301076,1909f56bfc062723c751e8b465ee728b)
Start importing Assets/ExplosiveLLC/RPG Character Mecanim Animation Pack/Models/Weapons/2Hand-Staff.FBX using Guid(fb92c5d21e8ad8046a6b40d839763a76) Importer(815301076,1909f56bfc062723c751e8b465ee728b) (PreviewImporter) -> (artifact id: '1afdc4b4b5a822b7e9b6ad3b57c79880') in 0.0112979 seconds
Number of updated asset objects reloaded before import = 0Number of asset objects unloaded after import = 7

========================================================================
Received Import Request.
  Time since last request: 0.000028 seconds.
  path: Assets/ExplosiveLLC/RPG Character Mecanim Animation Pack/Demo Elements/Models/Stage/Stage.FBX
  artifactKey: Guid(8916d1b3e570aac4390ab825c9ed30fd) Importer(815301076,1909f56bfc062723c751e8b465ee728b)
Start importing Assets/ExplosiveLLC/RPG Character Mecanim Animation Pack/Demo Elements/Models/Stage/Stage.FBX using Guid(8916d1b3e570aac4390ab825c9ed30fd) Importer(815301076,1909f56bfc062723c751e8b465ee728b) (PreviewImporter) -> (artifact id: 'b2eac1feac5f566b0325af78e9e25949') in 0.0269894 seconds
Number of updated asset objects reloaded before import = 0Number of asset objects unloaded after import = 14

========================================================================
Received Import Request.
  Time since last request: 6.894389 seconds.
  path: Assets/Resource/PackageResource/JC_LP_MegaCity/Models/IndustrialProps/SM_IndustrialProps_ShippingContainer_02.fbx
  artifactKey: Guid(9c80911eb67edb842b87d865182dc171) Importer(815301076,1909f56bfc062723c751e8b465ee728b)
Start importing Assets/Resource/PackageResource/JC_LP_MegaCity/Models/IndustrialProps/SM_IndustrialProps_ShippingContainer_02.fbx using Guid(9c80911eb67edb842b87d865182dc171) Importer(815301076,1909f56bfc062723c751e8b465ee728b) (PreviewImporter) -> (artifact id: '261ecaa8c7defcf4a0bca9187e053a8f') in 0.0128571 seconds
Number of updated asset objects reloaded before import = 0Number of asset objects unloaded after import = 7

========================================================================
Received Import Request.
  Time since last request: 0.000031 seconds.
  path: Assets/Resource/PackageResource/JC_LP_MegaCity/Models/IndustrialProps/SM_IndustrialProps_ShippingContainer_03_Door_01.fbx
  artifactKey: Guid(b60ad69e104d275409299fa4d37cf207) Importer(815301076,1909f56bfc062723c751e8b465ee728b)
Start importing Assets/Resource/PackageResource/JC_LP_MegaCity/Models/IndustrialProps/SM_IndustrialProps_ShippingContainer_03_Door_01.fbx using Guid(b60ad69e104d275409299fa4d37cf207) Importer(815301076,1909f56bfc062723c751e8b465ee728b) (PreviewImporter) -> (artifact id: '5e1931686f425ca11ab4997b154dd8e4') in 0.0127801 seconds
Number of updated asset objects reloaded before import = 0Number of asset objects unloaded after import = 7

========================================================================
Received Import Request.
  Time since last request: 0.000036 seconds.
  path: Assets/Resource/PackageResource/JC_LP_MegaCity/Models/Floor/SM_Floor_Metro_09.fbx
  artifactKey: Guid(7501dd9f907db534c8ed16d65183c244) Importer(815301076,1909f56bfc062723c751e8b465ee728b)
Start importing Assets/Resource/PackageResource/JC_LP_MegaCity/Models/Floor/SM_Floor_Metro_09.fbx using Guid(7501dd9f907db534c8ed16d65183c244) Importer(815301076,1909f56bfc062723c751e8b465ee728b) (PreviewImporter) -> (artifact id: '186b26fddcf548b033ad96cc0a7a0f84') in 0.0163285 seconds
Number of updated asset objects reloaded before import = 0Number of asset objects unloaded after import = 7

========================================================================
Received Import Request.
  Time since last request: 0.000033 seconds.
  path: Assets/Resource/PackageResource/JC_LP_MegaCity/Models/Floor/SM_Floor_Metro_05.fbx
  artifactKey: Guid(9c2a26257d71d524e9a4ae94767b399c) Importer(815301076,1909f56bfc062723c751e8b465ee728b)
Start importing Assets/Resource/PackageResource/JC_LP_MegaCity/Models/Floor/SM_Floor_Metro_05.fbx using Guid(9c2a26257d71d524e9a4ae94767b399c) Importer(815301076,1909f56bfc062723c751e8b465ee728b) (PreviewImporter) -> (artifact id: '8e9336e7ee960bf51581c278bd172764') in 0.0151687 seconds
Number of updated asset objects reloaded before import = 0Number of asset objects unloaded after import = 7

========================================================================
Received Import Request.
  Time since last request: 0.000033 seconds.
  path: Assets/Resource/PackageResource/JC_LP_MegaCity/Models/Floor/SM_Floor_Park_02.fbx
  artifactKey: Guid(2e9aadbec7ff70941bd79fbf3cfa557a) Importer(815301076,1909f56bfc062723c751e8b465ee728b)
Start importing Assets/Resource/PackageResource/JC_LP_MegaCity/Models/Floor/SM_Floor_Park_02.fbx using Guid(2e9aadbec7ff70941bd79fbf3cfa557a) Importer(815301076,1909f56bfc062723c751e8b465ee728b) (PreviewImporter) -> (artifact id: '24f3472ecf576daaf04fc9303b1bfd20') in 0.0162639 seconds
Number of updated asset objects reloaded before import = 0Number of asset objects unloaded after import = 7

========================================================================
Received Import Request.
  Time since last request: 0.000022 seconds.
  path: Assets/Resource/PackageResource/JC_LP_MegaCity/Models/Nature/SM_Nature_Landscape_03.fbx
  artifactKey: Guid(1594f93e1b043ec45925c061323c4aad) Importer(815301076,1909f56bfc062723c751e8b465ee728b)
Start importing Assets/Resource/PackageResource/JC_LP_MegaCity/Models/Nature/SM_Nature_Landscape_03.fbx using Guid(1594f93e1b043ec45925c061323c4aad) Importer(815301076,1909f56bfc062723c751e8b465ee728b) (PreviewImporter) -> (artifact id: 'b33ebe2e8f6ed9e10ba8e303e0cbe11f') in 0.0119019 seconds
Number of updated asset objects reloaded before import = 0Number of asset objects unloaded after import = 7

========================================================================
Received Import Request.
  Time since last request: 0.000047 seconds.
  path: Assets/Resource/PackageResource/JC_LP_MegaCity/Models/Nature/SM_Nature_Landscape_08.fbx
  artifactKey: Guid(d3c8605335b897e46bac74478a1ed33c) Importer(815301076,1909f56bfc062723c751e8b465ee728b)
Start importing Assets/Resource/PackageResource/JC_LP_MegaCity/Models/Nature/SM_Nature_Landscape_08.fbx using Guid(d3c8605335b897e46bac74478a1ed33c) Importer(815301076,1909f56bfc062723c751e8b465ee728b) (PreviewImporter) -> (artifact id: '9fc9dfeb73b5f049585eb18e397ca7c1') in 0.0173348 seconds
Number of updated asset objects reloaded before import = 0Number of asset objects unloaded after import = 7

========================================================================
Received Import Request.
  Time since last request: 0.000053 seconds.
  path: Assets/Resource/PackageResource/JC_LP_MegaCity/Models/Nature/SM_Nature_BigRock_02.fbx
  artifactKey: Guid(173131bf1824e3d40a73c5819ec954e3) Importer(815301076,1909f56bfc062723c751e8b465ee728b)
Start importing Assets/Resource/PackageResource/JC_LP_MegaCity/Models/Nature/SM_Nature_BigRock_02.fbx using Guid(173131bf1824e3d40a73c5819ec954e3) Importer(815301076,1909f56bfc062723c751e8b465ee728b) (PreviewImporter) -> (artifact id: 'c322f0e57bbec701574c1ba1bccb28ba') in 0.0149744 seconds
Number of updated asset objects reloaded before import = 0Number of asset objects unloaded after import = 7

========================================================================
Received Import Request.
  Time since last request: 0.000032 seconds.
  path: Assets/Resource/PackageResource/JC_LP_MegaCity/Models/Nature/SM_Nature_Landscape_07.fbx
  artifactKey: Guid(0eac16106ae8f984d99a408ec094ffc4) Importer(815301076,1909f56bfc062723c751e8b465ee728b)
Start importing Assets/Resource/PackageResource/JC_LP_MegaCity/Models/Nature/SM_Nature_Landscape_07.fbx using Guid(0eac16106ae8f984d99a408ec094ffc4) Importer(815301076,1909f56bfc062723c751e8b465ee728b) (PreviewImporter) -> (artifact id: '231cfa6a752b6149a660b6b2fad3ddc3') in 0.0145171 seconds
Number of updated asset objects reloaded before import = 0Number of asset objects unloaded after import = 7

========================================================================
Received Import Request.
  Time since last request: 0.000042 seconds.
  path: Assets/Resource/PackageResource/JC_LP_MegaCity/Models/Floor/SM_Floor_Road_04.fbx
  artifactKey: Guid(b57995fb7a847ce4594843e87134ee0a) Importer(815301076,1909f56bfc062723c751e8b465ee728b)
Start importing Assets/Resource/PackageResource/JC_LP_MegaCity/Models/Floor/SM_Floor_Road_04.fbx using Guid(b57995fb7a847ce4594843e87134ee0a) Importer(815301076,1909f56bfc062723c751e8b465ee728b) (PreviewImporter) -> (artifact id: '0cb53566954de9bdeecc3612d40a4d87') in 0.0307521 seconds
Number of updated asset objects reloaded before import = 0Number of asset objects unloaded after import = 7

========================================================================
Received Import Request.
  Time since last request: 0.000041 seconds.
  path: Assets/Resource/PackageResource/JC_LP_MegaCity/Models/IndustrialProps/SM_IndustrialProps_WC_01_2.fbx
  artifactKey: Guid(16b8778886f7f1545abe1fb1478c131e) Importer(815301076,1909f56bfc062723c751e8b465ee728b)
Start importing Assets/Resource/PackageResource/JC_LP_MegaCity/Models/IndustrialProps/SM_IndustrialProps_WC_01_2.fbx using Guid(16b8778886f7f1545abe1fb1478c131e) Importer(815301076,1909f56bfc062723c751e8b465ee728b) (PreviewImporter) -> (artifact id: '4a8dabf8f0ef613c9bacf3a2e3f99201') in 0.0154606 seconds
Number of updated asset objects reloaded before import = 0Number of asset objects unloaded after import = 7

========================================================================
Received Import Request.
  Time since last request: 0.000035 seconds.
  path: Assets/Resource/PackageResource/JC_LP_MegaCity/Models/Floor/SM_Floor_Railway_04.fbx
  artifactKey: Guid(23ab73c0ae9888d4bb7e4c420b829242) Importer(815301076,1909f56bfc062723c751e8b465ee728b)
Start importing Assets/Resource/PackageResource/JC_LP_MegaCity/Models/Floor/SM_Floor_Railway_04.fbx using Guid(23ab73c0ae9888d4bb7e4c420b829242) Importer(815301076,1909f56bfc062723c751e8b465ee728b) (PreviewImporter) -> (artifact id: '13a34ee34dfd82b6fecf0b9c12fabd3d') in 0.0143156 seconds
Number of updated asset objects reloaded before import = 0Number of asset objects unloaded after import = 7

========================================================================
Received Import Request.
  Time since last request: 0.000037 seconds.
  path: Assets/Resource/PackageResource/JC_LP_MegaCity/Models/Nature/SM_Nature_Landscape_09.fbx
  artifactKey: Guid(099cb6c4f123daa419c0a09f27356150) Importer(815301076,1909f56bfc062723c751e8b465ee728b)
Start importing Assets/Resource/PackageResource/JC_LP_MegaCity/Models/Nature/SM_Nature_Landscape_09.fbx using Guid(099cb6c4f123daa419c0a09f27356150) Importer(815301076,1909f56bfc062723c751e8b465ee728b) (PreviewImporter) -> (artifact id: '3ddbdfa9ab4611418cf00a2abdd1463f') in 0.0159095 seconds
Number of updated asset objects reloaded before import = 0Number of asset objects unloaded after import = 7

========================================================================
Received Import Request.
  Time since last request: 0.000046 seconds.
  path: Assets/Resource/PackageResource/JC_LP_MegaCity/Models/Floor/SM_Floor_Metro_11.fbx
  artifactKey: Guid(ac42642ceb2c6594b8d05bcbaccf86a7) Importer(815301076,1909f56bfc062723c751e8b465ee728b)
Start importing Assets/Resource/PackageResource/JC_LP_MegaCity/Models/Floor/SM_Floor_Metro_11.fbx using Guid(ac42642ceb2c6594b8d05bcbaccf86a7) Importer(815301076,1909f56bfc062723c751e8b465ee728b) (PreviewImporter) -> (artifact id: '7990e0a6927c7ccba98e01671b84b596') in 0.01128 seconds
Number of updated asset objects reloaded before import = 0Number of asset objects unloaded after import = 7

========================================================================
Received Import Request.
  Time since last request: 0.000032 seconds.
  path: Assets/Resource/PackageResource/JC_LP_MegaCity/Models/IndustrialProps/SM_IndustrialProps_TowerCrane_01.fbx
  artifactKey: Guid(67954a3613a90b741803c9de0407e579) Importer(815301076,1909f56bfc062723c751e8b465ee728b)
Start importing Assets/Resource/PackageResource/JC_LP_MegaCity/Models/IndustrialProps/SM_IndustrialProps_TowerCrane_01.fbx using Guid(67954a3613a90b741803c9de0407e579) Importer(815301076,1909f56bfc062723c751e8b465ee728b) (PreviewImporter) -> (artifact id: '5541c5007a8a9efe2950c61bc5e2bac8') in 0.0147567 seconds
Number of updated asset objects reloaded before import = 0Number of asset objects unloaded after import = 7

========================================================================
Received Import Request.
  Time since last request: 0.000040 seconds.
  path: Assets/Resource/PackageResource/JC_LP_MegaCity/Models/Floor/SM_Floor_Parking_02.fbx
  artifactKey: Guid(5c0ebe39af568514ca7e1c0f509d0f94) Importer(815301076,1909f56bfc062723c751e8b465ee728b)
Start importing Assets/Resource/PackageResource/JC_LP_MegaCity/Models/Floor/SM_Floor_Parking_02.fbx using Guid(5c0ebe39af568514ca7e1c0f509d0f94) Importer(815301076,1909f56bfc062723c751e8b465ee728b) (PreviewImporter) -> (artifact id: 'cd734a1cad630fc7e49c1f7fd0a03c1a') in 0.0110022 seconds
Number of updated asset objects reloaded before import = 0Number of asset objects unloaded after import = 7

========================================================================
Received Import Request.
  Time since last request: 0.000046 seconds.
  path: Assets/Resource/PackageResource/JC_LP_MegaCity/Models/Floor/SM_Floor_Metro_04.fbx
  artifactKey: Guid(ae96edc8c42bf5244bd0dbd8c62a4d68) Importer(815301076,1909f56bfc062723c751e8b465ee728b)
Start importing Assets/Resource/PackageResource/JC_LP_MegaCity/Models/Floor/SM_Floor_Metro_04.fbx using Guid(ae96edc8c42bf5244bd0dbd8c62a4d68) Importer(815301076,1909f56bfc062723c751e8b465ee728b) (PreviewImporter) -> (artifact id: 'bf7fc2f26d0b05886ee72fcde97c4f31') in 0.0115473 seconds
Number of updated asset objects reloaded before import = 0Number of asset objects unloaded after import = 7

========================================================================
Received Import Request.
  Time since last request: 0.000019 seconds.
  path: Assets/Resource/PackageResource/JC_LP_MegaCity/Models/IndustrialProps/SM_IndustrialProps_Truck_02.fbx
  artifactKey: Guid(0c3198e6901ad1345a632fe4506a9085) Importer(815301076,1909f56bfc062723c751e8b465ee728b)
Start importing Assets/Resource/PackageResource/JC_LP_MegaCity/Models/IndustrialProps/SM_IndustrialProps_Truck_02.fbx using Guid(0c3198e6901ad1345a632fe4506a9085) Importer(815301076,1909f56bfc062723c751e8b465ee728b) (PreviewImporter) -> (artifact id: '92aa1f08b9d7013a624f3df897f745e1') in 0.0125378 seconds
Number of updated asset objects reloaded before import = 0Number of asset objects unloaded after import = 7

========================================================================
Received Import Request.
  Time since last request: 0.000033 seconds.
  path: Assets/Resource/PackageResource/JC_LP_MegaCity/Models/Floor/SM_Floor_Metro_03.fbx
  artifactKey: Guid(d88f636af51a77f498a19c34c2241855) Importer(815301076,1909f56bfc062723c751e8b465ee728b)
Start importing Assets/Resource/PackageResource/JC_LP_MegaCity/Models/Floor/SM_Floor_Metro_03.fbx using Guid(d88f636af51a77f498a19c34c2241855) Importer(815301076,1909f56bfc062723c751e8b465ee728b) (PreviewImporter) -> (artifact id: 'e8c4fa3e71b17a0e36178826945bc4e3') in 0.0132276 seconds
Number of updated asset objects reloaded before import = 0Number of asset objects unloaded after import = 7

========================================================================
Received Import Request.
  Time since last request: 0.000027 seconds.
  path: Assets/Resource/PackageResource/JC_LP_MegaCity/Models/IndustrialProps/SM_IndustrialProps_ShippingContainer_03.fbx
  artifactKey: Guid(abd31312b2300824c81a4fddbe6f22f3) Importer(815301076,1909f56bfc062723c751e8b465ee728b)
Start importing Assets/Resource/PackageResource/JC_LP_MegaCity/Models/IndustrialProps/SM_IndustrialProps_ShippingContainer_03.fbx using Guid(abd31312b2300824c81a4fddbe6f22f3) Importer(815301076,1909f56bfc062723c751e8b465ee728b) (PreviewImporter) -> (artifact id: 'd2b477db4a9998bc587d1ec433f9bf8c') in 0.0124071 seconds
Number of updated asset objects reloaded before import = 0Number of asset objects unloaded after import = 7

========================================================================
Received Import Request.
  Time since last request: 0.000045 seconds.
  path: Assets/Resource/PackageResource/JC_LP_MegaCity/Models/Floor/SM_Floor_Road_03.fbx
  artifactKey: Guid(4410760227b586b47bdd386c29477712) Importer(815301076,1909f56bfc062723c751e8b465ee728b)
Start importing Assets/Resource/PackageResource/JC_LP_MegaCity/Models/Floor/SM_Floor_Road_03.fbx using Guid(4410760227b586b47bdd386c29477712) Importer(815301076,1909f56bfc062723c751e8b465ee728b) (PreviewImporter) -> (artifact id: '0b390c0bd289f8d9173a8c7a0226e507') in 0.0142227 seconds
Number of updated asset objects reloaded before import = 0Number of asset objects unloaded after import = 7

========================================================================
Received Import Request.
  Time since last request: 0.000033 seconds.
  path: Assets/Resource/PackageResource/JC_LP_MegaCity/Models/IndustrialProps/SM_IndustrialProps_Truck_01.fbx
  artifactKey: Guid(bbf63a9c667398d4aa042236276ba839) Importer(815301076,1909f56bfc062723c751e8b465ee728b)
Start importing Assets/Resource/PackageResource/JC_LP_MegaCity/Models/IndustrialProps/SM_IndustrialProps_Truck_01.fbx using Guid(bbf63a9c667398d4aa042236276ba839) Importer(815301076,1909f56bfc062723c751e8b465ee728b) (PreviewImporter) -> (artifact id: '6d21567167d978825844f8e3d6a5d06e') in 0.0157596 seconds
Number of updated asset objects reloaded before import = 0Number of asset objects unloaded after import = 7

========================================================================
Received Import Request.
  Time since last request: 46.781525 seconds.
  path: Assets/Resource/PackageResource/JC_LP_MegaCity/Models/Buildings/SM_Buildings_Hospital_01_ElevatorDoor_L.fbx
  artifactKey: Guid(ac6b14eab437045478eff4b95a415d5f) Importer(815301076,1909f56bfc062723c751e8b465ee728b)
Start importing Assets/Resource/PackageResource/JC_LP_MegaCity/Models/Buildings/SM_Buildings_Hospital_01_ElevatorDoor_L.fbx using Guid(ac6b14eab437045478eff4b95a415d5f) Importer(815301076,1909f56bfc062723c751e8b465ee728b) (PreviewImporter) -> (artifact id: 'fc2ee646099e5595e47986f335bdf3a5') in 0.0154618 seconds
Number of updated asset objects reloaded before import = 0Number of asset objects unloaded after import = 7

Editor requested this worker to shutdown with reason: Scaling down because of idle timeout
AssetImportWorker is now disconnected from the server
Process exiting
Exiting without the bug reporter. Application will terminate with return code 0