[Licensing::Module] Trying to connect to existing licensing client channel...
Built from '6000.3/staging' branch; Version is '6000.3.9f1 (7a9955a4f2fa) revision 8034645'; Using compiler version '194234433'; Build Type 'Release'
[Licensing::IpcConnector] Successfully connected to: "LicenseClient-USER" at "2026-02-28T10:40:42.6934949Z"
OS: 'Windows 11  (10.0.26200) Core' Language: 'ko' Physical Memory: 32386 MB
BatchMode: 1, IsHumanControllingUs: 0, StartBugReporterOnCrash: 0, Is64bit: 1
System  architecture: x64
Process architecture: x64
Date: 2026-02-28T10:40:42Z

COMMAND LINE ARGUMENTS:
C:\Program Files\Unity\Hub\Editor\6000.3.9f1\Editor\Unity.exe
-adb2
-batchMode
-noUpm
-name
AssetImportWorker46
-projectPath
C:/Users/USER/Documents/GitHub/AR-ReversiProject
-logFile
Logs/AssetImportWorker46.log
-srvPort
58049
-job-worker-count
15
-background-job-worker-count
8
-gc-helper-count
1
-name
AssetImport
Successfully changed project path to: C:/Users/USER/Documents/GitHub/AR-ReversiProject
C:/Users/USER/Documents/GitHub/AR-ReversiProject
[UnityMemory] Configuration Parameters - Can be set up in boot.config
    "memorysetup-temp-allocator-size-nav-mesh-worker=65536"
    "memorysetup-temp-allocator-size-audio-worker=65536"
    "memorysetup-temp-allocator-size-gfx=262144"
    "memorysetup-allocator-temp-initial-block-size-main=262144"
    "memorysetup-allocator-temp-initial-block-size-worker=262144"
    "memorysetup-temp-allocator-size-background-worker=32768"
    "memorysetup-temp-allocator-size-job-worker=262144"
    "memorysetup-temp-allocator-size-preload-manager=33554432"
    "memorysetup-temp-allocator-size-gi-baking-worker=262144"
    "memorysetup-temp-allocator-size-gi-baking-worker=262144"
    "memorysetup-temp-allocator-size-gi-baking-worker=262144"
    "memorysetup-temp-allocator-size-gi-baking-worker=262144"
    "memorysetup-temp-allocator-size-gi-baking-worker=262144"
    "memorysetup-bucket-allocator-granularity=16"
    "memorysetup-bucket-allocator-bucket-count=8"
    "memorysetup-bucket-allocator-block-size=33554432"
    "memorysetup-bucket-allocator-block-count=8"
    "memorysetup-main-allocator-block-size=16777216"
    "memorysetup-thread-allocator-block-size=16777216"
    "memorysetup-gfx-main-allocator-block-size=16777216"
    "memorysetup-gfx-thread-allocator-block-size=16777216"
    "memorysetup-cache-allocator-block-size=4194304"
    "memorysetup-typetree-allocator-block-size=2097152"
    "memorysetup-profiler-bucket-allocator-granularity=16"
    "memorysetup-profiler-bucket-allocator-bucket-count=8"
    "memorysetup-profiler-bucket-allocator-block-size=33554432"
    "memorysetup-profiler-bucket-allocator-block-count=8"
    "memorysetup-profiler-allocator-block-size=16777216"
    "memorysetup-profiler-editor-allocator-block-size=1048576"
    "memorysetup-temp-allocator-size-main=16777216"
    "memorysetup-job-temp-allocator-block-size=2097152"
    "memorysetup-job-temp-allocator-block-size-background=1048576"
    "memorysetup-job-temp-allocator-reduction-small-platforms=262144"
    "memorysetup-temp-allocator-size-cloud-worker=32768"
Player connection [40576]  Target information:

Player connection [40576]  * "[IP] 172.30.1.55 [Port] 0 [Flags] 2 [Guid] 1934617954 [EditorId] 1934617954 [Version] 1048832 [Id] WindowsEditor(7,DESKTOP-BTF4SNP) [Debug] 1 [PackageName] WindowsEditor [ProjectName] Editor" 

Player connection [40576] Host joined multi-casting on [225.0.0.222:54997]...
Player connection [40576] Host joined alternative multi-casting on [225.0.0.222:34997]...
JobSystem: Creating JobQueue using job-worker-count value 15
Input System module state changed to: Initialized.
[Physics::Module] Initialized fallback backend.
[Physics::Module] Id: 0xdecafbad
Library Redirect Path: Library/
[Physics::Module] Selected backend.
[Physics::Module] Name: PhysX
[Physics::Module] Id: 0xf2b8ea05
[Physics::Module] SDK Version: 4.1.2
[Physics::Module] Integration Version: 1.0.0
[Physics::Module] Threading Mode: Multi-Threaded
Refreshing native plugins compatible for Editor in 32.26 ms, found 9 plugins.
Preloading 0 native plugins for Editor in 0.00 ms.
Initialize engine version: 6000.3.9f1 (7a9955a4f2fa)
[Subsystems] Discovering subsystems at path C:/Program Files/Unity/Hub/Editor/6000.3.9f1/Editor/Data/Resources/UnitySubsystems
[Subsystems] Discovering subsystems at path C:/Users/USER/Documents/GitHub/AR-ReversiProject/Assets
GfxDevice: creating device client; kGfxThreadingModeNonThreaded
Direct3D:
    Version:  Direct3D 11.0 [level 11.1]
    Renderer: NVIDIA GeForce RTX 4060 Laptop GPU (ID=0x28e0)
    Vendor:   NVIDIA
    VRAM:     7957 MB
    Driver:   32.0.15.6081
Initialize mono
Mono path[0] = 'C:/Program Files/Unity/Hub/Editor/6000.3.9f1/Editor/Data/Managed'
Mono path[1] = 'C:/Program Files/Unity/Hub/Editor/6000.3.9f1/Editor/Data/MonoBleedingEdge/lib/mono/unityjit-win32'
Mono config path = 'C:/Program Files/Unity/Hub/Editor/6000.3.9f1/Editor/Data/MonoBleedingEdge/etc'
Using monoOptions --debugger-agent=transport=dt_socket,embedding=1,server=y,suspend=n,address=127.0.0.1:56104
Begin MonoManager ReloadAssembly
Registering precompiled unity dll's ...
Register platform support module: C:/Program Files/Unity/Hub/Editor/6000.3.9f1/Editor/Data/PlaybackEngines/WebGLSupport/UnityEditor.WebGL.Extensions.dll
Register platform support module: C:/Program Files/Unity/Hub/Editor/6000.3.9f1/Editor/Data/PlaybackEngines/WindowsStandaloneSupport/UnityEditor.WindowsStandalone.Extensions.dll
Registered in 0.006733 seconds.
[Licensing::Client] Handshaking with LicensingClient:
  Version:                 1.17.4+4293ba1
  Session Id:              6cfec267cabc4d10aae9367d71d3abdb
  Correlation Id:          2e1677b044b26191d80a4bb1d64b199d
  External correlation Id: 3639194339805163716
  Machine Id:              dJ8Tfn01EciPmnYvmSiKPSjQkro=
[Licensing::Module] Successfully connected to LicensingClient on channel: "LicenseClient-USER" (connect: 0.00s, validation: 0.00s, handshake: 1.50s)
[Licensing::IpcConnector] Successfully connected to: "LicenseClient-USER-notifications" at "2026-02-28T10:40:44.193502Z"
[Licensing::Module] Licensing Background thread has ended after 1.50s
- Loaded All Assemblies, in  0.465 seconds
Native extension for WindowsStandalone target not found
Native extension for WebGL target not found
ScheduleIndexationOnStartup MainProcess:False IndexOnStartup:True
Mono: successfully reloaded assembly
- Finished resetting the current domain, in  0.362 seconds
Domain Reload Profiling: 822ms
	BeginReloadAssembly (177ms)
		ExecutionOrderSort (0ms)
		DisableScriptedObjects (0ms)
		BackupInstance (0ms)
		ReleaseScriptingObjects (0ms)
		CreateAndSetChildDomain (1ms)
	RebuildCommonClasses (43ms)
	RebuildNativeTypeToScriptingClass (13ms)
	initialDomainReloadingComplete (58ms)
	LoadAllAssembliesAndSetupDomain (168ms)
		LoadAssemblies (171ms)
		RebuildTransferFunctionScriptingTraits (0ms)
		AnalyzeDomain (164ms)
			TypeCache.Refresh (163ms)
				TypeCache.ScanAssembly (150ms)
			BuildScriptInfoCaches (0ms)
			ResolveRequiredComponents (0ms)
	FinalizeReload (363ms)
		ReleaseScriptCaches (0ms)
		RebuildScriptCaches (0ms)
		SetupLoadedEditorAssemblies (321ms)
			LogAssemblyErrors (0ms)
			InitializePlatformSupportModulesInManaged (48ms)
			SetLoadedEditorAssemblies (3ms)
			BeforeProcessingInitializeOnLoad (66ms)
			ProcessInitializeOnLoadAttributes (138ms)
			ProcessInitializeOnLoadMethodAttributes (67ms)
			AfterProcessingInitializeOnLoad (0ms)
			EditorAssembliesLoaded (0ms)
		ExecutionOrderSort2 (0ms)
		AwakeInstancesAfterBackupRestoration (0ms)
========================================================================
Worker process is ready to serve import requests
Import Worker Mode flag is 0x00
Begin MonoManager ReloadAssembly
[Licensing::Client] Successfully resolved entitlement details
[Licensing::Module] License group:
  Id: 14568654860447-UnityPersXXXX
  Product: Unity Personal
  Type: Assigned
  Expiration: Unlimited
- Loaded All Assemblies, in  1.045 seconds
'Assets/Photon/Fusion/Runtime/Fusion.Unity.cs' contains partial class of Unity.Object, exactly 1 of the partial classes needs to be in a file with the same filename. This is to know the one that can be referenced from ie. GameObjects
'Assets/Photon/Fusion/Runtime/Fusion.Unity.cs' contains partial class of Unity.Object, exactly 1 of the partial classes needs to be in a file with the same filename. This is to know the one that can be referenced from ie. GameObjects
Refreshing native plugins compatible for Editor in 10.79 ms, found 9 plugins.
Native extension for WindowsStandalone target not found
Native extension for WebGL target not found
Package Manager log level set to [2]
[Package Manager] Failed to launch server process. Reason: Unity was launched with the -noUpm command-line argument
[Package Manager] Unable to send message (not connected to server process).
[Package Manager] Cannot connect to Unity Package Manager local server
System.Exception: Error! Visual Scripting: couldn't find visual scripting package
  at Unity.VisualScripting.PackageVersionUtility.get_version () [0x00043] in .\Library\PackageCache\com.unity.visualscripting@191c0d7e3b69\Editor\VisualScripting.Core\Utilities\PackageVersionUtility.cs:31 
  at Unity.VisualScripting.BoltCoreManifest.get_version () [0x00000] in .\Library\PackageCache\com.unity.visualscripting@191c0d7e3b69\Editor\VisualScripting.Core\Plugin\BoltCoreManifest.cs:11 
  at Unity.VisualScripting.PluginManifest.get_currentVersion () [0x00000] in .\Library\PackageCache\com.unity.visualscripting@191c0d7e3b69\Editor\VisualScripting.Core\Plugins\PluginManifest.cs:33 
  at Unity.VisualScripting.PluginManifest.get_versionMismatch () [0x00000] in .\Library\PackageCache\com.unity.visualscripting@191c0d7e3b69\Editor\VisualScripting.Core\Plugins\PluginManifest.cs:48 
  at Unity.VisualScripting.PluginContainer.Initialize () [0x00525] in .\Library\PackageCache\com.unity.visualscripting@191c0d7e3b69\Editor\VisualScripting.Core\Plugins\PluginContainer.cs:208 
  at Unity.VisualScripting.PluginContainer.InitializeOnLoad () [0x00009] in .\Library\PackageCache\com.unity.visualscripting@191c0d7e3b69\Editor\VisualScripting.Core\Plugins\PluginContainer.cs:32 
  at Unity.VisualScripting.VSUsageUtility.DoInitializeOnLoadCalls () [0x00034] in .\Library\PackageCache\com.unity.visualscripting@191c0d7e3b69\Editor\VisualScripting.Core\Utilities\VSUsageUtility.cs:76 
  at Unity.VisualScripting.VSUsageUtility.set_isVisualScriptingUsed (System.Boolean value) [0x0002c] in .\Library\PackageCache\com.unity.visualscripting@191c0d7e3b69\Editor\VisualScripting.Core\Utilities\VSUsageUtility.cs:114 
  at Unity.VisualScripting.VSUsageUtility.CheckAndSetIsVisualScriptingUsed () [0x00032] in .\Library\PackageCache\com.unity.visualscripting@191c0d7e3b69\Editor\VisualScripting.Core\Utilities\VSUsageUtility.cs:48 
  at Unity.VisualScripting.VSUsageUtility..cctor () [0x00000] in .\Library\PackageCache\com.unity.visualscripting@191c0d7e3b69\Editor\VisualScripting.Core\Utilities\VSUsageUtility.cs:22 
UnityEngine.Debug:ExtractStackTraceNoAlloc (byte*,int,string)
UnityEngine.StackTraceUtility:ExtractStackTrace ()
UnityEngine.DebugLogHandler:Internal_Log (UnityEngine.LogType,UnityEngine.LogOption,string,UnityEngine.Object)
UnityEngine.DebugLogHandler:LogFormat (UnityEngine.LogType,UnityEngine.Object,string,object[])
UnityEngine.Logger:Log (UnityEngine.LogType,object)
UnityEngine.Debug:LogError (object)
UnityEditor.EditorAssemblies:ProcessInitializeOnLoadAttributes (System.Type[])

ScheduleIndexationOnStartup MainProcess:False IndexOnStartup:True
Mono: successfully reloaded assembly
- Finished resetting the current domain, in  1.348 seconds
Domain Reload Profiling: 2385ms
	BeginReloadAssembly (187ms)
		ExecutionOrderSort (0ms)
		DisableScriptedObjects (4ms)
		BackupInstance (0ms)
		ReleaseScriptingObjects (0ms)
		CreateAndSetChildDomain (26ms)
	RebuildCommonClasses (33ms)
	RebuildNativeTypeToScriptingClass (10ms)
	initialDomainReloadingComplete (49ms)
	LoadAllAssembliesAndSetupDomain (758ms)
		LoadAssemblies (573ms)
		RebuildTransferFunctionScriptingTraits (0ms)
		AnalyzeDomain (300ms)
			TypeCache.Refresh (219ms)
				TypeCache.ScanAssembly (200ms)
			BuildScriptInfoCaches (65ms)
			ResolveRequiredComponents (10ms)
	FinalizeReload (1348ms)
		ReleaseScriptCaches (0ms)
		RebuildScriptCaches (0ms)
		SetupLoadedEditorAssemblies (1165ms)
			LogAssemblyErrors (0ms)
			InitializePlatformSupportModulesInManaged (2ms)
			SetLoadedEditorAssemblies (3ms)
			BeforeProcessingInitializeOnLoad (138ms)
			ProcessInitializeOnLoadAttributes (837ms)
			ProcessInitializeOnLoadMethodAttributes (177ms)
			AfterProcessingInitializeOnLoad (7ms)
			EditorAssembliesLoaded (0ms)
		ExecutionOrderSort2 (0ms)
		AwakeInstancesAfterBackupRestoration (5ms)
Launched and connected shader compiler UnityShaderCompiler.exe after 0.02 seconds
Refreshing native plugins compatible for Editor in 17.93 ms, found 9 plugins.
Preloading 0 native plugins for Editor in 0.00 ms.
Unloading 16 Unused Serialized files (Serialized files now loaded: 0)
Unloading 7028 unused Assets / (4.4 MB). Loaded Objects now: 7945.
Memory consumption went from 309.0 MB to 304.5 MB.
Total: 25.587800 ms (FindLiveObjects: 0.667300 ms CreateObjectMapping: 0.663700 ms MarkObjects: 21.562600 ms  DeleteObjects: 2.692700 ms)

========================================================================
Received Import Request.
  Time since last request: 1386094.805495 seconds.
  path: Assets/Modern UI Pack/Editor/Icons/EditorAudio.png
  artifactKey: Guid(806def7b3acfbe340b6dc6888e966cc5) Importer(815301076,1909f56bfc062723c751e8b465ee728b)
Start importing Assets/Modern UI Pack/Editor/Icons/EditorAudio.png using Guid(806def7b3acfbe340b6dc6888e966cc5) Importer(815301076,1909f56bfc062723c751e8b465ee728b) (PreviewImporter) -> (artifact id: '7bc1a6c5a630febe7d5ca5293933af29') in 0.0556475 seconds
Number of updated asset objects reloaded before import = 0Number of asset objects unloaded after import = 2

========================================================================
Received Import Request.
  Time since last request: 0.000016 seconds.
  path: Assets/Modern UI Pack/Editor/Icons/EditorListView.png
  artifactKey: Guid(93f09189124b21e479fc891dbc1b93bf) Importer(815301076,1909f56bfc062723c751e8b465ee728b)
Start importing Assets/Modern UI Pack/Editor/Icons/EditorListView.png using Guid(93f09189124b21e479fc891dbc1b93bf) Importer(815301076,1909f56bfc062723c751e8b465ee728b) (PreviewImporter) -> (artifact id: '7b72f7ebd180dbd493ec13e293261fff') in 0.0086239 seconds
Number of updated asset objects reloaded before import = 0Number of asset objects unloaded after import = 2

========================================================================
Received Import Request.
  Time since last request: 0.850228 seconds.
  path: Assets/Resource/Character/Charamodel/Corin (Zenless Zone Zero)/Textures/Corin_Weapon_M.png
  artifactKey: Guid(253bf8db515cfdc468b59f884de521ae) Importer(815301076,1909f56bfc062723c751e8b465ee728b)
Start importing Assets/Resource/Character/Charamodel/Corin (Zenless Zone Zero)/Textures/Corin_Weapon_M.png using Guid(253bf8db515cfdc468b59f884de521ae) Importer(815301076,1909f56bfc062723c751e8b465ee728b) (PreviewImporter) -> (artifact id: 'b4f00f017544b903a8692fdbf0e5c587') in 0.012174 seconds
Number of updated asset objects reloaded before import = 0Number of asset objects unloaded after import = 2

========================================================================
Received Import Request.
  Time since last request: 0.261021 seconds.
  path: Assets/Resource/Character/Charamodel/Corin (Zenless Zone Zero)/Textures/Corin_Face_D.png
  artifactKey: Guid(59150e8d0ca3304408e05d57f5f96177) Importer(815301076,1909f56bfc062723c751e8b465ee728b)
Start importing Assets/Resource/Character/Charamodel/Corin (Zenless Zone Zero)/Textures/Corin_Face_D.png using Guid(59150e8d0ca3304408e05d57f5f96177) Importer(815301076,1909f56bfc062723c751e8b465ee728b) (PreviewImporter) -> (artifact id: '7bf55d44409391410a5f0562aac80607') in 0.0121299 seconds
Number of updated asset objects reloaded before import = 0Number of asset objects unloaded after import = 2

========================================================================
Received Import Request.
  Time since last request: 0.000017 seconds.
  path: Assets/ExplosiveLLC/RPG Character Mecanim Animation Pack/Demo Elements/UI/ControlsCamera.psd
  artifactKey: Guid(ad78d32be4c840944a7562ff86c417c6) Importer(815301076,1909f56bfc062723c751e8b465ee728b)
Start importing Assets/ExplosiveLLC/RPG Character Mecanim Animation Pack/Demo Elements/UI/ControlsCamera.psd using Guid(ad78d32be4c840944a7562ff86c417c6) Importer(815301076,1909f56bfc062723c751e8b465ee728b) (PreviewImporter) -> (artifact id: '7da2dcaf47eb4158c3c213d6e8ca3f18') in 0.0277195 seconds
Number of updated asset objects reloaded before import = 0Number of asset objects unloaded after import = 3

========================================================================
Received Import Request.
  Time since last request: 2.325909 seconds.
  path: Assets/Plugins/AllIn13DShader/Demo/Textures/ModelsTextures/ChomperEmission.png
  artifactKey: Guid(562acab03aa50704d903bcf608534b5b) Importer(815301076,1909f56bfc062723c751e8b465ee728b)
Start importing Assets/Plugins/AllIn13DShader/Demo/Textures/ModelsTextures/ChomperEmission.png using Guid(562acab03aa50704d903bcf608534b5b) Importer(815301076,1909f56bfc062723c751e8b465ee728b) (PreviewImporter) -> (artifact id: '10307fb0e1d747c70b565ef4000df46d') in 0.0093205 seconds
Number of updated asset objects reloaded before import = 0Number of asset objects unloaded after import = 2

========================================================================
Received Import Request.
  Time since last request: 0.526147 seconds.
  path: Assets/ExplosiveLLC/PerfectLookAt/Models/UnityModel/Materials/body_specular_map.png
  artifactKey: Guid(4ac3b298a5ebb7344a93fd732b5a3cb5) Importer(815301076,1909f56bfc062723c751e8b465ee728b)
Start importing Assets/ExplosiveLLC/PerfectLookAt/Models/UnityModel/Materials/body_specular_map.png using Guid(4ac3b298a5ebb7344a93fd732b5a3cb5) Importer(815301076,1909f56bfc062723c751e8b465ee728b) (PreviewImporter) -> (artifact id: '6ab57fe521188fcbc0e3659b0673a2ed') in 0.0131651 seconds
Number of updated asset objects reloaded before import = 0Number of asset objects unloaded after import = 2

========================================================================
Received Import Request.
  Time since last request: 8.989596 seconds.
  path: Assets/Modern UI Pack/Editor/Icons/EditorTool.png
  artifactKey: Guid(1ee61fa8a667ceb48bedcd774003f519) Importer(815301076,1909f56bfc062723c751e8b465ee728b)
Start importing Assets/Modern UI Pack/Editor/Icons/EditorTool.png using Guid(1ee61fa8a667ceb48bedcd774003f519) Importer(815301076,1909f56bfc062723c751e8b465ee728b) (PreviewImporter) -> (artifact id: 'a503abf908227530f5e0b4d72ae804e1') in 0.0309813 seconds
Number of updated asset objects reloaded before import = 0Number of asset objects unloaded after import = 2

========================================================================
Received Import Request.
  Time since last request: 13.952454 seconds.
  path: Assets/Modern UI Pack/Fonts/OpenSans-SemiboldItalic SDF.asset
  artifactKey: Guid(e5fa6cba27f1b7a47838db200baa1556) Importer(815301076,1909f56bfc062723c751e8b465ee728b)
Start importing Assets/Modern UI Pack/Fonts/OpenSans-SemiboldItalic SDF.asset using Guid(e5fa6cba27f1b7a47838db200baa1556) Importer(815301076,1909f56bfc062723c751e8b465ee728b) (PreviewImporter) -> (artifact id: 'a5932be6c5edbbde0835318f3aca3b02') in 0.4220125 seconds
Number of updated asset objects reloaded before import = 0Number of asset objects unloaded after import = 10

========================================================================
Received Import Request.
  Time since last request: 0.560403 seconds.
  path: Assets/Modern UI Pack/Textures/Border/Radial/256px/Radial Outline 256px - 10x.png
  artifactKey: Guid(a09d9ea1d290ec148a3ec65492d3b299) Importer(815301076,1909f56bfc062723c751e8b465ee728b)
Start importing Assets/Modern UI Pack/Textures/Border/Radial/256px/Radial Outline 256px - 10x.png using Guid(a09d9ea1d290ec148a3ec65492d3b299) Importer(815301076,1909f56bfc062723c751e8b465ee728b) (PreviewImporter) -> (artifact id: '8abac509c20236280d25ade601ff2d02') in 0.0097332 seconds
Number of updated asset objects reloaded before import = 0Number of asset objects unloaded after import = 3

========================================================================
Received Import Request.
  Time since last request: 0.000029 seconds.
  path: Assets/Modern UI Pack/Textures/Border/Radial/512px/Radial Outline 512px - 8x.png
  artifactKey: Guid(ba9224cee658a854787ed5f65e5b4220) Importer(815301076,1909f56bfc062723c751e8b465ee728b)
Start importing Assets/Modern UI Pack/Textures/Border/Radial/512px/Radial Outline 512px - 8x.png using Guid(ba9224cee658a854787ed5f65e5b4220) Importer(815301076,1909f56bfc062723c751e8b465ee728b) (PreviewImporter) -> (artifact id: 'a45c78efcf06cf7f9df277e8195591cc') in 0.0096631 seconds
Number of updated asset objects reloaded before import = 0Number of asset objects unloaded after import = 3

========================================================================
Received Import Request.
  Time since last request: 0.076802 seconds.
  path: Assets/Modern UI Pack/Textures/Border/Radial/1024px/Radial Outline 1024px - 4x.png
  artifactKey: Guid(af5f231d6f8be724b99517825d4e8fff) Importer(815301076,1909f56bfc062723c751e8b465ee728b)
Start importing Assets/Modern UI Pack/Textures/Border/Radial/1024px/Radial Outline 1024px - 4x.png using Guid(af5f231d6f8be724b99517825d4e8fff) Importer(815301076,1909f56bfc062723c751e8b465ee728b) (PreviewImporter) -> (artifact id: 'bfac5494e89d2410bbfe21cd5b18d8dc') in 0.0096746 seconds
Number of updated asset objects reloaded before import = 0Number of asset objects unloaded after import = 3

========================================================================
Received Import Request.
  Time since last request: 0.000038 seconds.
  path: Assets/Plugins/AllIn13DShader/Demo/Textures/ColorRamps/RampRainbow.png
  artifactKey: Guid(4e57765f4665a9d4e89965d4903c2687) Importer(815301076,1909f56bfc062723c751e8b465ee728b)
Start importing Assets/Plugins/AllIn13DShader/Demo/Textures/ColorRamps/RampRainbow.png using Guid(4e57765f4665a9d4e89965d4903c2687) Importer(815301076,1909f56bfc062723c751e8b465ee728b) (PreviewImporter) -> (artifact id: 'faef55d893012e9d4f9ee732cd92aa21') in 0.0065531 seconds
Number of updated asset objects reloaded before import = 0Number of asset objects unloaded after import = 2

========================================================================
Received Import Request.
  Time since last request: 0.076491 seconds.
  path: Assets/Plugins/AllIn13DShader/Demo/Textures/ColorRamps/RampTexture3.png
  artifactKey: Guid(50044942be6e78645b427e55532c81a4) Importer(815301076,1909f56bfc062723c751e8b465ee728b)
Start importing Assets/Plugins/AllIn13DShader/Demo/Textures/ColorRamps/RampTexture3.png using Guid(50044942be6e78645b427e55532c81a4) Importer(815301076,1909f56bfc062723c751e8b465ee728b) (PreviewImporter) -> (artifact id: 'b3d7d1379f93741cde5a321da6b93cff') in 0.0081842 seconds
Number of updated asset objects reloaded before import = 0Number of asset objects unloaded after import = 2

========================================================================
Received Import Request.
  Time since last request: 0.148679 seconds.
  path: Assets/Plugins/AllIn13DShader/DefaultTextures/RgbNoiseDefault.png
  artifactKey: Guid(5a775794f8704ba4385b9c92cf9f1224) Importer(815301076,1909f56bfc062723c751e8b465ee728b)
Start importing Assets/Plugins/AllIn13DShader/DefaultTextures/RgbNoiseDefault.png using Guid(5a775794f8704ba4385b9c92cf9f1224) Importer(815301076,1909f56bfc062723c751e8b465ee728b) (PreviewImporter) -> (artifact id: '6daea003b33dbd1ec496e657bb2717fc') in 0.0077357 seconds
Number of updated asset objects reloaded before import = 0Number of asset objects unloaded after import = 2

========================================================================
Received Import Request.
  Time since last request: 0.000029 seconds.
  path: Assets/Plugins/AllIn13DShader/Demo/Textures/ModelsTextures/RockTex.png
  artifactKey: Guid(c6bd09e335f7a554084e94d0e153c9f5) Importer(815301076,1909f56bfc062723c751e8b465ee728b)
Start importing Assets/Plugins/AllIn13DShader/Demo/Textures/ModelsTextures/RockTex.png using Guid(c6bd09e335f7a554084e94d0e153c9f5) Importer(815301076,1909f56bfc062723c751e8b465ee728b) (PreviewImporter) -> (artifact id: '9afc34e65e5e3afc07b208740ccc5d17') in 0.0092253 seconds
Number of updated asset objects reloaded before import = 0Number of asset objects unloaded after import = 2

========================================================================
Received Import Request.
  Time since last request: 0.083134 seconds.
  path: Assets/Modern UI Pack/Textures/Border/Rounded/32px/Rounded Outline 32px - 5x.png
  artifactKey: Guid(de5e4751c3719944aa6704fc67511221) Importer(815301076,1909f56bfc062723c751e8b465ee728b)
Start importing Assets/Modern UI Pack/Textures/Border/Rounded/32px/Rounded Outline 32px - 5x.png using Guid(de5e4751c3719944aa6704fc67511221) Importer(815301076,1909f56bfc062723c751e8b465ee728b) (PreviewImporter) -> (artifact id: 'e35682be86bab98796d2a5679dc567e8') in 0.008393 seconds
Number of updated asset objects reloaded before import = 0Number of asset objects unloaded after import = 3

========================================================================
Received Import Request.
  Time since last request: 0.000018 seconds.
  path: Assets/Modern UI Pack/Textures/Border/Rounded/64px/Rounded Outline 64px - 1x.png
  artifactKey: Guid(3296a71782ce9ce42a9fe71d6f86a3ef) Importer(815301076,1909f56bfc062723c751e8b465ee728b)
Start importing Assets/Modern UI Pack/Textures/Border/Rounded/64px/Rounded Outline 64px - 1x.png using Guid(3296a71782ce9ce42a9fe71d6f86a3ef) Importer(815301076,1909f56bfc062723c751e8b465ee728b) (PreviewImporter) -> (artifact id: '03d0212cf33dfa63be7fd1d187fcf27d') in 0.0101276 seconds
Number of updated asset objects reloaded before import = 0Number of asset objects unloaded after import = 3

========================================================================
Received Import Request.
  Time since last request: 0.418673 seconds.
  path: Assets/Modern UI Pack/Textures/Border/Rounded/64px/Rounded Outline 64px - 10x.png
  artifactKey: Guid(7f1ec91c56e2aa64b97ee5ef57c15122) Importer(815301076,1909f56bfc062723c751e8b465ee728b)
Start importing Assets/Modern UI Pack/Textures/Border/Rounded/64px/Rounded Outline 64px - 10x.png using Guid(7f1ec91c56e2aa64b97ee5ef57c15122) Importer(815301076,1909f56bfc062723c751e8b465ee728b) (PreviewImporter) -> (artifact id: '3f8cb50dd9ff70c49c9352d0ee91f77b') in 0.0103372 seconds
Number of updated asset objects reloaded before import = 0Number of asset objects unloaded after import = 3

========================================================================
Received Import Request.
  Time since last request: 0.000023 seconds.
  path: Assets/Modern UI Pack/Textures/Border/Rounded/128px/Rounded Outline 128px - 5x.png
  artifactKey: Guid(9b971acfa0164c04a815dbe10f1b520f) Importer(815301076,1909f56bfc062723c751e8b465ee728b)
Start importing Assets/Modern UI Pack/Textures/Border/Rounded/128px/Rounded Outline 128px - 5x.png using Guid(9b971acfa0164c04a815dbe10f1b520f) Importer(815301076,1909f56bfc062723c751e8b465ee728b) (PreviewImporter) -> (artifact id: '5cb3ab29bf27638bdefe953ba69a9b1a') in 0.0101787 seconds
Number of updated asset objects reloaded before import = 0Number of asset objects unloaded after import = 3

========================================================================
Received Import Request.
  Time since last request: 0.124190 seconds.
  path: Assets/Modern UI Pack/Textures/Border/Rounded/128px/Rounded Outline 128px - 10x.png
  artifactKey: Guid(31b0aae046fa7f442b3157da64d7a460) Importer(815301076,1909f56bfc062723c751e8b465ee728b)
Start importing Assets/Modern UI Pack/Textures/Border/Rounded/128px/Rounded Outline 128px - 10x.png using Guid(31b0aae046fa7f442b3157da64d7a460) Importer(815301076,1909f56bfc062723c751e8b465ee728b) (PreviewImporter) -> (artifact id: '617eba3f78126652f3f2bf9f26533fa0') in 0.0115449 seconds
Number of updated asset objects reloaded before import = 0Number of asset objects unloaded after import = 3

========================================================================
Received Import Request.
  Time since last request: 0.000027 seconds.
  path: Assets/Modern UI Pack/Textures/Border/Rounded/256px/Rounded Outline 256px - 8x.png
  artifactKey: Guid(07832ad64df4aba4ba2a91ff9d40be5d) Importer(815301076,1909f56bfc062723c751e8b465ee728b)
Start importing Assets/Modern UI Pack/Textures/Border/Rounded/256px/Rounded Outline 256px - 8x.png using Guid(07832ad64df4aba4ba2a91ff9d40be5d) Importer(815301076,1909f56bfc062723c751e8b465ee728b) (PreviewImporter) -> (artifact id: '08882d8dd8c60a6e48e875cc9e1b7256') in 0.0098261 seconds
Number of updated asset objects reloaded before import = 0Number of asset objects unloaded after import = 3

========================================================================
Received Import Request.
  Time since last request: 0.058693 seconds.
  path: Assets/Modern UI Pack/Textures/Border/Rounded/512px/Rounded Outline 512px - 5x.png
  artifactKey: Guid(4be7eec520aaf1842ac72027f8de8e0a) Importer(815301076,1909f56bfc062723c751e8b465ee728b)
Start importing Assets/Modern UI Pack/Textures/Border/Rounded/512px/Rounded Outline 512px - 5x.png using Guid(4be7eec520aaf1842ac72027f8de8e0a) Importer(815301076,1909f56bfc062723c751e8b465ee728b) (PreviewImporter) -> (artifact id: '6e428a01945ac760678731b0f8e2ccf4') in 0.0097631 seconds
Number of updated asset objects reloaded before import = 0Number of asset objects unloaded after import = 3

========================================================================
Received Import Request.
  Time since last request: 0.000017 seconds.
  path: Assets/Modern UI Pack/Textures/Border/Rounded/512px/Rounded Outline 512px - 10x.png
  artifactKey: Guid(96daee5178438474f980b8ec6dbbb2ac) Importer(815301076,1909f56bfc062723c751e8b465ee728b)
Start importing Assets/Modern UI Pack/Textures/Border/Rounded/512px/Rounded Outline 512px - 10x.png using Guid(96daee5178438474f980b8ec6dbbb2ac) Importer(815301076,1909f56bfc062723c751e8b465ee728b) (PreviewImporter) -> (artifact id: '15519f4694ea0bcc31e6583b56521228') in 0.0131379 seconds
Number of updated asset objects reloaded before import = 0Number of asset objects unloaded after import = 3

========================================================================
Received Import Request.
  Time since last request: 0.809730 seconds.
  path: Assets/Modern UI Pack/Textures/Border/Rounded/1024px/Rounded Outline 1024px - 5x.png
  artifactKey: Guid(30d40c185a062b040966d888d396fb0d) Importer(815301076,1909f56bfc062723c751e8b465ee728b)
Start importing Assets/Modern UI Pack/Textures/Border/Rounded/1024px/Rounded Outline 1024px - 5x.png using Guid(30d40c185a062b040966d888d396fb0d) Importer(815301076,1909f56bfc062723c751e8b465ee728b) (PreviewImporter) -> (artifact id: '62c2b83dd65802013b59239538748bca') in 0.012513 seconds
Number of updated asset objects reloaded before import = 0Number of asset objects unloaded after import = 3

========================================================================
Received Import Request.
  Time since last request: 0.000022 seconds.
  path: Assets/Modern UI Pack/Textures/Icon/Others/Animation Icon Stuff/Sand Clock.png
  artifactKey: Guid(39974175474397949a97cc2bec110ca7) Importer(815301076,1909f56bfc062723c751e8b465ee728b)
Start importing Assets/Modern UI Pack/Textures/Icon/Others/Animation Icon Stuff/Sand Clock.png using Guid(39974175474397949a97cc2bec110ca7) Importer(815301076,1909f56bfc062723c751e8b465ee728b) (PreviewImporter) -> (artifact id: '0ed0e7d0d168f1012fca968b148a7142') in 0.0083986 seconds
Number of updated asset objects reloaded before import = 0Number of asset objects unloaded after import = 3

========================================================================
Received Import Request.
  Time since last request: 0.000026 seconds.
  path: Assets/Resource/PackageResource/BeautifulSkyPack02/CubeMap/Textures/SKY_A1.png
  artifactKey: Guid(5f98d462a99f68848a5721bc06fb94a7) Importer(815301076,1909f56bfc062723c751e8b465ee728b)
Start importing Assets/Resource/PackageResource/BeautifulSkyPack02/CubeMap/Textures/SKY_A1.png using Guid(5f98d462a99f68848a5721bc06fb94a7) Importer(815301076,1909f56bfc062723c751e8b465ee728b) (PreviewImporter) -> (artifact id: 'ff783a6025dc9f7a26252eb4dc05ca53') in 0.1294055 seconds
Number of updated asset objects reloaded before import = 0Number of asset objects unloaded after import = 1

========================================================================
Received Import Request.
  Time since last request: 0.000033 seconds.
  path: Assets/Resource/PackageResource/JC_LP_MegaCity/Textures/T_MegaCity_Cloud_01.png
  artifactKey: Guid(4dfda13d52194664190b5d7f878a0516) Importer(815301076,1909f56bfc062723c751e8b465ee728b)
Start importing Assets/Resource/PackageResource/JC_LP_MegaCity/Textures/T_MegaCity_Cloud_01.png using Guid(4dfda13d52194664190b5d7f878a0516) Importer(815301076,1909f56bfc062723c751e8b465ee728b) (PreviewImporter) -> (artifact id: '3eb9bc3084da2739a766230e053c940a') in 0.0137217 seconds
Number of updated asset objects reloaded before import = 0Number of asset objects unloaded after import = 2

========================================================================
Received Import Request.
  Time since last request: 0.000050 seconds.
  path: Assets/Plugins/AllIn13DShader/Demo/Textures/WhitePixel.png
  artifactKey: Guid(4ce8ca222f512ca49b8a12523d9fa3c7) Importer(815301076,1909f56bfc062723c751e8b465ee728b)
Start importing Assets/Plugins/AllIn13DShader/Demo/Textures/WhitePixel.png using Guid(4ce8ca222f512ca49b8a12523d9fa3c7) Importer(815301076,1909f56bfc062723c751e8b465ee728b) (PreviewImporter) -> (artifact id: '3e6b27a19fa2cc46a2247da018212689') in 0.0123698 seconds
Number of updated asset objects reloaded before import = 0Number of asset objects unloaded after import = 2

========================================================================
Received Import Request.
  Time since last request: 0.000030 seconds.
  path: Assets/Resource/PackageResource/BeautifulSkyPack02/CubeMap/Textures/SKY_A2_Move_high contrast.png
  artifactKey: Guid(c8242dabbff84ce429c5336087981611) Importer(815301076,1909f56bfc062723c751e8b465ee728b)
Start importing Assets/Resource/PackageResource/BeautifulSkyPack02/CubeMap/Textures/SKY_A2_Move_high contrast.png using Guid(c8242dabbff84ce429c5336087981611) Importer(815301076,1909f56bfc062723c751e8b465ee728b) (PreviewImporter) -> (artifact id: 'f35faca10d3b95282adfc8c26ab1dd16') in 0.0470533 seconds
Number of updated asset objects reloaded before import = 0Number of asset objects unloaded after import = 1

========================================================================
Received Import Request.
  Time since last request: 0.000035 seconds.
  path: Assets/Modern UI Pack/Textures/Icon/Communication & Social/Share Filled.png
  artifactKey: Guid(a959490f29e2bcb478c66b5681b8f143) Importer(815301076,1909f56bfc062723c751e8b465ee728b)
Start importing Assets/Modern UI Pack/Textures/Icon/Communication & Social/Share Filled.png using Guid(a959490f29e2bcb478c66b5681b8f143) Importer(815301076,1909f56bfc062723c751e8b465ee728b) (PreviewImporter) -> (artifact id: '396fc82c1fc4ee24b380cdb7f75dce75') in 0.0092533 seconds
Number of updated asset objects reloaded before import = 0Number of asset objects unloaded after import = 3

========================================================================
Received Import Request.
  Time since last request: 0.000043 seconds.
  path: Assets/Modern UI Pack/Textures/Icon/Navigation/Search Filled.png
  artifactKey: Guid(884abe14c27aba442816af75e4398a05) Importer(815301076,1909f56bfc062723c751e8b465ee728b)
Start importing Assets/Modern UI Pack/Textures/Icon/Navigation/Search Filled.png using Guid(884abe14c27aba442816af75e4398a05) Importer(815301076,1909f56bfc062723c751e8b465ee728b) (PreviewImporter) -> (artifact id: 'e2bb44f925dd8815d0976091f98ad221') in 0.0094242 seconds
Number of updated asset objects reloaded before import = 0Number of asset objects unloaded after import = 3

========================================================================
Received Import Request.
  Time since last request: 0.000050 seconds.
  path: Assets/Plugins/AllIn13DShader/Demo/Textures/ColorRamps/ShadingRamp2.png
  artifactKey: Guid(2fee44d5b202a2e4b8d7d6bc8748b9dd) Importer(815301076,1909f56bfc062723c751e8b465ee728b)
Start importing Assets/Plugins/AllIn13DShader/Demo/Textures/ColorRamps/ShadingRamp2.png using Guid(2fee44d5b202a2e4b8d7d6bc8748b9dd) Importer(815301076,1909f56bfc062723c751e8b465ee728b) (PreviewImporter) -> (artifact id: '1b5643fe3184f1c2d75c01eacfc28e70') in 0.0076097 seconds
Number of updated asset objects reloaded before import = 0Number of asset objects unloaded after import = 2

========================================================================
Received Import Request.
  Time since last request: 0.067141 seconds.
  path: Assets/Plugins/AllIn13DShader/Demo/Textures/ModelsTextures/StoneBoxNormal.tif
  artifactKey: Guid(872c206c45bfff742b78090609eb1bdc) Importer(815301076,1909f56bfc062723c751e8b465ee728b)
Start importing Assets/Plugins/AllIn13DShader/Demo/Textures/ModelsTextures/StoneBoxNormal.tif using Guid(872c206c45bfff742b78090609eb1bdc) Importer(815301076,1909f56bfc062723c751e8b465ee728b) (PreviewImporter) -> (artifact id: 'e43a38adb06df367a15cddae5dd32a86') in 0.0087169 seconds
Number of updated asset objects reloaded before import = 0Number of asset objects unloaded after import = 2

========================================================================
Received Import Request.
  Time since last request: 0.000019 seconds.
  path: Assets/Modern UI Pack/Editor/Icons/SubHeaderEvents.png
  artifactKey: Guid(38961b7fafabf5c44a37c59dc2d57670) Importer(815301076,1909f56bfc062723c751e8b465ee728b)
Start importing Assets/Modern UI Pack/Editor/Icons/SubHeaderEvents.png using Guid(38961b7fafabf5c44a37c59dc2d57670) Importer(815301076,1909f56bfc062723c751e8b465ee728b) (PreviewImporter) -> (artifact id: 'b5bd055045b8125147a3d0cd83148aed') in 0.0064266 seconds
Number of updated asset objects reloaded before import = 0Number of asset objects unloaded after import = 2

========================================================================
Received Import Request.
  Time since last request: 0.000021 seconds.
  path: Assets/Resource/Character/Charamodel/Nicole Demara (Zenless Zone Zero)/Texture/Nostradamus_Body_D.png
  artifactKey: Guid(27a3225c49ed97948ab985a3d7d225ca) Importer(815301076,1909f56bfc062723c751e8b465ee728b)
Start importing Assets/Resource/Character/Charamodel/Nicole Demara (Zenless Zone Zero)/Texture/Nostradamus_Body_D.png using Guid(27a3225c49ed97948ab985a3d7d225ca) Importer(815301076,1909f56bfc062723c751e8b465ee728b) (PreviewImporter) -> (artifact id: 'a2b4bc3ecec58211eefdf5566f5af1df') in 0.0108124 seconds
Number of updated asset objects reloaded before import = 0Number of asset objects unloaded after import = 2

========================================================================
Received Import Request.
  Time since last request: 0.000031 seconds.
  path: Assets/Resource/Character/Charamodel/Nicole Demara (Zenless Zone Zero)/Texture/Nostradamus_Face_D.png
  artifactKey: Guid(1b823e11efa94eb4f8b3cd773c45dc4e) Importer(815301076,1909f56bfc062723c751e8b465ee728b)
Start importing Assets/Resource/Character/Charamodel/Nicole Demara (Zenless Zone Zero)/Texture/Nostradamus_Face_D.png using Guid(1b823e11efa94eb4f8b3cd773c45dc4e) Importer(815301076,1909f56bfc062723c751e8b465ee728b) (PreviewImporter) -> (artifact id: '4673844050c3a2821447256c281b4476') in 0.0111264 seconds
Number of updated asset objects reloaded before import = 0Number of asset objects unloaded after import = 2

========================================================================
Received Import Request.
  Time since last request: 0.000020 seconds.
  path: Assets/Resource/Character/Charamodel/Nicole Demara (Zenless Zone Zero)/Texture/Nostradamus_Weapon2_D.png
  artifactKey: Guid(eaf206e2875172d4dbbf18567cdfc3df) Importer(815301076,1909f56bfc062723c751e8b465ee728b)
Start importing Assets/Resource/Character/Charamodel/Nicole Demara (Zenless Zone Zero)/Texture/Nostradamus_Weapon2_D.png using Guid(eaf206e2875172d4dbbf18567cdfc3df) Importer(815301076,1909f56bfc062723c751e8b465ee728b) (PreviewImporter) -> (artifact id: '4eff820d4a0e44e99decd2710bc7c65e') in 0.0122941 seconds
Number of updated asset objects reloaded before import = 0Number of asset objects unloaded after import = 2

========================================================================
Received Import Request.
  Time since last request: 0.000020 seconds.
  path: Assets/Modern UI Pack/Editor/Icons/SubHeaderButton.png
  artifactKey: Guid(e1d870045d1f38449987a3d36e42aea6) Importer(815301076,1909f56bfc062723c751e8b465ee728b)
Start importing Assets/Modern UI Pack/Editor/Icons/SubHeaderButton.png using Guid(e1d870045d1f38449987a3d36e42aea6) Importer(815301076,1909f56bfc062723c751e8b465ee728b) (PreviewImporter) -> (artifact id: 'adcc6a2d0d39b71527e118dce7a9b3ad') in 0.0086802 seconds
Number of updated asset objects reloaded before import = 0Number of asset objects unloaded after import = 2

Editor requested this worker to shutdown with reason: Scaling down because of idle timeout
AssetImportWorker is now disconnected from the server
Process exiting
Exiting without the bug reporter. Application will terminate with return code 0