[Licensing::Module] Trying to connect to existing licensing client channel...
Built from '6000.3/staging' branch; Version is '6000.3.9f1 (7a9955a4f2fa) revision 8034645'; Using compiler version '194234433'; Build Type 'Release'
OS: 'Windows 11  (10.0.26200) Core' Language: 'ko' Physical Memory: 32386 MB
[Licensing::IpcConnector] Successfully connected to: "LicenseClient-USER" at "2026-02-28T14:11:47.5474935Z"
BatchMode: 1, IsHumanControllingUs: 0, StartBugReporterOnCrash: 0, Is64bit: 1
System  architecture: x64
Process architecture: x64
Date: 2026-02-28T14:11:47Z

COMMAND LINE ARGUMENTS:
C:\Program Files\Unity\Hub\Editor\6000.3.9f1\Editor\Unity.exe
-adb2
-batchMode
-noUpm
-name
AssetImportWorker3
-projectPath
C:/Users/USER/Documents/GitHub/AR-ReversiProject
-logFile
Logs/AssetImportWorker3.log
-srvPort
54386
-job-worker-count
15
-background-job-worker-count
8
-gc-helper-count
1
-name
AssetImport
Successfully changed project path to: C:/Users/USER/Documents/GitHub/AR-ReversiProject
C:/Users/USER/Documents/GitHub/AR-ReversiProject
[UnityMemory] Configuration Parameters - Can be set up in boot.config
    "memorysetup-temp-allocator-size-nav-mesh-worker=65536"
    "memorysetup-temp-allocator-size-audio-worker=65536"
    "memorysetup-temp-allocator-size-gfx=262144"
    "memorysetup-allocator-temp-initial-block-size-main=262144"
    "memorysetup-allocator-temp-initial-block-size-worker=262144"
    "memorysetup-temp-allocator-size-background-worker=32768"
    "memorysetup-temp-allocator-size-job-worker=262144"
    "memorysetup-temp-allocator-size-preload-manager=33554432"
    "memorysetup-temp-allocator-size-gi-baking-worker=262144"
    "memorysetup-temp-allocator-size-gi-baking-worker=262144"
    "memorysetup-temp-allocator-size-gi-baking-worker=262144"
    "memorysetup-temp-allocator-size-gi-baking-worker=262144"
    "memorysetup-temp-allocator-size-gi-baking-worker=262144"
    "memorysetup-bucket-allocator-granularity=16"
    "memorysetup-bucket-allocator-bucket-count=8"
    "memorysetup-bucket-allocator-block-size=33554432"
    "memorysetup-bucket-allocator-block-count=8"
    "memorysetup-main-allocator-block-size=16777216"
    "memorysetup-thread-allocator-block-size=16777216"
    "memorysetup-gfx-main-allocator-block-size=16777216"
    "memorysetup-gfx-thread-allocator-block-size=16777216"
    "memorysetup-cache-allocator-block-size=4194304"
    "memorysetup-typetree-allocator-block-size=2097152"
    "memorysetup-profiler-bucket-allocator-granularity=16"
    "memorysetup-profiler-bucket-allocator-bucket-count=8"
    "memorysetup-profiler-bucket-allocator-block-size=33554432"
    "memorysetup-profiler-bucket-allocator-block-count=8"
    "memorysetup-profiler-allocator-block-size=16777216"
    "memorysetup-profiler-editor-allocator-block-size=1048576"
    "memorysetup-temp-allocator-size-main=16777216"
    "memorysetup-job-temp-allocator-block-size=2097152"
    "memorysetup-job-temp-allocator-block-size-background=1048576"
    "memorysetup-job-temp-allocator-reduction-small-platforms=262144"
    "memorysetup-temp-allocator-size-cloud-worker=32768"
Player connection [30692]  Target information:

Player connection [30692]  * "[IP] 172.30.1.55 [Port] 0 [Flags] 2 [Guid] 2161164539 [EditorId] 2161164539 [Version] 1048832 [Id] WindowsEditor(7,DESKTOP-BTF4SNP) [Debug] 1 [PackageName] WindowsEditor [ProjectName] Editor" 

Player connection [30692] Host joined multi-casting on [225.0.0.222:54997]...
Player connection [30692] Host joined alternative multi-casting on [225.0.0.222:34997]...
JobSystem: Creating JobQueue using job-worker-count value 15
Input System module state changed to: Initialized.
[Physics::Module] Initialized fallback backend.
[Physics::Module] Id: 0xdecafbad
Library Redirect Path: Library/
[Physics::Module] Selected backend.
[Physics::Module] Name: PhysX
[Physics::Module] Id: 0xf2b8ea05
[Physics::Module] SDK Version: 4.1.2
[Physics::Module] Integration Version: 1.0.0
[Physics::Module] Threading Mode: Multi-Threaded
Refreshing native plugins compatible for Editor in 35.50 ms, found 9 plugins.
Preloading 0 native plugins for Editor in 0.00 ms.
Initialize engine version: 6000.3.9f1 (7a9955a4f2fa)
[Subsystems] Discovering subsystems at path C:/Program Files/Unity/Hub/Editor/6000.3.9f1/Editor/Data/Resources/UnitySubsystems
[Subsystems] Discovering subsystems at path C:/Users/USER/Documents/GitHub/AR-ReversiProject/Assets
GfxDevice: creating device client; kGfxThreadingModeNonThreaded
Direct3D:
    Version:  Direct3D 11.0 [level 11.1]
    Renderer: NVIDIA GeForce RTX 4060 Laptop GPU (ID=0x28e0)
    Vendor:   NVIDIA
    VRAM:     7957 MB
    Driver:   32.0.15.6081
Initialize mono
Mono path[0] = 'C:/Program Files/Unity/Hub/Editor/6000.3.9f1/Editor/Data/Managed'
Mono path[1] = 'C:/Program Files/Unity/Hub/Editor/6000.3.9f1/Editor/Data/MonoBleedingEdge/lib/mono/unityjit-win32'
Mono config path = 'C:/Program Files/Unity/Hub/Editor/6000.3.9f1/Editor/Data/MonoBleedingEdge/etc'
Using monoOptions --debugger-agent=transport=dt_socket,embedding=1,server=y,suspend=n,address=127.0.0.1:56072
Begin MonoManager ReloadAssembly
[Licensing::Client] Handshaking with LicensingClient:
  Version:                 1.17.4+4293ba1
  Session Id:              e140083abf6947179722e2a9cbf9215d
  Correlation Id:          2e1677b044b26191d80a4bb1d64b199d
  External correlation Id: 4308740021954395837
  Machine Id:              dJ8Tfn01EciPmnYvmSiKPSjQkro=
[Licensing::Module] Successfully connected to LicensingClient on channel: "LicenseClient-USER" (connect: 0.00s, validation: 0.00s, handshake: 1.93s)
[Licensing::IpcConnector] Successfully connected to: "LicenseClient-USER-notifications" at "2026-02-28T14:11:49.4766892Z"
[Licensing::Module] Licensing Background thread has ended after 1.93s
Registering precompiled unity dll's ...
Register platform support module: C:/Program Files/Unity/Hub/Editor/6000.3.9f1/Editor/Data/PlaybackEngines/WebGLSupport/UnityEditor.WebGL.Extensions.dll
Register platform support module: C:/Program Files/Unity/Hub/Editor/6000.3.9f1/Editor/Data/PlaybackEngines/WindowsStandaloneSupport/UnityEditor.WindowsStandalone.Extensions.dll
Registered in 0.004505 seconds.
- Loaded All Assemblies, in  0.541 seconds
Native extension for WindowsStandalone target not found
Native extension for WebGL target not found
ScheduleIndexationOnStartup MainProcess:False IndexOnStartup:True
Mono: successfully reloaded assembly
- Finished resetting the current domain, in  0.482 seconds
Domain Reload Profiling: 1015ms
	BeginReloadAssembly (219ms)
		ExecutionOrderSort (0ms)
		DisableScriptedObjects (0ms)
		BackupInstance (0ms)
		ReleaseScriptingObjects (0ms)
		CreateAndSetChildDomain (1ms)
	RebuildCommonClasses (36ms)
	RebuildNativeTypeToScriptingClass (11ms)
	initialDomainReloadingComplete (61ms)
	LoadAllAssembliesAndSetupDomain (206ms)
		LoadAssemblies (211ms)
		RebuildTransferFunctionScriptingTraits (0ms)
		AnalyzeDomain (202ms)
			TypeCache.Refresh (200ms)
				TypeCache.ScanAssembly (181ms)
			BuildScriptInfoCaches (0ms)
			ResolveRequiredComponents (0ms)
	FinalizeReload (482ms)
		ReleaseScriptCaches (0ms)
		RebuildScriptCaches (0ms)
		SetupLoadedEditorAssemblies (434ms)
			LogAssemblyErrors (0ms)
			InitializePlatformSupportModulesInManaged (60ms)
			SetLoadedEditorAssemblies (5ms)
			BeforeProcessingInitializeOnLoad (91ms)
			ProcessInitializeOnLoadAttributes (187ms)
			ProcessInitializeOnLoadMethodAttributes (91ms)
			AfterProcessingInitializeOnLoad (0ms)
			EditorAssembliesLoaded (0ms)
		ExecutionOrderSort2 (0ms)
		AwakeInstancesAfterBackupRestoration (0ms)
========================================================================
Worker process is ready to serve import requests
Import Worker Mode flag is 0x00
Begin MonoManager ReloadAssembly
[Licensing::Client] Successfully resolved entitlement details
[Licensing::Module] License group:
  Id: 14568654860447-UnityPersXXXX
  Product: Unity Personal
  Type: Assigned
  Expiration: Unlimited
- Loaded All Assemblies, in  1.359 seconds
'Assets/Photon/Fusion/Runtime/Fusion.Unity.cs' contains partial class of Unity.Object, exactly 1 of the partial classes needs to be in a file with the same filename. This is to know the one that can be referenced from ie. GameObjects
'Assets/Photon/Fusion/Runtime/Fusion.Unity.cs' contains partial class of Unity.Object, exactly 1 of the partial classes needs to be in a file with the same filename. This is to know the one that can be referenced from ie. GameObjects
Refreshing native plugins compatible for Editor in 13.68 ms, found 9 plugins.
Native extension for WindowsStandalone target not found
Native extension for WebGL target not found
Package Manager log level set to [2]
[Package Manager] Failed to launch server process. Reason: Unity was launched with the -noUpm command-line argument
[Package Manager] Unable to send message (not connected to server process).
[Package Manager] Cannot connect to Unity Package Manager local server
System.Exception: Error! Visual Scripting: couldn't find visual scripting package
  at Unity.VisualScripting.PackageVersionUtility.get_version () [0x00043] in .\Library\PackageCache\com.unity.visualscripting@191c0d7e3b69\Editor\VisualScripting.Core\Utilities\PackageVersionUtility.cs:31 
  at Unity.VisualScripting.BoltCoreManifest.get_version () [0x00000] in .\Library\PackageCache\com.unity.visualscripting@191c0d7e3b69\Editor\VisualScripting.Core\Plugin\BoltCoreManifest.cs:11 
  at Unity.VisualScripting.PluginManifest.get_currentVersion () [0x00000] in .\Library\PackageCache\com.unity.visualscripting@191c0d7e3b69\Editor\VisualScripting.Core\Plugins\PluginManifest.cs:33 
  at Unity.VisualScripting.PluginManifest.get_versionMismatch () [0x00000] in .\Library\PackageCache\com.unity.visualscripting@191c0d7e3b69\Editor\VisualScripting.Core\Plugins\PluginManifest.cs:48 
  at Unity.VisualScripting.PluginContainer.Initialize () [0x00525] in .\Library\PackageCache\com.unity.visualscripting@191c0d7e3b69\Editor\VisualScripting.Core\Plugins\PluginContainer.cs:208 
  at Unity.VisualScripting.PluginContainer.InitializeOnLoad () [0x00009] in .\Library\PackageCache\com.unity.visualscripting@191c0d7e3b69\Editor\VisualScripting.Core\Plugins\PluginContainer.cs:32 
  at Unity.VisualScripting.VSUsageUtility.DoInitializeOnLoadCalls () [0x00034] in .\Library\PackageCache\com.unity.visualscripting@191c0d7e3b69\Editor\VisualScripting.Core\Utilities\VSUsageUtility.cs:76 
  at Unity.VisualScripting.VSUsageUtility.set_isVisualScriptingUsed (System.Boolean value) [0x0002c] in .\Library\PackageCache\com.unity.visualscripting@191c0d7e3b69\Editor\VisualScripting.Core\Utilities\VSUsageUtility.cs:114 
  at Unity.VisualScripting.VSUsageUtility.CheckAndSetIsVisualScriptingUsed () [0x00032] in .\Library\PackageCache\com.unity.visualscripting@191c0d7e3b69\Editor\VisualScripting.Core\Utilities\VSUsageUtility.cs:48 
  at Unity.VisualScripting.VSUsageUtility..cctor () [0x00000] in .\Library\PackageCache\com.unity.visualscripting@191c0d7e3b69\Editor\VisualScripting.Core\Utilities\VSUsageUtility.cs:22 
UnityEngine.Debug:ExtractStackTraceNoAlloc (byte*,int,string)
UnityEngine.StackTraceUtility:ExtractStackTrace ()
UnityEngine.DebugLogHandler:Internal_Log (UnityEngine.LogType,UnityEngine.LogOption,string,UnityEngine.Object)
UnityEngine.DebugLogHandler:LogFormat (UnityEngine.LogType,UnityEngine.Object,string,object[])
UnityEngine.Logger:Log (UnityEngine.LogType,object)
UnityEngine.Debug:LogError (object)
UnityEditor.EditorAssemblies:ProcessInitializeOnLoadAttributes (System.Type[])

ScheduleIndexationOnStartup MainProcess:False IndexOnStartup:True
Mono: successfully reloaded assembly
- Finished resetting the current domain, in  1.792 seconds
Domain Reload Profiling: 3136ms
	BeginReloadAssembly (233ms)
		ExecutionOrderSort (0ms)
		DisableScriptedObjects (5ms)
		BackupInstance (0ms)
		ReleaseScriptingObjects (0ms)
		CreateAndSetChildDomain (34ms)
	RebuildCommonClasses (45ms)
	RebuildNativeTypeToScriptingClass (11ms)
	initialDomainReloadingComplete (73ms)
	LoadAllAssembliesAndSetupDomain (982ms)
		LoadAssemblies (788ms)
		RebuildTransferFunctionScriptingTraits (0ms)
		AnalyzeDomain (333ms)
			TypeCache.Refresh (240ms)
				TypeCache.ScanAssembly (221ms)
			BuildScriptInfoCaches (74ms)
			ResolveRequiredComponents (15ms)
	FinalizeReload (1792ms)
		ReleaseScriptCaches (0ms)
		RebuildScriptCaches (0ms)
		SetupLoadedEditorAssemblies (1521ms)
			LogAssemblyErrors (0ms)
			InitializePlatformSupportModulesInManaged (2ms)
			SetLoadedEditorAssemblies (4ms)
			BeforeProcessingInitializeOnLoad (212ms)
			ProcessInitializeOnLoadAttributes (1060ms)
			ProcessInitializeOnLoadMethodAttributes (228ms)
			AfterProcessingInitializeOnLoad (14ms)
			EditorAssembliesLoaded (0ms)
		ExecutionOrderSort2 (0ms)
		AwakeInstancesAfterBackupRestoration (6ms)
Launched and connected shader compiler UnityShaderCompiler.exe after 0.02 seconds
Refreshing native plugins compatible for Editor in 22.19 ms, found 9 plugins.
Preloading 0 native plugins for Editor in 0.00 ms.
Unloading 16 Unused Serialized files (Serialized files now loaded: 0)
Unloading 7032 unused Assets / (4.6 MB). Loaded Objects now: 7950.
Memory consumption went from 304.8 MB to 300.2 MB.
Total: 50.651200 ms (FindLiveObjects: 3.525700 ms CreateObjectMapping: 0.675200 ms MarkObjects: 43.377100 ms  DeleteObjects: 3.071300 ms)

========================================================================
Received Import Request.
  Time since last request: 1398721.361732 seconds.
  path: Assets/Plugins/AllIn13DShader/Demo/Baked Shaders Demo/Materials/Environment/MAT_SkySunsetAllIn13DShader.mat
  artifactKey: Guid(96dc0c0f07ea05a46a8ce72280940d5a) Importer(2089858483,b0f066a214c2f5e87bad3c948f4d605d)
Start importing Assets/Plugins/AllIn13DShader/Demo/Baked Shaders Demo/Materials/Environment/MAT_SkySunsetAllIn13DShader.mat using Guid(96dc0c0f07ea05a46a8ce72280940d5a) Importer(2089858483,b0f066a214c2f5e87bad3c948f4d605d) (ScriptedImporter) -> (artifact id: 'ea40acfc2f4bfc98d0d70b56e3a7aedc') in 0.163952 seconds
Number of updated asset objects reloaded before import = 0Number of asset objects unloaded after import = 2

========================================================================
Received Import Request.
  Time since last request: 0.000027 seconds.
  path: Assets/Modern UI Pack/Textures/Icon/Navigation/Subtract.png
  artifactKey: Guid(9964955250a501b49ad0d9df1c632e82) Importer(2089858483,b0f066a214c2f5e87bad3c948f4d605d)
Start importing Assets/Modern UI Pack/Textures/Icon/Navigation/Subtract.png using Guid(9964955250a501b49ad0d9df1c632e82) Importer(2089858483,b0f066a214c2f5e87bad3c948f4d605d) (ScriptedImporter) -> (artifact id: '7526b544b0556f65b2e915097fd27ff4') in 0.1316679 seconds
Number of updated asset objects reloaded before import = 0Number of asset objects unloaded after import = 3

========================================================================
Received Import Request.
  Time since last request: 0.000034 seconds.
  path: Assets/ExplosiveLLC/RPG Character Mecanim Animation Pack/Code/Lookups/Animations/TalkType.cs
  artifactKey: Guid(c529f55848104027882c565c8bd42bed) Importer(2089858483,b0f066a214c2f5e87bad3c948f4d605d)
Start importing Assets/ExplosiveLLC/RPG Character Mecanim Animation Pack/Code/Lookups/Animations/TalkType.cs using Guid(c529f55848104027882c565c8bd42bed) Importer(2089858483,b0f066a214c2f5e87bad3c948f4d605d) (ScriptedImporter) -> (artifact id: '564a6e7cc846d5874399f7a0e5dfaac1') in 0.0194237 seconds
Number of updated asset objects reloaded before import = 0Number of asset objects unloaded after import = 0

========================================================================
Received Import Request.
  Time since last request: 0.000024 seconds.
  path: Assets/Resource/PackageResource/JC_LP_MegaCity/Prefabs/Food/SM_Food_Soda_02.prefab
  artifactKey: Guid(45ca937d03e254f44a07694f61ecdbfa) Importer(2089858483,b0f066a214c2f5e87bad3c948f4d605d)
Start importing Assets/Resource/PackageResource/JC_LP_MegaCity/Prefabs/Food/SM_Food_Soda_02.prefab using Guid(45ca937d03e254f44a07694f61ecdbfa) Importer(2089858483,b0f066a214c2f5e87bad3c948f4d605d) (ScriptedImporter) -> (artifact id: 'b34523da2cfd11b79715a7f44af26e38') in 0.050793 seconds
Number of updated asset objects reloaded before import = 0Number of asset objects unloaded after import = 9

========================================================================
Received Import Request.
  Time since last request: 0.000024 seconds.
  path: Assets/ExplosiveLLC/RPG Character Mecanim Animation Pack/Animations/Swimming/RPG-Character@Swim-Ascend.fbx
  artifactKey: Guid(4d808f1c3a2465341bc15b26308d4038) Importer(2089858483,b0f066a214c2f5e87bad3c948f4d605d)
Start importing Assets/ExplosiveLLC/RPG Character Mecanim Animation Pack/Animations/Swimming/RPG-Character@Swim-Ascend.fbx using Guid(4d808f1c3a2465341bc15b26308d4038) Importer(2089858483,b0f066a214c2f5e87bad3c948f4d605d) (ScriptedImporter) -> (artifact id: '7bf20d29732f7009e5bca335c2a3e164') in 0.0764845 seconds
Number of updated asset objects reloaded before import = 0Number of asset objects unloaded after import = 114

========================================================================
Received Import Request.
  Time since last request: 0.000068 seconds.
  path: Assets/Modern UI Pack/Animations/Toggle
  artifactKey: Guid(f9980aa5de9b7d04bb954b7c0a9d0e94) Importer(2089858483,b0f066a214c2f5e87bad3c948f4d605d)
Start importing Assets/Modern UI Pack/Animations/Toggle using Guid(f9980aa5de9b7d04bb954b7c0a9d0e94) Importer(2089858483,b0f066a214c2f5e87bad3c948f4d605d) (ScriptedImporter) -> (artifact id: '451bf71614e5ac733800e5d70f1af5f4') in 0.0181794 seconds
Number of updated asset objects reloaded before import = 0Number of asset objects unloaded after import = 1

========================================================================
Received Import Request.
  Time since last request: 0.000028 seconds.
  path: Assets/ExplosiveLLC/RPG Character Mecanim Animation Pack/Animations/Unarmed/RPG-Character@Unarmed-Jump-Flip.FBX
  artifactKey: Guid(79e31c86fd172bc439fb920de8bae7c5) Importer(2089858483,b0f066a214c2f5e87bad3c948f4d605d)
Start importing Assets/ExplosiveLLC/RPG Character Mecanim Animation Pack/Animations/Unarmed/RPG-Character@Unarmed-Jump-Flip.FBX using Guid(79e31c86fd172bc439fb920de8bae7c5) Importer(2089858483,b0f066a214c2f5e87bad3c948f4d605d) (ScriptedImporter) -> (artifact id: 'ca85b7b29dd622b9f9066e5c64496f54') in 0.0843782 seconds
Number of updated asset objects reloaded before import = 0Number of asset objects unloaded after import = 114

========================================================================
Received Import Request.
  Time since last request: 0.000036 seconds.
  path: Assets/Plugins/AllIn13DShader/Demo/Models/StoneBox.fbx
  artifactKey: Guid(33d81ed06a1ffae4e8f377a12d0583b4) Importer(2089858483,b0f066a214c2f5e87bad3c948f4d605d)
Start importing Assets/Plugins/AllIn13DShader/Demo/Models/StoneBox.fbx using Guid(33d81ed06a1ffae4e8f377a12d0583b4) Importer(2089858483,b0f066a214c2f5e87bad3c948f4d605d) (ScriptedImporter) -> (artifact id: '002f083a77e13a03a9888bdc2a7b2616') in 0.0300437 seconds
Number of updated asset objects reloaded before import = 0Number of asset objects unloaded after import = 8

========================================================================
Received Import Request.
  Time since last request: 0.000020 seconds.
  path: Assets/Resource/PackageResource/JC_LP_MegaCity/Prefabs/FloorProps/SM_FloorProps_RoadSign_06.prefab
  artifactKey: Guid(d19ba05f6dd26e4449f938253093f2e8) Importer(2089858483,b0f066a214c2f5e87bad3c948f4d605d)
Start importing Assets/Resource/PackageResource/JC_LP_MegaCity/Prefabs/FloorProps/SM_FloorProps_RoadSign_06.prefab using Guid(d19ba05f6dd26e4449f938253093f2e8) Importer(2089858483,b0f066a214c2f5e87bad3c948f4d605d) (ScriptedImporter) -> (artifact id: '4c1da7ad4a49b585e722d70e3ef27f26') in 0.0216336 seconds
Number of updated asset objects reloaded before import = 0Number of asset objects unloaded after import = 9

========================================================================
Received Import Request.
  Time since last request: 0.000025 seconds.
  path: Assets/Resource/PackageResource/JC_LP_MegaCity/Models/Floor/SM_Floor_Road_04.fbx
  artifactKey: Guid(b57995fb7a847ce4594843e87134ee0a) Importer(2089858483,b0f066a214c2f5e87bad3c948f4d605d)
Start importing Assets/Resource/PackageResource/JC_LP_MegaCity/Models/Floor/SM_Floor_Road_04.fbx using Guid(b57995fb7a847ce4594843e87134ee0a) Importer(2089858483,b0f066a214c2f5e87bad3c948f4d605d) (ScriptedImporter) -> (artifact id: 'e881f19d895cc6f5041d09586f558fc7') in 0.0151027 seconds
Number of updated asset objects reloaded before import = 0Number of asset objects unloaded after import = 7

========================================================================
Received Import Request.
  Time since last request: 0.000031 seconds.
  path: Assets/ExplosiveLLC/RPG Character Mecanim Animation Pack/Animations/Armed/RPG-Character@Armed-Jump-Flip.FBX
  artifactKey: Guid(2c37e8622dbf568489994e7b6feb5aa5) Importer(2089858483,b0f066a214c2f5e87bad3c948f4d605d)
Start importing Assets/ExplosiveLLC/RPG Character Mecanim Animation Pack/Animations/Armed/RPG-Character@Armed-Jump-Flip.FBX using Guid(2c37e8622dbf568489994e7b6feb5aa5) Importer(2089858483,b0f066a214c2f5e87bad3c948f4d605d) (ScriptedImporter) -> (artifact id: '36919018315490db77f33927a1daa9a5') in 0.0200259 seconds
Number of updated asset objects reloaded before import = 0Number of asset objects unloaded after import = 114

========================================================================
Received Import Request.
  Time since last request: 0.000025 seconds.
  path: Assets/Resource/PackageResource/JC_LP_MegaCity/Prefabs/Buildings/SM_Buildings_Car_Service.prefab
  artifactKey: Guid(73ef35eaa9aa5d144805ca1b33806dc6) Importer(2089858483,b0f066a214c2f5e87bad3c948f4d605d)
Start importing Assets/Resource/PackageResource/JC_LP_MegaCity/Prefabs/Buildings/SM_Buildings_Car_Service.prefab using Guid(73ef35eaa9aa5d144805ca1b33806dc6) Importer(2089858483,b0f066a214c2f5e87bad3c948f4d605d) (ScriptedImporter) -> (artifact id: '5fc5468c43d1d553122f3a337c258f16') in 0.0240902 seconds
Number of updated asset objects reloaded before import = 0Number of asset objects unloaded after import = 27

========================================================================
Received Import Request.
  Time since last request: 0.282619 seconds.
  path: Assets/Resource/PackageResource/JC_LP_MegaCity/Models/Buildings/SM_Buildings_Office_05_Door.fbx
  artifactKey: Guid(7f7581fa5fc38ae4ebdfd699426247dc) Importer(2089858483,b0f066a214c2f5e87bad3c948f4d605d)
Start importing Assets/Resource/PackageResource/JC_LP_MegaCity/Models/Buildings/SM_Buildings_Office_05_Door.fbx using Guid(7f7581fa5fc38ae4ebdfd699426247dc) Importer(2089858483,b0f066a214c2f5e87bad3c948f4d605d) (ScriptedImporter) -> (artifact id: '7b359ea981e33ab0c1f9ad6ab63e26be') in 0.0148782 seconds
Number of updated asset objects reloaded before import = 0Number of asset objects unloaded after import = 7

========================================================================
Received Import Request.
  Time since last request: 0.000019 seconds.
  path: Assets/Resource/PackageResource/JC_LP_MegaCity/Prefabs/Buildings/SM_Buildings_Factory_03.prefab
  artifactKey: Guid(354fb5dfc46c78c4a8b95fdc894fd91e) Importer(2089858483,b0f066a214c2f5e87bad3c948f4d605d)
Start importing Assets/Resource/PackageResource/JC_LP_MegaCity/Prefabs/Buildings/SM_Buildings_Factory_03.prefab using Guid(354fb5dfc46c78c4a8b95fdc894fd91e) Importer(2089858483,b0f066a214c2f5e87bad3c948f4d605d) (ScriptedImporter) -> (artifact id: '7eb1dee458e85923e630bf36b1917408') in 0.0212887 seconds
Number of updated asset objects reloaded before import = 0Number of asset objects unloaded after import = 27

========================================================================
Received Import Request.
  Time since last request: 0.000023 seconds.
  path: Assets/Resource/PackageResource/BeautifulSkyPack02/CubeMap/Textures/SKY_A2.png
  artifactKey: Guid(5f0f24facf553fc4aab8ccce3de3e8c6) Importer(2089858483,b0f066a214c2f5e87bad3c948f4d605d)
Start importing Assets/Resource/PackageResource/BeautifulSkyPack02/CubeMap/Textures/SKY_A2.png using Guid(5f0f24facf553fc4aab8ccce3de3e8c6) Importer(2089858483,b0f066a214c2f5e87bad3c948f4d605d) (ScriptedImporter) -> (artifact id: '247701fdec6f6a976c5f6049a08aa10c') in 0.089632 seconds
Number of updated asset objects reloaded before import = 0Number of asset objects unloaded after import = 1

========================================================================
Received Import Request.
  Time since last request: 0.000025 seconds.
  path: Assets/Modern UI Pack/Scripts/Context Menu/ContextMenuContentMobile.cs
  artifactKey: Guid(f93b797e33a2590489a95b86d8490887) Importer(2089858483,b0f066a214c2f5e87bad3c948f4d605d)
Start importing Assets/Modern UI Pack/Scripts/Context Menu/ContextMenuContentMobile.cs using Guid(f93b797e33a2590489a95b86d8490887) Importer(2089858483,b0f066a214c2f5e87bad3c948f4d605d) (ScriptedImporter) -> (artifact id: '21c3a3526dfd98a7206dcd9f94823ba1') in 0.0126087 seconds
Number of updated asset objects reloaded before import = 0Number of asset objects unloaded after import = 1

========================================================================
Received Import Request.
  Time since last request: 0.000016 seconds.
  path: Assets/Modern UI Pack/Scripts/UI Manager/UIManagerToggle.cs
  artifactKey: Guid(033273b6ffafa814cbd95d1b39b157d1) Importer(2089858483,b0f066a214c2f5e87bad3c948f4d605d)
Start importing Assets/Modern UI Pack/Scripts/UI Manager/UIManagerToggle.cs using Guid(033273b6ffafa814cbd95d1b39b157d1) Importer(2089858483,b0f066a214c2f5e87bad3c948f4d605d) (ScriptedImporter) -> (artifact id: 'a6a4ce1e2fcb73f861cde151f530ce25') in 0.0086428 seconds
Number of updated asset objects reloaded before import = 0Number of asset objects unloaded after import = 1

========================================================================
Received Import Request.
  Time since last request: 0.000028 seconds.
  path: Assets/ExplosiveLLC/RPG Character Mecanim Animation Pack/Animations/2Hand-Axe/RPG-Character@2Hand-Axe-Unsheath-Back-Unarmed.FBX
  artifactKey: Guid(a8900af1485b335408e0f7de37c9d394) Importer(2089858483,b0f066a214c2f5e87bad3c948f4d605d)
Start importing Assets/ExplosiveLLC/RPG Character Mecanim Animation Pack/Animations/2Hand-Axe/RPG-Character@2Hand-Axe-Unsheath-Back-Unarmed.FBX using Guid(a8900af1485b335408e0f7de37c9d394) Importer(2089858483,b0f066a214c2f5e87bad3c948f4d605d) (ScriptedImporter) -> (artifact id: 'bdedac994999fc71baa24d6af5315d1b') in 0.0273267 seconds
Number of updated asset objects reloaded before import = 0Number of asset objects unloaded after import = 114

========================================================================
Received Import Request.
  Time since last request: 0.000028 seconds.
  path: Assets/ExplosiveLLC/RPG Character Mecanim Animation Pack/Animations/Relax/RPG-Character@Relax-Unsheath-Dual-Hips.FBX
  artifactKey: Guid(0ce213ce63c3879449dd5daac093b893) Importer(2089858483,b0f066a214c2f5e87bad3c948f4d605d)
Start importing Assets/ExplosiveLLC/RPG Character Mecanim Animation Pack/Animations/Relax/RPG-Character@Relax-Unsheath-Dual-Hips.FBX using Guid(0ce213ce63c3879449dd5daac093b893) Importer(2089858483,b0f066a214c2f5e87bad3c948f4d605d) (ScriptedImporter) -> (artifact id: '5af1adbfc700a1e80b5471fa11483633') in 0.0147794 seconds
Number of updated asset objects reloaded before import = 0Number of asset objects unloaded after import = 114

========================================================================
Received Import Request.
  Time since last request: 0.000020 seconds.
  path: Assets/Resource/PackageResource/JC_LP_MegaCity/Models/IndustrialProps/SM_IndustrialProps_WC_01_2.fbx
  artifactKey: Guid(16b8778886f7f1545abe1fb1478c131e) Importer(2089858483,b0f066a214c2f5e87bad3c948f4d605d)
Start importing Assets/Resource/PackageResource/JC_LP_MegaCity/Models/IndustrialProps/SM_IndustrialProps_WC_01_2.fbx using Guid(16b8778886f7f1545abe1fb1478c131e) Importer(2089858483,b0f066a214c2f5e87bad3c948f4d605d) (ScriptedImporter) -> (artifact id: '8d54d3a803ea37a6f8f6146363af7457') in 0.0116785 seconds
Number of updated asset objects reloaded before import = 0Number of asset objects unloaded after import = 7

========================================================================
Received Import Request.
  Time since last request: 0.000019 seconds.
  path: Assets/Modern UI Pack/Textures/Icon/Web & Cloud/Cloud Upload.png
  artifactKey: Guid(df1c8663f5baa9d4e9260ffd0b6dd85e) Importer(2089858483,b0f066a214c2f5e87bad3c948f4d605d)
Start importing Assets/Modern UI Pack/Textures/Icon/Web & Cloud/Cloud Upload.png using Guid(df1c8663f5baa9d4e9260ffd0b6dd85e) Importer(2089858483,b0f066a214c2f5e87bad3c948f4d605d) (ScriptedImporter) -> (artifact id: 'b17a698f01aa62486f9c85d39353ecb1') in 0.0155737 seconds
Number of updated asset objects reloaded before import = 0Number of asset objects unloaded after import = 3

========================================================================
Received Import Request.
  Time since last request: 0.000030 seconds.
  path: Assets/ExplosiveLLC/RPG Character Mecanim Animation Pack/Animations/Armed-Shield/RPG-Character@Armed-Shield-Strafe-Backward.FBX
  artifactKey: Guid(3498537fd1b3d544a8ac1aa49104e120) Importer(2089858483,b0f066a214c2f5e87bad3c948f4d605d)
Start importing Assets/ExplosiveLLC/RPG Character Mecanim Animation Pack/Animations/Armed-Shield/RPG-Character@Armed-Shield-Strafe-Backward.FBX using Guid(3498537fd1b3d544a8ac1aa49104e120) Importer(2089858483,b0f066a214c2f5e87bad3c948f4d605d) (ScriptedImporter) -> (artifact id: 'f4e211f587b08e0910c6442554aaa496') in 0.0123837 seconds
Number of updated asset objects reloaded before import = 0Number of asset objects unloaded after import = 114

========================================================================
Received Import Request.
  Time since last request: 0.000016 seconds.
  path: Assets/Plugins/AllIn13DShader/Shaders/ShaderLibrary
  artifactKey: Guid(ff59db4f579c1c849b7ac4e48f2df8c2) Importer(2089858483,b0f066a214c2f5e87bad3c948f4d605d)
Start importing Assets/Plugins/AllIn13DShader/Shaders/ShaderLibrary using Guid(ff59db4f579c1c849b7ac4e48f2df8c2) Importer(2089858483,b0f066a214c2f5e87bad3c948f4d605d) (ScriptedImporter) -> (artifact id: '0a9f200e1a8de15dc33af7a727ecbaa7') in 0.006699 seconds
Number of updated asset objects reloaded before import = 0Number of asset objects unloaded after import = 1

========================================================================
Received Import Request.
  Time since last request: 0.000014 seconds.
  path: Assets/Resource/PackageResource/JC_LP_MegaCity/Prefabs/Floor/SM_Floor_Parking_05.prefab
  artifactKey: Guid(73592c34aa651d945a728753864746a0) Importer(2089858483,b0f066a214c2f5e87bad3c948f4d605d)
Start importing Assets/Resource/PackageResource/JC_LP_MegaCity/Prefabs/Floor/SM_Floor_Parking_05.prefab using Guid(73592c34aa651d945a728753864746a0) Importer(2089858483,b0f066a214c2f5e87bad3c948f4d605d) (ScriptedImporter) -> (artifact id: '3328845c365d553770c9b8f4dbb9dbde') in 0.019191 seconds
Number of updated asset objects reloaded before import = 0Number of asset objects unloaded after import = 9

========================================================================
Received Import Request.
  Time since last request: 0.000018 seconds.
  path: Assets/ExplosiveLLC/RPG Character Mecanim Animation Pack/Code/Lookups/Animations/DodgeType.cs
  artifactKey: Guid(5838e09fde50454bbc2f733478ba92a5) Importer(2089858483,b0f066a214c2f5e87bad3c948f4d605d)
Start importing Assets/ExplosiveLLC/RPG Character Mecanim Animation Pack/Code/Lookups/Animations/DodgeType.cs using Guid(5838e09fde50454bbc2f733478ba92a5) Importer(2089858483,b0f066a214c2f5e87bad3c948f4d605d) (ScriptedImporter) -> (artifact id: 'ba6f9f69ee2ac5a48df00f0db6e2f8d5') in 0.0074152 seconds
Number of updated asset objects reloaded before import = 0Number of asset objects unloaded after import = 0

========================================================================
Received Import Request.
  Time since last request: 1.513511 seconds.
  path: Assets/Resource/PackageResource/JC_LP_MegaCity/Models/FloorProps/SM_FloorProps_RoadSign_11.fbx
  artifactKey: Guid(e390a55513fd38b4b8b0327e123e08c1) Importer(2089858483,b0f066a214c2f5e87bad3c948f4d605d)
Start importing Assets/Resource/PackageResource/JC_LP_MegaCity/Models/FloorProps/SM_FloorProps_RoadSign_11.fbx using Guid(e390a55513fd38b4b8b0327e123e08c1) Importer(2089858483,b0f066a214c2f5e87bad3c948f4d605d) (ScriptedImporter) -> (artifact id: '348611ba5c84d07b94c3c0bd5bcc0355') in 0.0126561 seconds
Number of updated asset objects reloaded before import = 0Number of asset objects unloaded after import = 7

========================================================================
Received Import Request.
  Time since last request: 0.000016 seconds.
  path: Assets/Modern UI Pack/Scripts/UI Manager/UIManagerHSelector.cs
  artifactKey: Guid(e882cff0df1ed284a8cfdf670297b01d) Importer(2089858483,b0f066a214c2f5e87bad3c948f4d605d)
Start importing Assets/Modern UI Pack/Scripts/UI Manager/UIManagerHSelector.cs using Guid(e882cff0df1ed284a8cfdf670297b01d) Importer(2089858483,b0f066a214c2f5e87bad3c948f4d605d) (ScriptedImporter) -> (artifact id: 'f3cbd3e195ec25769322575a6962d8a1') in 0.0879287 seconds
Number of updated asset objects reloaded before import = 0Number of asset objects unloaded after import = 1

========================================================================
Received Import Request.
  Time since last request: 0.000023 seconds.
  path: Assets/ExplosiveLLC/RPG Character Mecanim Animation Pack/Animations/2Hand-Axe/Old Pose/RPG-Character@2Hand-Axe-Walk-Injured.FBX
  artifactKey: Guid(4d1848b885118b447994efdb5d28f1c7) Importer(2089858483,b0f066a214c2f5e87bad3c948f4d605d)
Start importing Assets/ExplosiveLLC/RPG Character Mecanim Animation Pack/Animations/2Hand-Axe/Old Pose/RPG-Character@2Hand-Axe-Walk-Injured.FBX using Guid(4d1848b885118b447994efdb5d28f1c7) Importer(2089858483,b0f066a214c2f5e87bad3c948f4d605d) (ScriptedImporter) -> (artifact id: 'b4c964ecc6341fa763850477de2e8e6e') in 0.0644075 seconds
Number of updated asset objects reloaded before import = 0Number of asset objects unloaded after import = 114

========================================================================
Received Import Request.
  Time since last request: 0.000027 seconds.
  path: Assets/ExplosiveLLC/RPG Character Mecanim Animation Pack/Animations/Armed/RPG-Character@Armed-Turn-Right-180.FBX
  artifactKey: Guid(d0f9aa8d5c75b4444a78a683094fb957) Importer(2089858483,b0f066a214c2f5e87bad3c948f4d605d)
Start importing Assets/ExplosiveLLC/RPG Character Mecanim Animation Pack/Animations/Armed/RPG-Character@Armed-Turn-Right-180.FBX using Guid(d0f9aa8d5c75b4444a78a683094fb957) Importer(2089858483,b0f066a214c2f5e87bad3c948f4d605d) (ScriptedImporter) -> (artifact id: 'dd7579efb9ead957e9b5c5ea46a6ec4c') in 0.0146678 seconds
Number of updated asset objects reloaded before import = 0Number of asset objects unloaded after import = 114

========================================================================
Received Import Request.
  Time since last request: 0.000012 seconds.
  path: Assets/Modern UI Pack/Animations/Notifications/Fading In.anim
  artifactKey: Guid(15679dda1d95e974db9080f37dd65e63) Importer(2089858483,b0f066a214c2f5e87bad3c948f4d605d)
Start importing Assets/Modern UI Pack/Animations/Notifications/Fading In.anim using Guid(15679dda1d95e974db9080f37dd65e63) Importer(2089858483,b0f066a214c2f5e87bad3c948f4d605d) (ScriptedImporter) -> (artifact id: '7f5d5ddd6437ac2467e4c18ba17b0992') in 0.011406 seconds
Number of updated asset objects reloaded before import = 0Number of asset objects unloaded after import = 1

========================================================================
Received Import Request.
  Time since last request: 0.000019 seconds.
  path: Assets/Resource/PackageResource/JC_LP_MegaCity/Prefabs/Props/SM_Props_Furniture_03.prefab
  artifactKey: Guid(5769fcb426650cd47ba62850506e3370) Importer(2089858483,b0f066a214c2f5e87bad3c948f4d605d)
Start importing Assets/Resource/PackageResource/JC_LP_MegaCity/Prefabs/Props/SM_Props_Furniture_03.prefab using Guid(5769fcb426650cd47ba62850506e3370) Importer(2089858483,b0f066a214c2f5e87bad3c948f4d605d) (ScriptedImporter) -> (artifact id: '8ad051620d415436d0be125a7fb2683f') in 0.0146197 seconds
Number of updated asset objects reloaded before import = 0Number of asset objects unloaded after import = 9

========================================================================
Received Import Request.
  Time since last request: 0.000017 seconds.
  path: Assets/ExplosiveLLC/RPG Character Mecanim Animation Pack/Animations/2Hand-Axe/Old Pose/RPG-Character@2Hand-Axe-Unsheath-Back-Unarmed.FBX
  artifactKey: Guid(fbe1214dd95f2984db0b67c55fc274ac) Importer(2089858483,b0f066a214c2f5e87bad3c948f4d605d)
Start importing Assets/ExplosiveLLC/RPG Character Mecanim Animation Pack/Animations/2Hand-Axe/Old Pose/RPG-Character@2Hand-Axe-Unsheath-Back-Unarmed.FBX using Guid(fbe1214dd95f2984db0b67c55fc274ac) Importer(2089858483,b0f066a214c2f5e87bad3c948f4d605d) (ScriptedImporter) -> (artifact id: 'bcdbc5520b902d48f16ff862b802193d') in 0.0115736 seconds
Number of updated asset objects reloaded before import = 0Number of asset objects unloaded after import = 114

========================================================================
Received Import Request.
  Time since last request: 0.000032 seconds.
  path: Assets/Resource/PackageResource/JC_LP_MegaCity/Prefabs/Floor/SM_Floor_RoadPart_05.prefab
  artifactKey: Guid(2fe1d718946a67f4e8759b784422f36e) Importer(2089858483,b0f066a214c2f5e87bad3c948f4d605d)
Start importing Assets/Resource/PackageResource/JC_LP_MegaCity/Prefabs/Floor/SM_Floor_RoadPart_05.prefab using Guid(2fe1d718946a67f4e8759b784422f36e) Importer(2089858483,b0f066a214c2f5e87bad3c948f4d605d) (ScriptedImporter) -> (artifact id: '1485d80aa992968b9a8c3c1840110dcd') in 0.0151153 seconds
Number of updated asset objects reloaded before import = 0Number of asset objects unloaded after import = 9

========================================================================
Received Import Request.
  Time since last request: 0.000028 seconds.
  path: Assets/Modern UI Pack/Editor/Icons/EditorDropdown.png
  artifactKey: Guid(0a39a4452fd810640afd1be6e700edee) Importer(2089858483,b0f066a214c2f5e87bad3c948f4d605d)
Start importing Assets/Modern UI Pack/Editor/Icons/EditorDropdown.png using Guid(0a39a4452fd810640afd1be6e700edee) Importer(2089858483,b0f066a214c2f5e87bad3c948f4d605d) (ScriptedImporter) -> (artifact id: '928e390676810f4abe89f48693252293') in 0.0127367 seconds
Number of updated asset objects reloaded before import = 0Number of asset objects unloaded after import = 1

========================================================================
Received Import Request.
  Time since last request: 0.000023 seconds.
  path: Assets/ExplosiveLLC/RPG Character Mecanim Animation Pack/Animations/2Hand-Staff/RPG-Character@2Hand-Staff-Walk.FBX
  artifactKey: Guid(e70af08b3ed6c5c49a182e554e2fbd6a) Importer(2089858483,b0f066a214c2f5e87bad3c948f4d605d)
Start importing Assets/ExplosiveLLC/RPG Character Mecanim Animation Pack/Animations/2Hand-Staff/RPG-Character@2Hand-Staff-Walk.FBX using Guid(e70af08b3ed6c5c49a182e554e2fbd6a) Importer(2089858483,b0f066a214c2f5e87bad3c948f4d605d) (ScriptedImporter) -> (artifact id: 'a5b88a51a2b1a2facf0ad66d6ea3266b') in 0.0149756 seconds
Number of updated asset objects reloaded before import = 0Number of asset objects unloaded after import = 114

========================================================================
Received Import Request.
  Time since last request: 0.000025 seconds.
  path: Assets/Plugins/AllIn13DShader/Demo/Textures/ModelsTextures/Galaxy.png
  artifactKey: Guid(783fe375bfe7729438ad09f1e56de9c0) Importer(2089858483,b0f066a214c2f5e87bad3c948f4d605d)
Start importing Assets/Plugins/AllIn13DShader/Demo/Textures/ModelsTextures/Galaxy.png using Guid(783fe375bfe7729438ad09f1e56de9c0) Importer(2089858483,b0f066a214c2f5e87bad3c948f4d605d) (ScriptedImporter) -> (artifact id: '8ef2a41397ce78516e5bd6cf28d592e3') in 0.0156145 seconds
Number of updated asset objects reloaded before import = 0Number of asset objects unloaded after import = 1

========================================================================
Received Import Request.
  Time since last request: 0.000020 seconds.
  path: Assets/Plugins/AllIn13DShader/Demo/Baked Shaders Demo/Prefabs/Environment_Baked_Platform.prefab
  artifactKey: Guid(b012335d02c65db4f976c96eb98659ac) Importer(2089858483,b0f066a214c2f5e87bad3c948f4d605d)
Start importing Assets/Plugins/AllIn13DShader/Demo/Baked Shaders Demo/Prefabs/Environment_Baked_Platform.prefab using Guid(b012335d02c65db4f976c96eb98659ac) Importer(2089858483,b0f066a214c2f5e87bad3c948f4d605d) (ScriptedImporter) -> (artifact id: '5f6971b6cba3a47578d2044c7a2dffee') in 0.0346366 seconds
Number of updated asset objects reloaded before import = 0Number of asset objects unloaded after import = 12

========================================================================
Received Import Request.
  Time since last request: 0.000021 seconds.
  path: Assets/Plugins/AllIn13DShader/Demo/Baked Shaders Demo/Data/DemoElements/Combined Effects/DemoElement_Baked_ScreenspaceUv.asset
  artifactKey: Guid(88e09e96262fde34b8ddec65a8a33ffe) Importer(2089858483,b0f066a214c2f5e87bad3c948f4d605d)
Start importing Assets/Plugins/AllIn13DShader/Demo/Baked Shaders Demo/Data/DemoElements/Combined Effects/DemoElement_Baked_ScreenspaceUv.asset using Guid(88e09e96262fde34b8ddec65a8a33ffe) Importer(2089858483,b0f066a214c2f5e87bad3c948f4d605d) (ScriptedImporter) -> (artifact id: '520d3f83ae3a86f319b43b5d0ecb7df2') in 0.0256914 seconds
Number of updated asset objects reloaded before import = 0Number of asset objects unloaded after import = 48

========================================================================
Received Import Request.
  Time since last request: 0.000029 seconds.
  path: Assets/Plugins/AllIn13DShader/Demo/Textures/ModelsTextures/LeavesTex.png
  artifactKey: Guid(fa383c8a86633d54090af5e505cbfd41) Importer(2089858483,b0f066a214c2f5e87bad3c948f4d605d)
Start importing Assets/Plugins/AllIn13DShader/Demo/Textures/ModelsTextures/LeavesTex.png using Guid(fa383c8a86633d54090af5e505cbfd41) Importer(2089858483,b0f066a214c2f5e87bad3c948f4d605d) (ScriptedImporter) -> (artifact id: '808f4dafd3b964c6c8e5e66a73c0ef5d') in 0.0139129 seconds
Number of updated asset objects reloaded before import = 0Number of asset objects unloaded after import = 1

========================================================================
Received Import Request.
  Time since last request: 0.000016 seconds.
  path: Assets/Plugins/AllIn13DShader/Editor/Drawers/Vector2Drawer.cs
  artifactKey: Guid(87a63d9b7f80f9f4bbbe3ae4dc5b0e2a) Importer(2089858483,b0f066a214c2f5e87bad3c948f4d605d)
Start importing Assets/Plugins/AllIn13DShader/Editor/Drawers/Vector2Drawer.cs using Guid(87a63d9b7f80f9f4bbbe3ae4dc5b0e2a) Importer(2089858483,b0f066a214c2f5e87bad3c948f4d605d) (ScriptedImporter) -> (artifact id: '611933a0bd0b9810b0eb268e79359a16') in 0.0087911 seconds
Number of updated asset objects reloaded before import = 0Number of asset objects unloaded after import = 0

========================================================================
Received Import Request.
  Time since last request: 0.000025 seconds.
  path: Assets/Modern UI Pack/Textures/Icon/Communication & Social/Reddit.png
  artifactKey: Guid(bd5800a4eb1b3994cbf678c8eae0464a) Importer(2089858483,b0f066a214c2f5e87bad3c948f4d605d)
Start importing Assets/Modern UI Pack/Textures/Icon/Communication & Social/Reddit.png using Guid(bd5800a4eb1b3994cbf678c8eae0464a) Importer(2089858483,b0f066a214c2f5e87bad3c948f4d605d) (ScriptedImporter) -> (artifact id: 'daddd06280d13df1e29c860830d2cea3') in 0.0150012 seconds
Number of updated asset objects reloaded before import = 0Number of asset objects unloaded after import = 3

========================================================================
Received Import Request.
  Time since last request: 0.000037 seconds.
  path: Assets/Plugins/AllIn13DShader/Demo/Baked Shaders Demo/Shaders/AllIn13D_BakedEffects_MAT_Baked_DemoDefault.shader
  artifactKey: Guid(6dd68dccc9674af4dab8c587ba4230fe) Importer(2089858483,b0f066a214c2f5e87bad3c948f4d605d)
Start importing Assets/Plugins/AllIn13DShader/Demo/Baked Shaders Demo/Shaders/AllIn13D_BakedEffects_MAT_Baked_DemoDefault.shader using Guid(6dd68dccc9674af4dab8c587ba4230fe) Importer(2089858483,b0f066a214c2f5e87bad3c948f4d605d) (ScriptedImporter) -> (artifact id: 'ccb967361549180a896fdd53bb3df904') in 0.016968 seconds
Number of updated asset objects reloaded before import = 0Number of asset objects unloaded after import = 1

========================================================================
Received Import Request.
  Time since last request: 0.000014 seconds.
  path: Assets/ExplosiveLLC/RPG Character Mecanim Animation Pack/Animations/1Hand-Sword/RPG-Character@Sword-Attack-L3.FBX
  artifactKey: Guid(4ab486eb44df1084e866dd904ec4804f) Importer(2089858483,b0f066a214c2f5e87bad3c948f4d605d)
Start importing Assets/ExplosiveLLC/RPG Character Mecanim Animation Pack/Animations/1Hand-Sword/RPG-Character@Sword-Attack-L3.FBX using Guid(4ab486eb44df1084e866dd904ec4804f) Importer(2089858483,b0f066a214c2f5e87bad3c948f4d605d) (ScriptedImporter) -> (artifact id: 'e89be0c7358f538208eba3bd1cfedb6e') in 0.012567 seconds
Number of updated asset objects reloaded before import = 0Number of asset objects unloaded after import = 114

========================================================================
Received Import Request.
  Time since last request: 0.000022 seconds.
  path: Assets/Plugins/AllIn13DShader/Demo/Baked Shaders Demo/Shaders/AllIn13D_BakedEffects_MAT_Baked_LightHalfLambert.shader
  artifactKey: Guid(07fd3828b7af4294e845cb2f7310eef1) Importer(2089858483,b0f066a214c2f5e87bad3c948f4d605d)
Start importing Assets/Plugins/AllIn13DShader/Demo/Baked Shaders Demo/Shaders/AllIn13D_BakedEffects_MAT_Baked_LightHalfLambert.shader using Guid(07fd3828b7af4294e845cb2f7310eef1) Importer(2089858483,b0f066a214c2f5e87bad3c948f4d605d) (ScriptedImporter) -> (artifact id: 'c11cdb1780259ea512ac215557ae275f') in 0.0128055 seconds
Number of updated asset objects reloaded before import = 0Number of asset objects unloaded after import = 1

========================================================================
Received Prepare
Begin MonoManager ReloadAssembly
- Loaded All Assemblies, in  1.267 seconds
'Assets/Photon/Fusion/Runtime/Fusion.Unity.cs' contains partial class of Unity.Object, exactly 1 of the partial classes needs to be in a file with the same filename. This is to know the one that can be referenced from ie. GameObjects
'Assets/Photon/Fusion/Runtime/Fusion.Unity.cs' contains partial class of Unity.Object, exactly 1 of the partial classes needs to be in a file with the same filename. This is to know the one that can be referenced from ie. GameObjects
Refreshing native plugins compatible for Editor in 15.42 ms, found 9 plugins.
Native extension for WindowsStandalone target not found
Native extension for WebGL target not found
[Package Manager] Failed to launch server process. Reason: Unity was launched with the -noUpm command-line argument
[Package Manager] Unable to send message (not connected to server process).
[Package Manager] Cannot connect to Unity Package Manager local server
System.Exception: Error! Visual Scripting: couldn't find visual scripting package
  at Unity.VisualScripting.PackageVersionUtility.get_version () [0x00043] in .\Library\PackageCache\com.unity.visualscripting@191c0d7e3b69\Editor\VisualScripting.Core\Utilities\PackageVersionUtility.cs:31 
  at Unity.VisualScripting.BoltCoreManifest.get_version () [0x00000] in .\Library\PackageCache\com.unity.visualscripting@191c0d7e3b69\Editor\VisualScripting.Core\Plugin\BoltCoreManifest.cs:11 
  at Unity.VisualScripting.PluginManifest.get_currentVersion () [0x00000] in .\Library\PackageCache\com.unity.visualscripting@191c0d7e3b69\Editor\VisualScripting.Core\Plugins\PluginManifest.cs:33 
  at Unity.VisualScripting.PluginManifest.get_versionMismatch () [0x00000] in .\Library\PackageCache\com.unity.visualscripting@191c0d7e3b69\Editor\VisualScripting.Core\Plugins\PluginManifest.cs:48 
  at Unity.VisualScripting.PluginContainer.Initialize () [0x00525] in .\Library\PackageCache\com.unity.visualscripting@191c0d7e3b69\Editor\VisualScripting.Core\Plugins\PluginContainer.cs:208 
  at Unity.VisualScripting.PluginContainer.InitializeOnLoad () [0x00009] in .\Library\PackageCache\com.unity.visualscripting@191c0d7e3b69\Editor\VisualScripting.Core\Plugins\PluginContainer.cs:32 
  at Unity.VisualScripting.VSUsageUtility.DoInitializeOnLoadCalls () [0x00034] in .\Library\PackageCache\com.unity.visualscripting@191c0d7e3b69\Editor\VisualScripting.Core\Utilities\VSUsageUtility.cs:76 
  at Unity.VisualScripting.VSUsageUtility.set_isVisualScriptingUsed (System.Boolean value) [0x0002c] in .\Library\PackageCache\com.unity.visualscripting@191c0d7e3b69\Editor\VisualScripting.Core\Utilities\VSUsageUtility.cs:114 
  at Unity.VisualScripting.VSUsageUtility.CheckAndSetIsVisualScriptingUsed () [0x0000d] in .\Library\PackageCache\com.unity.visualscripting@191c0d7e3b69\Editor\VisualScripting.Core\Utilities\VSUsageUtility.cs:33 
  at Unity.VisualScripting.VSUsageUtility..cctor () [0x00000] in .\Library\PackageCache\com.unity.visualscripting@191c0d7e3b69\Editor\VisualScripting.Core\Utilities\VSUsageUtility.cs:22 
UnityEngine.Debug:ExtractStackTraceNoAlloc (byte*,int,string)
UnityEngine.StackTraceUtility:ExtractStackTrace ()
UnityEngine.DebugLogHandler:Internal_Log (UnityEngine.LogType,UnityEngine.LogOption,string,UnityEngine.Object)
UnityEngine.DebugLogHandler:LogFormat (UnityEngine.LogType,UnityEngine.Object,string,object[])
UnityEngine.Logger:Log (UnityEngine.LogType,object)
UnityEngine.Debug:LogError (object)
UnityEditor.EditorAssemblies:ProcessInitializeOnLoadAttributes (System.Type[])

ScheduleIndexationOnStartup MainProcess:False IndexOnStartup:True
Mono: successfully reloaded assembly
- Finished resetting the current domain, in  1.799 seconds
Domain Reload Profiling: 3046ms
	BeginReloadAssembly (292ms)
		ExecutionOrderSort (0ms)
		DisableScriptedObjects (7ms)
		BackupInstance (0ms)
		ReleaseScriptingObjects (0ms)
		CreateAndSetChildDomain (70ms)
	RebuildCommonClasses (39ms)
	RebuildNativeTypeToScriptingClass (13ms)
	initialDomainReloadingComplete (54ms)
	LoadAllAssembliesAndSetupDomain (849ms)
		LoadAssemblies (752ms)
		RebuildTransferFunctionScriptingTraits (0ms)
		AnalyzeDomain (237ms)
			TypeCache.Refresh (8ms)
				TypeCache.ScanAssembly (0ms)
			BuildScriptInfoCaches (210ms)
			ResolveRequiredComponents (14ms)
	FinalizeReload (1799ms)
		ReleaseScriptCaches (0ms)
		RebuildScriptCaches (0ms)
		SetupLoadedEditorAssemblies (1311ms)
			LogAssemblyErrors (0ms)
			InitializePlatformSupportModulesInManaged (3ms)
			SetLoadedEditorAssemblies (4ms)
			BeforeProcessingInitializeOnLoad (200ms)
			ProcessInitializeOnLoadAttributes (880ms)
			ProcessInitializeOnLoadMethodAttributes (212ms)
			AfterProcessingInitializeOnLoad (11ms)
			EditorAssembliesLoaded (0ms)
		ExecutionOrderSort2 (0ms)
		AwakeInstancesAfterBackupRestoration (19ms)
Refreshing native plugins compatible for Editor in 23.55 ms, found 9 plugins.
Preloading 0 native plugins for Editor in 0.00 ms.
Unloading 16 Unused Serialized files (Serialized files now loaded: 0)
Unloading 7030 unused Assets / (4.1 MB). Loaded Objects now: 7969.
Memory consumption went from 316.0 MB to 311.9 MB.
Total: 32.162400 ms (FindLiveObjects: 0.827500 ms CreateObjectMapping: 1.156000 ms MarkObjects: 26.570600 ms  DeleteObjects: 3.606300 ms)

Prepare: number of updated asset objects reloaded= 0
========================================================================
Received Prepare
Begin MonoManager ReloadAssembly
- Loaded All Assemblies, in  3.758 seconds
'Assets/Photon/Fusion/Runtime/Fusion.Unity.cs' contains partial class of Unity.Object, exactly 1 of the partial classes needs to be in a file with the same filename. This is to know the one that can be referenced from ie. GameObjects
'Assets/Photon/Fusion/Runtime/Fusion.Unity.cs' contains partial class of Unity.Object, exactly 1 of the partial classes needs to be in a file with the same filename. This is to know the one that can be referenced from ie. GameObjects
Refreshing native plugins compatible for Editor in 17.68 ms, found 9 plugins.
Native extension for WindowsStandalone target not found
Native extension for WebGL target not found
[Package Manager] Failed to launch server process. Reason: Unity was launched with the -noUpm command-line argument
[Package Manager] Unable to send message (not connected to server process).
[Package Manager] Cannot connect to Unity Package Manager local server
System.Exception: Error! Visual Scripting: couldn't find visual scripting package
  at Unity.VisualScripting.PackageVersionUtility.get_version () [0x00043] in .\Library\PackageCache\com.unity.visualscripting@191c0d7e3b69\Editor\VisualScripting.Core\Utilities\PackageVersionUtility.cs:31 
  at Unity.VisualScripting.BoltCoreManifest.get_version () [0x00000] in .\Library\PackageCache\com.unity.visualscripting@191c0d7e3b69\Editor\VisualScripting.Core\Plugin\BoltCoreManifest.cs:11 
  at Unity.VisualScripting.PluginManifest.get_currentVersion () [0x00000] in .\Library\PackageCache\com.unity.visualscripting@191c0d7e3b69\Editor\VisualScripting.Core\Plugins\PluginManifest.cs:33 
  at Unity.VisualScripting.PluginManifest.get_versionMismatch () [0x00000] in .\Library\PackageCache\com.unity.visualscripting@191c0d7e3b69\Editor\VisualScripting.Core\Plugins\PluginManifest.cs:48 
  at Unity.VisualScripting.PluginContainer.Initialize () [0x00525] in .\Library\PackageCache\com.unity.visualscripting@191c0d7e3b69\Editor\VisualScripting.Core\Plugins\PluginContainer.cs:208 
  at Unity.VisualScripting.PluginContainer.InitializeOnLoad () [0x00009] in .\Library\PackageCache\com.unity.visualscripting@191c0d7e3b69\Editor\VisualScripting.Core\Plugins\PluginContainer.cs:32 
  at Unity.VisualScripting.VSUsageUtility.DoInitializeOnLoadCalls () [0x00034] in .\Library\PackageCache\com.unity.visualscripting@191c0d7e3b69\Editor\VisualScripting.Core\Utilities\VSUsageUtility.cs:76 
  at Unity.VisualScripting.VSUsageUtility.set_isVisualScriptingUsed (System.Boolean value) [0x0002c] in .\Library\PackageCache\com.unity.visualscripting@191c0d7e3b69\Editor\VisualScripting.Core\Utilities\VSUsageUtility.cs:114 
  at Unity.VisualScripting.VSUsageUtility.CheckAndSetIsVisualScriptingUsed () [0x0000d] in .\Library\PackageCache\com.unity.visualscripting@191c0d7e3b69\Editor\VisualScripting.Core\Utilities\VSUsageUtility.cs:33 
  at Unity.VisualScripting.VSUsageUtility..cctor () [0x00000] in .\Library\PackageCache\com.unity.visualscripting@191c0d7e3b69\Editor\VisualScripting.Core\Utilities\VSUsageUtility.cs:22 
UnityEngine.Debug:ExtractStackTraceNoAlloc (byte*,int,string)
UnityEngine.StackTraceUtility:ExtractStackTrace ()
UnityEngine.DebugLogHandler:Internal_Log (UnityEngine.LogType,UnityEngine.LogOption,string,UnityEngine.Object)
UnityEngine.DebugLogHandler:LogFormat (UnityEngine.LogType,UnityEngine.Object,string,object[])
UnityEngine.Logger:Log (UnityEngine.LogType,object)
UnityEngine.Debug:LogError (object)
UnityEditor.EditorAssemblies:ProcessInitializeOnLoadAttributes (System.Type[])

ScheduleIndexationOnStartup MainProcess:False IndexOnStartup:True
Mono: successfully reloaded assembly
- Finished resetting the current domain, in  1.524 seconds
Domain Reload Profiling: 5210ms
	BeginReloadAssembly (1090ms)
		ExecutionOrderSort (0ms)
		DisableScriptedObjects (22ms)
		BackupInstance (0ms)
		ReleaseScriptingObjects (0ms)
		CreateAndSetChildDomain (187ms)
	RebuildCommonClasses (151ms)
	RebuildNativeTypeToScriptingClass (62ms)
	initialDomainReloadingComplete (226ms)
	LoadAllAssembliesAndSetupDomain (2157ms)
		LoadAssemblies (2542ms)
		RebuildTransferFunctionScriptingTraits (0ms)
		AnalyzeDomain (237ms)
			TypeCache.Refresh (9ms)
				TypeCache.ScanAssembly (0ms)
			BuildScriptInfoCaches (208ms)
			ResolveRequiredComponents (12ms)
	FinalizeReload (1524ms)
		ReleaseScriptCaches (0ms)
		RebuildScriptCaches (0ms)
		SetupLoadedEditorAssemblies (1053ms)
			LogAssemblyErrors (0ms)
			InitializePlatformSupportModulesInManaged (3ms)
			SetLoadedEditorAssemblies (5ms)
			BeforeProcessingInitializeOnLoad (187ms)
			ProcessInitializeOnLoadAttributes (644ms)
			ProcessInitializeOnLoadMethodAttributes (200ms)
			AfterProcessingInitializeOnLoad (13ms)
			EditorAssembliesLoaded (0ms)
		ExecutionOrderSort2 (0ms)
		AwakeInstancesAfterBackupRestoration (14ms)
Refreshing native plugins compatible for Editor in 20.32 ms, found 9 plugins.
Preloading 0 native plugins for Editor in 0.00 ms.
Unloading 16 Unused Serialized files (Serialized files now loaded: 0)
Unloading 7030 unused Assets / (4.1 MB). Loaded Objects now: 7973.
Memory consumption went from 315.8 MB to 311.7 MB.
Total: 27.072100 ms (FindLiveObjects: 2.000200 ms CreateObjectMapping: 0.609600 ms MarkObjects: 21.693600 ms  DeleteObjects: 2.766800 ms)

Prepare: number of updated asset objects reloaded= 0
Editor requested this worker to shutdown with reason: Scaling down because of idle timeout
AssetImportWorker is now disconnected from the server
Process exiting
Exiting without the bug reporter. Application will terminate with return code 0