[Licensing::Module] Trying to connect to existing licensing client channel...
Built from '6000.3/staging' branch; Version is '6000.3.9f1 (7a9955a4f2fa) revision 8034645'; Using compiler version '194234433'; Build Type 'Release'
OS: 'Windows 11  (10.0.26200) Core' Language: 'ko' Physical Memory: 32386 MB
[Licensing::IpcConnector] Successfully connected to: "LicenseClient-USER" at "2026-02-28T11:32:34.876748Z"
BatchMode: 1, IsHumanControllingUs: 0, StartBugReporterOnCrash: 0, Is64bit: 1
System  architecture: x64
Process architecture: x64
Date: 2026-02-28T11:32:34Z

COMMAND LINE ARGUMENTS:
C:\Program Files\Unity\Hub\Editor\6000.3.9f1\Editor\Unity.exe
-adb2
-batchMode
-noUpm
-name
AssetImportWorker78
-projectPath
C:/Users/USER/Documents/GitHub/AR-ReversiProject
-logFile
Logs/AssetImportWorker78.log
-srvPort
58049
-job-worker-count
15
-background-job-worker-count
8
-gc-helper-count
1
-name
AssetImport
Successfully changed project path to: C:/Users/USER/Documents/GitHub/AR-ReversiProject
C:/Users/USER/Documents/GitHub/AR-ReversiProject
[UnityMemory] Configuration Parameters - Can be set up in boot.config
    "memorysetup-temp-allocator-size-nav-mesh-worker=65536"
    "memorysetup-temp-allocator-size-audio-worker=65536"
    "memorysetup-temp-allocator-size-gfx=262144"
    "memorysetup-allocator-temp-initial-block-size-main=262144"
    "memorysetup-allocator-temp-initial-block-size-worker=262144"
    "memorysetup-temp-allocator-size-background-worker=32768"
    "memorysetup-temp-allocator-size-job-worker=262144"
    "memorysetup-temp-allocator-size-preload-manager=33554432"
    "memorysetup-temp-allocator-size-gi-baking-worker=262144"
    "memorysetup-temp-allocator-size-gi-baking-worker=262144"
    "memorysetup-temp-allocator-size-gi-baking-worker=262144"
    "memorysetup-temp-allocator-size-gi-baking-worker=262144"
    "memorysetup-temp-allocator-size-gi-baking-worker=262144"
    "memorysetup-bucket-allocator-granularity=16"
    "memorysetup-bucket-allocator-bucket-count=8"
    "memorysetup-bucket-allocator-block-size=33554432"
    "memorysetup-bucket-allocator-block-count=8"
    "memorysetup-main-allocator-block-size=16777216"
    "memorysetup-thread-allocator-block-size=16777216"
    "memorysetup-gfx-main-allocator-block-size=16777216"
    "memorysetup-gfx-thread-allocator-block-size=16777216"
    "memorysetup-cache-allocator-block-size=4194304"
    "memorysetup-typetree-allocator-block-size=2097152"
    "memorysetup-profiler-bucket-allocator-granularity=16"
    "memorysetup-profiler-bucket-allocator-bucket-count=8"
    "memorysetup-profiler-bucket-allocator-block-size=33554432"
    "memorysetup-profiler-bucket-allocator-block-count=8"
    "memorysetup-profiler-allocator-block-size=16777216"
    "memorysetup-profiler-editor-allocator-block-size=1048576"
    "memorysetup-temp-allocator-size-main=16777216"
    "memorysetup-job-temp-allocator-block-size=2097152"
    "memorysetup-job-temp-allocator-block-size-background=1048576"
    "memorysetup-job-temp-allocator-reduction-small-platforms=262144"
    "memorysetup-temp-allocator-size-cloud-worker=32768"
Player connection [25004]  Target information:

Player connection [25004]  * "[IP] 172.30.1.55 [Port] 0 [Flags] 2 [Guid] 2351656141 [EditorId] 2351656141 [Version] 1048832 [Id] WindowsEditor(7,DESKTOP-BTF4SNP) [Debug] 1 [PackageName] WindowsEditor [ProjectName] Editor" 

Player connection [25004] Host joined multi-casting on [225.0.0.222:54997]...
Player connection [25004] Host joined alternative multi-casting on [225.0.0.222:34997]...
JobSystem: Creating JobQueue using job-worker-count value 15
Input System module state changed to: Initialized.
[Physics::Module] Initialized fallback backend.
[Physics::Module] Id: 0xdecafbad
Library Redirect Path: Library/
[Physics::Module] Selected backend.
[Physics::Module] Name: PhysX
[Physics::Module] Id: 0xf2b8ea05
[Physics::Module] SDK Version: 4.1.2
[Physics::Module] Integration Version: 1.0.0
[Physics::Module] Threading Mode: Multi-Threaded
Refreshing native plugins compatible for Editor in 33.24 ms, found 9 plugins.
Preloading 0 native plugins for Editor in 0.00 ms.
Initialize engine version: 6000.3.9f1 (7a9955a4f2fa)
[Subsystems] Discovering subsystems at path C:/Program Files/Unity/Hub/Editor/6000.3.9f1/Editor/Data/Resources/UnitySubsystems
[Subsystems] Discovering subsystems at path C:/Users/USER/Documents/GitHub/AR-ReversiProject/Assets
GfxDevice: creating device client; kGfxThreadingModeNonThreaded
Direct3D:
    Version:  Direct3D 11.0 [level 11.1]
    Renderer: NVIDIA GeForce RTX 4060 Laptop GPU (ID=0x28e0)
    Vendor:   NVIDIA
    VRAM:     7957 MB
    Driver:   32.0.15.6081
Initialize mono
Mono path[0] = 'C:/Program Files/Unity/Hub/Editor/6000.3.9f1/Editor/Data/Managed'
Mono path[1] = 'C:/Program Files/Unity/Hub/Editor/6000.3.9f1/Editor/Data/MonoBleedingEdge/lib/mono/unityjit-win32'
Mono config path = 'C:/Program Files/Unity/Hub/Editor/6000.3.9f1/Editor/Data/MonoBleedingEdge/etc'
Using monoOptions --debugger-agent=transport=dt_socket,embedding=1,server=y,suspend=n,address=127.0.0.1:56600
Begin MonoManager ReloadAssembly
[Licensing::Client] Handshaking with LicensingClient:
  Version:                 1.17.4+4293ba1
  Session Id:              e64405a42a24445fab895ca113dac5f1
  Correlation Id:          2e1677b044b26191d80a4bb1d64b199d
  External correlation Id: 8587268439059693250
  Machine Id:              dJ8Tfn01EciPmnYvmSiKPSjQkro=
[Licensing::Module] Successfully connected to LicensingClient on channel: "LicenseClient-USER" (connect: 0.00s, validation: 0.00s, handshake: 1.49s)
[Licensing::IpcConnector] Successfully connected to: "LicenseClient-USER-notifications" at "2026-02-28T11:32:36.3734157Z"
[Licensing::Module] Licensing Background thread has ended after 1.50s
Registering precompiled unity dll's ...
Register platform support module: C:/Program Files/Unity/Hub/Editor/6000.3.9f1/Editor/Data/PlaybackEngines/WebGLSupport/UnityEditor.WebGL.Extensions.dll
Register platform support module: C:/Program Files/Unity/Hub/Editor/6000.3.9f1/Editor/Data/PlaybackEngines/WindowsStandaloneSupport/UnityEditor.WindowsStandalone.Extensions.dll
Registered in 0.004005 seconds.
- Loaded All Assemblies, in  0.511 seconds
Native extension for WindowsStandalone target not found
Native extension for WebGL target not found
ScheduleIndexationOnStartup MainProcess:False IndexOnStartup:True
Mono: successfully reloaded assembly
- Finished resetting the current domain, in  0.427 seconds
Domain Reload Profiling: 934ms
	BeginReloadAssembly (184ms)
		ExecutionOrderSort (0ms)
		DisableScriptedObjects (0ms)
		BackupInstance (0ms)
		ReleaseScriptingObjects (0ms)
		CreateAndSetChildDomain (1ms)
	RebuildCommonClasses (43ms)
	RebuildNativeTypeToScriptingClass (13ms)
	initialDomainReloadingComplete (57ms)
	LoadAllAssembliesAndSetupDomain (210ms)
		LoadAssemblies (180ms)
		RebuildTransferFunctionScriptingTraits (0ms)
		AnalyzeDomain (206ms)
			TypeCache.Refresh (204ms)
				TypeCache.ScanAssembly (186ms)
			BuildScriptInfoCaches (0ms)
			ResolveRequiredComponents (1ms)
	FinalizeReload (427ms)
		ReleaseScriptCaches (0ms)
		RebuildScriptCaches (0ms)
		SetupLoadedEditorAssemblies (367ms)
			LogAssemblyErrors (0ms)
			InitializePlatformSupportModulesInManaged (47ms)
			SetLoadedEditorAssemblies (3ms)
			BeforeProcessingInitializeOnLoad (90ms)
			ProcessInitializeOnLoadAttributes (158ms)
			ProcessInitializeOnLoadMethodAttributes (70ms)
			AfterProcessingInitializeOnLoad (0ms)
			EditorAssembliesLoaded (0ms)
		ExecutionOrderSort2 (0ms)
		AwakeInstancesAfterBackupRestoration (0ms)
========================================================================
Worker process is ready to serve import requests
Import Worker Mode flag is 0x00
Begin MonoManager ReloadAssembly
[Licensing::Client] Successfully resolved entitlement details
[Licensing::Module] License group:
  Id: 14568654860447-UnityPersXXXX
  Product: Unity Personal
  Type: Assigned
  Expiration: Unlimited
- Loaded All Assemblies, in  1.277 seconds
'Assets/Photon/Fusion/Runtime/Fusion.Unity.cs' contains partial class of Unity.Object, exactly 1 of the partial classes needs to be in a file with the same filename. This is to know the one that can be referenced from ie. GameObjects
'Assets/Photon/Fusion/Runtime/Fusion.Unity.cs' contains partial class of Unity.Object, exactly 1 of the partial classes needs to be in a file with the same filename. This is to know the one that can be referenced from ie. GameObjects
Refreshing native plugins compatible for Editor in 10.77 ms, found 9 plugins.
Native extension for WindowsStandalone target not found
Native extension for WebGL target not found
Package Manager log level set to [2]
[Package Manager] Failed to launch server process. Reason: Unity was launched with the -noUpm command-line argument
[Package Manager] Unable to send message (not connected to server process).
[Package Manager] Cannot connect to Unity Package Manager local server
System.Exception: Error! Visual Scripting: couldn't find visual scripting package
  at Unity.VisualScripting.PackageVersionUtility.get_version () [0x00043] in .\Library\PackageCache\com.unity.visualscripting@191c0d7e3b69\Editor\VisualScripting.Core\Utilities\PackageVersionUtility.cs:31 
  at Unity.VisualScripting.BoltCoreManifest.get_version () [0x00000] in .\Library\PackageCache\com.unity.visualscripting@191c0d7e3b69\Editor\VisualScripting.Core\Plugin\BoltCoreManifest.cs:11 
  at Unity.VisualScripting.PluginManifest.get_currentVersion () [0x00000] in .\Library\PackageCache\com.unity.visualscripting@191c0d7e3b69\Editor\VisualScripting.Core\Plugins\PluginManifest.cs:33 
  at Unity.VisualScripting.PluginManifest.get_versionMismatch () [0x00000] in .\Library\PackageCache\com.unity.visualscripting@191c0d7e3b69\Editor\VisualScripting.Core\Plugins\PluginManifest.cs:48 
  at Unity.VisualScripting.PluginContainer.Initialize () [0x00525] in .\Library\PackageCache\com.unity.visualscripting@191c0d7e3b69\Editor\VisualScripting.Core\Plugins\PluginContainer.cs:208 
  at Unity.VisualScripting.PluginContainer.InitializeOnLoad () [0x00009] in .\Library\PackageCache\com.unity.visualscripting@191c0d7e3b69\Editor\VisualScripting.Core\Plugins\PluginContainer.cs:32 
  at Unity.VisualScripting.VSUsageUtility.DoInitializeOnLoadCalls () [0x00034] in .\Library\PackageCache\com.unity.visualscripting@191c0d7e3b69\Editor\VisualScripting.Core\Utilities\VSUsageUtility.cs:76 
  at Unity.VisualScripting.VSUsageUtility.set_isVisualScriptingUsed (System.Boolean value) [0x0002c] in .\Library\PackageCache\com.unity.visualscripting@191c0d7e3b69\Editor\VisualScripting.Core\Utilities\VSUsageUtility.cs:114 
  at Unity.VisualScripting.VSUsageUtility.CheckAndSetIsVisualScriptingUsed () [0x00032] in .\Library\PackageCache\com.unity.visualscripting@191c0d7e3b69\Editor\VisualScripting.Core\Utilities\VSUsageUtility.cs:48 
  at Unity.VisualScripting.VSUsageUtility..cctor () [0x00000] in .\Library\PackageCache\com.unity.visualscripting@191c0d7e3b69\Editor\VisualScripting.Core\Utilities\VSUsageUtility.cs:22 
UnityEngine.Debug:ExtractStackTraceNoAlloc (byte*,int,string)
UnityEngine.StackTraceUtility:ExtractStackTrace ()
UnityEngine.DebugLogHandler:Internal_Log (UnityEngine.LogType,UnityEngine.LogOption,string,UnityEngine.Object)
UnityEngine.DebugLogHandler:LogFormat (UnityEngine.LogType,UnityEngine.Object,string,object[])
UnityEngine.Logger:Log (UnityEngine.LogType,object)
UnityEngine.Debug:LogError (object)
UnityEditor.EditorAssemblies:ProcessInitializeOnLoadAttributes (System.Type[])

ScheduleIndexationOnStartup MainProcess:False IndexOnStartup:True
Mono: successfully reloaded assembly
- Finished resetting the current domain, in  1.633 seconds
Domain Reload Profiling: 2898ms
	BeginReloadAssembly (243ms)
		ExecutionOrderSort (0ms)
		DisableScriptedObjects (6ms)
		BackupInstance (0ms)
		ReleaseScriptingObjects (0ms)
		CreateAndSetChildDomain (36ms)
	RebuildCommonClasses (42ms)
	RebuildNativeTypeToScriptingClass (16ms)
	initialDomainReloadingComplete (74ms)
	LoadAllAssembliesAndSetupDomain (890ms)
		LoadAssemblies (704ms)
		RebuildTransferFunctionScriptingTraits (0ms)
		AnalyzeDomain (330ms)
			TypeCache.Refresh (234ms)
				TypeCache.ScanAssembly (216ms)
			BuildScriptInfoCaches (78ms)
			ResolveRequiredComponents (13ms)
	FinalizeReload (1633ms)
		ReleaseScriptCaches (0ms)
		RebuildScriptCaches (0ms)
		SetupLoadedEditorAssemblies (1418ms)
			LogAssemblyErrors (0ms)
			InitializePlatformSupportModulesInManaged (3ms)
			SetLoadedEditorAssemblies (5ms)
			BeforeProcessingInitializeOnLoad (165ms)
			ProcessInitializeOnLoadAttributes (1051ms)
			ProcessInitializeOnLoadMethodAttributes (183ms)
			AfterProcessingInitializeOnLoad (10ms)
			EditorAssembliesLoaded (0ms)
		ExecutionOrderSort2 (0ms)
		AwakeInstancesAfterBackupRestoration (5ms)
Launched and connected shader compiler UnityShaderCompiler.exe after 0.02 seconds
Refreshing native plugins compatible for Editor in 21.70 ms, found 9 plugins.
Preloading 0 native plugins for Editor in 0.00 ms.
Unloading 16 Unused Serialized files (Serialized files now loaded: 0)
Unloading 7030 unused Assets / (4.2 MB). Loaded Objects now: 7948.
Memory consumption went from 311.6 MB to 307.4 MB.
Total: 31.700000 ms (FindLiveObjects: 0.809200 ms CreateObjectMapping: 0.576400 ms MarkObjects: 27.080200 ms  DeleteObjects: 3.231700 ms)

========================================================================
Received Import Request.
  Time since last request: 1389167.334162 seconds.
  path: Assets/Plugins/AllIn13DShader/Demo/Materials/Presets/MAT_TreeBarkMaterial.mat
  artifactKey: Guid(f0e198a3605e9d548b6ab3d674419804) Importer(815301076,1909f56bfc062723c751e8b465ee728b)
Start importing Assets/Plugins/AllIn13DShader/Demo/Materials/Presets/MAT_TreeBarkMaterial.mat using Guid(f0e198a3605e9d548b6ab3d674419804) Importer(815301076,1909f56bfc062723c751e8b465ee728b) (PreviewImporter) -> (artifact id: '4fbc13bdaff0586372515eef3a709a35') in 0.890864 seconds
Number of updated asset objects reloaded before import = 0Number of asset objects unloaded after import = 6

========================================================================
Received Import Request.
  Time since last request: 0.000064 seconds.
  path: Assets/Plugins/AllIn13DShader/Demo/Materials/Presets/MAT_FloorPanel2x2.mat
  artifactKey: Guid(a5fc7b2bf4ff9194e8daa163936042bd) Importer(815301076,1909f56bfc062723c751e8b465ee728b)
Start importing Assets/Plugins/AllIn13DShader/Demo/Materials/Presets/MAT_FloorPanel2x2.mat using Guid(a5fc7b2bf4ff9194e8daa163936042bd) Importer(815301076,1909f56bfc062723c751e8b465ee728b) (PreviewImporter) -> (artifact id: '1d1d7a7d7f0ef4b913f8c97dedf20e2a') in 0.1256134 seconds
Number of updated asset objects reloaded before import = 0Number of asset objects unloaded after import = 14

========================================================================
Received Import Request.
  Time since last request: 0.000070 seconds.
  path: Assets/Plugins/AllIn13DShader/Demo/Baked Shaders Demo/Materials/Environment/MAT_DemoWall.mat
  artifactKey: Guid(7554a80137256214a8d9cfa5cb5c36d2) Importer(815301076,1909f56bfc062723c751e8b465ee728b)
Start importing Assets/Plugins/AllIn13DShader/Demo/Baked Shaders Demo/Materials/Environment/MAT_DemoWall.mat using Guid(7554a80137256214a8d9cfa5cb5c36d2) Importer(815301076,1909f56bfc062723c751e8b465ee728b) (PreviewImporter) -> (artifact id: 'e61a5dbb59cd3e16b24372b3c840e546') in 3.4189897 seconds
Number of updated asset objects reloaded before import = 0Number of asset objects unloaded after import = 7

========================================================================
Received Import Request.
  Time since last request: 0.000055 seconds.
  path: Assets/Plugins/AllIn13DShader/Demo/Materials/Presets/MAT_Grass.mat
  artifactKey: Guid(efd911fa2e3c23542973b7acda10789b) Importer(815301076,1909f56bfc062723c751e8b465ee728b)
Start importing Assets/Plugins/AllIn13DShader/Demo/Materials/Presets/MAT_Grass.mat using Guid(efd911fa2e3c23542973b7acda10789b) Importer(815301076,1909f56bfc062723c751e8b465ee728b) (PreviewImporter) -> (artifact id: '678b64868d20de0341658f20682d21a1') in 0.0532325 seconds
Number of updated asset objects reloaded before import = 0Number of asset objects unloaded after import = 6

========================================================================
Received Import Request.
  Time since last request: 0.000052 seconds.
  path: Assets/Modern UI Pack/Fonts/OpenSans-Italic SDF.asset
  artifactKey: Guid(ff92caddbdea54743a04dda78cc41035) Importer(815301076,1909f56bfc062723c751e8b465ee728b)
Start importing Assets/Modern UI Pack/Fonts/OpenSans-Italic SDF.asset using Guid(ff92caddbdea54743a04dda78cc41035) Importer(815301076,1909f56bfc062723c751e8b465ee728b) (PreviewImporter) -> (artifact id: '26217c9ceaff58499bb6a7c1e4d2b490') in 0.0493653 seconds
Number of updated asset objects reloaded before import = 0Number of asset objects unloaded after import = 16

========================================================================
Received Import Request.
  Time since last request: 0.000056 seconds.
  path: Assets/Plugins/AllIn13DShader/Demo/Materials/DemoMaterials/MAT_SpaceshipNoMatcap.mat
  artifactKey: Guid(a5a189e3203409d408e2d0689dd67ea2) Importer(815301076,1909f56bfc062723c751e8b465ee728b)
Start importing Assets/Plugins/AllIn13DShader/Demo/Materials/DemoMaterials/MAT_SpaceshipNoMatcap.mat using Guid(a5a189e3203409d408e2d0689dd67ea2) Importer(815301076,1909f56bfc062723c751e8b465ee728b) (PreviewImporter) -> (artifact id: '205d7825c6e816cf09a660a03132d46e') in 0.0736722 seconds
Number of updated asset objects reloaded before import = 0Number of asset objects unloaded after import = 7

========================================================================
Received Import Request.
  Time since last request: 0.000064 seconds.
  path: Assets/Plugins/AllIn13DShader/Demo/Baked Shaders Demo/Materials/Presets/MAT_Baked_Buildings.mat
  artifactKey: Guid(66fbad9c9f75d1043bccb404cccd27c2) Importer(815301076,1909f56bfc062723c751e8b465ee728b)
Start importing Assets/Plugins/AllIn13DShader/Demo/Baked Shaders Demo/Materials/Presets/MAT_Baked_Buildings.mat using Guid(66fbad9c9f75d1043bccb404cccd27c2) Importer(815301076,1909f56bfc062723c751e8b465ee728b) (PreviewImporter) -> (artifact id: '2f40c888a2392a87d4de4640fde2a436') in 2.9495645 seconds
Number of updated asset objects reloaded before import = 0Number of asset objects unloaded after import = 13

========================================================================
Received Import Request.
  Time since last request: 0.000056 seconds.
  path: Assets/Plugins/AllIn13DShader/Demo/Materials/StandardExamples/MAT_KnightFaceStandard.mat
  artifactKey: Guid(e14f352c2f3d9a6429850d7ba4393b7a) Importer(815301076,1909f56bfc062723c751e8b465ee728b)
Start importing Assets/Plugins/AllIn13DShader/Demo/Materials/StandardExamples/MAT_KnightFaceStandard.mat using Guid(e14f352c2f3d9a6429850d7ba4393b7a) Importer(815301076,1909f56bfc062723c751e8b465ee728b) (PreviewImporter) -> (artifact id: 'a571fa53a454d75c8bc18ce6c36f5659') in 0.0619905 seconds
Number of updated asset objects reloaded before import = 0Number of asset objects unloaded after import = 7

========================================================================
Received Import Request.
  Time since last request: 0.000035 seconds.
  path: Assets/Plugins/AllIn13DShader/Demo/Baked Shaders Demo/Materials/DemoMaterials/MAT_Baked_ChomperHueShift.mat
  artifactKey: Guid(5845d280691bdab4f903e123d891bde8) Importer(815301076,1909f56bfc062723c751e8b465ee728b)
Start importing Assets/Plugins/AllIn13DShader/Demo/Baked Shaders Demo/Materials/DemoMaterials/MAT_Baked_ChomperHueShift.mat using Guid(5845d280691bdab4f903e123d891bde8) Importer(815301076,1909f56bfc062723c751e8b465ee728b) (PreviewImporter) -> (artifact id: 'faf4c9075a04bf4c036cb1e10d92c2fb') in 3.7045055 seconds
Number of updated asset objects reloaded before import = 0Number of asset objects unloaded after import = 15

========================================================================
Received Import Request.
  Time since last request: 0.000045 seconds.
  path: Assets/Resource/PackageResource/BeautifulSkyPack02/Panoramic/Materials/SKY_A4_high contrast.mat
  artifactKey: Guid(169ef958cf5fc774ca7db7b53a3286ce) Importer(815301076,1909f56bfc062723c751e8b465ee728b)
Start importing Assets/Resource/PackageResource/BeautifulSkyPack02/Panoramic/Materials/SKY_A4_high contrast.mat using Guid(169ef958cf5fc774ca7db7b53a3286ce) Importer(815301076,1909f56bfc062723c751e8b465ee728b) (PreviewImporter) -> (artifact id: '397c4d4e58ae2c7a04c954535bb2d148') in 0.2145229 seconds
Number of updated asset objects reloaded before import = 0Number of asset objects unloaded after import = 2

========================================================================
Received Import Request.
  Time since last request: 0.000069 seconds.
  path: Assets/Plugins/AllIn13DShader/Demo/Materials/StandardExamples/MAT_Ellen_Tear_MatStandard.mat
  artifactKey: Guid(2d719f2e7a48ccb409b3c3fec9d2a523) Importer(815301076,1909f56bfc062723c751e8b465ee728b)
Start importing Assets/Plugins/AllIn13DShader/Demo/Materials/StandardExamples/MAT_Ellen_Tear_MatStandard.mat using Guid(2d719f2e7a48ccb409b3c3fec9d2a523) Importer(815301076,1909f56bfc062723c751e8b465ee728b) (PreviewImporter) -> (artifact id: 'c26598577eeb7e11e73da2ce7c3f4808') in 2.5470593 seconds
Number of updated asset objects reloaded before import = 0Number of asset objects unloaded after import = 1

========================================================================
Received Import Request.
  Time since last request: 0.000043 seconds.
  path: Assets/Plugins/AllIn13DShader/Demo/Materials/DemoMaterials/MAT_ScreenSpace.mat
  artifactKey: Guid(b915ad0cf1f8e774391307b59efef64f) Importer(815301076,1909f56bfc062723c751e8b465ee728b)
Start importing Assets/Plugins/AllIn13DShader/Demo/Materials/DemoMaterials/MAT_ScreenSpace.mat using Guid(b915ad0cf1f8e774391307b59efef64f) Importer(815301076,1909f56bfc062723c751e8b465ee728b) (PreviewImporter) -> (artifact id: '9a8b488d3927130a490c5e88e12fdf0b') in 0.5965228 seconds
Number of updated asset objects reloaded before import = 0Number of asset objects unloaded after import = 10

========================================================================
Received Import Request.
  Time since last request: 0.000066 seconds.
  path: Assets/Plugins/AllIn13DShader/Demo/Materials/DemoMaterials/MAT_GroundFog.mat
  artifactKey: Guid(97672aa38fb9bac468c14cb48f0c279f) Importer(815301076,1909f56bfc062723c751e8b465ee728b)
Start importing Assets/Plugins/AllIn13DShader/Demo/Materials/DemoMaterials/MAT_GroundFog.mat using Guid(97672aa38fb9bac468c14cb48f0c279f) Importer(815301076,1909f56bfc062723c751e8b465ee728b) (PreviewImporter) -> (artifact id: '89690118380e433e4364756c629c6d21') in 3.2405447 seconds
Number of updated asset objects reloaded before import = 0Number of asset objects unloaded after import = 12

========================================================================
Received Import Request.
  Time since last request: 0.000055 seconds.
  path: Assets/Plugins/AllIn13DShader/Demo/Materials/DemoMaterials/MAT_LeafsPine.mat
  artifactKey: Guid(bfd2b1908cd966d4490be34b985ea86f) Importer(815301076,1909f56bfc062723c751e8b465ee728b)
Start importing Assets/Plugins/AllIn13DShader/Demo/Materials/DemoMaterials/MAT_LeafsPine.mat using Guid(bfd2b1908cd966d4490be34b985ea86f) Importer(815301076,1909f56bfc062723c751e8b465ee728b) (PreviewImporter) -> (artifact id: 'a6f1ce805099e0e86109048447525b02') in 2.1639153 seconds
Number of updated asset objects reloaded before import = 0Number of asset objects unloaded after import = 7

========================================================================
Received Import Request.
  Time since last request: 0.000057 seconds.
  path: Assets/Plugins/AllIn13DShader/Demo/Baked Shaders Demo/Materials/DemoMaterials/MAT_Baked_ChomperFresnelRemapped.mat
  artifactKey: Guid(a94ef425c03c89045a20ac200c795dcd) Importer(815301076,1909f56bfc062723c751e8b465ee728b)
Start importing Assets/Plugins/AllIn13DShader/Demo/Baked Shaders Demo/Materials/DemoMaterials/MAT_Baked_ChomperFresnelRemapped.mat using Guid(a94ef425c03c89045a20ac200c795dcd) Importer(815301076,1909f56bfc062723c751e8b465ee728b) (PreviewImporter) -> (artifact id: '4df09e1d83e3d32965c2c01b9670301c') in 3.6288689 seconds
Number of updated asset objects reloaded before import = 0Number of asset objects unloaded after import = 14

========================================================================
Received Import Request.
  Time since last request: 0.000041 seconds.
  path: Assets/Plugins/AllIn13DShader/Demo/Baked Shaders Demo/Materials/DemoMaterials/MAT_Baked_ChomperGreyscale.mat
  artifactKey: Guid(52fdb1a57e9d9ee44823450aad2307ba) Importer(815301076,1909f56bfc062723c751e8b465ee728b)
Start importing Assets/Plugins/AllIn13DShader/Demo/Baked Shaders Demo/Materials/DemoMaterials/MAT_Baked_ChomperGreyscale.mat using Guid(52fdb1a57e9d9ee44823450aad2307ba) Importer(815301076,1909f56bfc062723c751e8b465ee728b) (PreviewImporter) -> (artifact id: 'a79370626a7edf1e53a1282754bb3994') in 3.7380843 seconds
Number of updated asset objects reloaded before import = 0Number of asset objects unloaded after import = 15

========================================================================
Received Import Request.
  Time since last request: 0.000062 seconds.
  path: Assets/Plugins/AllIn13DShader/Demo/Baked Shaders Demo/Materials/Presets/MAT_Baked_ColoringGradient2.mat
  artifactKey: Guid(277676213ccc05a40a78ebfd6f785661) Importer(815301076,1909f56bfc062723c751e8b465ee728b)
Start importing Assets/Plugins/AllIn13DShader/Demo/Baked Shaders Demo/Materials/Presets/MAT_Baked_ColoringGradient2.mat using Guid(277676213ccc05a40a78ebfd6f785661) Importer(815301076,1909f56bfc062723c751e8b465ee728b) (PreviewImporter) -> (artifact id: '62a63b13000ac2a81f2df9d93f813955') in 3.558396 seconds
Number of updated asset objects reloaded before import = 0Number of asset objects unloaded after import = 12

========================================================================
Received Import Request.
  Time since last request: 0.000060 seconds.
  path: Assets/Plugins/AllIn13DShader/Demo/Materials/StandardExamples/MAT_Ellen_Body_MatStandard.mat
  artifactKey: Guid(acdd86fe5859b874a9773404a741bc7e) Importer(815301076,1909f56bfc062723c751e8b465ee728b)
Start importing Assets/Plugins/AllIn13DShader/Demo/Materials/StandardExamples/MAT_Ellen_Body_MatStandard.mat using Guid(acdd86fe5859b874a9773404a741bc7e) Importer(815301076,1909f56bfc062723c751e8b465ee728b) (PreviewImporter) -> (artifact id: '0c282f809ede426e13d83ddabe29da59') in 3.0936456 seconds
Number of updated asset objects reloaded before import = 0Number of asset objects unloaded after import = 6

========================================================================
Received Import Request.
  Time since last request: 0.000063 seconds.
  path: Assets/ExplosiveLLC/SuperCharacterController/Materials/NeonGreen.mat
  artifactKey: Guid(207ef65c4584c4c49b2a0c4abdc213f4) Importer(815301076,1909f56bfc062723c751e8b465ee728b)
Start importing Assets/ExplosiveLLC/SuperCharacterController/Materials/NeonGreen.mat using Guid(207ef65c4584c4c49b2a0c4abdc213f4) Importer(815301076,1909f56bfc062723c751e8b465ee728b) (PreviewImporter) -> (artifact id: 'd197d525e341cbfb4ac97a73d529ba1c') in 0.013592 seconds
Number of updated asset objects reloaded before import = 0Number of asset objects unloaded after import = 1

========================================================================
Received Import Request.
  Time since last request: 0.000032 seconds.
  path: Assets/ExplosiveLLC/RPG Character Mecanim Animation Pack/Demo Elements/Materials/Stage/Rock.mat
  artifactKey: Guid(03fce1d65dd15344ea283861fdd1f428) Importer(815301076,1909f56bfc062723c751e8b465ee728b)
Start importing Assets/ExplosiveLLC/RPG Character Mecanim Animation Pack/Demo Elements/Materials/Stage/Rock.mat using Guid(03fce1d65dd15344ea283861fdd1f428) Importer(815301076,1909f56bfc062723c751e8b465ee728b) (PreviewImporter) -> (artifact id: 'a3ee749bd41947556c9c98672cc56820') in 0.0143586 seconds
Number of updated asset objects reloaded before import = 0Number of asset objects unloaded after import = 2

========================================================================
Received Import Request.
  Time since last request: 0.000041 seconds.
  path: Assets/Plugins/AllIn13DShader/Demo/Materials/DemoMaterials/MAT_Stochastic.mat
  artifactKey: Guid(dba4e33c662ca0d4d9c352b1765dc321) Importer(815301076,1909f56bfc062723c751e8b465ee728b)
Start importing Assets/Plugins/AllIn13DShader/Demo/Materials/DemoMaterials/MAT_Stochastic.mat using Guid(dba4e33c662ca0d4d9c352b1765dc321) Importer(815301076,1909f56bfc062723c751e8b465ee728b) (PreviewImporter) -> (artifact id: '8c9be20711e7ad4ab1e56028e4c0b00f') in 0.6899402 seconds
Number of updated asset objects reloaded before import = 0Number of asset objects unloaded after import = 10

========================================================================
Received Import Request.
  Time since last request: 0.000058 seconds.
  path: Assets/Modern UI Pack/Fonts/OpenSans-ExtraBold SDF.asset
  artifactKey: Guid(ca60657c190bc8c4e89dfb3e23d76209) Importer(815301076,1909f56bfc062723c751e8b465ee728b)
Start importing Assets/Modern UI Pack/Fonts/OpenSans-ExtraBold SDF.asset using Guid(ca60657c190bc8c4e89dfb3e23d76209) Importer(815301076,1909f56bfc062723c751e8b465ee728b) (PreviewImporter) -> (artifact id: '513d05f8875ddf93e170755b7c5fd683') in 0.0290138 seconds
Number of updated asset objects reloaded before import = 0Number of asset objects unloaded after import = 7

========================================================================
Received Import Request.
  Time since last request: 0.000035 seconds.
  path: Assets/Plugins/AllIn13DShader/Demo/Materials/Presets/MAT_Skeleton.mat
  artifactKey: Guid(3af9a29e73f330045a88f5cbcabbdc2f) Importer(815301076,1909f56bfc062723c751e8b465ee728b)
Start importing Assets/Plugins/AllIn13DShader/Demo/Materials/Presets/MAT_Skeleton.mat using Guid(3af9a29e73f330045a88f5cbcabbdc2f) Importer(815301076,1909f56bfc062723c751e8b465ee728b) (PreviewImporter) -> (artifact id: '07701fa19aacf6f079fe72474f121b28') in 0.0830861 seconds
Number of updated asset objects reloaded before import = 0Number of asset objects unloaded after import = 7

========================================================================
Received Import Request.
  Time since last request: 0.000047 seconds.
  path: Assets/Plugins/AllIn13DShader/Demo/Baked Shaders Demo/Materials/DemoMaterials/MAT_Baked_SpitterHue.mat
  artifactKey: Guid(070e171ffad2a484598d547e701665e0) Importer(815301076,1909f56bfc062723c751e8b465ee728b)
Start importing Assets/Plugins/AllIn13DShader/Demo/Baked Shaders Demo/Materials/DemoMaterials/MAT_Baked_SpitterHue.mat using Guid(070e171ffad2a484598d547e701665e0) Importer(815301076,1909f56bfc062723c751e8b465ee728b) (PreviewImporter) -> (artifact id: '22e53eb00878b98e1b0a3fda011b2e6c') in 3.8690538 seconds
Number of updated asset objects reloaded before import = 0Number of asset objects unloaded after import = 14

========================================================================
Received Import Request.
  Time since last request: 0.000051 seconds.
  path: Assets/Plugins/AllIn13DShader/Demo/Baked Shaders Demo/Materials/DemoMaterials/MAT_Baked_LightDefault.mat
  artifactKey: Guid(27338321e49247b4ea33c68d09d2b4b8) Importer(815301076,1909f56bfc062723c751e8b465ee728b)
Start importing Assets/Plugins/AllIn13DShader/Demo/Baked Shaders Demo/Materials/DemoMaterials/MAT_Baked_LightDefault.mat using Guid(27338321e49247b4ea33c68d09d2b4b8) Importer(815301076,1909f56bfc062723c751e8b465ee728b) (PreviewImporter) -> (artifact id: '4dab06ee59d1688bcfc5323224c92081') in 3.0972481 seconds
Number of updated asset objects reloaded before import = 0Number of asset objects unloaded after import = 12

========================================================================
Received Import Request.
  Time since last request: 0.000043 seconds.
  path: Assets/Plugins/AllIn13DShader/Demo/Baked Shaders Demo/Materials/Presets/MAT_Baked_LeafsPine.mat
  artifactKey: Guid(f24c10ceb123c454aa436f68c1bad85b) Importer(815301076,1909f56bfc062723c751e8b465ee728b)
Start importing Assets/Plugins/AllIn13DShader/Demo/Baked Shaders Demo/Materials/Presets/MAT_Baked_LeafsPine.mat using Guid(f24c10ceb123c454aa436f68c1bad85b) Importer(815301076,1909f56bfc062723c751e8b465ee728b) (PreviewImporter) -> (artifact id: '49a00bf99f6379b8437b12ee027288ee') in 2.5022356 seconds
Number of updated asset objects reloaded before import = 0Number of asset objects unloaded after import = 13

========================================================================
Received Import Request.
  Time since last request: 0.000044 seconds.
  path: Assets/Plugins/AllIn13DShader/Demo/Materials/Presets/MAT_Rock.mat
  artifactKey: Guid(107083736789edf4f9a271d35c332031) Importer(815301076,1909f56bfc062723c751e8b465ee728b)
Start importing Assets/Plugins/AllIn13DShader/Demo/Materials/Presets/MAT_Rock.mat using Guid(107083736789edf4f9a271d35c332031) Importer(815301076,1909f56bfc062723c751e8b465ee728b) (PreviewImporter) -> (artifact id: 'fb08c6f322fc03946732100302b8a659') in 0.0471985 seconds
Number of updated asset objects reloaded before import = 0Number of asset objects unloaded after import = 7

========================================================================
Received Import Request.
  Time since last request: 0.000042 seconds.
  path: Assets/Plugins/AllIn13DShader/Demo/Materials/DemoMaterials/MAT_Outline3.mat
  artifactKey: Guid(f128c16ae6c30094d82890ac2a534b0a) Importer(815301076,1909f56bfc062723c751e8b465ee728b)
Start importing Assets/Plugins/AllIn13DShader/Demo/Materials/DemoMaterials/MAT_Outline3.mat using Guid(f128c16ae6c30094d82890ac2a534b0a) Importer(815301076,1909f56bfc062723c751e8b465ee728b) (PreviewImporter) -> (artifact id: '3f19cad20e5964bd0cb0529ee7dec223') in 4.8523693 seconds
Number of updated asset objects reloaded before import = 0Number of asset objects unloaded after import = 12

========================================================================
Received Import Request.
  Time since last request: 0.000046 seconds.
  path: Assets/Plugins/AllIn13DShader/Demo/Materials/DemoMaterials/MAT_AlienStatueHologram.mat
  artifactKey: Guid(669bc1bba95733a46bea45da321ded6c) Importer(815301076,1909f56bfc062723c751e8b465ee728b)
Start importing Assets/Plugins/AllIn13DShader/Demo/Materials/DemoMaterials/MAT_AlienStatueHologram.mat using Guid(669bc1bba95733a46bea45da321ded6c) Importer(815301076,1909f56bfc062723c751e8b465ee728b) (PreviewImporter) -> (artifact id: 'fc04509dd8178a1e2081854e0648b43c') in 4.3044468 seconds
Number of updated asset objects reloaded before import = 0Number of asset objects unloaded after import = 9

========================================================================
Received Import Request.
  Time since last request: 0.000068 seconds.
  path: Assets/Plugins/AllIn13DShader/Demo/Baked Shaders Demo/Materials/DemoMaterials/MAT_Baked_SpitterHologram.mat
  artifactKey: Guid(ea1c3eca403fd024491cee4b90e1e04c) Importer(815301076,1909f56bfc062723c751e8b465ee728b)
Start importing Assets/Plugins/AllIn13DShader/Demo/Baked Shaders Demo/Materials/DemoMaterials/MAT_Baked_SpitterHologram.mat using Guid(ea1c3eca403fd024491cee4b90e1e04c) Importer(815301076,1909f56bfc062723c751e8b465ee728b) (PreviewImporter) -> (artifact id: '52cbad4efd5911c747b661c0b71f0edc') in 3.9269057 seconds
Number of updated asset objects reloaded before import = 0Number of asset objects unloaded after import = 15

========================================================================
Received Import Request.
  Time since last request: 0.000052 seconds.
  path: Assets/Plugins/AllIn13DShader/Demo/Materials/DemoMaterials/MAT_ChomperSSS.mat
  artifactKey: Guid(5d34a47f90dc99d48b19ef1f51adeeb0) Importer(815301076,1909f56bfc062723c751e8b465ee728b)
Start importing Assets/Plugins/AllIn13DShader/Demo/Materials/DemoMaterials/MAT_ChomperSSS.mat using Guid(5d34a47f90dc99d48b19ef1f51adeeb0) Importer(815301076,1909f56bfc062723c751e8b465ee728b) (PreviewImporter) -> (artifact id: '3318b5d6b8ea4b2d04d8eea6fa1b0f47') in 0.0816027 seconds
Number of updated asset objects reloaded before import = 0Number of asset objects unloaded after import = 9

========================================================================
Received Import Request.
  Time since last request: 0.000071 seconds.
  path: Assets/Plugins/AllIn13DShader/Demo/Materials/Presets/MAT_Buildings.mat
  artifactKey: Guid(518e810b34d74354585e5ccb4c5d6f69) Importer(815301076,1909f56bfc062723c751e8b465ee728b)
Start importing Assets/Plugins/AllIn13DShader/Demo/Materials/Presets/MAT_Buildings.mat using Guid(518e810b34d74354585e5ccb4c5d6f69) Importer(815301076,1909f56bfc062723c751e8b465ee728b) (PreviewImporter) -> (artifact id: '858e7c0aa6a820c63ddc347bfe472037') in 0.0442503 seconds
Number of updated asset objects reloaded before import = 0Number of asset objects unloaded after import = 7

========================================================================
Received Import Request.
  Time since last request: 0.000046 seconds.
  path: Assets/Plugins/AllIn13DShader/Demo/Materials/Presets/MAT_CarWindow.mat
  artifactKey: Guid(634df815e1ad5dc4a9e7a08a13a2e110) Importer(815301076,1909f56bfc062723c751e8b465ee728b)
Start importing Assets/Plugins/AllIn13DShader/Demo/Materials/Presets/MAT_CarWindow.mat using Guid(634df815e1ad5dc4a9e7a08a13a2e110) Importer(815301076,1909f56bfc062723c751e8b465ee728b) (PreviewImporter) -> (artifact id: '842d1d314f904d012c9e5e5ff2e3c7cd') in 0.0730212 seconds
Number of updated asset objects reloaded before import = 0Number of asset objects unloaded after import = 7

========================================================================
Received Import Request.
  Time since last request: 0.000041 seconds.
  path: Assets/Plugins/AllIn13DShader/Demo/Materials/DemoMaterials/MAT_ChomperToon.mat
  artifactKey: Guid(11a854654cb3ed34fa7c2846f79b4501) Importer(815301076,1909f56bfc062723c751e8b465ee728b)
Start importing Assets/Plugins/AllIn13DShader/Demo/Materials/DemoMaterials/MAT_ChomperToon.mat using Guid(11a854654cb3ed34fa7c2846f79b4501) Importer(815301076,1909f56bfc062723c751e8b465ee728b) (PreviewImporter) -> (artifact id: '241ade8d938141ea4937711fe846adb7') in 3.3476976 seconds
Number of updated asset objects reloaded before import = 0Number of asset objects unloaded after import = 15

========================================================================
Received Import Request.
  Time since last request: 0.033237 seconds.
  path: Assets/Resource/PackageResource/BeautifulSkyPack02/Panoramic/Materials/SKY_A5_HD.mat
  artifactKey: Guid(9b73945ee410fc647ae1a0a0508c1f6c) Importer(815301076,1909f56bfc062723c751e8b465ee728b)
Start importing Assets/Resource/PackageResource/BeautifulSkyPack02/Panoramic/Materials/SKY_A5_HD.mat using Guid(9b73945ee410fc647ae1a0a0508c1f6c) Importer(815301076,1909f56bfc062723c751e8b465ee728b) (PreviewImporter) -> (artifact id: 'ef1ff7eaa48b5a55745d2448d4a5c73d') in 0.1334444 seconds
Number of updated asset objects reloaded before import = 0Number of asset objects unloaded after import = 2

========================================================================
Received Import Request.
  Time since last request: 0.000087 seconds.
  path: Assets/Resource/PackageResource/BeautifulSkyPack02/CubeMap/Materials/SKY_A7_high contrast.mat
  artifactKey: Guid(ef8a442712898144f89b90dcfb64e4e6) Importer(815301076,1909f56bfc062723c751e8b465ee728b)
Start importing Assets/Resource/PackageResource/BeautifulSkyPack02/CubeMap/Materials/SKY_A7_high contrast.mat using Guid(ef8a442712898144f89b90dcfb64e4e6) Importer(815301076,1909f56bfc062723c751e8b465ee728b) (PreviewImporter) -> (artifact id: 'dc778a9082f42db4d51b502100e6e1fa') in 0.4354223 seconds
Number of updated asset objects reloaded before import = 0Number of asset objects unloaded after import = 3

========================================================================
Received Import Request.
  Time since last request: 0.000061 seconds.
  path: Assets/Resource/PackageResource/BeautifulSkyPack02/Panoramic/Materials/SKY_A8_high contrast.mat
  artifactKey: Guid(a850c32f0a6135049862aaa2465d99b5) Importer(815301076,1909f56bfc062723c751e8b465ee728b)
Start importing Assets/Resource/PackageResource/BeautifulSkyPack02/Panoramic/Materials/SKY_A8_high contrast.mat using Guid(a850c32f0a6135049862aaa2465d99b5) Importer(815301076,1909f56bfc062723c751e8b465ee728b) (PreviewImporter) -> (artifact id: 'd4980ce66af1f62c9511353f99f3b72c') in 0.194342 seconds
Number of updated asset objects reloaded before import = 0Number of asset objects unloaded after import = 2

========================================================================
Received Import Request.
  Time since last request: 0.000057 seconds.
  path: Assets/Resource/PackageResource/BeautifulSkyPack02/Panoramic/Materials/SKY_A7_high contrast.mat
  artifactKey: Guid(e1ecfa9cd6fcb31478b287b22cc7f453) Importer(815301076,1909f56bfc062723c751e8b465ee728b)
Start importing Assets/Resource/PackageResource/BeautifulSkyPack02/Panoramic/Materials/SKY_A7_high contrast.mat using Guid(e1ecfa9cd6fcb31478b287b22cc7f453) Importer(815301076,1909f56bfc062723c751e8b465ee728b) (PreviewImporter) -> (artifact id: 'ab2fd637669fd8b042bf69a26c4878a7') in 0.146399 seconds
Number of updated asset objects reloaded before import = 0Number of asset objects unloaded after import = 2

========================================================================
Received Import Request.
  Time since last request: 0.000068 seconds.
  path: Assets/Resource/PackageResource/BeautifulSkyPack02/CubeMap/Materials/SKY_A8.mat
  artifactKey: Guid(7515bd5f6ffb0e34b82978cbecd227d4) Importer(815301076,1909f56bfc062723c751e8b465ee728b)
Start importing Assets/Resource/PackageResource/BeautifulSkyPack02/CubeMap/Materials/SKY_A8.mat using Guid(7515bd5f6ffb0e34b82978cbecd227d4) Importer(815301076,1909f56bfc062723c751e8b465ee728b) (PreviewImporter) -> (artifact id: '67f0c6d1ad066bfd881a7db0ab82b764') in 0.2260843 seconds
Number of updated asset objects reloaded before import = 0Number of asset objects unloaded after import = 3

Editor requested this worker to shutdown with reason: Scaling down because of idle timeout
AssetImportWorker is now disconnected from the server
Process exiting
Exiting without the bug reporter. Application will terminate with return code 0