[Licensing::Module] Trying to connect to existing licensing client channel...
Built from '6000.3/staging' branch; Version is '6000.3.9f1 (7a9955a4f2fa) revision 8034645'; Using compiler version '194234433'; Build Type 'Release'
OS: 'Windows 11  (10.0.26200) Core' Language: 'ko' Physical Memory: 32386 MB
[Licensing::IpcConnector] Successfully connected to: "LicenseClient-USER" at "2026-02-28T09:59:24.7014685Z"
BatchMode: 1, IsHumanControllingUs: 0, StartBugReporterOnCrash: 0, Is64bit: 1
System  architecture: x64
Process architecture: x64
Date: 2026-02-28T09:59:24Z

COMMAND LINE ARGUMENTS:
C:\Program Files\Unity\Hub\Editor\6000.3.9f1\Editor\Unity.exe
-adb2
-batchMode
-noUpm
-name
AssetImportWorker24
-projectPath
C:/Users/USER/Documents/GitHub/AR-ReversiProject
-logFile
Logs/AssetImportWorker24.log
-srvPort
58049
-job-worker-count
15
-background-job-worker-count
8
-gc-helper-count
1
-name
AssetImport
Successfully changed project path to: C:/Users/USER/Documents/GitHub/AR-ReversiProject
C:/Users/USER/Documents/GitHub/AR-ReversiProject
[UnityMemory] Configuration Parameters - Can be set up in boot.config
    "memorysetup-temp-allocator-size-nav-mesh-worker=65536"
    "memorysetup-temp-allocator-size-audio-worker=65536"
    "memorysetup-temp-allocator-size-gfx=262144"
    "memorysetup-allocator-temp-initial-block-size-main=262144"
    "memorysetup-allocator-temp-initial-block-size-worker=262144"
    "memorysetup-temp-allocator-size-background-worker=32768"
    "memorysetup-temp-allocator-size-job-worker=262144"
    "memorysetup-temp-allocator-size-preload-manager=33554432"
    "memorysetup-temp-allocator-size-gi-baking-worker=262144"
    "memorysetup-temp-allocator-size-gi-baking-worker=262144"
    "memorysetup-temp-allocator-size-gi-baking-worker=262144"
    "memorysetup-temp-allocator-size-gi-baking-worker=262144"
    "memorysetup-temp-allocator-size-gi-baking-worker=262144"
    "memorysetup-bucket-allocator-granularity=16"
    "memorysetup-bucket-allocator-bucket-count=8"
    "memorysetup-bucket-allocator-block-size=33554432"
    "memorysetup-bucket-allocator-block-count=8"
    "memorysetup-main-allocator-block-size=16777216"
    "memorysetup-thread-allocator-block-size=16777216"
    "memorysetup-gfx-main-allocator-block-size=16777216"
    "memorysetup-gfx-thread-allocator-block-size=16777216"
    "memorysetup-cache-allocator-block-size=4194304"
    "memorysetup-typetree-allocator-block-size=2097152"
    "memorysetup-profiler-bucket-allocator-granularity=16"
    "memorysetup-profiler-bucket-allocator-bucket-count=8"
    "memorysetup-profiler-bucket-allocator-block-size=33554432"
    "memorysetup-profiler-bucket-allocator-block-count=8"
    "memorysetup-profiler-allocator-block-size=16777216"
    "memorysetup-profiler-editor-allocator-block-size=1048576"
    "memorysetup-temp-allocator-size-main=16777216"
    "memorysetup-job-temp-allocator-block-size=2097152"
    "memorysetup-job-temp-allocator-block-size-background=1048576"
    "memorysetup-job-temp-allocator-reduction-small-platforms=262144"
    "memorysetup-temp-allocator-size-cloud-worker=32768"
Player connection [32616]  Target information:

Player connection [32616]  * "[IP] 172.30.1.55 [Port] 0 [Flags] 2 [Guid] 3174221300 [EditorId] 3174221300 [Version] 1048832 [Id] WindowsEditor(7,DESKTOP-BTF4SNP) [Debug] 1 [PackageName] WindowsEditor [ProjectName] Editor" 

Player connection [32616] Host joined multi-casting on [225.0.0.222:54997]...
Player connection [32616] Host joined alternative multi-casting on [225.0.0.222:34997]...
JobSystem: Creating JobQueue using job-worker-count value 15
Input System module state changed to: Initialized.
[Physics::Module] Initialized fallback backend.
[Physics::Module] Id: 0xdecafbad
Library Redirect Path: Library/
[Physics::Module] Selected backend.
[Physics::Module] Name: PhysX
[Physics::Module] Id: 0xf2b8ea05
[Physics::Module] SDK Version: 4.1.2
[Physics::Module] Integration Version: 1.0.0
[Physics::Module] Threading Mode: Multi-Threaded
Refreshing native plugins compatible for Editor in 25.42 ms, found 9 plugins.
Preloading 0 native plugins for Editor in 0.00 ms.
Initialize engine version: 6000.3.9f1 (7a9955a4f2fa)
[Subsystems] Discovering subsystems at path C:/Program Files/Unity/Hub/Editor/6000.3.9f1/Editor/Data/Resources/UnitySubsystems
[Subsystems] Discovering subsystems at path C:/Users/USER/Documents/GitHub/AR-ReversiProject/Assets
GfxDevice: creating device client; kGfxThreadingModeNonThreaded
Direct3D:
    Version:  Direct3D 11.0 [level 11.1]
    Renderer: NVIDIA GeForce RTX 4060 Laptop GPU (ID=0x28e0)
    Vendor:   NVIDIA
    VRAM:     7957 MB
    Driver:   32.0.15.6081
Initialize mono
Mono path[0] = 'C:/Program Files/Unity/Hub/Editor/6000.3.9f1/Editor/Data/Managed'
Mono path[1] = 'C:/Program Files/Unity/Hub/Editor/6000.3.9f1/Editor/Data/MonoBleedingEdge/lib/mono/unityjit-win32'
Mono config path = 'C:/Program Files/Unity/Hub/Editor/6000.3.9f1/Editor/Data/MonoBleedingEdge/etc'
Using monoOptions --debugger-agent=transport=dt_socket,embedding=1,server=y,suspend=n,address=127.0.0.1:56400
Begin MonoManager ReloadAssembly
[Licensing::Client] Handshaking with LicensingClient:
  Version:                 1.17.4+4293ba1
  Session Id:              20c343294bb04e98b15af5b9a52555b1
  Correlation Id:          2e1677b044b26191d80a4bb1d64b199d
  External correlation Id: 1575193853115000804
  Machine Id:              dJ8Tfn01EciPmnYvmSiKPSjQkro=
[Licensing::Module] Successfully connected to LicensingClient on channel: "LicenseClient-USER" (connect: 0.00s, validation: 0.00s, handshake: 1.46s)
[Licensing::IpcConnector] Successfully connected to: "LicenseClient-USER-notifications" at "2026-02-28T09:59:26.1607468Z"
[Licensing::Module] Licensing Background thread has ended after 1.46s
Registering precompiled unity dll's ...
Register platform support module: C:/Program Files/Unity/Hub/Editor/6000.3.9f1/Editor/Data/PlaybackEngines/WebGLSupport/UnityEditor.WebGL.Extensions.dll
Register platform support module: C:/Program Files/Unity/Hub/Editor/6000.3.9f1/Editor/Data/PlaybackEngines/WindowsStandaloneSupport/UnityEditor.WindowsStandalone.Extensions.dll
Registered in 0.007468 seconds.
- Loaded All Assemblies, in  0.512 seconds
Native extension for WindowsStandalone target not found
Native extension for WebGL target not found
ScheduleIndexationOnStartup MainProcess:False IndexOnStartup:True
Mono: successfully reloaded assembly
- Finished resetting the current domain, in  0.399 seconds
Domain Reload Profiling: 907ms
	BeginReloadAssembly (205ms)
		ExecutionOrderSort (0ms)
		DisableScriptedObjects (0ms)
		BackupInstance (0ms)
		ReleaseScriptingObjects (0ms)
		CreateAndSetChildDomain (1ms)
	RebuildCommonClasses (40ms)
	RebuildNativeTypeToScriptingClass (17ms)
	initialDomainReloadingComplete (67ms)
	LoadAllAssembliesAndSetupDomain (177ms)
		LoadAssemblies (200ms)
		RebuildTransferFunctionScriptingTraits (0ms)
		AnalyzeDomain (174ms)
			TypeCache.Refresh (172ms)
				TypeCache.ScanAssembly (159ms)
			BuildScriptInfoCaches (0ms)
			ResolveRequiredComponents (0ms)
	FinalizeReload (400ms)
		ReleaseScriptCaches (0ms)
		RebuildScriptCaches (0ms)
		SetupLoadedEditorAssemblies (347ms)
			LogAssemblyErrors (0ms)
			InitializePlatformSupportModulesInManaged (56ms)
			SetLoadedEditorAssemblies (4ms)
			BeforeProcessingInitializeOnLoad (68ms)
			ProcessInitializeOnLoadAttributes (148ms)
			ProcessInitializeOnLoadMethodAttributes (71ms)
			AfterProcessingInitializeOnLoad (0ms)
			EditorAssembliesLoaded (0ms)
		ExecutionOrderSort2 (0ms)
		AwakeInstancesAfterBackupRestoration (0ms)
========================================================================
Worker process is ready to serve import requests
Import Worker Mode flag is 0x00
Begin MonoManager ReloadAssembly
[Licensing::Client] Successfully resolved entitlement details
[Licensing::Module] License group:
  Id: 14568654860447-UnityPersXXXX
  Product: Unity Personal
  Type: Assigned
  Expiration: Unlimited
- Loaded All Assemblies, in  1.254 seconds
'Assets/Photon/Fusion/Runtime/Fusion.Unity.cs' contains partial class of Unity.Object, exactly 1 of the partial classes needs to be in a file with the same filename. This is to know the one that can be referenced from ie. GameObjects
'Assets/Photon/Fusion/Runtime/Fusion.Unity.cs' contains partial class of Unity.Object, exactly 1 of the partial classes needs to be in a file with the same filename. This is to know the one that can be referenced from ie. GameObjects
Refreshing native plugins compatible for Editor in 9.64 ms, found 9 plugins.
Native extension for WindowsStandalone target not found
Native extension for WebGL target not found
Package Manager log level set to [2]
[Package Manager] Failed to launch server process. Reason: Unity was launched with the -noUpm command-line argument
[Package Manager] Unable to send message (not connected to server process).
[Package Manager] Cannot connect to Unity Package Manager local server
System.Exception: Error! Visual Scripting: couldn't find visual scripting package
  at Unity.VisualScripting.PackageVersionUtility.get_version () [0x00043] in .\Library\PackageCache\com.unity.visualscripting@191c0d7e3b69\Editor\VisualScripting.Core\Utilities\PackageVersionUtility.cs:31 
  at Unity.VisualScripting.BoltCoreManifest.get_version () [0x00000] in .\Library\PackageCache\com.unity.visualscripting@191c0d7e3b69\Editor\VisualScripting.Core\Plugin\BoltCoreManifest.cs:11 
  at Unity.VisualScripting.PluginManifest.get_currentVersion () [0x00000] in .\Library\PackageCache\com.unity.visualscripting@191c0d7e3b69\Editor\VisualScripting.Core\Plugins\PluginManifest.cs:33 
  at Unity.VisualScripting.PluginManifest.get_versionMismatch () [0x00000] in .\Library\PackageCache\com.unity.visualscripting@191c0d7e3b69\Editor\VisualScripting.Core\Plugins\PluginManifest.cs:48 
  at Unity.VisualScripting.PluginContainer.Initialize () [0x00525] in .\Library\PackageCache\com.unity.visualscripting@191c0d7e3b69\Editor\VisualScripting.Core\Plugins\PluginContainer.cs:208 
  at Unity.VisualScripting.PluginContainer.InitializeOnLoad () [0x00009] in .\Library\PackageCache\com.unity.visualscripting@191c0d7e3b69\Editor\VisualScripting.Core\Plugins\PluginContainer.cs:32 
  at Unity.VisualScripting.VSUsageUtility.DoInitializeOnLoadCalls () [0x00034] in .\Library\PackageCache\com.unity.visualscripting@191c0d7e3b69\Editor\VisualScripting.Core\Utilities\VSUsageUtility.cs:76 
  at Unity.VisualScripting.VSUsageUtility.set_isVisualScriptingUsed (System.Boolean value) [0x0002c] in .\Library\PackageCache\com.unity.visualscripting@191c0d7e3b69\Editor\VisualScripting.Core\Utilities\VSUsageUtility.cs:114 
  at Unity.VisualScripting.VSUsageUtility.CheckAndSetIsVisualScriptingUsed () [0x00032] in .\Library\PackageCache\com.unity.visualscripting@191c0d7e3b69\Editor\VisualScripting.Core\Utilities\VSUsageUtility.cs:48 
  at Unity.VisualScripting.VSUsageUtility..cctor () [0x00000] in .\Library\PackageCache\com.unity.visualscripting@191c0d7e3b69\Editor\VisualScripting.Core\Utilities\VSUsageUtility.cs:22 
UnityEngine.Debug:ExtractStackTraceNoAlloc (byte*,int,string)
UnityEngine.StackTraceUtility:ExtractStackTrace ()
UnityEngine.DebugLogHandler:Internal_Log (UnityEngine.LogType,UnityEngine.LogOption,string,UnityEngine.Object)
UnityEngine.DebugLogHandler:LogFormat (UnityEngine.LogType,UnityEngine.Object,string,object[])
UnityEngine.Logger:Log (UnityEngine.LogType,object)
UnityEngine.Debug:LogError (object)
UnityEditor.EditorAssemblies:ProcessInitializeOnLoadAttributes (System.Type[])

ScheduleIndexationOnStartup MainProcess:False IndexOnStartup:True
Mono: successfully reloaded assembly
- Finished resetting the current domain, in  1.409 seconds
Domain Reload Profiling: 2648ms
	BeginReloadAssembly (222ms)
		ExecutionOrderSort (0ms)
		DisableScriptedObjects (9ms)
		BackupInstance (0ms)
		ReleaseScriptingObjects (0ms)
		CreateAndSetChildDomain (29ms)
	RebuildCommonClasses (33ms)
	RebuildNativeTypeToScriptingClass (12ms)
	initialDomainReloadingComplete (64ms)
	LoadAllAssembliesAndSetupDomain (907ms)
		LoadAssemblies (745ms)
		RebuildTransferFunctionScriptingTraits (0ms)
		AnalyzeDomain (300ms)
			TypeCache.Refresh (225ms)
				TypeCache.ScanAssembly (205ms)
			BuildScriptInfoCaches (60ms)
			ResolveRequiredComponents (10ms)
	FinalizeReload (1409ms)
		ReleaseScriptCaches (0ms)
		RebuildScriptCaches (0ms)
		SetupLoadedEditorAssemblies (1236ms)
			LogAssemblyErrors (0ms)
			InitializePlatformSupportModulesInManaged (2ms)
			SetLoadedEditorAssemblies (4ms)
			BeforeProcessingInitializeOnLoad (136ms)
			ProcessInitializeOnLoadAttributes (893ms)
			ProcessInitializeOnLoadMethodAttributes (191ms)
			AfterProcessingInitializeOnLoad (10ms)
			EditorAssembliesLoaded (0ms)
		ExecutionOrderSort2 (0ms)
		AwakeInstancesAfterBackupRestoration (6ms)
Launched and connected shader compiler UnityShaderCompiler.exe after 0.02 seconds
Refreshing native plugins compatible for Editor in 16.74 ms, found 9 plugins.
Preloading 0 native plugins for Editor in 0.00 ms.
Unloading 16 Unused Serialized files (Serialized files now loaded: 0)
Unloading 6906 unused Assets / (4.4 MB). Loaded Objects now: 7809.
Memory consumption went from 220.3 MB to 215.9 MB.
Total: 29.752700 ms (FindLiveObjects: 0.716100 ms CreateObjectMapping: 0.453600 ms MarkObjects: 25.934000 ms  DeleteObjects: 2.647700 ms)

========================================================================
Received Import Request.
  Time since last request: 1383577.091961 seconds.
  path: Assets/Modern UI Pack/Scripts/Layout Group/RadialLayoutGroupEditor.cs
  artifactKey: Guid(079ef68e9c033fd47ad1ce2e4a5550f8) Importer(2089858483,b0f066a214c2f5e87bad3c948f4d605d)
Start importing Assets/Modern UI Pack/Scripts/Layout Group/RadialLayoutGroupEditor.cs using Guid(079ef68e9c033fd47ad1ce2e4a5550f8) Importer(2089858483,b0f066a214c2f5e87bad3c948f4d605d) (ScriptedImporter) -> (artifact id: 'a8ff644a30ed349b78b106a11674ea12') in 0.1092391 seconds
Number of updated asset objects reloaded before import = 0Number of asset objects unloaded after import = 0

========================================================================
Received Import Request.
  Time since last request: 0.597982 seconds.
  path: Assets/Modern UI Pack/Animations/Animated Icon/HP Pop.anim
  artifactKey: Guid(0a87fc33031064d47b77a71b7ab89911) Importer(2089858483,b0f066a214c2f5e87bad3c948f4d605d)
Start importing Assets/Modern UI Pack/Animations/Animated Icon/HP Pop.anim using Guid(0a87fc33031064d47b77a71b7ab89911) Importer(2089858483,b0f066a214c2f5e87bad3c948f4d605d) (ScriptedImporter) -> (artifact id: '6625a2dfcbe8f5685177770b854b4b17') in 0.0263494 seconds
Number of updated asset objects reloaded before import = 0Number of asset objects unloaded after import = 1

========================================================================
Received Import Request.
  Time since last request: 0.696883 seconds.
  path: Assets/Modern UI Pack/Textures/Border/Rounded/512px/Rounded Outline 512px - 1x.png
  artifactKey: Guid(3f723d0c57d2be242b099d75109f59bc) Importer(2089858483,b0f066a214c2f5e87bad3c948f4d605d)
Start importing Assets/Modern UI Pack/Textures/Border/Rounded/512px/Rounded Outline 512px - 1x.png using Guid(3f723d0c57d2be242b099d75109f59bc) Importer(2089858483,b0f066a214c2f5e87bad3c948f4d605d) (ScriptedImporter) -> (artifact id: '3d5a8ff9c55c8d42610c0206b9c5ceb2') in 0.0447804 seconds
Number of updated asset objects reloaded before import = 0Number of asset objects unloaded after import = 3

========================================================================
Received Import Request.
  Time since last request: 0.664116 seconds.
  path: Assets/Modern UI Pack/Prefabs/Button/Rounded - Outline/Night.prefab
  artifactKey: Guid(f070ec684b894fb40901ae0dba082ba3) Importer(2089858483,b0f066a214c2f5e87bad3c948f4d605d)
Start importing Assets/Modern UI Pack/Prefabs/Button/Rounded - Outline/Night.prefab using Guid(f070ec684b894fb40901ae0dba082ba3) Importer(2089858483,b0f066a214c2f5e87bad3c948f4d605d) (ScriptedImporter) -> (artifact id: '5a10e7f776a31b69181ed9df15ffa6cd') in 0.0882958 seconds
Number of updated asset objects reloaded before import = 0Number of asset objects unloaded after import = 111

========================================================================
Received Import Request.
  Time since last request: 0.000024 seconds.
  path: Assets/Modern UI Pack/Animations/Progress Bar/Circle Trapez.controller
  artifactKey: Guid(f042cdb2c58a23048a1b34a9f42a6218) Importer(2089858483,b0f066a214c2f5e87bad3c948f4d605d)
Start importing Assets/Modern UI Pack/Animations/Progress Bar/Circle Trapez.controller using Guid(f042cdb2c58a23048a1b34a9f42a6218) Importer(2089858483,b0f066a214c2f5e87bad3c948f4d605d) (ScriptedImporter) -> (artifact id: '0876e5773705eb026aeb2035fa0e7613') in 0.008507 seconds
Number of updated asset objects reloaded before import = 0Number of asset objects unloaded after import = 4

========================================================================
Received Import Request.
  Time since last request: 0.000030 seconds.
  path: Assets/Modern UI Pack/Prefabs/Button/Basic - Gradient/White.prefab
  artifactKey: Guid(50c8b43896915c747b953a70cfb4d11b) Importer(2089858483,b0f066a214c2f5e87bad3c948f4d605d)
Start importing Assets/Modern UI Pack/Prefabs/Button/Basic - Gradient/White.prefab using Guid(50c8b43896915c747b953a70cfb4d11b) Importer(2089858483,b0f066a214c2f5e87bad3c948f4d605d) (ScriptedImporter) -> (artifact id: '9e75f6d746e95b6c2f83ef57604520f3') in 0.0373222 seconds
Number of updated asset objects reloaded before import = 0Number of asset objects unloaded after import = 113

========================================================================
Received Import Request.
  Time since last request: 0.000019 seconds.
  path: Assets/Modern UI Pack/Textures/Shadow/Flat Shadow.png
  artifactKey: Guid(5a2cc1793ca8c1e4381df95290d5022a) Importer(2089858483,b0f066a214c2f5e87bad3c948f4d605d)
Start importing Assets/Modern UI Pack/Textures/Shadow/Flat Shadow.png using Guid(5a2cc1793ca8c1e4381df95290d5022a) Importer(2089858483,b0f066a214c2f5e87bad3c948f4d605d) (ScriptedImporter) -> (artifact id: '19114625468afe031bf7c7cf3621acc9') in 0.0150679 seconds
Number of updated asset objects reloaded before import = 0Number of asset objects unloaded after import = 3

========================================================================
Received Import Request.
  Time since last request: 0.000019 seconds.
  path: Assets/Modern UI Pack/Textures/Border/Rounded/512px/Rounded Outline 512px - 5x.png
  artifactKey: Guid(4be7eec520aaf1842ac72027f8de8e0a) Importer(2089858483,b0f066a214c2f5e87bad3c948f4d605d)
Start importing Assets/Modern UI Pack/Textures/Border/Rounded/512px/Rounded Outline 512px - 5x.png using Guid(4be7eec520aaf1842ac72027f8de8e0a) Importer(2089858483,b0f066a214c2f5e87bad3c948f4d605d) (ScriptedImporter) -> (artifact id: '661cceca6cd070cf24387e43356b87c1') in 0.0080497 seconds
Number of updated asset objects reloaded before import = 0Number of asset objects unloaded after import = 3

========================================================================
Received Import Request.
  Time since last request: 0.959151 seconds.
  path: Assets/Modern UI Pack/Textures/Border/Radial/1024px/Radial Outline 1024px - 6x.png
  artifactKey: Guid(7abca72115e53cb4aae8bf1cea4027d8) Importer(2089858483,b0f066a214c2f5e87bad3c948f4d605d)
Start importing Assets/Modern UI Pack/Textures/Border/Radial/1024px/Radial Outline 1024px - 6x.png using Guid(7abca72115e53cb4aae8bf1cea4027d8) Importer(2089858483,b0f066a214c2f5e87bad3c948f4d605d) (ScriptedImporter) -> (artifact id: 'c115a22a26f20652fdffd2b4d69d9fb6') in 0.0113624 seconds
Number of updated asset objects reloaded before import = 0Number of asset objects unloaded after import = 3

========================================================================
Received Import Request.
  Time since last request: 0.000014 seconds.
  path: Assets/Modern UI Pack/Prefabs/Button/Basic - Gradient/Purple.prefab
  artifactKey: Guid(bca0613880a8cfb4aa403ca0b267fa64) Importer(2089858483,b0f066a214c2f5e87bad3c948f4d605d)
Start importing Assets/Modern UI Pack/Prefabs/Button/Basic - Gradient/Purple.prefab using Guid(bca0613880a8cfb4aa403ca0b267fa64) Importer(2089858483,b0f066a214c2f5e87bad3c948f4d605d) (ScriptedImporter) -> (artifact id: '012b59659d18536392d1e61447ff956d') in 0.0413705 seconds
Number of updated asset objects reloaded before import = 0Number of asset objects unloaded after import = 113

========================================================================
Received Import Request.
  Time since last request: 0.000035 seconds.
  path: Assets/Modern UI Pack/Prefabs/Dropdown/Dropdown.prefab
  artifactKey: Guid(1190c8fdb950aad4a8076926f4a8b827) Importer(2089858483,b0f066a214c2f5e87bad3c948f4d605d)
Start importing Assets/Modern UI Pack/Prefabs/Dropdown/Dropdown.prefab using Guid(1190c8fdb950aad4a8076926f4a8b827) Importer(2089858483,b0f066a214c2f5e87bad3c948f4d605d) (ScriptedImporter) -> (artifact id: '1c508310d4d0ae5f69540b4d9bef92c7') in 0.0986544 seconds
Number of updated asset objects reloaded before import = 0Number of asset objects unloaded after import = 127

========================================================================
Received Import Request.
  Time since last request: 0.000027 seconds.
  path: Assets/Modern UI Pack/Animations/Tooltip/Tooltip Out.anim
  artifactKey: Guid(58d671845acae6e4ea6406d4a9928528) Importer(2089858483,b0f066a214c2f5e87bad3c948f4d605d)
Start importing Assets/Modern UI Pack/Animations/Tooltip/Tooltip Out.anim using Guid(58d671845acae6e4ea6406d4a9928528) Importer(2089858483,b0f066a214c2f5e87bad3c948f4d605d) (ScriptedImporter) -> (artifact id: 'cac3db9cb876ae4ff21a6890483be838') in 0.0072708 seconds
Number of updated asset objects reloaded before import = 0Number of asset objects unloaded after import = 1

========================================================================
Received Import Request.
  Time since last request: 0.000017 seconds.
  path: Assets/Modern UI Pack/Prefabs/Progress Bar/PB - Radial Filled Horizontal.prefab
  artifactKey: Guid(20dce959bdba0f74192120c4041ab8bc) Importer(2089858483,b0f066a214c2f5e87bad3c948f4d605d)
Start importing Assets/Modern UI Pack/Prefabs/Progress Bar/PB - Radial Filled Horizontal.prefab using Guid(20dce959bdba0f74192120c4041ab8bc) Importer(2089858483,b0f066a214c2f5e87bad3c948f4d605d) (ScriptedImporter) -> (artifact id: '882a64dd83b2c6d9b5071e6a72aa95d9') in 0.0594379 seconds
Number of updated asset objects reloaded before import = 0Number of asset objects unloaded after import = 65

========================================================================
Received Import Request.
  Time since last request: 0.000032 seconds.
  path: Assets/Modern UI Pack/Textures/Icon/Document/Docs.png
  artifactKey: Guid(b1f294bdc7c0c4a4c8ccf957d26052e5) Importer(2089858483,b0f066a214c2f5e87bad3c948f4d605d)
Start importing Assets/Modern UI Pack/Textures/Icon/Document/Docs.png using Guid(b1f294bdc7c0c4a4c8ccf957d26052e5) Importer(2089858483,b0f066a214c2f5e87bad3c948f4d605d) (ScriptedImporter) -> (artifact id: 'ad1b6720d5d377ad5479f6c64f7c4c34') in 0.0134468 seconds
Number of updated asset objects reloaded before import = 0Number of asset objects unloaded after import = 3

========================================================================
Received Import Request.
  Time since last request: 0.000025 seconds.
  path: Assets/Modern UI Pack/Textures/Icon/Common/Star.png
  artifactKey: Guid(c07549e02a2d55049906af989d15fe22) Importer(2089858483,b0f066a214c2f5e87bad3c948f4d605d)
Start importing Assets/Modern UI Pack/Textures/Icon/Common/Star.png using Guid(c07549e02a2d55049906af989d15fe22) Importer(2089858483,b0f066a214c2f5e87bad3c948f4d605d) (ScriptedImporter) -> (artifact id: '82f4990ec546f2a48857e0ba6254b318') in 0.0127606 seconds
Number of updated asset objects reloaded before import = 0Number of asset objects unloaded after import = 3

========================================================================
Received Import Request.
  Time since last request: 0.000020 seconds.
  path: Assets/Modern UI Pack/Scripts/ListView/ListViewItem.cs
  artifactKey: Guid(e4851166b6d5f47478c1c34aac226415) Importer(2089858483,b0f066a214c2f5e87bad3c948f4d605d)
Start importing Assets/Modern UI Pack/Scripts/ListView/ListViewItem.cs using Guid(e4851166b6d5f47478c1c34aac226415) Importer(2089858483,b0f066a214c2f5e87bad3c948f4d605d) (ScriptedImporter) -> (artifact id: 'e65b46afc9ef26b74f5fefc42bd03cd8') in 0.0083642 seconds
Number of updated asset objects reloaded before import = 0Number of asset objects unloaded after import = 0

========================================================================
Received Import Request.
  Time since last request: 0.000027 seconds.
  path: Assets/Modern UI Pack/Animations/Animated Icon/Load In.anim
  artifactKey: Guid(b67c19834e572db418681ead4528de07) Importer(2089858483,b0f066a214c2f5e87bad3c948f4d605d)
Start importing Assets/Modern UI Pack/Animations/Animated Icon/Load In.anim using Guid(b67c19834e572db418681ead4528de07) Importer(2089858483,b0f066a214c2f5e87bad3c948f4d605d) (ScriptedImporter) -> (artifact id: '3ace1e75c44312c03437377dc86fb451') in 0.0064517 seconds
Number of updated asset objects reloaded before import = 0Number of asset objects unloaded after import = 1

========================================================================
Received Import Request.
  Time since last request: 0.000016 seconds.
  path: Assets/Modern UI Pack/Animations/Modal Window/Modal Window Tab Button.controller
  artifactKey: Guid(e84880fca601b2e43a0d1af5081547bd) Importer(2089858483,b0f066a214c2f5e87bad3c948f4d605d)
Start importing Assets/Modern UI Pack/Animations/Modal Window/Modal Window Tab Button.controller using Guid(e84880fca601b2e43a0d1af5081547bd) Importer(2089858483,b0f066a214c2f5e87bad3c948f4d605d) (ScriptedImporter) -> (artifact id: '706c3eb356ede293441036a84a8cd57e') in 0.0123901 seconds
Number of updated asset objects reloaded before import = 0Number of asset objects unloaded after import = 10

========================================================================
Received Import Request.
  Time since last request: 0.000023 seconds.
  path: Assets/Modern UI Pack/Animations/Animated Icon/Window In.anim
  artifactKey: Guid(9ff835f6d75fb2941beba99ea73f278c) Importer(2089858483,b0f066a214c2f5e87bad3c948f4d605d)
Start importing Assets/Modern UI Pack/Animations/Animated Icon/Window In.anim using Guid(9ff835f6d75fb2941beba99ea73f278c) Importer(2089858483,b0f066a214c2f5e87bad3c948f4d605d) (ScriptedImporter) -> (artifact id: '5ec6e67887e94bf7d3e0b1b2ba8e3430') in 0.0098577 seconds
Number of updated asset objects reloaded before import = 0Number of asset objects unloaded after import = 1

========================================================================
Received Import Request.
  Time since last request: 0.000023 seconds.
  path: Assets/Modern UI Pack/Textures/Icon/Device/Headphones.png
  artifactKey: Guid(b72c64868a74dd04e9b605a346744fb5) Importer(2089858483,b0f066a214c2f5e87bad3c948f4d605d)
Start importing Assets/Modern UI Pack/Textures/Icon/Device/Headphones.png using Guid(b72c64868a74dd04e9b605a346744fb5) Importer(2089858483,b0f066a214c2f5e87bad3c948f4d605d) (ScriptedImporter) -> (artifact id: '90d2a37e6fff16a5769b3e30e57f0649') in 0.0124028 seconds
Number of updated asset objects reloaded before import = 0Number of asset objects unloaded after import = 3

========================================================================
Received Import Request.
  Time since last request: 0.000023 seconds.
  path: Assets/Modern UI Pack/Textures/Icon/Navigation/Refresh Filled.png
  artifactKey: Guid(a606e3f615c5dcf40ad614b5ecce714e) Importer(2089858483,b0f066a214c2f5e87bad3c948f4d605d)
Start importing Assets/Modern UI Pack/Textures/Icon/Navigation/Refresh Filled.png using Guid(a606e3f615c5dcf40ad614b5ecce714e) Importer(2089858483,b0f066a214c2f5e87bad3c948f4d605d) (ScriptedImporter) -> (artifact id: 'c9b23d46eee9d395f19291d3752391e0') in 0.0095209 seconds
Number of updated asset objects reloaded before import = 0Number of asset objects unloaded after import = 3

========================================================================
Received Import Request.
  Time since last request: 0.000037 seconds.
  path: Assets/Modern UI Pack/Textures/Border/Radial/32px/Radial Outline 32px - 8x.png
  artifactKey: Guid(193385f2143dfe14ba7e5bf010526989) Importer(2089858483,b0f066a214c2f5e87bad3c948f4d605d)
Start importing Assets/Modern UI Pack/Textures/Border/Radial/32px/Radial Outline 32px - 8x.png using Guid(193385f2143dfe14ba7e5bf010526989) Importer(2089858483,b0f066a214c2f5e87bad3c948f4d605d) (ScriptedImporter) -> (artifact id: '9dfff0f233b1a62f712e55f56974ce47') in 0.0125253 seconds
Number of updated asset objects reloaded before import = 0Number of asset objects unloaded after import = 3

========================================================================
Received Import Request.
  Time since last request: 0.000020 seconds.
  path: Assets/Modern UI Pack/Prefabs/Spinner/Spinner - Radial Material.prefab
  artifactKey: Guid(8fd5fe52a732dec4cbd41e936f97be53) Importer(2089858483,b0f066a214c2f5e87bad3c948f4d605d)
Start importing Assets/Modern UI Pack/Prefabs/Spinner/Spinner - Radial Material.prefab using Guid(8fd5fe52a732dec4cbd41e936f97be53) Importer(2089858483,b0f066a214c2f5e87bad3c948f4d605d) (ScriptedImporter) -> (artifact id: '8a7ac00feb3bc62754fee1899a3538ab') in 0.0437395 seconds
Number of updated asset objects reloaded before import = 0Number of asset objects unloaded after import = 47

========================================================================
Received Import Request.
  Time since last request: 0.000024 seconds.
  path: Assets/Modern UI Pack/Editor/Icons/HeaderPieChart.png
  artifactKey: Guid(095ca9ba0ed75e2449f0ee96357d431f) Importer(2089858483,b0f066a214c2f5e87bad3c948f4d605d)
Start importing Assets/Modern UI Pack/Editor/Icons/HeaderPieChart.png using Guid(095ca9ba0ed75e2449f0ee96357d431f) Importer(2089858483,b0f066a214c2f5e87bad3c948f4d605d) (ScriptedImporter) -> (artifact id: '10ce84940e003627a8a69cb716149d67') in 0.0140213 seconds
Number of updated asset objects reloaded before import = 0Number of asset objects unloaded after import = 1

========================================================================
Received Import Request.
  Time since last request: 0.000022 seconds.
  path: Assets/Modern UI Pack/Prefabs/Charts/Chart Indicator.prefab
  artifactKey: Guid(a3909247e2facdf429f569bffdb46ee6) Importer(2089858483,b0f066a214c2f5e87bad3c948f4d605d)
Start importing Assets/Modern UI Pack/Prefabs/Charts/Chart Indicator.prefab using Guid(a3909247e2facdf429f569bffdb46ee6) Importer(2089858483,b0f066a214c2f5e87bad3c948f4d605d) (ScriptedImporter) -> (artifact id: '402e8faaa65e3afe7307a175924bcfad') in 0.0229584 seconds
Number of updated asset objects reloaded before import = 0Number of asset objects unloaded after import = 34

========================================================================
Received Import Request.
  Time since last request: 0.000020 seconds.
  path: Assets/Modern UI Pack/Textures/Icon/Navigation/Arrow Left.png
  artifactKey: Guid(8a9605cca7152fc4bbef9451d4171c96) Importer(2089858483,b0f066a214c2f5e87bad3c948f4d605d)
Start importing Assets/Modern UI Pack/Textures/Icon/Navigation/Arrow Left.png using Guid(8a9605cca7152fc4bbef9451d4171c96) Importer(2089858483,b0f066a214c2f5e87bad3c948f4d605d) (ScriptedImporter) -> (artifact id: '361e539bd382a944cb812ddb8032ae1f') in 0.0120915 seconds
Number of updated asset objects reloaded before import = 0Number of asset objects unloaded after import = 3

========================================================================
Received Import Request.
  Time since last request: 0.000039 seconds.
  path: Assets/Modern UI Pack/Prefabs/Button/Rounded - Outline/Orange.prefab
  artifactKey: Guid(ddd2c4bc8ec2c114f8c9d69e25a0a0db) Importer(2089858483,b0f066a214c2f5e87bad3c948f4d605d)
Start importing Assets/Modern UI Pack/Prefabs/Button/Rounded - Outline/Orange.prefab using Guid(ddd2c4bc8ec2c114f8c9d69e25a0a0db) Importer(2089858483,b0f066a214c2f5e87bad3c948f4d605d) (ScriptedImporter) -> (artifact id: '90b0b4ae68da5ceb7007b92bef9a3050') in 0.0374337 seconds
Number of updated asset objects reloaded before import = 0Number of asset objects unloaded after import = 111

========================================================================
Received Import Request.
  Time since last request: 0.000041 seconds.
  path: Assets/Modern UI Pack/Animations/Notifications/Sliding Out.anim
  artifactKey: Guid(1cf5bd35a07ff304ab394537db0f615d) Importer(2089858483,b0f066a214c2f5e87bad3c948f4d605d)
Start importing Assets/Modern UI Pack/Animations/Notifications/Sliding Out.anim using Guid(1cf5bd35a07ff304ab394537db0f615d) Importer(2089858483,b0f066a214c2f5e87bad3c948f4d605d) (ScriptedImporter) -> (artifact id: 'a0a4cbfb5d7f3068a8d92c979bb36788') in 0.0091877 seconds
Number of updated asset objects reloaded before import = 0Number of asset objects unloaded after import = 1

========================================================================
Received Import Request.
  Time since last request: 0.000020 seconds.
  path: Assets/Modern UI Pack/Textures/Border/Radial/1024px/Radial Outline 1024px - 3x.png
  artifactKey: Guid(e628900999f06e0439944e86698cb70c) Importer(2089858483,b0f066a214c2f5e87bad3c948f4d605d)
Start importing Assets/Modern UI Pack/Textures/Border/Radial/1024px/Radial Outline 1024px - 3x.png using Guid(e628900999f06e0439944e86698cb70c) Importer(2089858483,b0f066a214c2f5e87bad3c948f4d605d) (ScriptedImporter) -> (artifact id: '14cb9ccf14a8f85da413c789afb7294c') in 0.0118388 seconds
Number of updated asset objects reloaded before import = 0Number of asset objects unloaded after import = 3

========================================================================
Received Import Request.
  Time since last request: 0.000026 seconds.
  path: Assets/Modern UI Pack/Animations/Toggle/Toggle.controller
  artifactKey: Guid(852897266f973bb45a9126b8a24a1c2a) Importer(2089858483,b0f066a214c2f5e87bad3c948f4d605d)
Start importing Assets/Modern UI Pack/Animations/Toggle/Toggle.controller using Guid(852897266f973bb45a9126b8a24a1c2a) Importer(2089858483,b0f066a214c2f5e87bad3c948f4d605d) (ScriptedImporter) -> (artifact id: 'ae650de8356da48fba57e9f681f908ec') in 0.0195627 seconds
Number of updated asset objects reloaded before import = 0Number of asset objects unloaded after import = 15

========================================================================
Received Import Request.
  Time since last request: 0.000047 seconds.
  path: Assets/Modern UI Pack/Animations/Demo
  artifactKey: Guid(f8c22cb92b1f648408a57ab67f124238) Importer(2089858483,b0f066a214c2f5e87bad3c948f4d605d)
Start importing Assets/Modern UI Pack/Animations/Demo using Guid(f8c22cb92b1f648408a57ab67f124238) Importer(2089858483,b0f066a214c2f5e87bad3c948f4d605d) (ScriptedImporter) -> (artifact id: '93f8f8a6912bb5c0a25872cf375c1e2d') in 0.0041839 seconds
Number of updated asset objects reloaded before import = 0Number of asset objects unloaded after import = 1

========================================================================
Received Import Request.
  Time since last request: 0.000017 seconds.
  path: Assets/Modern UI Pack/Textures/Border/Rounded/32px/Rounded Outline 32px - 7x.png
  artifactKey: Guid(2ae02f309e37a7b468a607a66bbc4e6d) Importer(2089858483,b0f066a214c2f5e87bad3c948f4d605d)
Start importing Assets/Modern UI Pack/Textures/Border/Rounded/32px/Rounded Outline 32px - 7x.png using Guid(2ae02f309e37a7b468a607a66bbc4e6d) Importer(2089858483,b0f066a214c2f5e87bad3c948f4d605d) (ScriptedImporter) -> (artifact id: 'd2532b7aa4bfbf327a598f4288a740ad') in 0.0107176 seconds
Number of updated asset objects reloaded before import = 0Number of asset objects unloaded after import = 3

========================================================================
Received Import Request.
  Time since last request: 0.000019 seconds.
  path: Assets/Modern UI Pack/Scenes
  artifactKey: Guid(a6f7e748e78afd44db6c1ec80947f017) Importer(2089858483,b0f066a214c2f5e87bad3c948f4d605d)
Start importing Assets/Modern UI Pack/Scenes using Guid(a6f7e748e78afd44db6c1ec80947f017) Importer(2089858483,b0f066a214c2f5e87bad3c948f4d605d) (ScriptedImporter) -> (artifact id: 'fc617f9ec3c222d673f8439c67d466aa') in 0.0090393 seconds
Number of updated asset objects reloaded before import = 0Number of asset objects unloaded after import = 1

========================================================================
Received Import Request.
  Time since last request: 0.000024 seconds.
  path: Assets/Modern UI Pack/Animations/Notifications/Popup Loop.anim
  artifactKey: Guid(8964598062a93b9479dbd7591c411d57) Importer(2089858483,b0f066a214c2f5e87bad3c948f4d605d)
Start importing Assets/Modern UI Pack/Animations/Notifications/Popup Loop.anim using Guid(8964598062a93b9479dbd7591c411d57) Importer(2089858483,b0f066a214c2f5e87bad3c948f4d605d) (ScriptedImporter) -> (artifact id: 'e40e7b97b2541f1c264224e03e46e51e') in 0.0072846 seconds
Number of updated asset objects reloaded before import = 0Number of asset objects unloaded after import = 1

========================================================================
Received Import Request.
  Time since last request: 0.000015 seconds.
  path: Assets/Modern UI Pack/Prefabs/Button/Rounded - Gradient/Pink.prefab
  artifactKey: Guid(5798ea6a6a1e1f144a83dfc9a06a6d8b) Importer(2089858483,b0f066a214c2f5e87bad3c948f4d605d)
Start importing Assets/Modern UI Pack/Prefabs/Button/Rounded - Gradient/Pink.prefab using Guid(5798ea6a6a1e1f144a83dfc9a06a6d8b) Importer(2089858483,b0f066a214c2f5e87bad3c948f4d605d) (ScriptedImporter) -> (artifact id: 'c4584802cc12b0e11c48a4bacb00d823') in 0.0315845 seconds
Number of updated asset objects reloaded before import = 0Number of asset objects unloaded after import = 112

========================================================================
Received Import Request.
  Time since last request: 1.185212 seconds.
  path: Assets/Modern UI Pack/Textures/Border/Rounded/1024px/Rounded Outline 1024px - 2x.png
  artifactKey: Guid(dd176d93f0fbe4840880410005212d83) Importer(2089858483,b0f066a214c2f5e87bad3c948f4d605d)
Start importing Assets/Modern UI Pack/Textures/Border/Rounded/1024px/Rounded Outline 1024px - 2x.png using Guid(dd176d93f0fbe4840880410005212d83) Importer(2089858483,b0f066a214c2f5e87bad3c948f4d605d) (ScriptedImporter) -> (artifact id: '569abec0f34c280999e3bedbcd29a633') in 0.0109715 seconds
Number of updated asset objects reloaded before import = 0Number of asset objects unloaded after import = 3

========================================================================
Received Import Request.
  Time since last request: 0.000015 seconds.
  path: Assets/Modern UI Pack/Prefabs/Input Field/Input Field - Multi-Line.prefab
  artifactKey: Guid(48cd4469f52efb049b60ba44e83da257) Importer(2089858483,b0f066a214c2f5e87bad3c948f4d605d)
Start importing Assets/Modern UI Pack/Prefabs/Input Field/Input Field - Multi-Line.prefab using Guid(48cd4469f52efb049b60ba44e83da257) Importer(2089858483,b0f066a214c2f5e87bad3c948f4d605d) (ScriptedImporter) -> (artifact id: '1b04ef11d5112cab8760ba5d98f75b29') in 0.0894457 seconds
Number of updated asset objects reloaded before import = 0Number of asset objects unloaded after import = 69

========================================================================
Received Import Request.
  Time since last request: 0.000032 seconds.
  path: Assets/Modern UI Pack/Animations/Dropdown/Stylish Out.anim
  artifactKey: Guid(7661ddd308e63834ab063d8cc60eb7c4) Importer(2089858483,b0f066a214c2f5e87bad3c948f4d605d)
Start importing Assets/Modern UI Pack/Animations/Dropdown/Stylish Out.anim using Guid(7661ddd308e63834ab063d8cc60eb7c4) Importer(2089858483,b0f066a214c2f5e87bad3c948f4d605d) (ScriptedImporter) -> (artifact id: '63cb65cd8b59010a4cbd7c7125ad9b44') in 0.0093709 seconds
Number of updated asset objects reloaded before import = 0Number of asset objects unloaded after import = 1

========================================================================
Received Import Request.
  Time since last request: 0.000025 seconds.
  path: Assets/Modern UI Pack/Scripts/Progress Bar
  artifactKey: Guid(c6d490e1ba0a8d04ebc8d0cf69829e77) Importer(2089858483,b0f066a214c2f5e87bad3c948f4d605d)
Start importing Assets/Modern UI Pack/Scripts/Progress Bar using Guid(c6d490e1ba0a8d04ebc8d0cf69829e77) Importer(2089858483,b0f066a214c2f5e87bad3c948f4d605d) (ScriptedImporter) -> (artifact id: '2c50af4ad85031f60b24ec0337892519') in 0.0038764 seconds
Number of updated asset objects reloaded before import = 0Number of asset objects unloaded after import = 1

========================================================================
Received Import Request.
  Time since last request: 0.018218 seconds.
  path: Assets/Modern UI Pack/Animations/Switch/Switch On.anim
  artifactKey: Guid(b76fba313c8c3d8468acef9ae7abc7f9) Importer(2089858483,b0f066a214c2f5e87bad3c948f4d605d)
Start importing Assets/Modern UI Pack/Animations/Switch/Switch On.anim using Guid(b76fba313c8c3d8468acef9ae7abc7f9) Importer(2089858483,b0f066a214c2f5e87bad3c948f4d605d) (ScriptedImporter) -> (artifact id: '0f3fbb97b4cd422c600a2a44c847b09d') in 0.0088913 seconds
Number of updated asset objects reloaded before import = 0Number of asset objects unloaded after import = 1

========================================================================
Received Import Request.
  Time since last request: 0.000016 seconds.
  path: Assets/Modern UI Pack/Prefabs/Button/Rounded - Gradient/Orange.prefab
  artifactKey: Guid(8222189fe1aca524dab7270e7e9b7745) Importer(2089858483,b0f066a214c2f5e87bad3c948f4d605d)
Start importing Assets/Modern UI Pack/Prefabs/Button/Rounded - Gradient/Orange.prefab using Guid(8222189fe1aca524dab7270e7e9b7745) Importer(2089858483,b0f066a214c2f5e87bad3c948f4d605d) (ScriptedImporter) -> (artifact id: 'd3c88dbc523280e28f1be66293298232') in 0.0403788 seconds
Number of updated asset objects reloaded before import = 0Number of asset objects unloaded after import = 112

========================================================================
Received Import Request.
  Time since last request: 0.000041 seconds.
  path: Assets/Modern UI Pack/Textures/Border/Rounded/128px/Rounded Outline 128px - 1x.png
  artifactKey: Guid(6f26b2434055f404d8d9c0b82e4de90f) Importer(2089858483,b0f066a214c2f5e87bad3c948f4d605d)
Start importing Assets/Modern UI Pack/Textures/Border/Rounded/128px/Rounded Outline 128px - 1x.png using Guid(6f26b2434055f404d8d9c0b82e4de90f) Importer(2089858483,b0f066a214c2f5e87bad3c948f4d605d) (ScriptedImporter) -> (artifact id: 'd48b3f7c850cd0f35e53f670b224d140') in 0.0120482 seconds
Number of updated asset objects reloaded before import = 0Number of asset objects unloaded after import = 3

========================================================================
Received Import Request.
  Time since last request: 0.000020 seconds.
  path: Assets/Modern UI Pack/Textures/Border/Rounded/128px/Rounded Filled 128px.png
  artifactKey: Guid(5618123237d1d3f49a5a6025287065f7) Importer(2089858483,b0f066a214c2f5e87bad3c948f4d605d)
Start importing Assets/Modern UI Pack/Textures/Border/Rounded/128px/Rounded Filled 128px.png using Guid(5618123237d1d3f49a5a6025287065f7) Importer(2089858483,b0f066a214c2f5e87bad3c948f4d605d) (ScriptedImporter) -> (artifact id: 'cce6c20cc035ebd6a5dd934f677079dd') in 0.0122328 seconds
Number of updated asset objects reloaded before import = 0Number of asset objects unloaded after import = 3

========================================================================
Received Import Request.
  Time since last request: 0.047766 seconds.
  path: Assets/Modern UI Pack/Editor/Icons/SwitchOn.png
  artifactKey: Guid(ffec42baa7af925408945babbfba5a73) Importer(2089858483,b0f066a214c2f5e87bad3c948f4d605d)
Start importing Assets/Modern UI Pack/Editor/Icons/SwitchOn.png using Guid(ffec42baa7af925408945babbfba5a73) Importer(2089858483,b0f066a214c2f5e87bad3c948f4d605d) (ScriptedImporter) -> (artifact id: 'ac61471649074e89934f13e3e0a28471') in 0.0098519 seconds
Number of updated asset objects reloaded before import = 0Number of asset objects unloaded after import = 1

========================================================================
Received Import Request.
  Time since last request: 0.000013 seconds.
  path: Assets/Modern UI Pack/Animations/Demo/Button/Gradient Pulse.controller
  artifactKey: Guid(e9d2ae032f57d98438cb299dc4ee0c24) Importer(2089858483,b0f066a214c2f5e87bad3c948f4d605d)
Start importing Assets/Modern UI Pack/Animations/Demo/Button/Gradient Pulse.controller using Guid(e9d2ae032f57d98438cb299dc4ee0c24) Importer(2089858483,b0f066a214c2f5e87bad3c948f4d605d) (ScriptedImporter) -> (artifact id: 'f432c20a5cb67fc1c3fa3411532540d7') in 0.0062078 seconds
Number of updated asset objects reloaded before import = 0Number of asset objects unloaded after import = 4

========================================================================
Received Import Request.
  Time since last request: 0.000027 seconds.
  path: Assets/Modern UI Pack/Prefabs/Button/Rounded - Gradient/Night.prefab
  artifactKey: Guid(f32d628d70fd4a04dafdc10352f00f7c) Importer(2089858483,b0f066a214c2f5e87bad3c948f4d605d)
Start importing Assets/Modern UI Pack/Prefabs/Button/Rounded - Gradient/Night.prefab using Guid(f32d628d70fd4a04dafdc10352f00f7c) Importer(2089858483,b0f066a214c2f5e87bad3c948f4d605d) (ScriptedImporter) -> (artifact id: '2f5aa17c730848f8eadee6066a1a9e80') in 0.0359505 seconds
Number of updated asset objects reloaded before import = 0Number of asset objects unloaded after import = 112

========================================================================
Received Import Request.
  Time since last request: 0.000019 seconds.
  path: Assets/Modern UI Pack/Textures/Border/Radial/512px/Radial Filled 512px.png
  artifactKey: Guid(ec33b29f67465db45aa8df22663e89f5) Importer(2089858483,b0f066a214c2f5e87bad3c948f4d605d)
Start importing Assets/Modern UI Pack/Textures/Border/Radial/512px/Radial Filled 512px.png using Guid(ec33b29f67465db45aa8df22663e89f5) Importer(2089858483,b0f066a214c2f5e87bad3c948f4d605d) (ScriptedImporter) -> (artifact id: '809b55604d9ff6df71f54c67d6c63f97') in 0.0093297 seconds
Number of updated asset objects reloaded before import = 0Number of asset objects unloaded after import = 3

========================================================================
Received Import Request.
  Time since last request: 0.056676 seconds.
  path: Assets/Modern UI Pack/Textures/Border/Radial/1024px/Radial Outline 1024px - 7x.png
  artifactKey: Guid(13b9e40d365ea7e42a0053c14d5e4977) Importer(2089858483,b0f066a214c2f5e87bad3c948f4d605d)
Start importing Assets/Modern UI Pack/Textures/Border/Radial/1024px/Radial Outline 1024px - 7x.png using Guid(13b9e40d365ea7e42a0053c14d5e4977) Importer(2089858483,b0f066a214c2f5e87bad3c948f4d605d) (ScriptedImporter) -> (artifact id: '7949d0e4a153767d4e615f0966236b81') in 0.0106018 seconds
Number of updated asset objects reloaded before import = 0Number of asset objects unloaded after import = 3

========================================================================
Received Import Request.
  Time since last request: 0.000014 seconds.
  path: Assets/Modern UI Pack/Editor/Icons/ResourcesActive.png
  artifactKey: Guid(36de84e0dad7a2e41859e006f6815a6a) Importer(2089858483,b0f066a214c2f5e87bad3c948f4d605d)
Start importing Assets/Modern UI Pack/Editor/Icons/ResourcesActive.png using Guid(36de84e0dad7a2e41859e006f6815a6a) Importer(2089858483,b0f066a214c2f5e87bad3c948f4d605d) (ScriptedImporter) -> (artifact id: 'c88df2eba57c9f1576d05b8d1f20c49a') in 0.0093762 seconds
Number of updated asset objects reloaded before import = 0Number of asset objects unloaded after import = 1

========================================================================
Received Import Request.
  Time since last request: 0.000013 seconds.
  path: Assets/Modern UI Pack/Textures/Icon/Navigation/Refresh.png
  artifactKey: Guid(16a091c7f8ad05b4da2be8ff9b929650) Importer(2089858483,b0f066a214c2f5e87bad3c948f4d605d)
Start importing Assets/Modern UI Pack/Textures/Icon/Navigation/Refresh.png using Guid(16a091c7f8ad05b4da2be8ff9b929650) Importer(2089858483,b0f066a214c2f5e87bad3c948f4d605d) (ScriptedImporter) -> (artifact id: '8357f5bf4f9c675a339802d5a4505454') in 0.0170935 seconds
Number of updated asset objects reloaded before import = 0Number of asset objects unloaded after import = 3

========================================================================
Received Import Request.
  Time since last request: 0.000022 seconds.
  path: Assets/Modern UI Pack/Prefabs/Animated Icon/Heart Pop.prefab
  artifactKey: Guid(ac79ad8e6e834b64595a8f8fdb1ff0a4) Importer(2089858483,b0f066a214c2f5e87bad3c948f4d605d)
Start importing Assets/Modern UI Pack/Prefabs/Animated Icon/Heart Pop.prefab using Guid(ac79ad8e6e834b64595a8f8fdb1ff0a4) Importer(2089858483,b0f066a214c2f5e87bad3c948f4d605d) (ScriptedImporter) -> (artifact id: '8b8dc6b44c7e18d707e361a6d05b498a') in 0.0642718 seconds
Number of updated asset objects reloaded before import = 0Number of asset objects unloaded after import = 62

========================================================================
Received Import Request.
  Time since last request: 0.022725 seconds.
  path: Assets/Modern UI Pack/Scripts/Icon
  artifactKey: Guid(e158faa1d0027ba4ea870c2750e8d40e) Importer(2089858483,b0f066a214c2f5e87bad3c948f4d605d)
Start importing Assets/Modern UI Pack/Scripts/Icon using Guid(e158faa1d0027ba4ea870c2750e8d40e) Importer(2089858483,b0f066a214c2f5e87bad3c948f4d605d) (ScriptedImporter) -> (artifact id: 'a471f2e79077a5ee1391d8c69934ba87') in 0.0043608 seconds
Number of updated asset objects reloaded before import = 0Number of asset objects unloaded after import = 1

========================================================================
Received Import Request.
  Time since last request: 0.000020 seconds.
  path: Assets/Modern UI Pack/Scripts/UI Manager/UIManagerScrollbar.cs
  artifactKey: Guid(e098a0a519700eb4094ec2c8b9d07b30) Importer(2089858483,b0f066a214c2f5e87bad3c948f4d605d)
Start importing Assets/Modern UI Pack/Scripts/UI Manager/UIManagerScrollbar.cs using Guid(e098a0a519700eb4094ec2c8b9d07b30) Importer(2089858483,b0f066a214c2f5e87bad3c948f4d605d) (ScriptedImporter) -> (artifact id: '42903f3cfe9e5a189119705dde389e95') in 0.005855 seconds
Number of updated asset objects reloaded before import = 0Number of asset objects unloaded after import = 1

========================================================================
Received Import Request.
  Time since last request: 0.000035 seconds.
  path: Assets/Modern UI Pack/Animations/Progress Bar/Material Spinner.controller
  artifactKey: Guid(fc146b466b24d47489218310b1773c5b) Importer(2089858483,b0f066a214c2f5e87bad3c948f4d605d)
Start importing Assets/Modern UI Pack/Animations/Progress Bar/Material Spinner.controller using Guid(fc146b466b24d47489218310b1773c5b) Importer(2089858483,b0f066a214c2f5e87bad3c948f4d605d) (ScriptedImporter) -> (artifact id: '1a8260f942a2f75436511943771bf132') in 0.007347 seconds
Number of updated asset objects reloaded before import = 0Number of asset objects unloaded after import = 4

========================================================================
Received Import Request.
  Time since last request: 0.000019 seconds.
  path: Assets/Modern UI Pack/Prefabs/Tooltip
  artifactKey: Guid(ddd6183a5ae9b8c4db31f10e60a878e8) Importer(2089858483,b0f066a214c2f5e87bad3c948f4d605d)
Start importing Assets/Modern UI Pack/Prefabs/Tooltip using Guid(ddd6183a5ae9b8c4db31f10e60a878e8) Importer(2089858483,b0f066a214c2f5e87bad3c948f4d605d) (ScriptedImporter) -> (artifact id: '71b76217062a6b2d4bfdf368cc416ff4') in 0.0053802 seconds
Number of updated asset objects reloaded before import = 0Number of asset objects unloaded after import = 1

========================================================================
Received Import Request.
  Time since last request: 0.090201 seconds.
  path: Assets/Modern UI Pack/Animations/Horizontal Selector/Standard H Selector.controller
  artifactKey: Guid(7d125980a632a6548bbcebd0e8adda7b) Importer(2089858483,b0f066a214c2f5e87bad3c948f4d605d)
Start importing Assets/Modern UI Pack/Animations/Horizontal Selector/Standard H Selector.controller using Guid(7d125980a632a6548bbcebd0e8adda7b) Importer(2089858483,b0f066a214c2f5e87bad3c948f4d605d) (ScriptedImporter) -> (artifact id: 'a50481549ccc9d04eab3f4de647c2db3') in 0.0074647 seconds
Number of updated asset objects reloaded before import = 0Number of asset objects unloaded after import = 8

========================================================================
Received Import Request.
  Time since last request: 0.000011 seconds.
  path: Assets/Modern UI Pack/Animations/Demo/Panel/Element TItle Transition.anim
  artifactKey: Guid(a450d7da5bc79b940ac8c8f80c64e167) Importer(2089858483,b0f066a214c2f5e87bad3c948f4d605d)
Start importing Assets/Modern UI Pack/Animations/Demo/Panel/Element TItle Transition.anim using Guid(a450d7da5bc79b940ac8c8f80c64e167) Importer(2089858483,b0f066a214c2f5e87bad3c948f4d605d) (ScriptedImporter) -> (artifact id: 'a48185d71aecd502063fec3524042a71') in 0.0103487 seconds
Number of updated asset objects reloaded before import = 0Number of asset objects unloaded after import = 1

========================================================================
Received Import Request.
  Time since last request: 0.000011 seconds.
  path: Assets/Modern UI Pack/Animations/Modal Window/Style 1/Fade-in.anim
  artifactKey: Guid(59ebc77305d68c44aa0eecfc4cf4abb7) Importer(2089858483,b0f066a214c2f5e87bad3c948f4d605d)
Start importing Assets/Modern UI Pack/Animations/Modal Window/Style 1/Fade-in.anim using Guid(59ebc77305d68c44aa0eecfc4cf4abb7) Importer(2089858483,b0f066a214c2f5e87bad3c948f4d605d) (ScriptedImporter) -> (artifact id: '451b5efb31f421cdaa59167ab3328240') in 0.0090303 seconds
Number of updated asset objects reloaded before import = 0Number of asset objects unloaded after import = 1

========================================================================
Received Import Request.
  Time since last request: 0.000020 seconds.
  path: Assets/Modern UI Pack/Prefabs/Button/Basic/Green.prefab
  artifactKey: Guid(64325a7db649f3a42be36398b9d061bd) Importer(2089858483,b0f066a214c2f5e87bad3c948f4d605d)
Start importing Assets/Modern UI Pack/Prefabs/Button/Basic/Green.prefab using Guid(64325a7db649f3a42be36398b9d061bd) Importer(2089858483,b0f066a214c2f5e87bad3c948f4d605d) (ScriptedImporter) -> (artifact id: 'f80408db698287676356d56c82238ff2') in 0.0340839 seconds
Number of updated asset objects reloaded before import = 0Number of asset objects unloaded after import = 110

========================================================================
Received Import Request.
  Time since last request: 0.078923 seconds.
  path: Assets/Modern UI Pack/Textures/Icon/Weather/Sun.png
  artifactKey: Guid(294d6b96a6d33014585015577577d771) Importer(2089858483,b0f066a214c2f5e87bad3c948f4d605d)
Start importing Assets/Modern UI Pack/Textures/Icon/Weather/Sun.png using Guid(294d6b96a6d33014585015577577d771) Importer(2089858483,b0f066a214c2f5e87bad3c948f4d605d) (ScriptedImporter) -> (artifact id: 'b74337034d93d6c5829dd90e88b40e89') in 0.0123725 seconds
Number of updated asset objects reloaded before import = 0Number of asset objects unloaded after import = 3

========================================================================
Received Import Request.
  Time since last request: 0.000015 seconds.
  path: Assets/Modern UI Pack/Animations/Switch/Switch.controller
  artifactKey: Guid(6bb62cb4c18d9d64db0b1e04206d84de) Importer(2089858483,b0f066a214c2f5e87bad3c948f4d605d)
Start importing Assets/Modern UI Pack/Animations/Switch/Switch.controller using Guid(6bb62cb4c18d9d64db0b1e04206d84de) Importer(2089858483,b0f066a214c2f5e87bad3c948f4d605d) (ScriptedImporter) -> (artifact id: '4266992a69d53a31bb5c323ba0f171f1') in 0.0086589 seconds
Number of updated asset objects reloaded before import = 0Number of asset objects unloaded after import = 10

========================================================================
Received Import Request.
  Time since last request: 0.000036 seconds.
  path: Assets/Modern UI Pack/Scripts/Slider/SliderManagerEditor.cs
  artifactKey: Guid(70f5754df995225418ec38b440b4e75d) Importer(2089858483,b0f066a214c2f5e87bad3c948f4d605d)
Start importing Assets/Modern UI Pack/Scripts/Slider/SliderManagerEditor.cs using Guid(70f5754df995225418ec38b440b4e75d) Importer(2089858483,b0f066a214c2f5e87bad3c948f4d605d) (ScriptedImporter) -> (artifact id: 'f393e6daee24b2e7f67904ecd84a2a1b') in 0.0050694 seconds
Number of updated asset objects reloaded before import = 0Number of asset objects unloaded after import = 0

========================================================================
Received Import Request.
  Time since last request: 0.000016 seconds.
  path: Assets/Modern UI Pack/Animations/Demo/Panel/Demo Window Start.anim
  artifactKey: Guid(be7b7c6f69530ab40bc6a84e61db31ad) Importer(2089858483,b0f066a214c2f5e87bad3c948f4d605d)
Start importing Assets/Modern UI Pack/Animations/Demo/Panel/Demo Window Start.anim using Guid(be7b7c6f69530ab40bc6a84e61db31ad) Importer(2089858483,b0f066a214c2f5e87bad3c948f4d605d) (ScriptedImporter) -> (artifact id: 'ad99924e5bc5328bbe6fe3e8fa2a945f') in 0.0068184 seconds
Number of updated asset objects reloaded before import = 0Number of asset objects unloaded after import = 1

========================================================================
Received Import Request.
  Time since last request: 0.098407 seconds.
  path: Assets/Modern UI Pack/Editor/Icons/EditorInputField.png
  artifactKey: Guid(e956b4f7a85075c43a444a9f05cc765a) Importer(2089858483,b0f066a214c2f5e87bad3c948f4d605d)
Start importing Assets/Modern UI Pack/Editor/Icons/EditorInputField.png using Guid(e956b4f7a85075c43a444a9f05cc765a) Importer(2089858483,b0f066a214c2f5e87bad3c948f4d605d) (ScriptedImporter) -> (artifact id: '60235dd7621a787907de73115c7a4373') in 0.0158935 seconds
Number of updated asset objects reloaded before import = 0Number of asset objects unloaded after import = 1

========================================================================
Received Import Request.
  Time since last request: 0.000011 seconds.
  path: Assets/Modern UI Pack/Textures/Icon/Navigation/Arrow Simple Right.png
  artifactKey: Guid(0db74eaedc5768049b3b62b9e6149b09) Importer(2089858483,b0f066a214c2f5e87bad3c948f4d605d)
Start importing Assets/Modern UI Pack/Textures/Icon/Navigation/Arrow Simple Right.png using Guid(0db74eaedc5768049b3b62b9e6149b09) Importer(2089858483,b0f066a214c2f5e87bad3c948f4d605d) (ScriptedImporter) -> (artifact id: '8cf9af2424ccc479fa7604aece3c5255') in 0.0169813 seconds
Number of updated asset objects reloaded before import = 0Number of asset objects unloaded after import = 3

========================================================================
Received Import Request.
  Time since last request: 0.000016 seconds.
  path: Assets/Modern UI Pack/Textures/Border/Rounded/1024px/Rounded Outline 1024px - 4x.png
  artifactKey: Guid(71e78a161fb7e8d479095d6464e68407) Importer(2089858483,b0f066a214c2f5e87bad3c948f4d605d)
Start importing Assets/Modern UI Pack/Textures/Border/Rounded/1024px/Rounded Outline 1024px - 4x.png using Guid(71e78a161fb7e8d479095d6464e68407) Importer(2089858483,b0f066a214c2f5e87bad3c948f4d605d) (ScriptedImporter) -> (artifact id: 'aea93c14dfdcc3257e68d8b99fe84b66') in 0.0122621 seconds
Number of updated asset objects reloaded before import = 0Number of asset objects unloaded after import = 3

========================================================================
Received Import Request.
  Time since last request: 0.000029 seconds.
  path: Assets/Modern UI Pack/Textures/Icon/Communication & Social
  artifactKey: Guid(0ec2adee6246c844783799a76243a42d) Importer(2089858483,b0f066a214c2f5e87bad3c948f4d605d)
Start importing Assets/Modern UI Pack/Textures/Icon/Communication & Social using Guid(0ec2adee6246c844783799a76243a42d) Importer(2089858483,b0f066a214c2f5e87bad3c948f4d605d) (ScriptedImporter) -> (artifact id: '65200a1766f0dcbbe8fa881e29418bb0') in 0.0042018 seconds
Number of updated asset objects reloaded before import = 0Number of asset objects unloaded after import = 1

========================================================================
Received Import Request.
  Time since last request: 0.071808 seconds.
  path: Assets/Modern UI Pack/Textures/Border/Rounded/32px
  artifactKey: Guid(e197344f313317947834f28b55da176c) Importer(2089858483,b0f066a214c2f5e87bad3c948f4d605d)
Start importing Assets/Modern UI Pack/Textures/Border/Rounded/32px using Guid(e197344f313317947834f28b55da176c) Importer(2089858483,b0f066a214c2f5e87bad3c948f4d605d) (ScriptedImporter) -> (artifact id: 'd13f79295002acc313fcc9b7248d62e3') in 0.0056021 seconds
Number of updated asset objects reloaded before import = 0Number of asset objects unloaded after import = 1

========================================================================
Received Import Request.
  Time since last request: 0.000012 seconds.
  path: Assets/Modern UI Pack/Textures/Border/Radial/1024px/Radial Outline 1024px - 4x.png
  artifactKey: Guid(af5f231d6f8be724b99517825d4e8fff) Importer(2089858483,b0f066a214c2f5e87bad3c948f4d605d)
Start importing Assets/Modern UI Pack/Textures/Border/Radial/1024px/Radial Outline 1024px - 4x.png using Guid(af5f231d6f8be724b99517825d4e8fff) Importer(2089858483,b0f066a214c2f5e87bad3c948f4d605d) (ScriptedImporter) -> (artifact id: '5d9751a6f5ca505113e06add828a9dc1') in 0.0103138 seconds
Number of updated asset objects reloaded before import = 0Number of asset objects unloaded after import = 3

========================================================================
Received Import Request.
  Time since last request: 0.000029 seconds.
  path: Assets/Modern UI Pack/Scripts/Tooltip/TooltipManager.cs
  artifactKey: Guid(f74f8e3213a5a144d801c9a0e3a84d80) Importer(2089858483,b0f066a214c2f5e87bad3c948f4d605d)
Start importing Assets/Modern UI Pack/Scripts/Tooltip/TooltipManager.cs using Guid(f74f8e3213a5a144d801c9a0e3a84d80) Importer(2089858483,b0f066a214c2f5e87bad3c948f4d605d) (ScriptedImporter) -> (artifact id: '859ed301897cbf50871ecccd3ecd8395') in 0.0065047 seconds
Number of updated asset objects reloaded before import = 0Number of asset objects unloaded after import = 1

========================================================================
Received Import Request.
  Time since last request: 0.000020 seconds.
  path: Assets/Modern UI Pack/Prefabs/Progress Bar/PB - Radial Filled Vertical.prefab
  artifactKey: Guid(b142da328c0aaed469ada5e8a4189951) Importer(2089858483,b0f066a214c2f5e87bad3c948f4d605d)
Start importing Assets/Modern UI Pack/Prefabs/Progress Bar/PB - Radial Filled Vertical.prefab using Guid(b142da328c0aaed469ada5e8a4189951) Importer(2089858483,b0f066a214c2f5e87bad3c948f4d605d) (ScriptedImporter) -> (artifact id: '5ab0a61cdc955fbc4c72700acbee8c1d') in 0.0591058 seconds
Number of updated asset objects reloaded before import = 0Number of asset objects unloaded after import = 65

========================================================================
Received Import Request.
  Time since last request: 0.057938 seconds.
  path: Assets/Modern UI Pack/Textures/Icon/Media/Photo Filled.png
  artifactKey: Guid(34b5c5d2267ec0046b838b77ef7e5f02) Importer(2089858483,b0f066a214c2f5e87bad3c948f4d605d)
Start importing Assets/Modern UI Pack/Textures/Icon/Media/Photo Filled.png using Guid(34b5c5d2267ec0046b838b77ef7e5f02) Importer(2089858483,b0f066a214c2f5e87bad3c948f4d605d) (ScriptedImporter) -> (artifact id: '9aaa5719939e03651af24d1b95c84c96') in 0.0115044 seconds
Number of updated asset objects reloaded before import = 0Number of asset objects unloaded after import = 3

========================================================================
Received Import Request.
  Time since last request: 0.000016 seconds.
  path: Assets/Modern UI Pack/Fonts/OpenSans-SemiboldItalic.ttf
  artifactKey: Guid(26f09da095a9bbe4ab817d57dea6dbea) Importer(2089858483,b0f066a214c2f5e87bad3c948f4d605d)
Start importing Assets/Modern UI Pack/Fonts/OpenSans-SemiboldItalic.ttf using Guid(26f09da095a9bbe4ab817d57dea6dbea) Importer(2089858483,b0f066a214c2f5e87bad3c948f4d605d) (ScriptedImporter) -> (artifact id: 'b679d30fc1e505e43d2574f482e35ab7') in 0.0134728 seconds
Number of updated asset objects reloaded before import = 0Number of asset objects unloaded after import = 3

========================================================================
Received Import Request.
  Time since last request: 0.000021 seconds.
  path: Assets/Modern UI Pack/Textures/Shadow/Horizontal Shadow (High).png
  artifactKey: Guid(103ba97838400454ab58fa34c508cbbb) Importer(2089858483,b0f066a214c2f5e87bad3c948f4d605d)
Start importing Assets/Modern UI Pack/Textures/Shadow/Horizontal Shadow (High).png using Guid(103ba97838400454ab58fa34c508cbbb) Importer(2089858483,b0f066a214c2f5e87bad3c948f4d605d) (ScriptedImporter) -> (artifact id: '63ec289cf9922cf796f565e6ef6d38aa') in 0.0110068 seconds
Number of updated asset objects reloaded before import = 0Number of asset objects unloaded after import = 3

========================================================================
Received Import Request.
  Time since last request: 0.000024 seconds.
  path: Assets/Modern UI Pack/Prefabs/Button/Basic/Gray.prefab
  artifactKey: Guid(3dbd4bc71acbb1145b6e80827b858127) Importer(2089858483,b0f066a214c2f5e87bad3c948f4d605d)
Start importing Assets/Modern UI Pack/Prefabs/Button/Basic/Gray.prefab using Guid(3dbd4bc71acbb1145b6e80827b858127) Importer(2089858483,b0f066a214c2f5e87bad3c948f4d605d) (ScriptedImporter) -> (artifact id: '4f01c4f1e27db212ea3ef6f00cb52e06') in 0.0467874 seconds
Number of updated asset objects reloaded before import = 0Number of asset objects unloaded after import = 110

========================================================================
Received Import Request.
  Time since last request: 0.000022 seconds.
  path: Assets/Modern UI Pack/Animations/Animated Icon/No to Yes.controller
  artifactKey: Guid(017fc2f3377ecdf4c85fedd20ff0d259) Importer(2089858483,b0f066a214c2f5e87bad3c948f4d605d)
Start importing Assets/Modern UI Pack/Animations/Animated Icon/No to Yes.controller using Guid(017fc2f3377ecdf4c85fedd20ff0d259) Importer(2089858483,b0f066a214c2f5e87bad3c948f4d605d) (ScriptedImporter) -> (artifact id: '10112c96500385df5305e283549251c2') in 0.0072273 seconds
Number of updated asset objects reloaded before import = 0Number of asset objects unloaded after import = 5

========================================================================
Received Import Request.
  Time since last request: 0.000014 seconds.
  path: Assets/Modern UI Pack/Animations/Notifications/Sliding In.anim
  artifactKey: Guid(eaf853a0c9875f24c9280aec215add4b) Importer(2089858483,b0f066a214c2f5e87bad3c948f4d605d)
Start importing Assets/Modern UI Pack/Animations/Notifications/Sliding In.anim using Guid(eaf853a0c9875f24c9280aec215add4b) Importer(2089858483,b0f066a214c2f5e87bad3c948f4d605d) (ScriptedImporter) -> (artifact id: 'a61d65b18811ab68eef8216a1c859c7b') in 0.0072544 seconds
Number of updated asset objects reloaded before import = 0Number of asset objects unloaded after import = 1

========================================================================
Received Import Request.
  Time since last request: 0.000026 seconds.
  path: Assets/Modern UI Pack/Animations/Progress Bar/Circle Pie.controller
  artifactKey: Guid(671d36c09c7e9d043bf995530c38c3c8) Importer(2089858483,b0f066a214c2f5e87bad3c948f4d605d)
Start importing Assets/Modern UI Pack/Animations/Progress Bar/Circle Pie.controller using Guid(671d36c09c7e9d043bf995530c38c3c8) Importer(2089858483,b0f066a214c2f5e87bad3c948f4d605d) (ScriptedImporter) -> (artifact id: '3768b9f7c80fc334822231a62a99573c') in 0.0238131 seconds
Number of updated asset objects reloaded before import = 0Number of asset objects unloaded after import = 4

========================================================================
Received Import Request.
  Time since last request: 0.000016 seconds.
  path: Assets/Modern UI Pack/Prefabs/Button/Rounded - Outline Gradient/Pink.prefab
  artifactKey: Guid(5d86c4e083262b549afa579eb7c8def7) Importer(2089858483,b0f066a214c2f5e87bad3c948f4d605d)
Start importing Assets/Modern UI Pack/Prefabs/Button/Rounded - Outline Gradient/Pink.prefab using Guid(5d86c4e083262b549afa579eb7c8def7) Importer(2089858483,b0f066a214c2f5e87bad3c948f4d605d) (ScriptedImporter) -> (artifact id: '7ded65875cbb0d61d01d01e0b362cc79') in 0.044261 seconds
Number of updated asset objects reloaded before import = 0Number of asset objects unloaded after import = 116

========================================================================
Received Import Request.
  Time since last request: 0.000019 seconds.
  path: Assets/Modern UI Pack/Fonts/OpenSans-Semibold SDF.asset
  artifactKey: Guid(84dd14695854bbc43a5faa24fcf93d0d) Importer(2089858483,b0f066a214c2f5e87bad3c948f4d605d)
Start importing Assets/Modern UI Pack/Fonts/OpenSans-Semibold SDF.asset using Guid(84dd14695854bbc43a5faa24fcf93d0d) Importer(2089858483,b0f066a214c2f5e87bad3c948f4d605d) (ScriptedImporter) -> (artifact id: '5dcc60851008869bb33ac09f62c2176c') in 0.0377017 seconds
Number of updated asset objects reloaded before import = 0Number of asset objects unloaded after import = 18

========================================================================
Received Import Request.
  Time since last request: 0.000034 seconds.
  path: Assets/Modern UI Pack/Textures/Icon/System
  artifactKey: Guid(49d49b2be3a20ce47bbe8fcd23e4092b) Importer(2089858483,b0f066a214c2f5e87bad3c948f4d605d)
Start importing Assets/Modern UI Pack/Textures/Icon/System using Guid(49d49b2be3a20ce47bbe8fcd23e4092b) Importer(2089858483,b0f066a214c2f5e87bad3c948f4d605d) (ScriptedImporter) -> (artifact id: '192b85390946bbe66f4c024c3442c118') in 0.0054942 seconds
Number of updated asset objects reloaded before import = 0Number of asset objects unloaded after import = 1

========================================================================
Received Import Request.
  Time since last request: 0.000015 seconds.
  path: Assets/Modern UI Pack/Animations/Toggle/Toggle Off.anim
  artifactKey: Guid(bf00f8aaab0f0f643b4233c2ff35fbe0) Importer(2089858483,b0f066a214c2f5e87bad3c948f4d605d)
Start importing Assets/Modern UI Pack/Animations/Toggle/Toggle Off.anim using Guid(bf00f8aaab0f0f643b4233c2ff35fbe0) Importer(2089858483,b0f066a214c2f5e87bad3c948f4d605d) (ScriptedImporter) -> (artifact id: '5e659495994bad759ef85f4cb18cbf47') in 0.0072917 seconds
Number of updated asset objects reloaded before import = 0Number of asset objects unloaded after import = 1

========================================================================
Received Import Request.
  Time since last request: 0.000019 seconds.
  path: Assets/Modern UI Pack/Editor/Icons/HeaderSlider.png
  artifactKey: Guid(87efada1284494f41bc652be034bc7f0) Importer(2089858483,b0f066a214c2f5e87bad3c948f4d605d)
Start importing Assets/Modern UI Pack/Editor/Icons/HeaderSlider.png using Guid(87efada1284494f41bc652be034bc7f0) Importer(2089858483,b0f066a214c2f5e87bad3c948f4d605d) (ScriptedImporter) -> (artifact id: 'c217901811f08ccbc0ba8062901d82ac') in 0.0088083 seconds
Number of updated asset objects reloaded before import = 0Number of asset objects unloaded after import = 1

========================================================================
Received Import Request.
  Time since last request: 0.000019 seconds.
  path: Assets/Modern UI Pack/Animations/Progress Bar/Standard Run.controller
  artifactKey: Guid(8ba75ce7454aace438ddb66b8f8c9953) Importer(2089858483,b0f066a214c2f5e87bad3c948f4d605d)
Start importing Assets/Modern UI Pack/Animations/Progress Bar/Standard Run.controller using Guid(8ba75ce7454aace438ddb66b8f8c9953) Importer(2089858483,b0f066a214c2f5e87bad3c948f4d605d) (ScriptedImporter) -> (artifact id: '88e8dc0c95eef6cfeabde328b4c66da2') in 0.0060543 seconds
Number of updated asset objects reloaded before import = 0Number of asset objects unloaded after import = 4

========================================================================
Received Import Request.
  Time since last request: 0.000032 seconds.
  path: Assets/Modern UI Pack/Textures/Border/Rounded/256px/Rounded Filled 256px.png
  artifactKey: Guid(5e16c7aea118d68498053518146c9cf9) Importer(2089858483,b0f066a214c2f5e87bad3c948f4d605d)
Start importing Assets/Modern UI Pack/Textures/Border/Rounded/256px/Rounded Filled 256px.png using Guid(5e16c7aea118d68498053518146c9cf9) Importer(2089858483,b0f066a214c2f5e87bad3c948f4d605d) (ScriptedImporter) -> (artifact id: 'f8bd8dcf0a8105f2e8439b3437641a58') in 0.0097723 seconds
Number of updated asset objects reloaded before import = 0Number of asset objects unloaded after import = 3

========================================================================
Received Import Request.
  Time since last request: 0.000041 seconds.
  path: Assets/Modern UI Pack/Prefabs/Button/Rounded - Outline
  artifactKey: Guid(fee745512957f5442acebe1a666718bf) Importer(2089858483,b0f066a214c2f5e87bad3c948f4d605d)
Start importing Assets/Modern UI Pack/Prefabs/Button/Rounded - Outline using Guid(fee745512957f5442acebe1a666718bf) Importer(2089858483,b0f066a214c2f5e87bad3c948f4d605d) (ScriptedImporter) -> (artifact id: '3b4b1ffa70b9a3516fadf4e3613fe607') in 0.0051371 seconds
Number of updated asset objects reloaded before import = 0Number of asset objects unloaded after import = 1

========================================================================
Received Import Request.
  Time since last request: 0.000019 seconds.
  path: Assets/Modern UI Pack/Animations/Modal Window/Style 1
  artifactKey: Guid(ede6bdc1756028e48b37c498f0f7aabc) Importer(2089858483,b0f066a214c2f5e87bad3c948f4d605d)
Start importing Assets/Modern UI Pack/Animations/Modal Window/Style 1 using Guid(ede6bdc1756028e48b37c498f0f7aabc) Importer(2089858483,b0f066a214c2f5e87bad3c948f4d605d) (ScriptedImporter) -> (artifact id: '502f80b871c61f8e0dfb7438c7802248') in 0.0045717 seconds
Number of updated asset objects reloaded before import = 0Number of asset objects unloaded after import = 1

========================================================================
Received Import Request.
  Time since last request: 0.000029 seconds.
  path: Assets/Modern UI Pack/Textures/Icon/Document/Docs Filled.png
  artifactKey: Guid(822530001e345fb46a39ce3534bc49b9) Importer(2089858483,b0f066a214c2f5e87bad3c948f4d605d)
Start importing Assets/Modern UI Pack/Textures/Icon/Document/Docs Filled.png using Guid(822530001e345fb46a39ce3534bc49b9) Importer(2089858483,b0f066a214c2f5e87bad3c948f4d605d) (ScriptedImporter) -> (artifact id: '8a9ed0bca21548e24b5d83213e946f19') in 0.0141244 seconds
Number of updated asset objects reloaded before import = 0Number of asset objects unloaded after import = 3

========================================================================
Received Import Request.
  Time since last request: 0.000022 seconds.
  path: Assets/Modern UI Pack/Textures/Border/Rounded/1024px/Rounded Filled 1024px.png
  artifactKey: Guid(951352f31055aae46b6e9786313c632d) Importer(2089858483,b0f066a214c2f5e87bad3c948f4d605d)
Start importing Assets/Modern UI Pack/Textures/Border/Rounded/1024px/Rounded Filled 1024px.png using Guid(951352f31055aae46b6e9786313c632d) Importer(2089858483,b0f066a214c2f5e87bad3c948f4d605d) (ScriptedImporter) -> (artifact id: '4f3b4089a841151fb9c4d779f656c215') in 0.0123549 seconds
Number of updated asset objects reloaded before import = 0Number of asset objects unloaded after import = 3

========================================================================
Received Import Request.
  Time since last request: 0.000018 seconds.
  path: Assets/Modern UI Pack/Textures/Icon/Others/Panel Seperator.png
  artifactKey: Guid(8a29ea69779d0a84b9d1f6aeffcf9069) Importer(2089858483,b0f066a214c2f5e87bad3c948f4d605d)
Start importing Assets/Modern UI Pack/Textures/Icon/Others/Panel Seperator.png using Guid(8a29ea69779d0a84b9d1f6aeffcf9069) Importer(2089858483,b0f066a214c2f5e87bad3c948f4d605d) (ScriptedImporter) -> (artifact id: '6ed8ffddc2d37c6d6cf08acfd05f40be') in 0.0150175 seconds
Number of updated asset objects reloaded before import = 0Number of asset objects unloaded after import = 3

========================================================================
Received Import Request.
  Time since last request: 0.000030 seconds.
  path: Assets/Modern UI Pack/Animations/Modal Window/Tab Panel Open.anim
  artifactKey: Guid(c2839d587d06ddf469c6867682b7e818) Importer(2089858483,b0f066a214c2f5e87bad3c948f4d605d)
Start importing Assets/Modern UI Pack/Animations/Modal Window/Tab Panel Open.anim using Guid(c2839d587d06ddf469c6867682b7e818) Importer(2089858483,b0f066a214c2f5e87bad3c948f4d605d) (ScriptedImporter) -> (artifact id: '6f316366a8558d595b63ed24da28f266') in 0.0086878 seconds
Number of updated asset objects reloaded before import = 0Number of asset objects unloaded after import = 1

========================================================================
Received Import Request.
  Time since last request: 0.000017 seconds.
  path: Assets/Modern UI Pack/Prefabs/Button/Rounded - Gradient/Brown.prefab
  artifactKey: Guid(cfedd60fd4413fe40a4ee91b342a7105) Importer(2089858483,b0f066a214c2f5e87bad3c948f4d605d)
Start importing Assets/Modern UI Pack/Prefabs/Button/Rounded - Gradient/Brown.prefab using Guid(cfedd60fd4413fe40a4ee91b342a7105) Importer(2089858483,b0f066a214c2f5e87bad3c948f4d605d) (ScriptedImporter) -> (artifact id: 'a6fc3c5fefac915ca7d2c857bf198268') in 0.0382182 seconds
Number of updated asset objects reloaded before import = 0Number of asset objects unloaded after import = 112

========================================================================
Received Import Request.
  Time since last request: 0.000022 seconds.
  path: Assets/Modern UI Pack/Animations/Progress Bar/Circle Run.anim
  artifactKey: Guid(da28b5d0167440f49944530f76947660) Importer(2089858483,b0f066a214c2f5e87bad3c948f4d605d)
Start importing Assets/Modern UI Pack/Animations/Progress Bar/Circle Run.anim using Guid(da28b5d0167440f49944530f76947660) Importer(2089858483,b0f066a214c2f5e87bad3c948f4d605d) (ScriptedImporter) -> (artifact id: '54b1665cfa563cd0ad70ff785b84b1d8') in 0.0065882 seconds
Number of updated asset objects reloaded before import = 0Number of asset objects unloaded after import = 1

========================================================================
Received Import Request.
  Time since last request: 0.000021 seconds.
  path: Assets/Modern UI Pack/Scripts/UI Manager/UIManagerWindowManager.cs
  artifactKey: Guid(fbdb002fd0b22464c9f511beb2639e0e) Importer(2089858483,b0f066a214c2f5e87bad3c948f4d605d)
Start importing Assets/Modern UI Pack/Scripts/UI Manager/UIManagerWindowManager.cs using Guid(fbdb002fd0b22464c9f511beb2639e0e) Importer(2089858483,b0f066a214c2f5e87bad3c948f4d605d) (ScriptedImporter) -> (artifact id: '1a9bd10a6f1f2cf6a4a264deb18ba4fc') in 0.0078468 seconds
Number of updated asset objects reloaded before import = 0Number of asset objects unloaded after import = 1

========================================================================
Received Import Request.
  Time since last request: 0.000023 seconds.
  path: Assets/Modern UI Pack/Textures/Icon/Communication & Social/Instagram Filled.png
  artifactKey: Guid(de71060ae111f3444962f7c9ca1db7b6) Importer(2089858483,b0f066a214c2f5e87bad3c948f4d605d)
Start importing Assets/Modern UI Pack/Textures/Icon/Communication & Social/Instagram Filled.png using Guid(de71060ae111f3444962f7c9ca1db7b6) Importer(2089858483,b0f066a214c2f5e87bad3c948f4d605d) (ScriptedImporter) -> (artifact id: 'e4317826737c241faaad76a33a4e234c') in 0.0116624 seconds
Number of updated asset objects reloaded before import = 0Number of asset objects unloaded after import = 3

========================================================================
Received Import Request.
  Time since last request: 0.000015 seconds.
  path: Assets/Modern UI Pack/Prefabs/Button/Basic/Blue.prefab
  artifactKey: Guid(0f01a18a54c6cd440a6bef85c0a4ac31) Importer(2089858483,b0f066a214c2f5e87bad3c948f4d605d)
Start importing Assets/Modern UI Pack/Prefabs/Button/Basic/Blue.prefab using Guid(0f01a18a54c6cd440a6bef85c0a4ac31) Importer(2089858483,b0f066a214c2f5e87bad3c948f4d605d) (ScriptedImporter) -> (artifact id: '9450197faec2a1a90ffeafa671d346c4') in 0.0403795 seconds
Number of updated asset objects reloaded before import = 0Number of asset objects unloaded after import = 110

========================================================================
Received Import Request.
  Time since last request: 0.751331 seconds.
  path: Assets/Modern UI Pack/Animations/Slider/Value Out.anim
  artifactKey: Guid(b3d5dd64033137a45bdbd4dc187c9a50) Importer(2089858483,b0f066a214c2f5e87bad3c948f4d605d)
Start importing Assets/Modern UI Pack/Animations/Slider/Value Out.anim using Guid(b3d5dd64033137a45bdbd4dc187c9a50) Importer(2089858483,b0f066a214c2f5e87bad3c948f4d605d) (ScriptedImporter) -> (artifact id: '64f5cd30d3db996c486d12b56eba8c85') in 0.0073415 seconds
Number of updated asset objects reloaded before import = 0Number of asset objects unloaded after import = 1

========================================================================
Received Import Request.
  Time since last request: 0.000012 seconds.
  path: Assets/Modern UI Pack/Editor/Icons/EditorProgressBar.png
  artifactKey: Guid(be8d03bb95afe0641976d654781e9e44) Importer(2089858483,b0f066a214c2f5e87bad3c948f4d605d)
Start importing Assets/Modern UI Pack/Editor/Icons/EditorProgressBar.png using Guid(be8d03bb95afe0641976d654781e9e44) Importer(2089858483,b0f066a214c2f5e87bad3c948f4d605d) (ScriptedImporter) -> (artifact id: '21f859c4d073d5fde7f63ce724891186') in 0.0118514 seconds
Number of updated asset objects reloaded before import = 0Number of asset objects unloaded after import = 1

========================================================================
Received Import Request.
  Time since last request: 0.000029 seconds.
  path: Assets/Modern UI Pack/Scripts/Context Menu/ContextMenuManager.cs
  artifactKey: Guid(9021c5c7bd04ec245bf10c985a37c848) Importer(2089858483,b0f066a214c2f5e87bad3c948f4d605d)
Start importing Assets/Modern UI Pack/Scripts/Context Menu/ContextMenuManager.cs using Guid(9021c5c7bd04ec245bf10c985a37c848) Importer(2089858483,b0f066a214c2f5e87bad3c948f4d605d) (ScriptedImporter) -> (artifact id: '359d222dbab6dbfa00d10e1ae24a6789') in 0.0092152 seconds
Number of updated asset objects reloaded before import = 0Number of asset objects unloaded after import = 1

========================================================================
Received Import Request.
  Time since last request: 0.198012 seconds.
  path: Assets/Modern UI Pack/Scripts/Demo/InputSystemChecker.cs
  artifactKey: Guid(1dfe135108c08d54d8978d026b05b601) Importer(2089858483,b0f066a214c2f5e87bad3c948f4d605d)
Start importing Assets/Modern UI Pack/Scripts/Demo/InputSystemChecker.cs using Guid(1dfe135108c08d54d8978d026b05b601) Importer(2089858483,b0f066a214c2f5e87bad3c948f4d605d) (ScriptedImporter) -> (artifact id: 'df1672d8bc0eddf2c7d90e33108f0116') in 0.0088845 seconds
Number of updated asset objects reloaded before import = 0Number of asset objects unloaded after import = 0

========================================================================
Received Import Request.
  Time since last request: 0.000017 seconds.
  path: Assets/Modern UI Pack/Textures/Border/Radial/1024px/Radial Outline 1024px - 5x.png
  artifactKey: Guid(4ef5b6c06a53b5e46b65c8abec265a74) Importer(2089858483,b0f066a214c2f5e87bad3c948f4d605d)
Start importing Assets/Modern UI Pack/Textures/Border/Radial/1024px/Radial Outline 1024px - 5x.png using Guid(4ef5b6c06a53b5e46b65c8abec265a74) Importer(2089858483,b0f066a214c2f5e87bad3c948f4d605d) (ScriptedImporter) -> (artifact id: '51729bcb78e7c9026ae4a83052a0a898') in 0.0145605 seconds
Number of updated asset objects reloaded before import = 0Number of asset objects unloaded after import = 3

========================================================================
Received Import Request.
  Time since last request: 1.795048 seconds.
  path: Assets/Resource/Character/Charamodel/Corin (Zenless Zone Zero)/Corin (zenless zone zero).fbx
  artifactKey: Guid(68bf208107a9b5144bab9f5dc6003169) Importer(2089858483,b0f066a214c2f5e87bad3c948f4d605d)
Start importing Assets/Resource/Character/Charamodel/Corin (Zenless Zone Zero)/Corin (zenless zone zero).fbx using Guid(68bf208107a9b5144bab9f5dc6003169) Importer(2089858483,b0f066a214c2f5e87bad3c948f4d605d) (ScriptedImporter) -> (artifact id: 'a56afd3ac86b0896d42b49dff1285b30') in 0.0438973 seconds
Number of updated asset objects reloaded before import = 0Number of asset objects unloaded after import = 434

========================================================================
Received Import Request.
  Time since last request: 0.000014 seconds.
  path: Assets/Resource/Character/Charamodel/Corin (Zenless Zone Zero)/Textures/Corin_Hair_M.png
  artifactKey: Guid(b88298b7facf8224fb9e6d4a2c0af060) Importer(2089858483,b0f066a214c2f5e87bad3c948f4d605d)
Start importing Assets/Resource/Character/Charamodel/Corin (Zenless Zone Zero)/Textures/Corin_Hair_M.png using Guid(b88298b7facf8224fb9e6d4a2c0af060) Importer(2089858483,b0f066a214c2f5e87bad3c948f4d605d) (ScriptedImporter) -> (artifact id: 'e05c62fd11afbddbc161c86f76c6ce69') in 0.0222006 seconds
Number of updated asset objects reloaded before import = 0Number of asset objects unloaded after import = 1

========================================================================
Received Import Request.
  Time since last request: 0.297299 seconds.
  path: Assets/Resource/Character/Charamodel/Belle (Zenless Zone Zero)/Textures/Belle_Body_Map1_N.png
  artifactKey: Guid(b0c95ad081b7181439117fb7fe8381fa) Importer(2089858483,b0f066a214c2f5e87bad3c948f4d605d)
Start importing Assets/Resource/Character/Charamodel/Belle (Zenless Zone Zero)/Textures/Belle_Body_Map1_N.png using Guid(b0c95ad081b7181439117fb7fe8381fa) Importer(2089858483,b0f066a214c2f5e87bad3c948f4d605d) (ScriptedImporter) -> (artifact id: 'a5cecb538c89dac14e863aa534bae8da') in 0.0143991 seconds
Number of updated asset objects reloaded before import = 0Number of asset objects unloaded after import = 1

========================================================================
Received Import Request.
  Time since last request: 0.000013 seconds.
  path: Assets/Resource/Character/Charamodel/Belle (Zenless Zone Zero)/Textures/Belle_Face_D.png
  artifactKey: Guid(19c3a464df0600b4db5f05e509215928) Importer(2089858483,b0f066a214c2f5e87bad3c948f4d605d)
Start importing Assets/Resource/Character/Charamodel/Belle (Zenless Zone Zero)/Textures/Belle_Face_D.png using Guid(19c3a464df0600b4db5f05e509215928) Importer(2089858483,b0f066a214c2f5e87bad3c948f4d605d) (ScriptedImporter) -> (artifact id: '45478f0760909b3ba850440a647b149f') in 0.0157227 seconds
Number of updated asset objects reloaded before import = 0Number of asset objects unloaded after import = 1

========================================================================
Received Import Request.
  Time since last request: 43.536451 seconds.
  path: Assets/Resource/Character/Charamodel/Von Lycaon (Zenless Zone Zero)/Von Lycaon (zenless zone zero).fbx
  artifactKey: Guid(7fc4ac37b85ed7d4982ab70af959fa8d) Importer(2089858483,b0f066a214c2f5e87bad3c948f4d605d)
Start importing Assets/Resource/Character/Charamodel/Von Lycaon (Zenless Zone Zero)/Von Lycaon (zenless zone zero).fbx using Guid(7fc4ac37b85ed7d4982ab70af959fa8d) Importer(2089858483,b0f066a214c2f5e87bad3c948f4d605d) (ScriptedImporter) -> (artifact id: 'ae460c96abee36ebd58bcf8be4907c8c') in 0.023422 seconds
Number of updated asset objects reloaded before import = 0Number of asset objects unloaded after import = 592

========================================================================
Received Import Request.
  Time since last request: 0.000018 seconds.
  path: Assets/Resource/Character/Charamodel/Von Lycaon (Zenless Zone Zero)/Textures/Lycaon_Weapon_D.png
  artifactKey: Guid(413b807bfe71d8b4c9e06b285239ebbd) Importer(2089858483,b0f066a214c2f5e87bad3c948f4d605d)
Start importing Assets/Resource/Character/Charamodel/Von Lycaon (Zenless Zone Zero)/Textures/Lycaon_Weapon_D.png using Guid(413b807bfe71d8b4c9e06b285239ebbd) Importer(2089858483,b0f066a214c2f5e87bad3c948f4d605d) (ScriptedImporter) -> (artifact id: 'db609425e993dda57ee0b9d09f227b3b') in 0.0135245 seconds
Number of updated asset objects reloaded before import = 0Number of asset objects unloaded after import = 1

========================================================================
Received Import Request.
  Time since last request: 34.282588 seconds.
  path: Assets/Resource/Character/Charamodel/Nicole Demara (Zenless Zone Zero)/Texture/Nostradamus_Body_N_CN.png
  artifactKey: Guid(1dca1296d1c564f4e81c0939ca805b07) Importer(2089858483,b0f066a214c2f5e87bad3c948f4d605d)
Start importing Assets/Resource/Character/Charamodel/Nicole Demara (Zenless Zone Zero)/Texture/Nostradamus_Body_N_CN.png using Guid(1dca1296d1c564f4e81c0939ca805b07) Importer(2089858483,b0f066a214c2f5e87bad3c948f4d605d) (ScriptedImporter) -> (artifact id: 'ca10611f2a532c460f9557c0c8121838') in 0.0110312 seconds
Number of updated asset objects reloaded before import = 0Number of asset objects unloaded after import = 1

========================================================================
Received Import Request.
  Time since last request: 0.000014 seconds.
  path: Assets/Resource/Character/Charamodel/Nicole Demara (Zenless Zone Zero)/Texture/Nostradamus_Hair_M.png
  artifactKey: Guid(a7bda3f029ca8eb46a6b798202979cf6) Importer(2089858483,b0f066a214c2f5e87bad3c948f4d605d)
Start importing Assets/Resource/Character/Charamodel/Nicole Demara (Zenless Zone Zero)/Texture/Nostradamus_Hair_M.png using Guid(a7bda3f029ca8eb46a6b798202979cf6) Importer(2089858483,b0f066a214c2f5e87bad3c948f4d605d) (ScriptedImporter) -> (artifact id: '862717cf09a67c4cc424af2539c4b16d') in 0.0108924 seconds
Number of updated asset objects reloaded before import = 0Number of asset objects unloaded after import = 1

========================================================================
Received Import Request.
  Time since last request: 0.000021 seconds.
  path: Assets/Resource/Character/Charamodel/Nicole Demara (Zenless Zone Zero)/Texture/Nostradamus_Face_D.png
  artifactKey: Guid(1b823e11efa94eb4f8b3cd773c45dc4e) Importer(2089858483,b0f066a214c2f5e87bad3c948f4d605d)
Start importing Assets/Resource/Character/Charamodel/Nicole Demara (Zenless Zone Zero)/Texture/Nostradamus_Face_D.png using Guid(1b823e11efa94eb4f8b3cd773c45dc4e) Importer(2089858483,b0f066a214c2f5e87bad3c948f4d605d) (ScriptedImporter) -> (artifact id: 'b65ebae572834bc072edc6e14c4feca2') in 0.0131991 seconds
Number of updated asset objects reloaded before import = 0Number of asset objects unloaded after import = 1

Editor requested this worker to shutdown with reason: Scaling down because of idle timeout
AssetImportWorker is now disconnected from the server
Process exiting
Exiting without the bug reporter. Application will terminate with return code 0